running develop
/usr/lib/python3/dist-packages/setuptools/command/easy_install.py:158: EasyInstallDeprecationWarning: easy_install command is deprecated. Use build and pip and other standards-based tools.
  warnings.warn(
Removing /home/ubuntu/ros2_ws/install/robot_gazebo/lib/python3.10/site-packages/robot-gazebo.egg-link (link to .)
running egg_info
writing ../../../build/robot_gazebo/robot_gazebo.egg-info/PKG-INFO
writing dependency_links to ../../../build/robot_gazebo/robot_gazebo.egg-info/dependency_links.txt
writing entry points to ../../../build/robot_gazebo/robot_gazebo.egg-info/entry_points.txt
writing requirements to ../../../build/robot_gazebo/robot_gazebo.egg-info/requires.txt
writing top-level names to ../../../build/robot_gazebo/robot_gazebo.egg-info/top_level.txt
reading manifest file '../../../build/robot_gazebo/robot_gazebo.egg-info/SOURCES.txt'
writing manifest file '../../../build/robot_gazebo/robot_gazebo.egg-info/SOURCES.txt'
running build
running build_py
creating /home/ubuntu/ros2_ws/build/robot_gazebo/build
creating /home/ubuntu/ros2_ws/build/robot_gazebo/build/lib
creating /home/ubuntu/ros2_ws/build/robot_gazebo/build/lib/robot_gazebo
copying robot_gazebo/__init__.py -> /home/ubuntu/ros2_ws/build/robot_gazebo/build/lib/robot_gazebo
running install
running install_lib
creating /home/ubuntu/ros2_ws/install/robot_gazebo/lib/python3.10/site-packages/robot_gazebo
copying /home/ubuntu/ros2_ws/build/robot_gazebo/build/lib/robot_gazebo/__init__.py -> /home/ubuntu/ros2_ws/install/robot_gazebo/lib/python3.10/site-packages/robot_gazebo
byte-compiling /home/ubuntu/ros2_ws/install/robot_gazebo/lib/python3.10/site-packages/robot_gazebo/__init__.py to __init__.cpython-310.pyc
running install_data
copying resource/robot_gazebo -> /home/ubuntu/ros2_ws/install/robot_gazebo/share/ament_index/resource_index/packages
copying package.xml -> /home/ubuntu/ros2_ws/install/robot_gazebo/share/robot_gazebo
copying launch/ros_ign_bridge.launch.py -> /home/ubuntu/ros2_ws/install/robot_gazebo/share/robot_gazebo/launch
copying launch/spawn_model.launch.py -> /home/ubuntu/ros2_ws/install/robot_gazebo/share/robot_gazebo/launch
copying launch/ros_ign_bridge.launch.py.before_rgbd -> /home/ubuntu/ros2_ws/install/robot_gazebo/share/robot_gazebo/launch
copying launch/ros_ign_bridge.launch.py.syntax_error_bak -> /home/ubuntu/ros2_ws/install/robot_gazebo/share/robot_gazebo/launch
copying launch/ros_ign_bridge.launch.py.day2.bak -> /home/ubuntu/ros2_ws/install/robot_gazebo/share/robot_gazebo/launch
copying launch/worlds.launch.py -> /home/ubuntu/ros2_ws/install/robot_gazebo/share/robot_gazebo/launch
copying urdf/robot.gazebo.xacro -> /home/ubuntu/ros2_ws/install/robot_gazebo/share/robot_gazebo/urdf
copying urdf/camera.gazebo.xacro -> /home/ubuntu/ros2_ws/install/robot_gazebo/share/robot_gazebo/urdf
copying urdf/camera.gazebo.xacro.day2.bak -> /home/ubuntu/ros2_ws/install/robot_gazebo/share/robot_gazebo/urdf
copying urdf/robot.gazebo.xacro.save -> /home/ubuntu/ros2_ws/install/robot_gazebo/share/robot_gazebo/urdf
copying urdf/jetarm.gazebo.xacro -> /home/ubuntu/ros2_ws/install/robot_gazebo/share/robot_gazebo/urdf
copying urdf/robot.gazebo.xacro.bak -> /home/ubuntu/ros2_ws/install/robot_gazebo/share/robot_gazebo/urdf
copying urdf/camera.gazebo.xacro.before_rgbd -> /home/ubuntu/ros2_ws/install/robot_gazebo/share/robot_gazebo/urdf
copying config/robot_config.yaml.bak_day7_multijoint -> /home/ubuntu/ros2_ws/install/robot_gazebo/share/robot_gazebo/config
copying config/robot_config.yaml -> /home/ubuntu/ros2_ws/install/robot_gazebo/share/robot_gazebo/config
copying worlds/grasp_table.sdf.bak_day7_contact_v2 -> /home/ubuntu/ros2_ws/install/robot_gazebo/share/robot_gazebo/worlds
copying worlds/grasp_table.sdf.bak -> /home/ubuntu/ros2_ws/install/robot_gazebo/share/robot_gazebo/worlds
copying worlds/grasp_table.sdf -> /home/ubuntu/ros2_ws/install/robot_gazebo/share/robot_gazebo/worlds
copying worlds/empty.sdf -> /home/ubuntu/ros2_ws/install/robot_gazebo/share/robot_gazebo/worlds
running install_egg_info
Copying ../../../build/robot_gazebo/robot_gazebo.egg-info to /home/ubuntu/ros2_ws/install/robot_gazebo/lib/python3.10/site-packages/robot_gazebo-0.0.0-py3.10.egg-info
running install_scripts
writing list of installed files to '/home/ubuntu/ros2_ws/build/robot_gazebo/install.log'
