[90.094s] Invoking command in '/home/ubuntu/ros2_ws/src/simulations/jetarm_6dof_description': PYTHONPATH=/home/ubuntu/ros2_ws/build/jetarm_6dof_description/prefix_override:/home/ubuntu/ros2_ws/install/jetarm_6dof_description/lib/python3.10/site-packages:${PYTHONPATH} VIRTUAL_ENV_PROMPT=(venv_day5) /usr/bin/python3 -W ignore:setup.py install is deprecated setup.py egg_info --egg-base ../../../build/jetarm_6dof_description build --build-base /home/ubuntu/ros2_ws/build/jetarm_6dof_description/build install --record /home/ubuntu/ros2_ws/build/jetarm_6dof_description/install.log --single-version-externally-managed install_data
[90.316s] running egg_info
[90.316s] writing ../../../build/jetarm_6dof_description/jetarm_6dof_description.egg-info/PKG-INFO
[90.316s] writing dependency_links to ../../../build/jetarm_6dof_description/jetarm_6dof_description.egg-info/dependency_links.txt
[90.316s] writing entry points to ../../../build/jetarm_6dof_description/jetarm_6dof_description.egg-info/entry_points.txt
[90.316s] writing requirements to ../../../build/jetarm_6dof_description/jetarm_6dof_description.egg-info/requires.txt
[90.317s] writing top-level names to ../../../build/jetarm_6dof_description/jetarm_6dof_description.egg-info/top_level.txt
[90.318s] reading manifest file '../../../build/jetarm_6dof_description/jetarm_6dof_description.egg-info/SOURCES.txt'
[90.319s] writing manifest file '../../../build/jetarm_6dof_description/jetarm_6dof_description.egg-info/SOURCES.txt'
[90.319s] running build
[90.319s] running build_py
[90.319s] running install
[90.319s] running install_lib
[90.320s] running install_data
[90.320s] copying urdf/gripper.urdf.xacro -> /home/ubuntu/ros2_ws/install/jetarm_6dof_description/share/jetarm_6dof_description/urdf
[90.321s] running install_egg_info
[90.322s] removing '/home/ubuntu/ros2_ws/install/jetarm_6dof_description/lib/python3.10/site-packages/jetarm_6dof_description-0.0.0-py3.10.egg-info' (and everything under it)
[90.323s] Copying ../../../build/jetarm_6dof_description/jetarm_6dof_description.egg-info to /home/ubuntu/ros2_ws/install/jetarm_6dof_description/lib/python3.10/site-packages/jetarm_6dof_description-0.0.0-py3.10.egg-info
[90.323s] running install_scripts
[90.339s] writing list of installed files to '/home/ubuntu/ros2_ws/build/jetarm_6dof_description/install.log'
[90.358s] Invoked command in '/home/ubuntu/ros2_ws/src/simulations/jetarm_6dof_description' returned '0': PYTHONPATH=/home/ubuntu/ros2_ws/build/jetarm_6dof_description/prefix_override:/home/ubuntu/ros2_ws/install/jetarm_6dof_description/lib/python3.10/site-packages:${PYTHONPATH} VIRTUAL_ENV_PROMPT=(venv_day5) /usr/bin/python3 -W ignore:setup.py install is deprecated setup.py egg_info --egg-base ../../../build/jetarm_6dof_description build --build-base /home/ubuntu/ros2_ws/build/jetarm_6dof_description/build install --record /home/ubuntu/ros2_ws/build/jetarm_6dof_description/install.log --single-version-externally-managed install_data
