[0.095s] DEBUG:colcon:Command line arguments: ['/home/ubuntu/.local/bin/colcon', 'build', '--symlink-install']
[0.095s] DEBUG:colcon:Parsed command line arguments: Namespace(log_base=None, log_level=None, verb_name='build', build_base='build', install_base='install', merge_install=False, symlink_install=True, test_result_base=None, continue_on_error=False, executor='parallel', parallel_workers=4, event_handlers=None, ignore_user_meta=False, metas=['./colcon.meta'], base_paths=['.'], packages_ignore=None, packages_ignore_regex=None, paths=None, packages_up_to=None, packages_up_to_regex=None, packages_above=None, packages_above_and_dependencies=None, packages_above_depth=None, packages_select_by_dep=None, packages_skip_by_dep=None, packages_skip_up_to=None, packages_select_build_failed=False, packages_skip_build_finished=False, packages_select_test_failures=False, packages_skip_test_passed=False, packages_select=None, packages_skip=None, packages_select_regex=None, packages_skip_regex=None, packages_start=None, packages_end=None, cmake_args=None, cmake_target=None, cmake_target_skip_unavailable=False, cmake_clean_cache=False, cmake_clean_first=False, cmake_force_configure=False, ament_cmake_args=None, catkin_cmake_args=None, catkin_skip_building_tests=False, verb_parser=<colcon_defaults.argument_parser.defaults.DefaultArgumentsDecorator object at 0x75b210e36020>, verb_extension=<colcon_core.verb.build.BuildVerb object at 0x75b210e35ae0>, main=<bound method BuildVerb.main of <colcon_core.verb.build.BuildVerb object at 0x75b210e35ae0>>)
[0.193s] Level 1:colcon.colcon_core.package_discovery:discover_packages(colcon_meta) check parameters
[0.193s] Level 1:colcon.colcon_core.package_discovery:discover_packages(recursive) check parameters
[0.193s] Level 1:colcon.colcon_core.package_discovery:discover_packages(ignore) check parameters
[0.193s] Level 1:colcon.colcon_core.package_discovery:discover_packages(path) check parameters
[0.193s] Level 1:colcon.colcon_core.package_discovery:discover_packages(colcon_meta) discover
[0.193s] Level 1:colcon.colcon_core.package_discovery:discover_packages(recursive) discover
[0.193s] INFO:colcon.colcon_core.package_discovery:Crawling recursively for packages in '/home/ubuntu/ros2_ws'
[0.193s] Level 1:colcon.colcon_core.package_identification:_identify(.) by extensions ['ignore', 'ignore_ament_install']
[0.193s] Level 1:colcon.colcon_core.package_identification:_identify(.) by extension 'ignore'
[0.193s] Level 1:colcon.colcon_core.package_identification:_identify(.) by extension 'ignore_ament_install'
[0.193s] Level 1:colcon.colcon_core.package_identification:_identify(.) by extensions ['colcon_pkg']
[0.193s] Level 1:colcon.colcon_core.package_identification:_identify(.) by extension 'colcon_pkg'
[0.193s] Level 1:colcon.colcon_core.package_identification:_identify(.) by extensions ['colcon_meta']
[0.193s] Level 1:colcon.colcon_core.package_identification:_identify(.) by extension 'colcon_meta'
[0.193s] Level 1:colcon.colcon_core.package_identification:_identify(.) by extensions ['ros']
[0.193s] Level 1:colcon.colcon_core.package_identification:_identify(.) by extension 'ros'
[0.201s] Level 1:colcon.colcon_core.package_identification:_identify(.) by extensions ['cmake', 'python']
[0.201s] Level 1:colcon.colcon_core.package_identification:_identify(.) by extension 'cmake'
[0.202s] Level 1:colcon.colcon_core.package_identification:_identify(.) by extension 'python'
[0.202s] Level 1:colcon.colcon_core.package_identification:_identify(.) by extensions ['python_setup_py']
[0.202s] Level 1:colcon.colcon_core.package_identification:_identify(.) by extension 'python_setup_py'
[0.202s] Level 1:colcon.colcon_core.package_identification:_identify(build) by extensions ['ignore', 'ignore_ament_install']
[0.202s] Level 1:colcon.colcon_core.package_identification:_identify(build) by extension 'ignore'
[0.202s] Level 1:colcon.colcon_core.package_identification:_identify(build) ignored
[0.202s] Level 1:colcon.colcon_core.package_identification:_identify(config_local) by extensions ['ignore', 'ignore_ament_install']
[0.202s] Level 1:colcon.colcon_core.package_identification:_identify(config_local) by extension 'ignore'
[0.202s] Level 1:colcon.colcon_core.package_identification:_identify(config_local) by extension 'ignore_ament_install'
[0.202s] Level 1:colcon.colcon_core.package_identification:_identify(config_local) by extensions ['colcon_pkg']
[0.202s] Level 1:colcon.colcon_core.package_identification:_identify(config_local) by extension 'colcon_pkg'
[0.202s] Level 1:colcon.colcon_core.package_identification:_identify(config_local) by extensions ['colcon_meta']
[0.202s] Level 1:colcon.colcon_core.package_identification:_identify(config_local) by extension 'colcon_meta'
[0.202s] Level 1:colcon.colcon_core.package_identification:_identify(config_local) by extensions ['ros']
[0.202s] Level 1:colcon.colcon_core.package_identification:_identify(config_local) by extension 'ros'
[0.202s] Level 1:colcon.colcon_core.package_identification:_identify(config_local) by extensions ['cmake', 'python']
[0.202s] Level 1:colcon.colcon_core.package_identification:_identify(config_local) by extension 'cmake'
[0.202s] Level 1:colcon.colcon_core.package_identification:_identify(config_local) by extension 'python'
[0.202s] Level 1:colcon.colcon_core.package_identification:_identify(config_local) by extensions ['python_setup_py']
[0.202s] Level 1:colcon.colcon_core.package_identification:_identify(config_local) by extension 'python_setup_py'
[0.202s] Level 1:colcon.colcon_core.package_identification:_identify(install) by extensions ['ignore', 'ignore_ament_install']
[0.202s] Level 1:colcon.colcon_core.package_identification:_identify(install) by extension 'ignore'
[0.202s] Level 1:colcon.colcon_core.package_identification:_identify(install) ignored
[0.202s] Level 1:colcon.colcon_core.package_identification:_identify(log) by extensions ['ignore', 'ignore_ament_install']
[0.202s] Level 1:colcon.colcon_core.package_identification:_identify(log) by extension 'ignore'
[0.202s] Level 1:colcon.colcon_core.package_identification:_identify(log) ignored
[0.202s] Level 1:colcon.colcon_core.package_identification:_identify(src) by extensions ['ignore', 'ignore_ament_install']
[0.202s] Level 1:colcon.colcon_core.package_identification:_identify(src) by extension 'ignore'
[0.202s] Level 1:colcon.colcon_core.package_identification:_identify(src) by extension 'ignore_ament_install'
[0.203s] Level 1:colcon.colcon_core.package_identification:_identify(src) by extensions ['colcon_pkg']
[0.203s] Level 1:colcon.colcon_core.package_identification:_identify(src) by extension 'colcon_pkg'
[0.203s] Level 1:colcon.colcon_core.package_identification:_identify(src) by extensions ['colcon_meta']
[0.203s] Level 1:colcon.colcon_core.package_identification:_identify(src) by extension 'colcon_meta'
[0.203s] Level 1:colcon.colcon_core.package_identification:_identify(src) by extensions ['ros']
[0.203s] Level 1:colcon.colcon_core.package_identification:_identify(src) by extension 'ros'
[0.203s] Level 1:colcon.colcon_core.package_identification:_identify(src) by extensions ['cmake', 'python']
[0.203s] Level 1:colcon.colcon_core.package_identification:_identify(src) by extension 'cmake'
[0.203s] Level 1:colcon.colcon_core.package_identification:_identify(src) by extension 'python'
[0.203s] Level 1:colcon.colcon_core.package_identification:_identify(src) by extensions ['python_setup_py']
[0.203s] Level 1:colcon.colcon_core.package_identification:_identify(src) by extension 'python_setup_py'
[0.203s] Level 1:colcon.colcon_core.package_identification:_identify(src/simulations) by extensions ['ignore', 'ignore_ament_install']
[0.203s] Level 1:colcon.colcon_core.package_identification:_identify(src/simulations) by extension 'ignore'
[0.203s] Level 1:colcon.colcon_core.package_identification:_identify(src/simulations) by extension 'ignore_ament_install'
[0.203s] Level 1:colcon.colcon_core.package_identification:_identify(src/simulations) by extensions ['colcon_pkg']
[0.203s] Level 1:colcon.colcon_core.package_identification:_identify(src/simulations) by extension 'colcon_pkg'
[0.203s] Level 1:colcon.colcon_core.package_identification:_identify(src/simulations) by extensions ['colcon_meta']
[0.203s] Level 1:colcon.colcon_core.package_identification:_identify(src/simulations) by extension 'colcon_meta'
[0.203s] Level 1:colcon.colcon_core.package_identification:_identify(src/simulations) by extensions ['ros']
[0.203s] Level 1:colcon.colcon_core.package_identification:_identify(src/simulations) by extension 'ros'
[0.203s] Level 1:colcon.colcon_core.package_identification:_identify(src/simulations) by extensions ['cmake', 'python']
[0.203s] Level 1:colcon.colcon_core.package_identification:_identify(src/simulations) by extension 'cmake'
[0.203s] Level 1:colcon.colcon_core.package_identification:_identify(src/simulations) by extension 'python'
[0.203s] Level 1:colcon.colcon_core.package_identification:_identify(src/simulations) by extensions ['python_setup_py']
[0.203s] Level 1:colcon.colcon_core.package_identification:_identify(src/simulations) by extension 'python_setup_py'
[0.203s] Level 1:colcon.colcon_core.package_identification:_identify(src/simulations/jetarm_6dof_description) by extensions ['ignore', 'ignore_ament_install']
[0.203s] Level 1:colcon.colcon_core.package_identification:_identify(src/simulations/jetarm_6dof_description) by extension 'ignore'
[0.203s] Level 1:colcon.colcon_core.package_identification:_identify(src/simulations/jetarm_6dof_description) by extension 'ignore_ament_install'
[0.203s] Level 1:colcon.colcon_core.package_identification:_identify(src/simulations/jetarm_6dof_description) by extensions ['colcon_pkg']
[0.203s] Level 1:colcon.colcon_core.package_identification:_identify(src/simulations/jetarm_6dof_description) by extension 'colcon_pkg'
[0.203s] Level 1:colcon.colcon_core.package_identification:_identify(src/simulations/jetarm_6dof_description) by extensions ['colcon_meta']
[0.203s] Level 1:colcon.colcon_core.package_identification:_identify(src/simulations/jetarm_6dof_description) by extension 'colcon_meta'
[0.203s] Level 1:colcon.colcon_core.package_identification:_identify(src/simulations/jetarm_6dof_description) by extensions ['ros']
[0.203s] Level 1:colcon.colcon_core.package_identification:_identify(src/simulations/jetarm_6dof_description) by extension 'ros'
[0.205s] DEBUG:colcon.colcon_core.package_identification:Package 'src/simulations/jetarm_6dof_description' with type 'ros.ament_python' and name 'jetarm_6dof_description'
[0.206s] Level 1:colcon.colcon_core.package_identification:_identify(src/simulations/robot_gazebo) by extensions ['ignore', 'ignore_ament_install']
[0.206s] Level 1:colcon.colcon_core.package_identification:_identify(src/simulations/robot_gazebo) by extension 'ignore'
[0.206s] Level 1:colcon.colcon_core.package_identification:_identify(src/simulations/robot_gazebo) by extension 'ignore_ament_install'
[0.206s] Level 1:colcon.colcon_core.package_identification:_identify(src/simulations/robot_gazebo) by extensions ['colcon_pkg']
[0.206s] Level 1:colcon.colcon_core.package_identification:_identify(src/simulations/robot_gazebo) by extension 'colcon_pkg'
[0.206s] Level 1:colcon.colcon_core.package_identification:_identify(src/simulations/robot_gazebo) by extensions ['colcon_meta']
[0.206s] Level 1:colcon.colcon_core.package_identification:_identify(src/simulations/robot_gazebo) by extension 'colcon_meta'
[0.206s] Level 1:colcon.colcon_core.package_identification:_identify(src/simulations/robot_gazebo) by extensions ['ros']
[0.206s] Level 1:colcon.colcon_core.package_identification:_identify(src/simulations/robot_gazebo) by extension 'ros'
[0.206s] DEBUG:colcon.colcon_core.package_identification:Package 'src/simulations/robot_gazebo' with type 'ros.ament_python' and name 'robot_gazebo'
[0.207s] Level 1:colcon.colcon_core.package_identification:_identify(src/simulations/robot_moveit_config) by extensions ['ignore', 'ignore_ament_install']
[0.207s] Level 1:colcon.colcon_core.package_identification:_identify(src/simulations/robot_moveit_config) by extension 'ignore'
[0.207s] Level 1:colcon.colcon_core.package_identification:_identify(src/simulations/robot_moveit_config) by extension 'ignore_ament_install'
[0.207s] Level 1:colcon.colcon_core.package_identification:_identify(src/simulations/robot_moveit_config) by extensions ['colcon_pkg']
[0.207s] Level 1:colcon.colcon_core.package_identification:_identify(src/simulations/robot_moveit_config) by extension 'colcon_pkg'
[0.207s] Level 1:colcon.colcon_core.package_identification:_identify(src/simulations/robot_moveit_config) by extensions ['colcon_meta']
[0.207s] Level 1:colcon.colcon_core.package_identification:_identify(src/simulations/robot_moveit_config) by extension 'colcon_meta'
[0.207s] Level 1:colcon.colcon_core.package_identification:_identify(src/simulations/robot_moveit_config) by extensions ['ros']
[0.207s] Level 1:colcon.colcon_core.package_identification:_identify(src/simulations/robot_moveit_config) by extension 'ros'
[0.207s] DEBUG:colcon.colcon_core.package_identification:Package 'src/simulations/robot_moveit_config' with type 'ros.ament_cmake' and name 'robot_moveit_config'
[0.207s] Level 1:colcon.colcon_core.package_discovery:discover_packages(recursive) using defaults
[0.207s] Level 1:colcon.colcon_core.package_discovery:discover_packages(ignore) discover
[0.207s] Level 1:colcon.colcon_core.package_discovery:discover_packages(ignore) using defaults
[0.207s] Level 1:colcon.colcon_core.package_discovery:discover_packages(path) discover
[0.207s] Level 1:colcon.colcon_core.package_discovery:discover_packages(path) using defaults
[0.225s] Level 5:colcon.colcon_core.verb:set package 'jetarm_6dof_description' build argument 'cmake_args' from command line to 'None'
[0.225s] Level 5:colcon.colcon_core.verb:set package 'jetarm_6dof_description' build argument 'cmake_target' from command line to 'None'
[0.225s] Level 5:colcon.colcon_core.verb:set package 'jetarm_6dof_description' build argument 'cmake_target_skip_unavailable' from command line to 'False'
[0.225s] Level 5:colcon.colcon_core.verb:set package 'jetarm_6dof_description' build argument 'cmake_clean_cache' from command line to 'False'
[0.225s] Level 5:colcon.colcon_core.verb:set package 'jetarm_6dof_description' build argument 'cmake_clean_first' from command line to 'False'
[0.225s] Level 5:colcon.colcon_core.verb:set package 'jetarm_6dof_description' build argument 'cmake_force_configure' from command line to 'False'
[0.225s] Level 5:colcon.colcon_core.verb:set package 'jetarm_6dof_description' build argument 'ament_cmake_args' from command line to 'None'
[0.225s] Level 5:colcon.colcon_core.verb:set package 'jetarm_6dof_description' build argument 'catkin_cmake_args' from command line to 'None'
[0.225s] Level 5:colcon.colcon_core.verb:set package 'jetarm_6dof_description' build argument 'catkin_skip_building_tests' from command line to 'False'
[0.225s] DEBUG:colcon.colcon_core.verb:Building package 'jetarm_6dof_description' with the following arguments: {'ament_cmake_args': None, 'build_base': '/home/ubuntu/ros2_ws/build/jetarm_6dof_description', 'catkin_cmake_args': None, 'catkin_skip_building_tests': False, 'cmake_args': None, 'cmake_clean_cache': False, 'cmake_clean_first': False, 'cmake_force_configure': False, 'cmake_target': None, 'cmake_target_skip_unavailable': False, 'install_base': '/home/ubuntu/ros2_ws/install/jetarm_6dof_description', 'merge_install': False, 'path': '/home/ubuntu/ros2_ws/src/simulations/jetarm_6dof_description', 'symlink_install': True, 'test_result_base': None}
[0.226s] Level 5:colcon.colcon_core.verb:set package 'robot_gazebo' build argument 'cmake_args' from command line to 'None'
[0.226s] Level 5:colcon.colcon_core.verb:set package 'robot_gazebo' build argument 'cmake_target' from command line to 'None'
[0.226s] Level 5:colcon.colcon_core.verb:set package 'robot_gazebo' build argument 'cmake_target_skip_unavailable' from command line to 'False'
[0.226s] Level 5:colcon.colcon_core.verb:set package 'robot_gazebo' build argument 'cmake_clean_cache' from command line to 'False'
[0.226s] Level 5:colcon.colcon_core.verb:set package 'robot_gazebo' build argument 'cmake_clean_first' from command line to 'False'
[0.226s] Level 5:colcon.colcon_core.verb:set package 'robot_gazebo' build argument 'cmake_force_configure' from command line to 'False'
[0.226s] Level 5:colcon.colcon_core.verb:set package 'robot_gazebo' build argument 'ament_cmake_args' from command line to 'None'
[0.226s] Level 5:colcon.colcon_core.verb:set package 'robot_gazebo' build argument 'catkin_cmake_args' from command line to 'None'
[0.226s] Level 5:colcon.colcon_core.verb:set package 'robot_gazebo' build argument 'catkin_skip_building_tests' from command line to 'False'
[0.226s] DEBUG:colcon.colcon_core.verb:Building package 'robot_gazebo' with the following arguments: {'ament_cmake_args': None, 'build_base': '/home/ubuntu/ros2_ws/build/robot_gazebo', 'catkin_cmake_args': None, 'catkin_skip_building_tests': False, 'cmake_args': None, 'cmake_clean_cache': False, 'cmake_clean_first': False, 'cmake_force_configure': False, 'cmake_target': None, 'cmake_target_skip_unavailable': False, 'install_base': '/home/ubuntu/ros2_ws/install/robot_gazebo', 'merge_install': False, 'path': '/home/ubuntu/ros2_ws/src/simulations/robot_gazebo', 'symlink_install': True, 'test_result_base': None}
[0.226s] Level 5:colcon.colcon_core.verb:set package 'robot_moveit_config' build argument 'cmake_args' from command line to 'None'
[0.226s] Level 5:colcon.colcon_core.verb:set package 'robot_moveit_config' build argument 'cmake_target' from command line to 'None'
[0.226s] Level 5:colcon.colcon_core.verb:set package 'robot_moveit_config' build argument 'cmake_target_skip_unavailable' from command line to 'False'
[0.226s] Level 5:colcon.colcon_core.verb:set package 'robot_moveit_config' build argument 'cmake_clean_cache' from command line to 'False'
[0.226s] Level 5:colcon.colcon_core.verb:set package 'robot_moveit_config' build argument 'cmake_clean_first' from command line to 'False'
[0.226s] Level 5:colcon.colcon_core.verb:set package 'robot_moveit_config' build argument 'cmake_force_configure' from command line to 'False'
[0.226s] Level 5:colcon.colcon_core.verb:set package 'robot_moveit_config' build argument 'ament_cmake_args' from command line to 'None'
[0.226s] Level 5:colcon.colcon_core.verb:set package 'robot_moveit_config' build argument 'catkin_cmake_args' from command line to 'None'
[0.226s] Level 5:colcon.colcon_core.verb:set package 'robot_moveit_config' build argument 'catkin_skip_building_tests' from command line to 'False'
[0.226s] DEBUG:colcon.colcon_core.verb:Building package 'robot_moveit_config' with the following arguments: {'ament_cmake_args': None, 'build_base': '/home/ubuntu/ros2_ws/build/robot_moveit_config', 'catkin_cmake_args': None, 'catkin_skip_building_tests': False, 'cmake_args': None, 'cmake_clean_cache': False, 'cmake_clean_first': False, 'cmake_force_configure': False, 'cmake_target': None, 'cmake_target_skip_unavailable': False, 'install_base': '/home/ubuntu/ros2_ws/install/robot_moveit_config', 'merge_install': False, 'path': '/home/ubuntu/ros2_ws/src/simulations/robot_moveit_config', 'symlink_install': True, 'test_result_base': None}
[0.226s] INFO:colcon.colcon_core.executor:Executing jobs using 'parallel' executor
[0.227s] DEBUG:colcon.colcon_parallel_executor.executor.parallel:run_until_complete
[0.227s] INFO:colcon.colcon_ros.task.ament_python.build:Building ROS package in '/home/ubuntu/ros2_ws/src/simulations/jetarm_6dof_description' with build type 'ament_python'
[0.228s] Level 1:colcon.colcon_core.shell:create_environment_hook('jetarm_6dof_description', 'ament_prefix_path')
[0.230s] INFO:colcon.colcon_core.plugin_system:Skipping extension 'colcon_core.shell.bat': Not used on non-Windows systems
[0.230s] INFO:colcon.colcon_core.shell:Creating environment hook '/home/ubuntu/ros2_ws/install/jetarm_6dof_description/share/jetarm_6dof_description/hook/ament_prefix_path.ps1'
[0.231s] INFO:colcon.colcon_core.shell:Creating environment descriptor '/home/ubuntu/ros2_ws/install/jetarm_6dof_description/share/jetarm_6dof_description/hook/ament_prefix_path.dsv'
[0.231s] INFO:colcon.colcon_core.shell:Creating environment hook '/home/ubuntu/ros2_ws/install/jetarm_6dof_description/share/jetarm_6dof_description/hook/ament_prefix_path.sh'
[0.232s] INFO:colcon.colcon_core.shell:Skip shell extension 'powershell' for command environment: Not usable outside of PowerShell
[0.232s] DEBUG:colcon.colcon_core.shell:Skip shell extension 'dsv' for command environment
[0.232s] WARNING:colcon.colcon_ros.prefix_path.ament:The path '/home/ubuntu/ros2_ws/install/robot_moveit_config' in the environment variable AMENT_PREFIX_PATH doesn't exist
[0.233s] WARNING:colcon.colcon_ros.prefix_path.ament:The path '/home/ubuntu/ros2_ws/install/robot_gazebo' in the environment variable AMENT_PREFIX_PATH doesn't exist
[0.233s] WARNING:colcon.colcon_ros.prefix_path.ament:The path '/home/ubuntu/ros2_ws/install/hospital_robot_spawner' in the environment variable AMENT_PREFIX_PATH doesn't exist
[0.234s] WARNING:colcon.colcon_ros.prefix_path.catkin:The path '/home/ubuntu/ros2_ws/install/robot_moveit_config' in the environment variable CMAKE_PREFIX_PATH doesn't exist
[0.240s] INFO:colcon.colcon_ros.task.ament_python.build:Building ROS package in '/home/ubuntu/ros2_ws/src/simulations/robot_gazebo' with build type 'ament_python'
[0.240s] Level 1:colcon.colcon_core.shell:create_environment_hook('robot_gazebo', 'ament_prefix_path')
[0.241s] INFO:colcon.colcon_core.shell:Creating environment hook '/home/ubuntu/ros2_ws/install/robot_gazebo/share/robot_gazebo/hook/ament_prefix_path.ps1'
[0.242s] INFO:colcon.colcon_core.shell:Creating environment descriptor '/home/ubuntu/ros2_ws/install/robot_gazebo/share/robot_gazebo/hook/ament_prefix_path.dsv'
[0.242s] INFO:colcon.colcon_core.shell:Creating environment hook '/home/ubuntu/ros2_ws/install/robot_gazebo/share/robot_gazebo/hook/ament_prefix_path.sh'
[0.242s] INFO:colcon.colcon_core.shell:Skip shell extension 'powershell' for command environment: Not usable outside of PowerShell
[0.242s] DEBUG:colcon.colcon_core.shell:Skip shell extension 'dsv' for command environment
[0.436s] INFO:colcon.colcon_core.task.python.build:Building Python package in '/home/ubuntu/ros2_ws/src/simulations/jetarm_6dof_description'
[0.437s] INFO:colcon.colcon_core.shell:Skip shell extension 'powershell' for command environment: Not usable outside of PowerShell
[0.437s] DEBUG:colcon.colcon_core.shell:Skip shell extension 'dsv' for command environment
[0.624s] INFO:colcon.colcon_core.task.python.build:Building Python package in '/home/ubuntu/ros2_ws/src/simulations/robot_gazebo'
[0.624s] INFO:colcon.colcon_core.shell:Skip shell extension 'powershell' for command environment: Not usable outside of PowerShell
[0.624s] DEBUG:colcon.colcon_core.shell:Skip shell extension 'dsv' for command environment
[0.913s] DEBUG:colcon.colcon_core.event_handler.log_command:Invoking command in '/home/ubuntu/ros2_ws/build/jetarm_6dof_description': PYTHONPATH=/home/ubuntu/ros2_ws/build/jetarm_6dof_description/prefix_override:/home/ubuntu/ros2_ws/install/jetarm_6dof_description/lib/python3.10/site-packages:${PYTHONPATH} /usr/bin/python3 -W ignore:setup.py install is deprecated setup.py develop --editable --build-directory /home/ubuntu/ros2_ws/build/jetarm_6dof_description/build --no-deps symlink_data
[0.920s] DEBUG:colcon.colcon_core.event_handler.log_command:Invoking command in '/home/ubuntu/ros2_ws/build/robot_gazebo': PYTHONPATH=/home/ubuntu/ros2_ws/build/robot_gazebo/prefix_override:/home/ubuntu/ros2_ws/install/robot_gazebo/lib/python3.10/site-packages:${PYTHONPATH} /usr/bin/python3 -W ignore:setup.py install is deprecated setup.py develop --editable --build-directory /home/ubuntu/ros2_ws/build/robot_gazebo/build --no-deps symlink_data
[1.268s] Level 1:colcon.colcon_core.shell:create_environment_hook('robot_gazebo', 'pythonpath_develop')
[1.268s] INFO:colcon.colcon_core.shell:Creating environment hook '/home/ubuntu/ros2_ws/build/robot_gazebo/share/robot_gazebo/hook/pythonpath_develop.ps1'
[1.269s] INFO:colcon.colcon_core.shell:Creating environment descriptor '/home/ubuntu/ros2_ws/build/robot_gazebo/share/robot_gazebo/hook/pythonpath_develop.dsv'
[1.269s] INFO:colcon.colcon_core.shell:Creating environment hook '/home/ubuntu/ros2_ws/build/robot_gazebo/share/robot_gazebo/hook/pythonpath_develop.sh'
[1.271s] DEBUG:colcon.colcon_core.event_handler.log_command:Invoked command in '/home/ubuntu/ros2_ws/build/robot_gazebo' returned '0': PYTHONPATH=/home/ubuntu/ros2_ws/build/robot_gazebo/prefix_override:/home/ubuntu/ros2_ws/install/robot_gazebo/lib/python3.10/site-packages:${PYTHONPATH} /usr/bin/python3 -W ignore:setup.py install is deprecated setup.py develop --editable --build-directory /home/ubuntu/ros2_ws/build/robot_gazebo/build --no-deps symlink_data
[1.272s] Level 1:colcon.colcon_core.environment:checking '/home/ubuntu/ros2_ws/install/robot_gazebo' for CMake module files
[1.273s] Level 1:colcon.colcon_core.environment:checking '/home/ubuntu/ros2_ws/install/robot_gazebo' for CMake config files
[1.276s] Level 1:colcon.colcon_core.environment:checking '/home/ubuntu/ros2_ws/install/robot_gazebo/lib'
[1.276s] Level 1:colcon.colcon_core.environment:checking '/home/ubuntu/ros2_ws/install/robot_gazebo/bin'
[1.276s] Level 1:colcon.colcon_core.environment:checking '/home/ubuntu/ros2_ws/install/robot_gazebo/lib/pkgconfig/robot_gazebo.pc'
[1.276s] Level 1:colcon.colcon_core.environment:checking '/home/ubuntu/ros2_ws/install/robot_gazebo/lib/python3.10/site-packages'
[1.276s] Level 1:colcon.colcon_core.shell:create_environment_hook('robot_gazebo', 'pythonpath')
[1.276s] INFO:colcon.colcon_core.shell:Creating environment hook '/home/ubuntu/ros2_ws/install/robot_gazebo/share/robot_gazebo/hook/pythonpath.ps1'
[1.277s] INFO:colcon.colcon_core.shell:Creating environment descriptor '/home/ubuntu/ros2_ws/install/robot_gazebo/share/robot_gazebo/hook/pythonpath.dsv'
[1.277s] INFO:colcon.colcon_core.shell:Creating environment hook '/home/ubuntu/ros2_ws/install/robot_gazebo/share/robot_gazebo/hook/pythonpath.sh'
[1.277s] Level 1:colcon.colcon_core.environment:checking '/home/ubuntu/ros2_ws/install/robot_gazebo/bin'
[1.277s] Level 1:colcon.colcon_core.environment:create_environment_scripts_only(robot_gazebo)
[1.277s] INFO:colcon.colcon_core.shell:Creating package script '/home/ubuntu/ros2_ws/install/robot_gazebo/share/robot_gazebo/package.ps1'
[1.278s] INFO:colcon.colcon_core.shell:Creating package descriptor '/home/ubuntu/ros2_ws/install/robot_gazebo/share/robot_gazebo/package.dsv'
[1.278s] INFO:colcon.colcon_core.shell:Creating package script '/home/ubuntu/ros2_ws/install/robot_gazebo/share/robot_gazebo/package.sh'
[1.279s] INFO:colcon.colcon_core.shell:Creating package script '/home/ubuntu/ros2_ws/install/robot_gazebo/share/robot_gazebo/package.bash'
[1.279s] INFO:colcon.colcon_core.shell:Creating package script '/home/ubuntu/ros2_ws/install/robot_gazebo/share/robot_gazebo/package.zsh'
[1.279s] Level 1:colcon.colcon_core.environment:create_file_with_runtime_dependencies(/home/ubuntu/ros2_ws/install/robot_gazebo/share/colcon-core/packages/robot_gazebo)
[1.322s] Level 1:colcon.colcon_core.shell:create_environment_hook('jetarm_6dof_description', 'pythonpath_develop')
[1.322s] INFO:colcon.colcon_core.shell:Creating environment hook '/home/ubuntu/ros2_ws/build/jetarm_6dof_description/share/jetarm_6dof_description/hook/pythonpath_develop.ps1'
[1.323s] INFO:colcon.colcon_core.shell:Creating environment descriptor '/home/ubuntu/ros2_ws/build/jetarm_6dof_description/share/jetarm_6dof_description/hook/pythonpath_develop.dsv'
[1.324s] DEBUG:colcon.colcon_core.event_handler.log_command:Invoked command in '/home/ubuntu/ros2_ws/build/jetarm_6dof_description' returned '0': PYTHONPATH=/home/ubuntu/ros2_ws/build/jetarm_6dof_description/prefix_override:/home/ubuntu/ros2_ws/install/jetarm_6dof_description/lib/python3.10/site-packages:${PYTHONPATH} /usr/bin/python3 -W ignore:setup.py install is deprecated setup.py develop --editable --build-directory /home/ubuntu/ros2_ws/build/jetarm_6dof_description/build --no-deps symlink_data
[1.324s] INFO:colcon.colcon_core.shell:Creating environment hook '/home/ubuntu/ros2_ws/build/jetarm_6dof_description/share/jetarm_6dof_description/hook/pythonpath_develop.sh'
[1.325s] Level 1:colcon.colcon_core.environment:checking '/home/ubuntu/ros2_ws/install/jetarm_6dof_description' for CMake module files
[1.325s] Level 1:colcon.colcon_core.environment:checking '/home/ubuntu/ros2_ws/install/jetarm_6dof_description' for CMake config files
[1.326s] Level 1:colcon.colcon_core.environment:checking '/home/ubuntu/ros2_ws/install/jetarm_6dof_description/lib'
[1.326s] Level 1:colcon.colcon_core.environment:checking '/home/ubuntu/ros2_ws/install/jetarm_6dof_description/bin'
[1.326s] Level 1:colcon.colcon_core.environment:checking '/home/ubuntu/ros2_ws/install/jetarm_6dof_description/lib/pkgconfig/jetarm_6dof_description.pc'
[1.326s] Level 1:colcon.colcon_core.environment:checking '/home/ubuntu/ros2_ws/install/jetarm_6dof_description/lib/python3.10/site-packages'
[1.326s] Level 1:colcon.colcon_core.shell:create_environment_hook('jetarm_6dof_description', 'pythonpath')
[1.327s] INFO:colcon.colcon_core.shell:Creating environment hook '/home/ubuntu/ros2_ws/install/jetarm_6dof_description/share/jetarm_6dof_description/hook/pythonpath.ps1'
[1.327s] INFO:colcon.colcon_core.shell:Creating environment descriptor '/home/ubuntu/ros2_ws/install/jetarm_6dof_description/share/jetarm_6dof_description/hook/pythonpath.dsv'
[1.327s] INFO:colcon.colcon_core.shell:Creating environment hook '/home/ubuntu/ros2_ws/install/jetarm_6dof_description/share/jetarm_6dof_description/hook/pythonpath.sh'
[1.327s] Level 1:colcon.colcon_core.environment:checking '/home/ubuntu/ros2_ws/install/jetarm_6dof_description/bin'
[1.327s] Level 1:colcon.colcon_core.environment:create_environment_scripts_only(jetarm_6dof_description)
[1.328s] INFO:colcon.colcon_core.shell:Creating package script '/home/ubuntu/ros2_ws/install/jetarm_6dof_description/share/jetarm_6dof_description/package.ps1'
[1.328s] INFO:colcon.colcon_core.shell:Creating package descriptor '/home/ubuntu/ros2_ws/install/jetarm_6dof_description/share/jetarm_6dof_description/package.dsv'
[1.328s] INFO:colcon.colcon_core.shell:Creating package script '/home/ubuntu/ros2_ws/install/jetarm_6dof_description/share/jetarm_6dof_description/package.sh'
[1.329s] INFO:colcon.colcon_core.shell:Creating package script '/home/ubuntu/ros2_ws/install/jetarm_6dof_description/share/jetarm_6dof_description/package.bash'
[1.329s] INFO:colcon.colcon_core.shell:Creating package script '/home/ubuntu/ros2_ws/install/jetarm_6dof_description/share/jetarm_6dof_description/package.zsh'
[1.329s] Level 1:colcon.colcon_core.environment:create_file_with_runtime_dependencies(/home/ubuntu/ros2_ws/install/jetarm_6dof_description/share/colcon-core/packages/jetarm_6dof_description)
[1.329s] INFO:colcon.colcon_ros.task.ament_cmake.build:Building ROS package in '/home/ubuntu/ros2_ws/src/simulations/robot_moveit_config' with build type 'ament_cmake'
[1.330s] INFO:colcon.colcon_cmake.task.cmake.build:Building CMake package in '/home/ubuntu/ros2_ws/src/simulations/robot_moveit_config'
[1.330s] INFO:colcon.colcon_core.shell:Skip shell extension 'powershell' for command environment: Not usable outside of PowerShell
[1.330s] DEBUG:colcon.colcon_core.shell:Skip shell extension 'dsv' for command environment
[1.356s] DEBUG:colcon.colcon_core.event_handler.log_command:Invoking command in '/home/ubuntu/ros2_ws/build/robot_moveit_config': AMENT_PREFIX_PATH=/home/ubuntu/ros2_ws/install/jetarm_6dof_description:/home/ubuntu/ros2_ws/install/robot_moveit_config:/home/ubuntu/ros2_ws/install/robot_gazebo:/home/ubuntu/ros2_ws/install/hospital_robot_spawner:/home/ubuntu/third_party_ros2/third_party_ws/install/trac_ik:/home/ubuntu/third_party_ros2/third_party_ws/install/trac_ik_kinematics_plugin:/home/ubuntu/third_party_ros2/third_party_ws/install/trac_ik_lib:/home/ubuntu/third_party_ros2/third_party_ws/install/teb_local_planner:/home/ubuntu/third_party_ros2/third_party_ws/install/teb_msgs:/home/ubuntu/third_party_ros2/third_party_ws/install/ign_ros2_control_demos:/home/ubuntu/third_party_ros2/third_party_ws/install/gz_ros2_control_tests:/home/ubuntu/third_party_ros2/third_party_ws/install/ign_ros2_control:/home/ubuntu/third_party_ros2/third_party_ws/install/holonomic_sim:/home/ubuntu/third_party_ros2/third_party_ws/install/costmap_converter:/home/ubuntu/third_party_ros2/third_party_ws/install/costmap_converter_msgs:/home/ubuntu/third_party_ros2/ws_moveit/install/pilz_industrial_motion_planner_testutils:/home/ubuntu/third_party_ros2/ws_moveit/install/moveit_runtime:/home/ubuntu/third_party_ros2/ws_moveit/install/moveit2_tutorials:/home/ubuntu/third_party_ros2/ws_moveit/install/moveit:/home/ubuntu/third_party_ros2/ws_moveit/install/moveit_planners:/home/ubuntu/third_party_ros2/ws_moveit/install/pilz_industrial_motion_planner:/home/ubuntu/third_party_ros2/ws_moveit/install/moveit_visual_tools:/home/ubuntu/third_party_ros2/ws_moveit/install/moveit_task_constructor_visualization:/home/ubuntu/third_party_ros2/ws_moveit/install/moveit_task_constructor_demo:/home/ubuntu/third_party_ros2/ws_moveit/install/moveit_task_constructor_capabilities:/home/ubuntu/third_party_ros2/ws_moveit/install/moveit_task_constructor_core:/home/ubuntu/third_party_ros2/ws_moveit/install/moveit_ros_control_interface:/home/ubuntu/third_party_ros2/ws_moveit/install/moveit_plugins:/home/ubuntu/third_party_ros2/ws_moveit/install/moveit_simple_controller_manager:/home/ubuntu/third_party_ros2/ws_moveit/install/moveit_setup_assistant:/home/ubuntu/third_party_ros2/ws_moveit/install/moveit_setup_srdf_plugins:/home/ubuntu/third_party_ros2/ws_moveit/install/moveit_setup_core_plugins:/home/ubuntu/third_party_ros2/ws_moveit/install/moveit_setup_controllers:/home/ubuntu/third_party_ros2/ws_moveit/install/moveit_setup_app_plugins:/home/ubuntu/third_party_ros2/ws_moveit/install/moveit_setup_framework:/home/ubuntu/third_party_ros2/ws_moveit/install/moveit_servo:/home/ubuntu/third_party_ros2/ws_moveit/install/moveit_ros:/home/ubuntu/third_party_ros2/ws_moveit/install/moveit_ros_visualization:/home/ubuntu/third_party_ros2/ws_moveit/install/moveit_hybrid_planning:/home/ubuntu/third_party_ros2/ws_moveit/install/moveit_ros_planning_interface:/home/ubuntu/third_party_ros2/ws_moveit/install/moveit_ros_benchmarks:/home/ubuntu/third_party_ros2/ws_moveit/install/moveit_ros_warehouse:/home/ubuntu/third_party_ros2/ws_moveit/install/moveit_ros_robot_interaction:/home/ubuntu/third_party_ros2/ws_moveit/install/moveit_ros_perception:/home/ubuntu/third_party_ros2/ws_moveit/install/moveit_resources_prbt_pg70_support:/home/ubuntu/third_party_ros2/ws_moveit/install/moveit_resources_prbt_moveit_config:/home/ubuntu/third_party_ros2/ws_moveit/install/moveit_ros_move_group:/home/ubuntu/third_party_ros2/ws_moveit/install/moveit_planners_ompl:/home/ubuntu/third_party_ros2/ws_moveit/install/moveit_ros_planning:/home/ubuntu/third_party_ros2/ws_moveit/install/moveit_ros_occupancy_map_monitor:/home/ubuntu/third_party_ros2/ws_moveit/install/moveit_resources_prbt_ikfast_manipulator_plugin:/home/ubuntu/third_party_ros2/ws_moveit/install/moveit_planners_chomp:/home/ubuntu/third_party_ros2/ws_moveit/install/moveit_kinematics:/home/ubuntu/third_party_ros2/ws_moveit/install/moveit_chomp_optimizer_adapter:/home/ubuntu/third_party_ros2/ws_moveit/install/chomp_motion_planner:/home/ubuntu/third_party_ros2/ws_moveit/install/moveit_core:/home/ubuntu/third_party_ros2/ws_moveit/install/moveit_configs_utils:/home/ubuntu/third_party_ros2/ws_moveit/install/srdfdom:/home/ubuntu/third_party_ros2/ws_moveit/install/rviz_marker_tools:/home/ubuntu/third_party_ros2/ws_moveit/install/rosparam_shortcuts:/home/ubuntu/third_party_ros2/ws_moveit/install/moveit_task_constructor_msgs:/home/ubuntu/third_party_ros2/ws_moveit/install/moveit_resources_prbt_support:/home/ubuntu/third_party_ros2/ws_moveit/install/moveit_resources:/home/ubuntu/third_party_ros2/ws_moveit/install/moveit_resources_pr2_description:/home/ubuntu/third_party_ros2/ws_moveit/install/moveit_resources_panda_moveit_config:/home/ubuntu/third_party_ros2/ws_moveit/install/moveit_resources_panda_description:/home/ubuntu/third_party_ros2/ws_moveit/install/moveit_resources_fanuc_moveit_config:/home/ubuntu/third_party_ros2/ws_moveit/install/moveit_resources_fanuc_description:/home/ubuntu/third_party_ros2/ws_moveit/install/moveit_common:/home/ubuntu/third_party_ros2/ws_moveit/install/launch_param_builder:/opt/ros/humble CMAKE_PREFIX_PATH=${CMAKE_PREFIX_PATH}:/home/ubuntu/ros2_ws/install/robot_gazebo:/home/ubuntu/ros2_ws/install/jetarm_6dof_description:/home/ubuntu/ros2_ws/install/hospital_robot_spawner:/home/ubuntu/third_party_ros2/ws_moveit/install/moveit_configs_utils:/home/ubuntu/third_party_ros2/ws_moveit/install/launch_param_builder:/opt/ros/humble PYTHONPATH=/home/ubuntu/ros2_ws/build/jetarm_6dof_description:/home/ubuntu/ros2_ws/install/jetarm_6dof_description/lib/python3.10/site-packages:/home/ubuntu/ros2_ws/build/robot_gazebo:/home/ubuntu/ros2_ws/install/robot_gazebo/lib/python3.10/site-packages:/home/ubuntu/ros2_ws/install/hospital_robot_spawner/lib/python3.10/site-packages:/home/ubuntu/third_party_ros2/third_party_ws/install/teb_msgs/local/lib/python3.10/dist-packages:/home/ubuntu/third_party_ros2/third_party_ws/install/costmap_converter_msgs/local/lib/python3.10/dist-packages:/home/ubuntu/third_party_ros2/ws_moveit/install/moveit_task_constructor_core/local/lib/python3.10/dist-packages:/home/ubuntu/third_party_ros2/ws_moveit/build/moveit_configs_utils:/home/ubuntu/third_party_ros2/ws_moveit/install/moveit_configs_utils/lib/python3.10/site-packages:/home/ubuntu/third_party_ros2/ws_moveit/install/srdfdom/local/lib/python3.10/dist-packages:/home/ubuntu/third_party_ros2/ws_moveit/install/moveit_task_constructor_msgs/local/lib/python3.10/dist-packages:/home/ubuntu/third_party_ros2/ws_moveit/build/launch_param_builder:/home/ubuntu/third_party_ros2/ws_moveit/install/launch_param_builder/lib/python3.10/site-packages:/opt/ros/humble/lib/python3.10/site-packages:/opt/ros/humble/local/lib/python3.10/dist-packages /usr/bin/cmake /home/ubuntu/ros2_ws/src/simulations/robot_moveit_config -DAMENT_CMAKE_SYMLINK_INSTALL=1 -DCMAKE_INSTALL_PREFIX=/home/ubuntu/ros2_ws/install/robot_moveit_config
[2.484s] DEBUG:colcon.colcon_core.event_handler.log_command:Invoked command in '/home/ubuntu/ros2_ws/build/robot_moveit_config' returned '0': AMENT_PREFIX_PATH=/home/ubuntu/ros2_ws/install/jetarm_6dof_description:/home/ubuntu/ros2_ws/install/robot_moveit_config:/home/ubuntu/ros2_ws/install/robot_gazebo:/home/ubuntu/ros2_ws/install/hospital_robot_spawner:/home/ubuntu/third_party_ros2/third_party_ws/install/trac_ik:/home/ubuntu/third_party_ros2/third_party_ws/install/trac_ik_kinematics_plugin:/home/ubuntu/third_party_ros2/third_party_ws/install/trac_ik_lib:/home/ubuntu/third_party_ros2/third_party_ws/install/teb_local_planner:/home/ubuntu/third_party_ros2/third_party_ws/install/teb_msgs:/home/ubuntu/third_party_ros2/third_party_ws/install/ign_ros2_control_demos:/home/ubuntu/third_party_ros2/third_party_ws/install/gz_ros2_control_tests:/home/ubuntu/third_party_ros2/third_party_ws/install/ign_ros2_control:/home/ubuntu/third_party_ros2/third_party_ws/install/holonomic_sim:/home/ubuntu/third_party_ros2/third_party_ws/install/costmap_converter:/home/ubuntu/third_party_ros2/third_party_ws/install/costmap_converter_msgs:/home/ubuntu/third_party_ros2/ws_moveit/install/pilz_industrial_motion_planner_testutils:/home/ubuntu/third_party_ros2/ws_moveit/install/moveit_runtime:/home/ubuntu/third_party_ros2/ws_moveit/install/moveit2_tutorials:/home/ubuntu/third_party_ros2/ws_moveit/install/moveit:/home/ubuntu/third_party_ros2/ws_moveit/install/moveit_planners:/home/ubuntu/third_party_ros2/ws_moveit/install/pilz_industrial_motion_planner:/home/ubuntu/third_party_ros2/ws_moveit/install/moveit_visual_tools:/home/ubuntu/third_party_ros2/ws_moveit/install/moveit_task_constructor_visualization:/home/ubuntu/third_party_ros2/ws_moveit/install/moveit_task_constructor_demo:/home/ubuntu/third_party_ros2/ws_moveit/install/moveit_task_constructor_capabilities:/home/ubuntu/third_party_ros2/ws_moveit/install/moveit_task_constructor_core:/home/ubuntu/third_party_ros2/ws_moveit/install/moveit_ros_control_interface:/home/ubuntu/third_party_ros2/ws_moveit/install/moveit_plugins:/home/ubuntu/third_party_ros2/ws_moveit/install/moveit_simple_controller_manager:/home/ubuntu/third_party_ros2/ws_moveit/install/moveit_setup_assistant:/home/ubuntu/third_party_ros2/ws_moveit/install/moveit_setup_srdf_plugins:/home/ubuntu/third_party_ros2/ws_moveit/install/moveit_setup_core_plugins:/home/ubuntu/third_party_ros2/ws_moveit/install/moveit_setup_controllers:/home/ubuntu/third_party_ros2/ws_moveit/install/moveit_setup_app_plugins:/home/ubuntu/third_party_ros2/ws_moveit/install/moveit_setup_framework:/home/ubuntu/third_party_ros2/ws_moveit/install/moveit_servo:/home/ubuntu/third_party_ros2/ws_moveit/install/moveit_ros:/home/ubuntu/third_party_ros2/ws_moveit/install/moveit_ros_visualization:/home/ubuntu/third_party_ros2/ws_moveit/install/moveit_hybrid_planning:/home/ubuntu/third_party_ros2/ws_moveit/install/moveit_ros_planning_interface:/home/ubuntu/third_party_ros2/ws_moveit/install/moveit_ros_benchmarks:/home/ubuntu/third_party_ros2/ws_moveit/install/moveit_ros_warehouse:/home/ubuntu/third_party_ros2/ws_moveit/install/moveit_ros_robot_interaction:/home/ubuntu/third_party_ros2/ws_moveit/install/moveit_ros_perception:/home/ubuntu/third_party_ros2/ws_moveit/install/moveit_resources_prbt_pg70_support:/home/ubuntu/third_party_ros2/ws_moveit/install/moveit_resources_prbt_moveit_config:/home/ubuntu/third_party_ros2/ws_moveit/install/moveit_ros_move_group:/home/ubuntu/third_party_ros2/ws_moveit/install/moveit_planners_ompl:/home/ubuntu/third_party_ros2/ws_moveit/install/moveit_ros_planning:/home/ubuntu/third_party_ros2/ws_moveit/install/moveit_ros_occupancy_map_monitor:/home/ubuntu/third_party_ros2/ws_moveit/install/moveit_resources_prbt_ikfast_manipulator_plugin:/home/ubuntu/third_party_ros2/ws_moveit/install/moveit_planners_chomp:/home/ubuntu/third_party_ros2/ws_moveit/install/moveit_kinematics:/home/ubuntu/third_party_ros2/ws_moveit/install/moveit_chomp_optimizer_adapter:/home/ubuntu/third_party_ros2/ws_moveit/install/chomp_motion_planner:/home/ubuntu/third_party_ros2/ws_moveit/install/moveit_core:/home/ubuntu/third_party_ros2/ws_moveit/install/moveit_configs_utils:/home/ubuntu/third_party_ros2/ws_moveit/install/srdfdom:/home/ubuntu/third_party_ros2/ws_moveit/install/rviz_marker_tools:/home/ubuntu/third_party_ros2/ws_moveit/install/rosparam_shortcuts:/home/ubuntu/third_party_ros2/ws_moveit/install/moveit_task_constructor_msgs:/home/ubuntu/third_party_ros2/ws_moveit/install/moveit_resources_prbt_support:/home/ubuntu/third_party_ros2/ws_moveit/install/moveit_resources:/home/ubuntu/third_party_ros2/ws_moveit/install/moveit_resources_pr2_description:/home/ubuntu/third_party_ros2/ws_moveit/install/moveit_resources_panda_moveit_config:/home/ubuntu/third_party_ros2/ws_moveit/install/moveit_resources_panda_description:/home/ubuntu/third_party_ros2/ws_moveit/install/moveit_resources_fanuc_moveit_config:/home/ubuntu/third_party_ros2/ws_moveit/install/moveit_resources_fanuc_description:/home/ubuntu/third_party_ros2/ws_moveit/install/moveit_common:/home/ubuntu/third_party_ros2/ws_moveit/install/launch_param_builder:/opt/ros/humble CMAKE_PREFIX_PATH=${CMAKE_PREFIX_PATH}:/home/ubuntu/ros2_ws/install/robot_gazebo:/home/ubuntu/ros2_ws/install/jetarm_6dof_description:/home/ubuntu/ros2_ws/install/hospital_robot_spawner:/home/ubuntu/third_party_ros2/ws_moveit/install/moveit_configs_utils:/home/ubuntu/third_party_ros2/ws_moveit/install/launch_param_builder:/opt/ros/humble PYTHONPATH=/home/ubuntu/ros2_ws/build/jetarm_6dof_description:/home/ubuntu/ros2_ws/install/jetarm_6dof_description/lib/python3.10/site-packages:/home/ubuntu/ros2_ws/build/robot_gazebo:/home/ubuntu/ros2_ws/install/robot_gazebo/lib/python3.10/site-packages:/home/ubuntu/ros2_ws/install/hospital_robot_spawner/lib/python3.10/site-packages:/home/ubuntu/third_party_ros2/third_party_ws/install/teb_msgs/local/lib/python3.10/dist-packages:/home/ubuntu/third_party_ros2/third_party_ws/install/costmap_converter_msgs/local/lib/python3.10/dist-packages:/home/ubuntu/third_party_ros2/ws_moveit/install/moveit_task_constructor_core/local/lib/python3.10/dist-packages:/home/ubuntu/third_party_ros2/ws_moveit/build/moveit_configs_utils:/home/ubuntu/third_party_ros2/ws_moveit/install/moveit_configs_utils/lib/python3.10/site-packages:/home/ubuntu/third_party_ros2/ws_moveit/install/srdfdom/local/lib/python3.10/dist-packages:/home/ubuntu/third_party_ros2/ws_moveit/install/moveit_task_constructor_msgs/local/lib/python3.10/dist-packages:/home/ubuntu/third_party_ros2/ws_moveit/build/launch_param_builder:/home/ubuntu/third_party_ros2/ws_moveit/install/launch_param_builder/lib/python3.10/site-packages:/opt/ros/humble/lib/python3.10/site-packages:/opt/ros/humble/local/lib/python3.10/dist-packages /usr/bin/cmake /home/ubuntu/ros2_ws/src/simulations/robot_moveit_config -DAMENT_CMAKE_SYMLINK_INSTALL=1 -DCMAKE_INSTALL_PREFIX=/home/ubuntu/ros2_ws/install/robot_moveit_config
[2.487s] DEBUG:colcon.colcon_core.event_handler.log_command:Invoking command in '/home/ubuntu/ros2_ws/build/robot_moveit_config': AMENT_PREFIX_PATH=/home/ubuntu/ros2_ws/install/jetarm_6dof_description:/home/ubuntu/ros2_ws/install/robot_moveit_config:/home/ubuntu/ros2_ws/install/robot_gazebo:/home/ubuntu/ros2_ws/install/hospital_robot_spawner:/home/ubuntu/third_party_ros2/third_party_ws/install/trac_ik:/home/ubuntu/third_party_ros2/third_party_ws/install/trac_ik_kinematics_plugin:/home/ubuntu/third_party_ros2/third_party_ws/install/trac_ik_lib:/home/ubuntu/third_party_ros2/third_party_ws/install/teb_local_planner:/home/ubuntu/third_party_ros2/third_party_ws/install/teb_msgs:/home/ubuntu/third_party_ros2/third_party_ws/install/ign_ros2_control_demos:/home/ubuntu/third_party_ros2/third_party_ws/install/gz_ros2_control_tests:/home/ubuntu/third_party_ros2/third_party_ws/install/ign_ros2_control:/home/ubuntu/third_party_ros2/third_party_ws/install/holonomic_sim:/home/ubuntu/third_party_ros2/third_party_ws/install/costmap_converter:/home/ubuntu/third_party_ros2/third_party_ws/install/costmap_converter_msgs:/home/ubuntu/third_party_ros2/ws_moveit/install/pilz_industrial_motion_planner_testutils:/home/ubuntu/third_party_ros2/ws_moveit/install/moveit_runtime:/home/ubuntu/third_party_ros2/ws_moveit/install/moveit2_tutorials:/home/ubuntu/third_party_ros2/ws_moveit/install/moveit:/home/ubuntu/third_party_ros2/ws_moveit/install/moveit_planners:/home/ubuntu/third_party_ros2/ws_moveit/install/pilz_industrial_motion_planner:/home/ubuntu/third_party_ros2/ws_moveit/install/moveit_visual_tools:/home/ubuntu/third_party_ros2/ws_moveit/install/moveit_task_constructor_visualization:/home/ubuntu/third_party_ros2/ws_moveit/install/moveit_task_constructor_demo:/home/ubuntu/third_party_ros2/ws_moveit/install/moveit_task_constructor_capabilities:/home/ubuntu/third_party_ros2/ws_moveit/install/moveit_task_constructor_core:/home/ubuntu/third_party_ros2/ws_moveit/install/moveit_ros_control_interface:/home/ubuntu/third_party_ros2/ws_moveit/install/moveit_plugins:/home/ubuntu/third_party_ros2/ws_moveit/install/moveit_simple_controller_manager:/home/ubuntu/third_party_ros2/ws_moveit/install/moveit_setup_assistant:/home/ubuntu/third_party_ros2/ws_moveit/install/moveit_setup_srdf_plugins:/home/ubuntu/third_party_ros2/ws_moveit/install/moveit_setup_core_plugins:/home/ubuntu/third_party_ros2/ws_moveit/install/moveit_setup_controllers:/home/ubuntu/third_party_ros2/ws_moveit/install/moveit_setup_app_plugins:/home/ubuntu/third_party_ros2/ws_moveit/install/moveit_setup_framework:/home/ubuntu/third_party_ros2/ws_moveit/install/moveit_servo:/home/ubuntu/third_party_ros2/ws_moveit/install/moveit_ros:/home/ubuntu/third_party_ros2/ws_moveit/install/moveit_ros_visualization:/home/ubuntu/third_party_ros2/ws_moveit/install/moveit_hybrid_planning:/home/ubuntu/third_party_ros2/ws_moveit/install/moveit_ros_planning_interface:/home/ubuntu/third_party_ros2/ws_moveit/install/moveit_ros_benchmarks:/home/ubuntu/third_party_ros2/ws_moveit/install/moveit_ros_warehouse:/home/ubuntu/third_party_ros2/ws_moveit/install/moveit_ros_robot_interaction:/home/ubuntu/third_party_ros2/ws_moveit/install/moveit_ros_perception:/home/ubuntu/third_party_ros2/ws_moveit/install/moveit_resources_prbt_pg70_support:/home/ubuntu/third_party_ros2/ws_moveit/install/moveit_resources_prbt_moveit_config:/home/ubuntu/third_party_ros2/ws_moveit/install/moveit_ros_move_group:/home/ubuntu/third_party_ros2/ws_moveit/install/moveit_planners_ompl:/home/ubuntu/third_party_ros2/ws_moveit/install/moveit_ros_planning:/home/ubuntu/third_party_ros2/ws_moveit/install/moveit_ros_occupancy_map_monitor:/home/ubuntu/third_party_ros2/ws_moveit/install/moveit_resources_prbt_ikfast_manipulator_plugin:/home/ubuntu/third_party_ros2/ws_moveit/install/moveit_planners_chomp:/home/ubuntu/third_party_ros2/ws_moveit/install/moveit_kinematics:/home/ubuntu/third_party_ros2/ws_moveit/install/moveit_chomp_optimizer_adapter:/home/ubuntu/third_party_ros2/ws_moveit/install/chomp_motion_planner:/home/ubuntu/third_party_ros2/ws_moveit/install/moveit_core:/home/ubuntu/third_party_ros2/ws_moveit/install/moveit_configs_utils:/home/ubuntu/third_party_ros2/ws_moveit/install/srdfdom:/home/ubuntu/third_party_ros2/ws_moveit/install/rviz_marker_tools:/home/ubuntu/third_party_ros2/ws_moveit/install/rosparam_shortcuts:/home/ubuntu/third_party_ros2/ws_moveit/install/moveit_task_constructor_msgs:/home/ubuntu/third_party_ros2/ws_moveit/install/moveit_resources_prbt_support:/home/ubuntu/third_party_ros2/ws_moveit/install/moveit_resources:/home/ubuntu/third_party_ros2/ws_moveit/install/moveit_resources_pr2_description:/home/ubuntu/third_party_ros2/ws_moveit/install/moveit_resources_panda_moveit_config:/home/ubuntu/third_party_ros2/ws_moveit/install/moveit_resources_panda_description:/home/ubuntu/third_party_ros2/ws_moveit/install/moveit_resources_fanuc_moveit_config:/home/ubuntu/third_party_ros2/ws_moveit/install/moveit_resources_fanuc_description:/home/ubuntu/third_party_ros2/ws_moveit/install/moveit_common:/home/ubuntu/third_party_ros2/ws_moveit/install/launch_param_builder:/opt/ros/humble CMAKE_PREFIX_PATH=${CMAKE_PREFIX_PATH}:/home/ubuntu/ros2_ws/install/robot_gazebo:/home/ubuntu/ros2_ws/install/jetarm_6dof_description:/home/ubuntu/ros2_ws/install/hospital_robot_spawner:/home/ubuntu/third_party_ros2/ws_moveit/install/moveit_configs_utils:/home/ubuntu/third_party_ros2/ws_moveit/install/launch_param_builder:/opt/ros/humble PYTHONPATH=/home/ubuntu/ros2_ws/build/jetarm_6dof_description:/home/ubuntu/ros2_ws/install/jetarm_6dof_description/lib/python3.10/site-packages:/home/ubuntu/ros2_ws/build/robot_gazebo:/home/ubuntu/ros2_ws/install/robot_gazebo/lib/python3.10/site-packages:/home/ubuntu/ros2_ws/install/hospital_robot_spawner/lib/python3.10/site-packages:/home/ubuntu/third_party_ros2/third_party_ws/install/teb_msgs/local/lib/python3.10/dist-packages:/home/ubuntu/third_party_ros2/third_party_ws/install/costmap_converter_msgs/local/lib/python3.10/dist-packages:/home/ubuntu/third_party_ros2/ws_moveit/install/moveit_task_constructor_core/local/lib/python3.10/dist-packages:/home/ubuntu/third_party_ros2/ws_moveit/build/moveit_configs_utils:/home/ubuntu/third_party_ros2/ws_moveit/install/moveit_configs_utils/lib/python3.10/site-packages:/home/ubuntu/third_party_ros2/ws_moveit/install/srdfdom/local/lib/python3.10/dist-packages:/home/ubuntu/third_party_ros2/ws_moveit/install/moveit_task_constructor_msgs/local/lib/python3.10/dist-packages:/home/ubuntu/third_party_ros2/ws_moveit/build/launch_param_builder:/home/ubuntu/third_party_ros2/ws_moveit/install/launch_param_builder/lib/python3.10/site-packages:/opt/ros/humble/lib/python3.10/site-packages:/opt/ros/humble/local/lib/python3.10/dist-packages /usr/bin/cmake --build /home/ubuntu/ros2_ws/build/robot_moveit_config -- -j4 -l4
[2.541s] DEBUG:colcon.colcon_core.event_handler.log_command:Invoked command in '/home/ubuntu/ros2_ws/build/robot_moveit_config' returned '0': AMENT_PREFIX_PATH=/home/ubuntu/ros2_ws/install/jetarm_6dof_description:/home/ubuntu/ros2_ws/install/robot_moveit_config:/home/ubuntu/ros2_ws/install/robot_gazebo:/home/ubuntu/ros2_ws/install/hospital_robot_spawner:/home/ubuntu/third_party_ros2/third_party_ws/install/trac_ik:/home/ubuntu/third_party_ros2/third_party_ws/install/trac_ik_kinematics_plugin:/home/ubuntu/third_party_ros2/third_party_ws/install/trac_ik_lib:/home/ubuntu/third_party_ros2/third_party_ws/install/teb_local_planner:/home/ubuntu/third_party_ros2/third_party_ws/install/teb_msgs:/home/ubuntu/third_party_ros2/third_party_ws/install/ign_ros2_control_demos:/home/ubuntu/third_party_ros2/third_party_ws/install/gz_ros2_control_tests:/home/ubuntu/third_party_ros2/third_party_ws/install/ign_ros2_control:/home/ubuntu/third_party_ros2/third_party_ws/install/holonomic_sim:/home/ubuntu/third_party_ros2/third_party_ws/install/costmap_converter:/home/ubuntu/third_party_ros2/third_party_ws/install/costmap_converter_msgs:/home/ubuntu/third_party_ros2/ws_moveit/install/pilz_industrial_motion_planner_testutils:/home/ubuntu/third_party_ros2/ws_moveit/install/moveit_runtime:/home/ubuntu/third_party_ros2/ws_moveit/install/moveit2_tutorials:/home/ubuntu/third_party_ros2/ws_moveit/install/moveit:/home/ubuntu/third_party_ros2/ws_moveit/install/moveit_planners:/home/ubuntu/third_party_ros2/ws_moveit/install/pilz_industrial_motion_planner:/home/ubuntu/third_party_ros2/ws_moveit/install/moveit_visual_tools:/home/ubuntu/third_party_ros2/ws_moveit/install/moveit_task_constructor_visualization:/home/ubuntu/third_party_ros2/ws_moveit/install/moveit_task_constructor_demo:/home/ubuntu/third_party_ros2/ws_moveit/install/moveit_task_constructor_capabilities:/home/ubuntu/third_party_ros2/ws_moveit/install/moveit_task_constructor_core:/home/ubuntu/third_party_ros2/ws_moveit/install/moveit_ros_control_interface:/home/ubuntu/third_party_ros2/ws_moveit/install/moveit_plugins:/home/ubuntu/third_party_ros2/ws_moveit/install/moveit_simple_controller_manager:/home/ubuntu/third_party_ros2/ws_moveit/install/moveit_setup_assistant:/home/ubuntu/third_party_ros2/ws_moveit/install/moveit_setup_srdf_plugins:/home/ubuntu/third_party_ros2/ws_moveit/install/moveit_setup_core_plugins:/home/ubuntu/third_party_ros2/ws_moveit/install/moveit_setup_controllers:/home/ubuntu/third_party_ros2/ws_moveit/install/moveit_setup_app_plugins:/home/ubuntu/third_party_ros2/ws_moveit/install/moveit_setup_framework:/home/ubuntu/third_party_ros2/ws_moveit/install/moveit_servo:/home/ubuntu/third_party_ros2/ws_moveit/install/moveit_ros:/home/ubuntu/third_party_ros2/ws_moveit/install/moveit_ros_visualization:/home/ubuntu/third_party_ros2/ws_moveit/install/moveit_hybrid_planning:/home/ubuntu/third_party_ros2/ws_moveit/install/moveit_ros_planning_interface:/home/ubuntu/third_party_ros2/ws_moveit/install/moveit_ros_benchmarks:/home/ubuntu/third_party_ros2/ws_moveit/install/moveit_ros_warehouse:/home/ubuntu/third_party_ros2/ws_moveit/install/moveit_ros_robot_interaction:/home/ubuntu/third_party_ros2/ws_moveit/install/moveit_ros_perception:/home/ubuntu/third_party_ros2/ws_moveit/install/moveit_resources_prbt_pg70_support:/home/ubuntu/third_party_ros2/ws_moveit/install/moveit_resources_prbt_moveit_config:/home/ubuntu/third_party_ros2/ws_moveit/install/moveit_ros_move_group:/home/ubuntu/third_party_ros2/ws_moveit/install/moveit_planners_ompl:/home/ubuntu/third_party_ros2/ws_moveit/install/moveit_ros_planning:/home/ubuntu/third_party_ros2/ws_moveit/install/moveit_ros_occupancy_map_monitor:/home/ubuntu/third_party_ros2/ws_moveit/install/moveit_resources_prbt_ikfast_manipulator_plugin:/home/ubuntu/third_party_ros2/ws_moveit/install/moveit_planners_chomp:/home/ubuntu/third_party_ros2/ws_moveit/install/moveit_kinematics:/home/ubuntu/third_party_ros2/ws_moveit/install/moveit_chomp_optimizer_adapter:/home/ubuntu/third_party_ros2/ws_moveit/install/chomp_motion_planner:/home/ubuntu/third_party_ros2/ws_moveit/install/moveit_core:/home/ubuntu/third_party_ros2/ws_moveit/install/moveit_configs_utils:/home/ubuntu/third_party_ros2/ws_moveit/install/srdfdom:/home/ubuntu/third_party_ros2/ws_moveit/install/rviz_marker_tools:/home/ubuntu/third_party_ros2/ws_moveit/install/rosparam_shortcuts:/home/ubuntu/third_party_ros2/ws_moveit/install/moveit_task_constructor_msgs:/home/ubuntu/third_party_ros2/ws_moveit/install/moveit_resources_prbt_support:/home/ubuntu/third_party_ros2/ws_moveit/install/moveit_resources:/home/ubuntu/third_party_ros2/ws_moveit/install/moveit_resources_pr2_description:/home/ubuntu/third_party_ros2/ws_moveit/install/moveit_resources_panda_moveit_config:/home/ubuntu/third_party_ros2/ws_moveit/install/moveit_resources_panda_description:/home/ubuntu/third_party_ros2/ws_moveit/install/moveit_resources_fanuc_moveit_config:/home/ubuntu/third_party_ros2/ws_moveit/install/moveit_resources_fanuc_description:/home/ubuntu/third_party_ros2/ws_moveit/install/moveit_common:/home/ubuntu/third_party_ros2/ws_moveit/install/launch_param_builder:/opt/ros/humble CMAKE_PREFIX_PATH=${CMAKE_PREFIX_PATH}:/home/ubuntu/ros2_ws/install/robot_gazebo:/home/ubuntu/ros2_ws/install/jetarm_6dof_description:/home/ubuntu/ros2_ws/install/hospital_robot_spawner:/home/ubuntu/third_party_ros2/ws_moveit/install/moveit_configs_utils:/home/ubuntu/third_party_ros2/ws_moveit/install/launch_param_builder:/opt/ros/humble PYTHONPATH=/home/ubuntu/ros2_ws/build/jetarm_6dof_description:/home/ubuntu/ros2_ws/install/jetarm_6dof_description/lib/python3.10/site-packages:/home/ubuntu/ros2_ws/build/robot_gazebo:/home/ubuntu/ros2_ws/install/robot_gazebo/lib/python3.10/site-packages:/home/ubuntu/ros2_ws/install/hospital_robot_spawner/lib/python3.10/site-packages:/home/ubuntu/third_party_ros2/third_party_ws/install/teb_msgs/local/lib/python3.10/dist-packages:/home/ubuntu/third_party_ros2/third_party_ws/install/costmap_converter_msgs/local/lib/python3.10/dist-packages:/home/ubuntu/third_party_ros2/ws_moveit/install/moveit_task_constructor_core/local/lib/python3.10/dist-packages:/home/ubuntu/third_party_ros2/ws_moveit/build/moveit_configs_utils:/home/ubuntu/third_party_ros2/ws_moveit/install/moveit_configs_utils/lib/python3.10/site-packages:/home/ubuntu/third_party_ros2/ws_moveit/install/srdfdom/local/lib/python3.10/dist-packages:/home/ubuntu/third_party_ros2/ws_moveit/install/moveit_task_constructor_msgs/local/lib/python3.10/dist-packages:/home/ubuntu/third_party_ros2/ws_moveit/build/launch_param_builder:/home/ubuntu/third_party_ros2/ws_moveit/install/launch_param_builder/lib/python3.10/site-packages:/opt/ros/humble/lib/python3.10/site-packages:/opt/ros/humble/local/lib/python3.10/dist-packages /usr/bin/cmake --build /home/ubuntu/ros2_ws/build/robot_moveit_config -- -j4 -l4
[2.592s] DEBUG:colcon.colcon_core.event_handler.log_command:Invoking command in '/home/ubuntu/ros2_ws/build/robot_moveit_config': AMENT_PREFIX_PATH=/home/ubuntu/ros2_ws/install/jetarm_6dof_description:/home/ubuntu/ros2_ws/install/robot_moveit_config:/home/ubuntu/ros2_ws/install/robot_gazebo:/home/ubuntu/ros2_ws/install/hospital_robot_spawner:/home/ubuntu/third_party_ros2/third_party_ws/install/trac_ik:/home/ubuntu/third_party_ros2/third_party_ws/install/trac_ik_kinematics_plugin:/home/ubuntu/third_party_ros2/third_party_ws/install/trac_ik_lib:/home/ubuntu/third_party_ros2/third_party_ws/install/teb_local_planner:/home/ubuntu/third_party_ros2/third_party_ws/install/teb_msgs:/home/ubuntu/third_party_ros2/third_party_ws/install/ign_ros2_control_demos:/home/ubuntu/third_party_ros2/third_party_ws/install/gz_ros2_control_tests:/home/ubuntu/third_party_ros2/third_party_ws/install/ign_ros2_control:/home/ubuntu/third_party_ros2/third_party_ws/install/holonomic_sim:/home/ubuntu/third_party_ros2/third_party_ws/install/costmap_converter:/home/ubuntu/third_party_ros2/third_party_ws/install/costmap_converter_msgs:/home/ubuntu/third_party_ros2/ws_moveit/install/pilz_industrial_motion_planner_testutils:/home/ubuntu/third_party_ros2/ws_moveit/install/moveit_runtime:/home/ubuntu/third_party_ros2/ws_moveit/install/moveit2_tutorials:/home/ubuntu/third_party_ros2/ws_moveit/install/moveit:/home/ubuntu/third_party_ros2/ws_moveit/install/moveit_planners:/home/ubuntu/third_party_ros2/ws_moveit/install/pilz_industrial_motion_planner:/home/ubuntu/third_party_ros2/ws_moveit/install/moveit_visual_tools:/home/ubuntu/third_party_ros2/ws_moveit/install/moveit_task_constructor_visualization:/home/ubuntu/third_party_ros2/ws_moveit/install/moveit_task_constructor_demo:/home/ubuntu/third_party_ros2/ws_moveit/install/moveit_task_constructor_capabilities:/home/ubuntu/third_party_ros2/ws_moveit/install/moveit_task_constructor_core:/home/ubuntu/third_party_ros2/ws_moveit/install/moveit_ros_control_interface:/home/ubuntu/third_party_ros2/ws_moveit/install/moveit_plugins:/home/ubuntu/third_party_ros2/ws_moveit/install/moveit_simple_controller_manager:/home/ubuntu/third_party_ros2/ws_moveit/install/moveit_setup_assistant:/home/ubuntu/third_party_ros2/ws_moveit/install/moveit_setup_srdf_plugins:/home/ubuntu/third_party_ros2/ws_moveit/install/moveit_setup_core_plugins:/home/ubuntu/third_party_ros2/ws_moveit/install/moveit_setup_controllers:/home/ubuntu/third_party_ros2/ws_moveit/install/moveit_setup_app_plugins:/home/ubuntu/third_party_ros2/ws_moveit/install/moveit_setup_framework:/home/ubuntu/third_party_ros2/ws_moveit/install/moveit_servo:/home/ubuntu/third_party_ros2/ws_moveit/install/moveit_ros:/home/ubuntu/third_party_ros2/ws_moveit/install/moveit_ros_visualization:/home/ubuntu/third_party_ros2/ws_moveit/install/moveit_hybrid_planning:/home/ubuntu/third_party_ros2/ws_moveit/install/moveit_ros_planning_interface:/home/ubuntu/third_party_ros2/ws_moveit/install/moveit_ros_benchmarks:/home/ubuntu/third_party_ros2/ws_moveit/install/moveit_ros_warehouse:/home/ubuntu/third_party_ros2/ws_moveit/install/moveit_ros_robot_interaction:/home/ubuntu/third_party_ros2/ws_moveit/install/moveit_ros_perception:/home/ubuntu/third_party_ros2/ws_moveit/install/moveit_resources_prbt_pg70_support:/home/ubuntu/third_party_ros2/ws_moveit/install/moveit_resources_prbt_moveit_config:/home/ubuntu/third_party_ros2/ws_moveit/install/moveit_ros_move_group:/home/ubuntu/third_party_ros2/ws_moveit/install/moveit_planners_ompl:/home/ubuntu/third_party_ros2/ws_moveit/install/moveit_ros_planning:/home/ubuntu/third_party_ros2/ws_moveit/install/moveit_ros_occupancy_map_monitor:/home/ubuntu/third_party_ros2/ws_moveit/install/moveit_resources_prbt_ikfast_manipulator_plugin:/home/ubuntu/third_party_ros2/ws_moveit/install/moveit_planners_chomp:/home/ubuntu/third_party_ros2/ws_moveit/install/moveit_kinematics:/home/ubuntu/third_party_ros2/ws_moveit/install/moveit_chomp_optimizer_adapter:/home/ubuntu/third_party_ros2/ws_moveit/install/chomp_motion_planner:/home/ubuntu/third_party_ros2/ws_moveit/install/moveit_core:/home/ubuntu/third_party_ros2/ws_moveit/install/moveit_configs_utils:/home/ubuntu/third_party_ros2/ws_moveit/install/srdfdom:/home/ubuntu/third_party_ros2/ws_moveit/install/rviz_marker_tools:/home/ubuntu/third_party_ros2/ws_moveit/install/rosparam_shortcuts:/home/ubuntu/third_party_ros2/ws_moveit/install/moveit_task_constructor_msgs:/home/ubuntu/third_party_ros2/ws_moveit/install/moveit_resources_prbt_support:/home/ubuntu/third_party_ros2/ws_moveit/install/moveit_resources:/home/ubuntu/third_party_ros2/ws_moveit/install/moveit_resources_pr2_description:/home/ubuntu/third_party_ros2/ws_moveit/install/moveit_resources_panda_moveit_config:/home/ubuntu/third_party_ros2/ws_moveit/install/moveit_resources_panda_description:/home/ubuntu/third_party_ros2/ws_moveit/install/moveit_resources_fanuc_moveit_config:/home/ubuntu/third_party_ros2/ws_moveit/install/moveit_resources_fanuc_description:/home/ubuntu/third_party_ros2/ws_moveit/install/moveit_common:/home/ubuntu/third_party_ros2/ws_moveit/install/launch_param_builder:/opt/ros/humble CMAKE_PREFIX_PATH=${CMAKE_PREFIX_PATH}:/home/ubuntu/ros2_ws/install/robot_gazebo:/home/ubuntu/ros2_ws/install/jetarm_6dof_description:/home/ubuntu/ros2_ws/install/hospital_robot_spawner:/home/ubuntu/third_party_ros2/ws_moveit/install/moveit_configs_utils:/home/ubuntu/third_party_ros2/ws_moveit/install/launch_param_builder:/opt/ros/humble PYTHONPATH=/home/ubuntu/ros2_ws/build/jetarm_6dof_description:/home/ubuntu/ros2_ws/install/jetarm_6dof_description/lib/python3.10/site-packages:/home/ubuntu/ros2_ws/build/robot_gazebo:/home/ubuntu/ros2_ws/install/robot_gazebo/lib/python3.10/site-packages:/home/ubuntu/ros2_ws/install/hospital_robot_spawner/lib/python3.10/site-packages:/home/ubuntu/third_party_ros2/third_party_ws/install/teb_msgs/local/lib/python3.10/dist-packages:/home/ubuntu/third_party_ros2/third_party_ws/install/costmap_converter_msgs/local/lib/python3.10/dist-packages:/home/ubuntu/third_party_ros2/ws_moveit/install/moveit_task_constructor_core/local/lib/python3.10/dist-packages:/home/ubuntu/third_party_ros2/ws_moveit/build/moveit_configs_utils:/home/ubuntu/third_party_ros2/ws_moveit/install/moveit_configs_utils/lib/python3.10/site-packages:/home/ubuntu/third_party_ros2/ws_moveit/install/srdfdom/local/lib/python3.10/dist-packages:/home/ubuntu/third_party_ros2/ws_moveit/install/moveit_task_constructor_msgs/local/lib/python3.10/dist-packages:/home/ubuntu/third_party_ros2/ws_moveit/build/launch_param_builder:/home/ubuntu/third_party_ros2/ws_moveit/install/launch_param_builder/lib/python3.10/site-packages:/opt/ros/humble/lib/python3.10/site-packages:/opt/ros/humble/local/lib/python3.10/dist-packages /usr/bin/cmake --install /home/ubuntu/ros2_ws/build/robot_moveit_config
[2.991s] Level 1:colcon.colcon_core.environment:create_environment_scripts_only(robot_moveit_config)
[2.992s] Level 1:colcon.colcon_core.environment:checking '/home/ubuntu/ros2_ws/install/robot_moveit_config' for CMake module files
[2.992s] Level 1:colcon.colcon_core.environment:checking '/home/ubuntu/ros2_ws/install/robot_moveit_config' for CMake config files
[2.992s] Level 1:colcon.colcon_core.shell:create_environment_hook('robot_moveit_config', 'cmake_prefix_path')
[2.992s] INFO:colcon.colcon_core.shell:Creating environment hook '/home/ubuntu/ros2_ws/install/robot_moveit_config/share/robot_moveit_config/hook/cmake_prefix_path.ps1'
[2.993s] DEBUG:colcon.colcon_core.event_handler.log_command:Invoked command in '/home/ubuntu/ros2_ws/build/robot_moveit_config' returned '0': AMENT_PREFIX_PATH=/home/ubuntu/ros2_ws/install/jetarm_6dof_description:/home/ubuntu/ros2_ws/install/robot_moveit_config:/home/ubuntu/ros2_ws/install/robot_gazebo:/home/ubuntu/ros2_ws/install/hospital_robot_spawner:/home/ubuntu/third_party_ros2/third_party_ws/install/trac_ik:/home/ubuntu/third_party_ros2/third_party_ws/install/trac_ik_kinematics_plugin:/home/ubuntu/third_party_ros2/third_party_ws/install/trac_ik_lib:/home/ubuntu/third_party_ros2/third_party_ws/install/teb_local_planner:/home/ubuntu/third_party_ros2/third_party_ws/install/teb_msgs:/home/ubuntu/third_party_ros2/third_party_ws/install/ign_ros2_control_demos:/home/ubuntu/third_party_ros2/third_party_ws/install/gz_ros2_control_tests:/home/ubuntu/third_party_ros2/third_party_ws/install/ign_ros2_control:/home/ubuntu/third_party_ros2/third_party_ws/install/holonomic_sim:/home/ubuntu/third_party_ros2/third_party_ws/install/costmap_converter:/home/ubuntu/third_party_ros2/third_party_ws/install/costmap_converter_msgs:/home/ubuntu/third_party_ros2/ws_moveit/install/pilz_industrial_motion_planner_testutils:/home/ubuntu/third_party_ros2/ws_moveit/install/moveit_runtime:/home/ubuntu/third_party_ros2/ws_moveit/install/moveit2_tutorials:/home/ubuntu/third_party_ros2/ws_moveit/install/moveit:/home/ubuntu/third_party_ros2/ws_moveit/install/moveit_planners:/home/ubuntu/third_party_ros2/ws_moveit/install/pilz_industrial_motion_planner:/home/ubuntu/third_party_ros2/ws_moveit/install/moveit_visual_tools:/home/ubuntu/third_party_ros2/ws_moveit/install/moveit_task_constructor_visualization:/home/ubuntu/third_party_ros2/ws_moveit/install/moveit_task_constructor_demo:/home/ubuntu/third_party_ros2/ws_moveit/install/moveit_task_constructor_capabilities:/home/ubuntu/third_party_ros2/ws_moveit/install/moveit_task_constructor_core:/home/ubuntu/third_party_ros2/ws_moveit/install/moveit_ros_control_interface:/home/ubuntu/third_party_ros2/ws_moveit/install/moveit_plugins:/home/ubuntu/third_party_ros2/ws_moveit/install/moveit_simple_controller_manager:/home/ubuntu/third_party_ros2/ws_moveit/install/moveit_setup_assistant:/home/ubuntu/third_party_ros2/ws_moveit/install/moveit_setup_srdf_plugins:/home/ubuntu/third_party_ros2/ws_moveit/install/moveit_setup_core_plugins:/home/ubuntu/third_party_ros2/ws_moveit/install/moveit_setup_controllers:/home/ubuntu/third_party_ros2/ws_moveit/install/moveit_setup_app_plugins:/home/ubuntu/third_party_ros2/ws_moveit/install/moveit_setup_framework:/home/ubuntu/third_party_ros2/ws_moveit/install/moveit_servo:/home/ubuntu/third_party_ros2/ws_moveit/install/moveit_ros:/home/ubuntu/third_party_ros2/ws_moveit/install/moveit_ros_visualization:/home/ubuntu/third_party_ros2/ws_moveit/install/moveit_hybrid_planning:/home/ubuntu/third_party_ros2/ws_moveit/install/moveit_ros_planning_interface:/home/ubuntu/third_party_ros2/ws_moveit/install/moveit_ros_benchmarks:/home/ubuntu/third_party_ros2/ws_moveit/install/moveit_ros_warehouse:/home/ubuntu/third_party_ros2/ws_moveit/install/moveit_ros_robot_interaction:/home/ubuntu/third_party_ros2/ws_moveit/install/moveit_ros_perception:/home/ubuntu/third_party_ros2/ws_moveit/install/moveit_resources_prbt_pg70_support:/home/ubuntu/third_party_ros2/ws_moveit/install/moveit_resources_prbt_moveit_config:/home/ubuntu/third_party_ros2/ws_moveit/install/moveit_ros_move_group:/home/ubuntu/third_party_ros2/ws_moveit/install/moveit_planners_ompl:/home/ubuntu/third_party_ros2/ws_moveit/install/moveit_ros_planning:/home/ubuntu/third_party_ros2/ws_moveit/install/moveit_ros_occupancy_map_monitor:/home/ubuntu/third_party_ros2/ws_moveit/install/moveit_resources_prbt_ikfast_manipulator_plugin:/home/ubuntu/third_party_ros2/ws_moveit/install/moveit_planners_chomp:/home/ubuntu/third_party_ros2/ws_moveit/install/moveit_kinematics:/home/ubuntu/third_party_ros2/ws_moveit/install/moveit_chomp_optimizer_adapter:/home/ubuntu/third_party_ros2/ws_moveit/install/chomp_motion_planner:/home/ubuntu/third_party_ros2/ws_moveit/install/moveit_core:/home/ubuntu/third_party_ros2/ws_moveit/install/moveit_configs_utils:/home/ubuntu/third_party_ros2/ws_moveit/install/srdfdom:/home/ubuntu/third_party_ros2/ws_moveit/install/rviz_marker_tools:/home/ubuntu/third_party_ros2/ws_moveit/install/rosparam_shortcuts:/home/ubuntu/third_party_ros2/ws_moveit/install/moveit_task_constructor_msgs:/home/ubuntu/third_party_ros2/ws_moveit/install/moveit_resources_prbt_support:/home/ubuntu/third_party_ros2/ws_moveit/install/moveit_resources:/home/ubuntu/third_party_ros2/ws_moveit/install/moveit_resources_pr2_description:/home/ubuntu/third_party_ros2/ws_moveit/install/moveit_resources_panda_moveit_config:/home/ubuntu/third_party_ros2/ws_moveit/install/moveit_resources_panda_description:/home/ubuntu/third_party_ros2/ws_moveit/install/moveit_resources_fanuc_moveit_config:/home/ubuntu/third_party_ros2/ws_moveit/install/moveit_resources_fanuc_description:/home/ubuntu/third_party_ros2/ws_moveit/install/moveit_common:/home/ubuntu/third_party_ros2/ws_moveit/install/launch_param_builder:/opt/ros/humble CMAKE_PREFIX_PATH=${CMAKE_PREFIX_PATH}:/home/ubuntu/ros2_ws/install/robot_gazebo:/home/ubuntu/ros2_ws/install/jetarm_6dof_description:/home/ubuntu/ros2_ws/install/hospital_robot_spawner:/home/ubuntu/third_party_ros2/ws_moveit/install/moveit_configs_utils:/home/ubuntu/third_party_ros2/ws_moveit/install/launch_param_builder:/opt/ros/humble PYTHONPATH=/home/ubuntu/ros2_ws/build/jetarm_6dof_description:/home/ubuntu/ros2_ws/install/jetarm_6dof_description/lib/python3.10/site-packages:/home/ubuntu/ros2_ws/build/robot_gazebo:/home/ubuntu/ros2_ws/install/robot_gazebo/lib/python3.10/site-packages:/home/ubuntu/ros2_ws/install/hospital_robot_spawner/lib/python3.10/site-packages:/home/ubuntu/third_party_ros2/third_party_ws/install/teb_msgs/local/lib/python3.10/dist-packages:/home/ubuntu/third_party_ros2/third_party_ws/install/costmap_converter_msgs/local/lib/python3.10/dist-packages:/home/ubuntu/third_party_ros2/ws_moveit/install/moveit_task_constructor_core/local/lib/python3.10/dist-packages:/home/ubuntu/third_party_ros2/ws_moveit/build/moveit_configs_utils:/home/ubuntu/third_party_ros2/ws_moveit/install/moveit_configs_utils/lib/python3.10/site-packages:/home/ubuntu/third_party_ros2/ws_moveit/install/srdfdom/local/lib/python3.10/dist-packages:/home/ubuntu/third_party_ros2/ws_moveit/install/moveit_task_constructor_msgs/local/lib/python3.10/dist-packages:/home/ubuntu/third_party_ros2/ws_moveit/build/launch_param_builder:/home/ubuntu/third_party_ros2/ws_moveit/install/launch_param_builder/lib/python3.10/site-packages:/opt/ros/humble/lib/python3.10/site-packages:/opt/ros/humble/local/lib/python3.10/dist-packages /usr/bin/cmake --install /home/ubuntu/ros2_ws/build/robot_moveit_config
[2.993s] INFO:colcon.colcon_core.shell:Creating environment descriptor '/home/ubuntu/ros2_ws/install/robot_moveit_config/share/robot_moveit_config/hook/cmake_prefix_path.dsv'
[2.993s] INFO:colcon.colcon_core.shell:Creating environment hook '/home/ubuntu/ros2_ws/install/robot_moveit_config/share/robot_moveit_config/hook/cmake_prefix_path.sh'
[2.994s] Level 1:colcon.colcon_core.environment:checking '/home/ubuntu/ros2_ws/install/robot_moveit_config/bin'
[2.994s] Level 1:colcon.colcon_core.environment:checking '/home/ubuntu/ros2_ws/install/robot_moveit_config/lib/pkgconfig/robot_moveit_config.pc'
[2.994s] Level 1:colcon.colcon_core.environment:checking '/home/ubuntu/ros2_ws/install/robot_moveit_config/lib/python3.10/site-packages'
[2.994s] Level 1:colcon.colcon_core.environment:checking '/home/ubuntu/ros2_ws/install/robot_moveit_config/bin'
[2.994s] INFO:colcon.colcon_core.shell:Creating package script '/home/ubuntu/ros2_ws/install/robot_moveit_config/share/robot_moveit_config/package.ps1'
[2.994s] INFO:colcon.colcon_core.shell:Creating package descriptor '/home/ubuntu/ros2_ws/install/robot_moveit_config/share/robot_moveit_config/package.dsv'
[2.994s] INFO:colcon.colcon_core.shell:Creating package script '/home/ubuntu/ros2_ws/install/robot_moveit_config/share/robot_moveit_config/package.sh'
[2.995s] INFO:colcon.colcon_core.shell:Creating package script '/home/ubuntu/ros2_ws/install/robot_moveit_config/share/robot_moveit_config/package.bash'
[2.995s] INFO:colcon.colcon_core.shell:Creating package script '/home/ubuntu/ros2_ws/install/robot_moveit_config/share/robot_moveit_config/package.zsh'
[2.995s] Level 1:colcon.colcon_core.environment:create_file_with_runtime_dependencies(/home/ubuntu/ros2_ws/install/robot_moveit_config/share/colcon-core/packages/robot_moveit_config)
[3.031s] Level 1:colcon.colcon_core.environment:create_environment_scripts_only(robot_moveit_config)
[3.031s] Level 1:colcon.colcon_core.environment:checking '/home/ubuntu/ros2_ws/install/robot_moveit_config' for CMake module files
[3.031s] Level 1:colcon.colcon_core.environment:checking '/home/ubuntu/ros2_ws/install/robot_moveit_config' for CMake config files
[3.031s] Level 1:colcon.colcon_core.shell:create_environment_hook('robot_moveit_config', 'cmake_prefix_path')
[3.031s] INFO:colcon.colcon_core.shell:Creating environment hook '/home/ubuntu/ros2_ws/install/robot_moveit_config/share/robot_moveit_config/hook/cmake_prefix_path.ps1'
[3.032s] INFO:colcon.colcon_core.shell:Creating environment descriptor '/home/ubuntu/ros2_ws/install/robot_moveit_config/share/robot_moveit_config/hook/cmake_prefix_path.dsv'
[3.032s] INFO:colcon.colcon_core.shell:Creating environment hook '/home/ubuntu/ros2_ws/install/robot_moveit_config/share/robot_moveit_config/hook/cmake_prefix_path.sh'
[3.033s] Level 1:colcon.colcon_core.environment:checking '/home/ubuntu/ros2_ws/install/robot_moveit_config/bin'
[3.033s] Level 1:colcon.colcon_core.environment:checking '/home/ubuntu/ros2_ws/install/robot_moveit_config/lib/pkgconfig/robot_moveit_config.pc'
[3.033s] Level 1:colcon.colcon_core.environment:checking '/home/ubuntu/ros2_ws/install/robot_moveit_config/lib/python3.10/site-packages'
[3.033s] Level 1:colcon.colcon_core.environment:checking '/home/ubuntu/ros2_ws/install/robot_moveit_config/bin'
[3.033s] INFO:colcon.colcon_core.shell:Creating package script '/home/ubuntu/ros2_ws/install/robot_moveit_config/share/robot_moveit_config/package.ps1'
[3.034s] INFO:colcon.colcon_core.shell:Creating package descriptor '/home/ubuntu/ros2_ws/install/robot_moveit_config/share/robot_moveit_config/package.dsv'
[3.034s] INFO:colcon.colcon_core.shell:Creating package script '/home/ubuntu/ros2_ws/install/robot_moveit_config/share/robot_moveit_config/package.sh'
[3.034s] INFO:colcon.colcon_core.shell:Creating package script '/home/ubuntu/ros2_ws/install/robot_moveit_config/share/robot_moveit_config/package.bash'
[3.035s] INFO:colcon.colcon_core.shell:Creating package script '/home/ubuntu/ros2_ws/install/robot_moveit_config/share/robot_moveit_config/package.zsh'
[3.035s] Level 1:colcon.colcon_core.environment:create_file_with_runtime_dependencies(/home/ubuntu/ros2_ws/install/robot_moveit_config/share/colcon-core/packages/robot_moveit_config)
[3.035s] DEBUG:colcon.colcon_parallel_executor.executor.parallel:closing loop
[3.035s] DEBUG:colcon.colcon_parallel_executor.executor.parallel:loop closed
[3.035s] DEBUG:colcon.colcon_parallel_executor.executor.parallel:run_until_complete finished with '0'
[3.035s] DEBUG:colcon.colcon_core.event_reactor:joining thread
[3.042s] INFO:colcon.colcon_core.plugin_system:Skipping extension 'colcon_notification.desktop_notification.terminal_notifier': Not used on non-Darwin systems
[3.042s] INFO:colcon.colcon_core.plugin_system:Skipping extension 'colcon_notification.desktop_notification.win32': Not used on non-Windows systems
[3.042s] INFO:colcon.colcon_notification.desktop_notification:Sending desktop notification using 'notify2'
[3.055s] DEBUG:colcon.colcon_core.event_reactor:joined thread
[3.055s] INFO:colcon.colcon_core.shell:Creating prefix script '/home/ubuntu/ros2_ws/install/local_setup.ps1'
[3.056s] INFO:colcon.colcon_core.shell:Creating prefix util module '/home/ubuntu/ros2_ws/install/_local_setup_util_ps1.py'
[3.060s] INFO:colcon.colcon_core.shell:Creating prefix chain script '/home/ubuntu/ros2_ws/install/setup.ps1'
[3.062s] INFO:colcon.colcon_core.shell:Creating prefix script '/home/ubuntu/ros2_ws/install/local_setup.sh'
[3.063s] INFO:colcon.colcon_core.shell:Creating prefix util module '/home/ubuntu/ros2_ws/install/_local_setup_util_sh.py'
[3.063s] INFO:colcon.colcon_core.shell:Creating prefix chain script '/home/ubuntu/ros2_ws/install/setup.sh'
[3.067s] INFO:colcon.colcon_core.shell:Creating prefix script '/home/ubuntu/ros2_ws/install/local_setup.bash'
[3.068s] INFO:colcon.colcon_core.shell:Creating prefix chain script '/home/ubuntu/ros2_ws/install/setup.bash'
[3.070s] INFO:colcon.colcon_core.shell:Creating prefix script '/home/ubuntu/ros2_ws/install/local_setup.zsh'
[3.071s] INFO:colcon.colcon_core.shell:Creating prefix chain script '/home/ubuntu/ros2_ws/install/setup.zsh'
