[0.698s] Invoking command in '/home/ubuntu/ros2_ws/build/jetarm_6dof_description': PS1=(venv_day5) \[\e]0;\u@\h: \w\a\]${debian_chroot:+($debian_chroot)}\[\033[01;32m\]\u@\h\[\033[00m\]:\[\033[01;34m\]\w\[\033[00m\]\$ PYTHONPATH=/home/ubuntu/ros2_ws/build/jetarm_6dof_description/prefix_override:/home/ubuntu/ros2_ws/install/jetarm_6dof_description/lib/python3.10/site-packages:${PYTHONPATH} VIRTUAL_ENV_PROMPT=(venv_day5) /usr/bin/python3 -W ignore:setup.py install is deprecated setup.py develop --editable --build-directory /home/ubuntu/ros2_ws/build/jetarm_6dof_description/build --no-deps symlink_data
[0.890s] running develop
[0.890s] /usr/lib/python3/dist-packages/setuptools/command/easy_install.py:158: EasyInstallDeprecationWarning: easy_install command is deprecated. Use build and pip and other standards-based tools.
[0.890s]   warnings.warn(
[0.985s] running egg_info
[0.986s] writing jetarm_6dof_description.egg-info/PKG-INFO
[0.986s] writing dependency_links to jetarm_6dof_description.egg-info/dependency_links.txt
[0.986s] writing entry points to jetarm_6dof_description.egg-info/entry_points.txt
[0.986s] writing requirements to jetarm_6dof_description.egg-info/requires.txt
[0.986s] writing top-level names to jetarm_6dof_description.egg-info/top_level.txt
[0.988s] reading manifest file 'jetarm_6dof_description.egg-info/SOURCES.txt'
[0.989s] writing manifest file 'jetarm_6dof_description.egg-info/SOURCES.txt'
[0.990s] running build_ext
[0.990s] Creating /home/ubuntu/ros2_ws/install/jetarm_6dof_description/lib/python3.10/site-packages/jetarm-6dof-description.egg-link (link to .)
[0.991s] 
[0.991s] Installed /home/ubuntu/ros2_ws/build/jetarm_6dof_description
[0.991s] running symlink_data
[0.991s] symbolically linking /home/ubuntu/ros2_ws/build/jetarm_6dof_description/urdf/gripper.urdf.xacro.bak_day7_remove_mimic -> /home/ubuntu/ros2_ws/install/jetarm_6dof_description/share/jetarm_6dof_description/urdf
[0.992s] symbolically linking /home/ubuntu/ros2_ws/build/jetarm_6dof_description/gazebo/jetarm.transmission.xacro.bak_day7_multijoint -> /home/ubuntu/ros2_ws/install/jetarm_6dof_description/share/jetarm_6dof_description/gazebo
[1.022s] Invoked command in '/home/ubuntu/ros2_ws/build/jetarm_6dof_description' returned '0': PS1=(venv_day5) \[\e]0;\u@\h: \w\a\]${debian_chroot:+($debian_chroot)}\[\033[01;32m\]\u@\h\[\033[00m\]:\[\033[01;34m\]\w\[\033[00m\]\$ PYTHONPATH=/home/ubuntu/ros2_ws/build/jetarm_6dof_description/prefix_override:/home/ubuntu/ros2_ws/install/jetarm_6dof_description/lib/python3.10/site-packages:${PYTHONPATH} VIRTUAL_ENV_PROMPT=(venv_day5) /usr/bin/python3 -W ignore:setup.py install is deprecated setup.py develop --editable --build-directory /home/ubuntu/ros2_ws/build/jetarm_6dof_description/build --no-deps symlink_data
