[0.685s] Invoking command in '/home/ubuntu/ros2_ws/build/jetarm_6dof_description': PYTHONPATH=/home/ubuntu/ros2_ws/build/jetarm_6dof_description/prefix_override:/home/ubuntu/ros2_ws/install/jetarm_6dof_description/lib/python3.10/site-packages:${PYTHONPATH} /usr/bin/python3 -W ignore:setup.py install is deprecated setup.py develop --editable --build-directory /home/ubuntu/ros2_ws/build/jetarm_6dof_description/build --no-deps symlink_data
[0.935s] running develop
[0.936s] /usr/lib/python3/dist-packages/setuptools/command/easy_install.py:158: EasyInstallDeprecationWarning: easy_install command is deprecated. Use build and pip and other standards-based tools.
[0.936s]   warnings.warn(
[1.061s] running egg_info
[1.061s] creating jetarm_6dof_description.egg-info
[1.061s] writing jetarm_6dof_description.egg-info/PKG-INFO
[1.061s] writing dependency_links to jetarm_6dof_description.egg-info/dependency_links.txt
[1.062s] writing entry points to jetarm_6dof_description.egg-info/entry_points.txt
[1.062s] writing requirements to jetarm_6dof_description.egg-info/requires.txt
[1.062s] writing top-level names to jetarm_6dof_description.egg-info/top_level.txt
[1.062s] writing manifest file 'jetarm_6dof_description.egg-info/SOURCES.txt'
[1.064s] reading manifest file 'jetarm_6dof_description.egg-info/SOURCES.txt'
[1.064s] writing manifest file 'jetarm_6dof_description.egg-info/SOURCES.txt'
[1.065s] running build_ext
[1.066s] Creating /home/ubuntu/ros2_ws/install/jetarm_6dof_description/lib/python3.10/site-packages/jetarm-6dof-description.egg-link (link to .)
[1.066s] 
[1.066s] Installed /home/ubuntu/ros2_ws/build/jetarm_6dof_description
[1.068s] running symlink_data
[1.068s] creating /home/ubuntu/ros2_ws/install/jetarm_6dof_description/share/ament_index
[1.068s] creating /home/ubuntu/ros2_ws/install/jetarm_6dof_description/share/ament_index/resource_index
[1.068s] creating /home/ubuntu/ros2_ws/install/jetarm_6dof_description/share/ament_index/resource_index/packages
[1.068s] symbolically linking /home/ubuntu/ros2_ws/build/jetarm_6dof_description/resource/jetarm_6dof_description -> /home/ubuntu/ros2_ws/install/jetarm_6dof_description/share/ament_index/resource_index/packages
[1.068s] symbolically linking /home/ubuntu/ros2_ws/build/jetarm_6dof_description/package.xml -> /home/ubuntu/ros2_ws/install/jetarm_6dof_description/share/jetarm_6dof_description
[1.068s] creating /home/ubuntu/ros2_ws/install/jetarm_6dof_description/share/jetarm_6dof_description/launch
[1.068s] symbolically linking /home/ubuntu/ros2_ws/build/jetarm_6dof_description/launch/description.launch -> /home/ubuntu/ros2_ws/install/jetarm_6dof_description/share/jetarm_6dof_description/launch
[1.068s] symbolically linking /home/ubuntu/ros2_ws/build/jetarm_6dof_description/launch/joints_gui.launch -> /home/ubuntu/ros2_ws/install/jetarm_6dof_description/share/jetarm_6dof_description/launch
[1.069s] symbolically linking /home/ubuntu/ros2_ws/build/jetarm_6dof_description/launch/jetarm_rviz_view.launch -> /home/ubuntu/ros2_ws/install/jetarm_6dof_description/share/jetarm_6dof_description/launch
[1.069s] symbolically linking /home/ubuntu/ros2_ws/build/jetarm_6dof_description/launch/just_rviz.launch -> /home/ubuntu/ros2_ws/install/jetarm_6dof_description/share/jetarm_6dof_description/launch
[1.069s] creating /home/ubuntu/ros2_ws/install/jetarm_6dof_description/share/jetarm_6dof_description/urdf
[1.069s] symbolically linking /home/ubuntu/ros2_ws/build/jetarm_6dof_description/urdf/arm.urdf.xacro -> /home/ubuntu/ros2_ws/install/jetarm_6dof_description/share/jetarm_6dof_description/urdf
[1.069s] symbolically linking /home/ubuntu/ros2_ws/build/jetarm_6dof_description/urdf/gripper.urdf.xacro -> /home/ubuntu/ros2_ws/install/jetarm_6dof_description/share/jetarm_6dof_description/urdf
[1.069s] symbolically linking /home/ubuntu/ros2_ws/build/jetarm_6dof_description/urdf/connect.urdf.xacro -> /home/ubuntu/ros2_ws/install/jetarm_6dof_description/share/jetarm_6dof_description/urdf
[1.069s] symbolically linking /home/ubuntu/ros2_ws/build/jetarm_6dof_description/urdf/jetarm_6dof_description.urdf.xacro -> /home/ubuntu/ros2_ws/install/jetarm_6dof_description/share/jetarm_6dof_description/urdf
[1.069s] symbolically linking /home/ubuntu/ros2_ws/build/jetarm_6dof_description/urdf/depth_camera.urdf.xacro -> /home/ubuntu/ros2_ws/install/jetarm_6dof_description/share/jetarm_6dof_description/urdf
[1.069s] symbolically linking /home/ubuntu/ros2_ws/build/jetarm_6dof_description/urdf/jetarm_6dof_robot.urdf.xacro -> /home/ubuntu/ros2_ws/install/jetarm_6dof_description/share/jetarm_6dof_description/urdf
[1.069s] symbolically linking /home/ubuntu/ros2_ws/build/jetarm_6dof_description/urdf/materials.xacro -> /home/ubuntu/ros2_ws/install/jetarm_6dof_description/share/jetarm_6dof_description/urdf
[1.069s] symbolically linking /home/ubuntu/ros2_ws/build/jetarm_6dof_description/urdf/usb_cam.urdf.xacro -> /home/ubuntu/ros2_ws/install/jetarm_6dof_description/share/jetarm_6dof_description/urdf
[1.069s] creating /home/ubuntu/ros2_ws/install/jetarm_6dof_description/share/jetarm_6dof_description/rviz
[1.069s] symbolically linking /home/ubuntu/ros2_ws/build/jetarm_6dof_description/rviz/jetarm.rviz -> /home/ubuntu/ros2_ws/install/jetarm_6dof_description/share/jetarm_6dof_description/rviz
[1.069s] creating /home/ubuntu/ros2_ws/install/jetarm_6dof_description/share/jetarm_6dof_description/gazebo
[1.069s] symbolically linking /home/ubuntu/ros2_ws/build/jetarm_6dof_description/gazebo/jetarm.transmission.xacro -> /home/ubuntu/ros2_ws/install/jetarm_6dof_description/share/jetarm_6dof_description/gazebo
[1.069s] symbolically linking /home/ubuntu/ros2_ws/build/jetarm_6dof_description/gazebo/jetarm.gazebo.xacro -> /home/ubuntu/ros2_ws/install/jetarm_6dof_description/share/jetarm_6dof_description/gazebo
[1.069s] creating /home/ubuntu/ros2_ws/install/jetarm_6dof_description/share/jetarm_6dof_description/meshes
[1.069s] creating /home/ubuntu/ros2_ws/install/jetarm_6dof_description/share/jetarm_6dof_description/meshes/arm
[1.069s] creating /home/ubuntu/ros2_ws/install/jetarm_6dof_description/share/jetarm_6dof_description/meshes/jetarm_6dof
[1.069s] symbolically linking /home/ubuntu/ros2_ws/build/jetarm_6dof_description/meshes/jetarm_6dof/gripper_link.STL -> /home/ubuntu/ros2_ws/install/jetarm_6dof_description/share/jetarm_6dof_description/meshes/jetarm_6dof
[1.069s] symbolically linking /home/ubuntu/ros2_ws/build/jetarm_6dof_description/meshes/jetarm_6dof/JetArm_6DOF_LINK5_WHITE.STL -> /home/ubuntu/ros2_ws/install/jetarm_6dof_description/share/jetarm_6dof_description/meshes/jetarm_6dof
[1.069s] symbolically linking /home/ubuntu/ros2_ws/build/jetarm_6dof_description/meshes/jetarm_6dof/JetArm_6DOF_LINK4_USB_CAM.STL -> /home/ubuntu/ros2_ws/install/jetarm_6dof_description/share/jetarm_6dof_description/meshes/jetarm_6dof
[1.069s] symbolically linking /home/ubuntu/ros2_ws/build/jetarm_6dof_description/meshes/jetarm_6dof/JetArm_6DOF_LINK4_USB_CAM_GREEN.STL -> /home/ubuntu/ros2_ws/install/jetarm_6dof_description/share/jetarm_6dof_description/meshes/jetarm_6dof
[1.070s] symbolically linking /home/ubuntu/ros2_ws/build/jetarm_6dof_description/meshes/jetarm_6dof/JetArm_6DOF_LINK2.STL -> /home/ubuntu/ros2_ws/install/jetarm_6dof_description/share/jetarm_6dof_description/meshes/jetarm_6dof
[1.070s] symbolically linking /home/ubuntu/ros2_ws/build/jetarm_6dof_description/meshes/jetarm_6dof/gripper_link_collision.stl -> /home/ubuntu/ros2_ws/install/jetarm_6dof_description/share/jetarm_6dof_description/meshes/jetarm_6dof
[1.070s] symbolically linking /home/ubuntu/ros2_ws/build/jetarm_6dof_description/meshes/jetarm_6dof/JetArm_6DOF_BASE.STL -> /home/ubuntu/ros2_ws/install/jetarm_6dof_description/share/jetarm_6dof_description/meshes/jetarm_6dof
[1.070s] symbolically linking /home/ubuntu/ros2_ws/build/jetarm_6dof_description/meshes/jetarm_6dof/servo_link2_collision.stl -> /home/ubuntu/ros2_ws/install/jetarm_6dof_description/share/jetarm_6dof_description/meshes/jetarm_6dof
[1.070s] symbolically linking /home/ubuntu/ros2_ws/build/jetarm_6dof_description/meshes/jetarm_6dof/JetArm_6DOF_LINK3_GREEN.STL -> /home/ubuntu/ros2_ws/install/jetarm_6dof_description/share/jetarm_6dof_description/meshes/jetarm_6dof
[1.070s] symbolically linking /home/ubuntu/ros2_ws/build/jetarm_6dof_description/meshes/jetarm_6dof/servo_link1.STL -> /home/ubuntu/ros2_ws/install/jetarm_6dof_description/share/jetarm_6dof_description/meshes/jetarm_6dof
[1.070s] symbolically linking /home/ubuntu/ros2_ws/build/jetarm_6dof_description/meshes/jetarm_6dof/link3_collision.stl -> /home/ubuntu/ros2_ws/install/jetarm_6dof_description/share/jetarm_6dof_description/meshes/jetarm_6dof
[1.070s] symbolically linking /home/ubuntu/ros2_ws/build/jetarm_6dof_description/meshes/jetarm_6dof/JetArm_6DOF_LINK2_GREEN.STL -> /home/ubuntu/ros2_ws/install/jetarm_6dof_description/share/jetarm_6dof_description/meshes/jetarm_6dof
[1.070s] symbolically linking /home/ubuntu/ros2_ws/build/jetarm_6dof_description/meshes/jetarm_6dof/JetArm_6DOF_BASE_BLACK.STL -> /home/ubuntu/ros2_ws/install/jetarm_6dof_description/share/jetarm_6dof_description/meshes/jetarm_6dof
[1.070s] symbolically linking /home/ubuntu/ros2_ws/build/jetarm_6dof_description/meshes/jetarm_6dof/JetArm_6DOF_BASE_GREEN.STL -> /home/ubuntu/ros2_ws/install/jetarm_6dof_description/share/jetarm_6dof_description/meshes/jetarm_6dof
[1.070s] symbolically linking /home/ubuntu/ros2_ws/build/jetarm_6dof_description/meshes/jetarm_6dof/JetArm_6DOF_LINK2_BLACK.STL -> /home/ubuntu/ros2_ws/install/jetarm_6dof_description/share/jetarm_6dof_description/meshes/jetarm_6dof
[1.070s] symbolically linking /home/ubuntu/ros2_ws/build/jetarm_6dof_description/meshes/jetarm_6dof/JetArm_6DOF_LINK3_BLACK.STL -> /home/ubuntu/ros2_ws/install/jetarm_6dof_description/share/jetarm_6dof_description/meshes/jetarm_6dof
[1.070s] symbolically linking /home/ubuntu/ros2_ws/build/jetarm_6dof_description/meshes/jetarm_6dof/servo_link2.STL -> /home/ubuntu/ros2_ws/install/jetarm_6dof_description/share/jetarm_6dof_description/meshes/jetarm_6dof
[1.070s] symbolically linking /home/ubuntu/ros2_ws/build/jetarm_6dof_description/meshes/jetarm_6dof/JetArm_6DOF_BASE_WHITE.STL -> /home/ubuntu/ros2_ws/install/jetarm_6dof_description/share/jetarm_6dof_description/meshes/jetarm_6dof
[1.070s] symbolically linking /home/ubuntu/ros2_ws/build/jetarm_6dof_description/meshes/jetarm_6dof/JetArm_6DOF_LINK4_GEMINI_BLACK.STL -> /home/ubuntu/ros2_ws/install/jetarm_6dof_description/share/jetarm_6dof_description/meshes/jetarm_6dof
[1.074s] symbolically linking /home/ubuntu/ros2_ws/build/jetarm_6dof_description/meshes/jetarm_6dof/JetArm_6DOF_LINK3_WHITE.STL -> /home/ubuntu/ros2_ws/install/jetarm_6dof_description/share/jetarm_6dof_description/meshes/jetarm_6dof
[1.074s] symbolically linking /home/ubuntu/ros2_ws/build/jetarm_6dof_description/meshes/jetarm_6dof/link5.STL -> /home/ubuntu/ros2_ws/install/jetarm_6dof_description/share/jetarm_6dof_description/meshes/jetarm_6dof
[1.075s] symbolically linking /home/ubuntu/ros2_ws/build/jetarm_6dof_description/meshes/jetarm_6dof/link4.STL -> /home/ubuntu/ros2_ws/install/jetarm_6dof_description/share/jetarm_6dof_description/meshes/jetarm_6dof
[1.076s] symbolically linking /home/ubuntu/ros2_ws/build/jetarm_6dof_description/meshes/jetarm_6dof/JetArm_6DOF_LINK1_GREEN.STL -> /home/ubuntu/ros2_ws/install/jetarm_6dof_description/share/jetarm_6dof_description/meshes/jetarm_6dof
[1.076s] symbolically linking /home/ubuntu/ros2_ws/build/jetarm_6dof_description/meshes/jetarm_6dof/JetArm_6DOF_LINK4_USB_CAM_WHITE.STL -> /home/ubuntu/ros2_ws/install/jetarm_6dof_description/share/jetarm_6dof_description/meshes/jetarm_6dof
[1.076s] symbolically linking /home/ubuntu/ros2_ws/build/jetarm_6dof_description/meshes/jetarm_6dof/JetArm_6DOF_LINK4_GEMINI.STL -> /home/ubuntu/ros2_ws/install/jetarm_6dof_description/share/jetarm_6dof_description/meshes/jetarm_6dof
[1.076s] symbolically linking /home/ubuntu/ros2_ws/build/jetarm_6dof_description/meshes/jetarm_6dof/JetArm_6DOF_LINK2_WHITE.STL -> /home/ubuntu/ros2_ws/install/jetarm_6dof_description/share/jetarm_6dof_description/meshes/jetarm_6dof
[1.076s] symbolically linking /home/ubuntu/ros2_ws/build/jetarm_6dof_description/meshes/jetarm_6dof/JetArm_6DOF_LINK1_BLACK.STL -> /home/ubuntu/ros2_ws/install/jetarm_6dof_description/share/jetarm_6dof_description/meshes/jetarm_6dof
[1.076s] symbolically linking /home/ubuntu/ros2_ws/build/jetarm_6dof_description/meshes/jetarm_6dof/JetArm_6DOF_LINK1.STL -> /home/ubuntu/ros2_ws/install/jetarm_6dof_description/share/jetarm_6dof_description/meshes/jetarm_6dof
[1.076s] symbolically linking /home/ubuntu/ros2_ws/build/jetarm_6dof_description/meshes/jetarm_6dof/link4_collision.stl -> /home/ubuntu/ros2_ws/install/jetarm_6dof_description/share/jetarm_6dof_description/meshes/jetarm_6dof
[1.076s] symbolically linking /home/ubuntu/ros2_ws/build/jetarm_6dof_description/meshes/jetarm_6dof/JetArm_6DOF_BASE_SCREEN.STL -> /home/ubuntu/ros2_ws/install/jetarm_6dof_description/share/jetarm_6dof_description/meshes/jetarm_6dof
[1.076s] symbolically linking /home/ubuntu/ros2_ws/build/jetarm_6dof_description/meshes/jetarm_6dof/JetArm_6DOF_LINK4_GEMINI_GREEN.STL -> /home/ubuntu/ros2_ws/install/jetarm_6dof_description/share/jetarm_6dof_description/meshes/jetarm_6dof
[1.076s] symbolically linking /home/ubuntu/ros2_ws/build/jetarm_6dof_description/meshes/jetarm_6dof/link3.STL -> /home/ubuntu/ros2_ws/install/jetarm_6dof_description/share/jetarm_6dof_description/meshes/jetarm_6dof
[1.076s] symbolically linking /home/ubuntu/ros2_ws/build/jetarm_6dof_description/meshes/jetarm_6dof/JetArm_6DOF_LINK4_GEMINI_WHITE.STL -> /home/ubuntu/ros2_ws/install/jetarm_6dof_description/share/jetarm_6dof_description/meshes/jetarm_6dof
[1.076s] symbolically linking /home/ubuntu/ros2_ws/build/jetarm_6dof_description/meshes/jetarm_6dof/link2.STL -> /home/ubuntu/ros2_ws/install/jetarm_6dof_description/share/jetarm_6dof_description/meshes/jetarm_6dof
[1.076s] symbolically linking /home/ubuntu/ros2_ws/build/jetarm_6dof_description/meshes/jetarm_6dof/JetArm_6DOF_LINK4_USB_CAM_BLACK.STL -> /home/ubuntu/ros2_ws/install/jetarm_6dof_description/share/jetarm_6dof_description/meshes/jetarm_6dof
[1.076s] symbolically linking /home/ubuntu/ros2_ws/build/jetarm_6dof_description/meshes/jetarm_6dof/JetArm_6DOF_LINK5.STL -> /home/ubuntu/ros2_ws/install/jetarm_6dof_description/share/jetarm_6dof_description/meshes/jetarm_6dof
[1.076s] symbolically linking /home/ubuntu/ros2_ws/build/jetarm_6dof_description/meshes/jetarm_6dof/JetArm_6DOF_LINK3.STL -> /home/ubuntu/ros2_ws/install/jetarm_6dof_description/share/jetarm_6dof_description/meshes/jetarm_6dof
[1.076s] symbolically linking /home/ubuntu/ros2_ws/build/jetarm_6dof_description/meshes/jetarm_6dof/link2_collision.stl -> /home/ubuntu/ros2_ws/install/jetarm_6dof_description/share/jetarm_6dof_description/meshes/jetarm_6dof
[1.076s] symbolically linking /home/ubuntu/ros2_ws/build/jetarm_6dof_description/meshes/Gripper_Base.STL -> /home/ubuntu/ros2_ws/install/jetarm_6dof_description/share/jetarm_6dof_description/meshes/
[1.076s] creating /home/ubuntu/ros2_ws/install/jetarm_6dof_description/share/jetarm_6dof_description/meshes/gripper
[1.076s] symbolically linking /home/ubuntu/ros2_ws/build/jetarm_6dof_description/meshes/gripper/l_out_link.STL -> /home/ubuntu/ros2_ws/install/jetarm_6dof_description/share/jetarm_6dof_description/meshes/gripper
[1.076s] symbolically linking /home/ubuntu/ros2_ws/build/jetarm_6dof_description/meshes/gripper/l_link.STL -> /home/ubuntu/ros2_ws/install/jetarm_6dof_description/share/jetarm_6dof_description/meshes/gripper
[1.076s] symbolically linking /home/ubuntu/ros2_ws/build/jetarm_6dof_description/meshes/gripper/r_out_link.STL -> /home/ubuntu/ros2_ws/install/jetarm_6dof_description/share/jetarm_6dof_description/meshes/gripper
[1.076s] symbolically linking /home/ubuntu/ros2_ws/build/jetarm_6dof_description/meshes/gripper/l_in_link.STL -> /home/ubuntu/ros2_ws/install/jetarm_6dof_description/share/jetarm_6dof_description/meshes/gripper
[1.076s] symbolically linking /home/ubuntu/ros2_ws/build/jetarm_6dof_description/meshes/gripper/r_link.STL -> /home/ubuntu/ros2_ws/install/jetarm_6dof_description/share/jetarm_6dof_description/meshes/gripper
[1.076s] symbolically linking /home/ubuntu/ros2_ws/build/jetarm_6dof_description/meshes/gripper/r_in_link.STL -> /home/ubuntu/ros2_ws/install/jetarm_6dof_description/share/jetarm_6dof_description/meshes/gripper
[1.096s] Invoked command in '/home/ubuntu/ros2_ws/build/jetarm_6dof_description' returned '0': PYTHONPATH=/home/ubuntu/ros2_ws/build/jetarm_6dof_description/prefix_override:/home/ubuntu/ros2_ws/install/jetarm_6dof_description/lib/python3.10/site-packages:${PYTHONPATH} /usr/bin/python3 -W ignore:setup.py install is deprecated setup.py develop --editable --build-directory /home/ubuntu/ros2_ws/build/jetarm_6dof_description/build --no-deps symlink_data
