/home/ubuntu/ros2_ws/install/robot_gazebo/lib/python3.10/site-packages/robot_gazebo/__init__.py
/home/ubuntu/ros2_ws/install/robot_gazebo/lib/python3.10/site-packages/robot_gazebo/__pycache__/__init__.cpython-310.pyc
/home/ubuntu/ros2_ws/install/robot_gazebo/share/ament_index/resource_index/packages/robot_gazebo
/home/ubuntu/ros2_ws/install/robot_gazebo/share/robot_gazebo/package.xml
/home/ubuntu/ros2_ws/install/robot_gazebo/share/robot_gazebo/launch/ros_ign_bridge.launch.py
/home/ubuntu/ros2_ws/install/robot_gazebo/share/robot_gazebo/launch/spawn_model.launch.py
/home/ubuntu/ros2_ws/install/robot_gazebo/share/robot_gazebo/launch/ros_ign_bridge.launch.py.before_rgbd
/home/ubuntu/ros2_ws/install/robot_gazebo/share/robot_gazebo/launch/ros_ign_bridge.launch.py.syntax_error_bak
/home/ubuntu/ros2_ws/install/robot_gazebo/share/robot_gazebo/launch/ros_ign_bridge.launch.py.day2.bak
/home/ubuntu/ros2_ws/install/robot_gazebo/share/robot_gazebo/launch/worlds.launch.py
/home/ubuntu/ros2_ws/install/robot_gazebo/share/robot_gazebo/urdf/robot.gazebo.xacro
/home/ubuntu/ros2_ws/install/robot_gazebo/share/robot_gazebo/urdf/camera.gazebo.xacro
/home/ubuntu/ros2_ws/install/robot_gazebo/share/robot_gazebo/urdf/camera.gazebo.xacro.day2.bak
/home/ubuntu/ros2_ws/install/robot_gazebo/share/robot_gazebo/urdf/robot.gazebo.xacro.save
/home/ubuntu/ros2_ws/install/robot_gazebo/share/robot_gazebo/urdf/jetarm.gazebo.xacro
/home/ubuntu/ros2_ws/install/robot_gazebo/share/robot_gazebo/urdf/robot.gazebo.xacro.bak
/home/ubuntu/ros2_ws/install/robot_gazebo/share/robot_gazebo/urdf/camera.gazebo.xacro.before_rgbd
/home/ubuntu/ros2_ws/install/robot_gazebo/share/robot_gazebo/config/robot_config.yaml.bak_day7_multijoint
/home/ubuntu/ros2_ws/install/robot_gazebo/share/robot_gazebo/config/robot_config.yaml
/home/ubuntu/ros2_ws/install/robot_gazebo/share/robot_gazebo/worlds/grasp_table.sdf.bak_day7_contact_v2
/home/ubuntu/ros2_ws/install/robot_gazebo/share/robot_gazebo/worlds/grasp_table.sdf.bak
/home/ubuntu/ros2_ws/install/robot_gazebo/share/robot_gazebo/worlds/grasp_table.sdf
/home/ubuntu/ros2_ws/install/robot_gazebo/share/robot_gazebo/worlds/empty.sdf
/home/ubuntu/ros2_ws/install/robot_gazebo/share/robot_gazebo/meshes
/home/ubuntu/ros2_ws/install/robot_gazebo/share/robot_gazebo/meshes/bed
/home/ubuntu/ros2_ws/install/robot_gazebo/share/robot_gazebo/meshes/bookshelft
/home/ubuntu/ros2_ws/install/robot_gazebo/share/robot_gazebo/meshes/chair
/home/ubuntu/ros2_ws/install/robot_gazebo/share/robot_gazebo/meshes/cupboard
/home/ubuntu/ros2_ws/install/robot_gazebo/share/robot_gazebo/meshes/sofa
/home/ubuntu/ros2_ws/install/robot_gazebo/share/robot_gazebo/meshes/table
/home/ubuntu/ros2_ws/install/robot_gazebo/share/robot_gazebo/meshes/tea_table
/home/ubuntu/ros2_ws/install/robot_gazebo/share/robot_gazebo/meshes/wpr1
/home/ubuntu/ros2_ws/install/robot_gazebo/share/robot_gazebo/models
/home/ubuntu/ros2_ws/install/robot_gazebo/share/robot_gazebo/models/bed
/home/ubuntu/ros2_ws/install/robot_gazebo/share/robot_gazebo/models/bottles
/home/ubuntu/ros2_ws/install/robot_gazebo/share/robot_gazebo/models/cupboard
/home/ubuntu/ros2_ws/install/robot_gazebo/share/robot_gazebo/models/table
/home/ubuntu/ros2_ws/install/robot_gazebo/share/robot_gazebo/models/chair
/home/ubuntu/ros2_ws/install/robot_gazebo/lib/python3.10/site-packages/robot_gazebo-0.0.0-py3.10.egg-info/PKG-INFO
/home/ubuntu/ros2_ws/install/robot_gazebo/lib/python3.10/site-packages/robot_gazebo-0.0.0-py3.10.egg-info/zip-safe
/home/ubuntu/ros2_ws/install/robot_gazebo/lib/python3.10/site-packages/robot_gazebo-0.0.0-py3.10.egg-info/entry_points.txt
/home/ubuntu/ros2_ws/install/robot_gazebo/lib/python3.10/site-packages/robot_gazebo-0.0.0-py3.10.egg-info/dependency_links.txt
/home/ubuntu/ros2_ws/install/robot_gazebo/lib/python3.10/site-packages/robot_gazebo-0.0.0-py3.10.egg-info/requires.txt
/home/ubuntu/ros2_ws/install/robot_gazebo/lib/python3.10/site-packages/robot_gazebo-0.0.0-py3.10.egg-info/SOURCES.txt
/home/ubuntu/ros2_ws/install/robot_gazebo/lib/python3.10/site-packages/robot_gazebo-0.0.0-py3.10.egg-info/top_level.txt
