/home/ubuntu/ros2_ws/install/jetarm_6dof_description/lib/python3.10/site-packages/jetarm_6dof_description/__init__.py
/home/ubuntu/ros2_ws/install/jetarm_6dof_description/lib/python3.10/site-packages/jetarm_6dof_description/__pycache__/__init__.cpython-310.pyc
/home/ubuntu/ros2_ws/install/jetarm_6dof_description/share/ament_index/resource_index/packages/jetarm_6dof_description
/home/ubuntu/ros2_ws/install/jetarm_6dof_description/share/jetarm_6dof_description/package.xml
/home/ubuntu/ros2_ws/install/jetarm_6dof_description/share/jetarm_6dof_description/launch/description.launch
/home/ubuntu/ros2_ws/install/jetarm_6dof_description/share/jetarm_6dof_description/launch/joints_gui.launch
/home/ubuntu/ros2_ws/install/jetarm_6dof_description/share/jetarm_6dof_description/launch/jetarm_rviz_view.launch
/home/ubuntu/ros2_ws/install/jetarm_6dof_description/share/jetarm_6dof_description/launch/just_rviz.launch
/home/ubuntu/ros2_ws/install/jetarm_6dof_description/share/jetarm_6dof_description/urdf/arm.urdf.xacro
/home/ubuntu/ros2_ws/install/jetarm_6dof_description/share/jetarm_6dof_description/urdf/gripper.urdf.xacro.bak_day7_remove_mimic
/home/ubuntu/ros2_ws/install/jetarm_6dof_description/share/jetarm_6dof_description/urdf/gripper.urdf.xacro
/home/ubuntu/ros2_ws/install/jetarm_6dof_description/share/jetarm_6dof_description/urdf/connect.urdf.xacro
/home/ubuntu/ros2_ws/install/jetarm_6dof_description/share/jetarm_6dof_description/urdf/jetarm_6dof_description.urdf.xacro
/home/ubuntu/ros2_ws/install/jetarm_6dof_description/share/jetarm_6dof_description/urdf/depth_camera.urdf.xacro
/home/ubuntu/ros2_ws/install/jetarm_6dof_description/share/jetarm_6dof_description/urdf/jetarm_6dof_robot.urdf.xacro.bak_grasp_tcp_1778119913
/home/ubuntu/ros2_ws/install/jetarm_6dof_description/share/jetarm_6dof_description/urdf/gripper.urdf.xacro.bak_day7_proxy_collision
/home/ubuntu/ros2_ws/install/jetarm_6dof_description/share/jetarm_6dof_description/urdf/jetarm_6dof_robot.urdf.xacro
/home/ubuntu/ros2_ws/install/jetarm_6dof_description/share/jetarm_6dof_description/urdf/materials.xacro
/home/ubuntu/ros2_ws/install/jetarm_6dof_description/share/jetarm_6dof_description/urdf/usb_cam.urdf.xacro
/home/ubuntu/ros2_ws/install/jetarm_6dof_description/share/jetarm_6dof_description/rviz/jetarm.rviz
/home/ubuntu/ros2_ws/install/jetarm_6dof_description/share/jetarm_6dof_description/gazebo/jetarm.transmission.xacro
/home/ubuntu/ros2_ws/install/jetarm_6dof_description/share/jetarm_6dof_description/gazebo/jetarm.gazebo.xacro.bak_day7_contact
/home/ubuntu/ros2_ws/install/jetarm_6dof_description/share/jetarm_6dof_description/gazebo/jetarm.gazebo.xacro
/home/ubuntu/ros2_ws/install/jetarm_6dof_description/share/jetarm_6dof_description/gazebo/jetarm.gazebo.xacro.bak_day7_contact_v2
/home/ubuntu/ros2_ws/install/jetarm_6dof_description/share/jetarm_6dof_description/gazebo/jetarm.transmission.xacro.bak_day7_multijoint
/home/ubuntu/ros2_ws/install/jetarm_6dof_description/share/jetarm_6dof_description/gazebo/jetarm.gazebo.xacro.bak_day7_proxy_collision
/home/ubuntu/ros2_ws/install/jetarm_6dof_description/share/jetarm_6dof_description/meshes/arm
/home/ubuntu/ros2_ws/install/jetarm_6dof_description/share/jetarm_6dof_description/meshes/jetarm_6dof/gripper_link.STL
/home/ubuntu/ros2_ws/install/jetarm_6dof_description/share/jetarm_6dof_description/meshes/jetarm_6dof/JetArm_6DOF_LINK5_WHITE.STL
/home/ubuntu/ros2_ws/install/jetarm_6dof_description/share/jetarm_6dof_description/meshes/jetarm_6dof/JetArm_6DOF_LINK4_USB_CAM.STL
/home/ubuntu/ros2_ws/install/jetarm_6dof_description/share/jetarm_6dof_description/meshes/jetarm_6dof/JetArm_6DOF_LINK4_USB_CAM_GREEN.STL
/home/ubuntu/ros2_ws/install/jetarm_6dof_description/share/jetarm_6dof_description/meshes/jetarm_6dof/JetArm_6DOF_LINK2.STL
/home/ubuntu/ros2_ws/install/jetarm_6dof_description/share/jetarm_6dof_description/meshes/jetarm_6dof/gripper_link_collision.stl
/home/ubuntu/ros2_ws/install/jetarm_6dof_description/share/jetarm_6dof_description/meshes/jetarm_6dof/JetArm_6DOF_BASE.STL
/home/ubuntu/ros2_ws/install/jetarm_6dof_description/share/jetarm_6dof_description/meshes/jetarm_6dof/servo_link2_collision.stl
/home/ubuntu/ros2_ws/install/jetarm_6dof_description/share/jetarm_6dof_description/meshes/jetarm_6dof/JetArm_6DOF_LINK3_GREEN.STL
/home/ubuntu/ros2_ws/install/jetarm_6dof_description/share/jetarm_6dof_description/meshes/jetarm_6dof/servo_link1.STL
/home/ubuntu/ros2_ws/install/jetarm_6dof_description/share/jetarm_6dof_description/meshes/jetarm_6dof/link3_collision.stl
/home/ubuntu/ros2_ws/install/jetarm_6dof_description/share/jetarm_6dof_description/meshes/jetarm_6dof/JetArm_6DOF_LINK2_GREEN.STL
/home/ubuntu/ros2_ws/install/jetarm_6dof_description/share/jetarm_6dof_description/meshes/jetarm_6dof/JetArm_6DOF_BASE_BLACK.STL
/home/ubuntu/ros2_ws/install/jetarm_6dof_description/share/jetarm_6dof_description/meshes/jetarm_6dof/JetArm_6DOF_BASE_GREEN.STL
/home/ubuntu/ros2_ws/install/jetarm_6dof_description/share/jetarm_6dof_description/meshes/jetarm_6dof/JetArm_6DOF_LINK2_BLACK.STL
/home/ubuntu/ros2_ws/install/jetarm_6dof_description/share/jetarm_6dof_description/meshes/jetarm_6dof/JetArm_6DOF_LINK3_BLACK.STL
/home/ubuntu/ros2_ws/install/jetarm_6dof_description/share/jetarm_6dof_description/meshes/jetarm_6dof/servo_link2.STL
/home/ubuntu/ros2_ws/install/jetarm_6dof_description/share/jetarm_6dof_description/meshes/jetarm_6dof/JetArm_6DOF_BASE_WHITE.STL
/home/ubuntu/ros2_ws/install/jetarm_6dof_description/share/jetarm_6dof_description/meshes/jetarm_6dof/JetArm_6DOF_LINK4_GEMINI_BLACK.STL
/home/ubuntu/ros2_ws/install/jetarm_6dof_description/share/jetarm_6dof_description/meshes/jetarm_6dof/JetArm_6DOF_LINK3_WHITE.STL
/home/ubuntu/ros2_ws/install/jetarm_6dof_description/share/jetarm_6dof_description/meshes/jetarm_6dof/link5.STL
/home/ubuntu/ros2_ws/install/jetarm_6dof_description/share/jetarm_6dof_description/meshes/jetarm_6dof/link4.STL
/home/ubuntu/ros2_ws/install/jetarm_6dof_description/share/jetarm_6dof_description/meshes/jetarm_6dof/JetArm_6DOF_LINK1_GREEN.STL
/home/ubuntu/ros2_ws/install/jetarm_6dof_description/share/jetarm_6dof_description/meshes/jetarm_6dof/JetArm_6DOF_LINK4_USB_CAM_WHITE.STL
/home/ubuntu/ros2_ws/install/jetarm_6dof_description/share/jetarm_6dof_description/meshes/jetarm_6dof/JetArm_6DOF_LINK4_GEMINI.STL
/home/ubuntu/ros2_ws/install/jetarm_6dof_description/share/jetarm_6dof_description/meshes/jetarm_6dof/JetArm_6DOF_LINK2_WHITE.STL
/home/ubuntu/ros2_ws/install/jetarm_6dof_description/share/jetarm_6dof_description/meshes/jetarm_6dof/JetArm_6DOF_LINK1_BLACK.STL
/home/ubuntu/ros2_ws/install/jetarm_6dof_description/share/jetarm_6dof_description/meshes/jetarm_6dof/JetArm_6DOF_LINK1.STL
/home/ubuntu/ros2_ws/install/jetarm_6dof_description/share/jetarm_6dof_description/meshes/jetarm_6dof/link4_collision.stl
/home/ubuntu/ros2_ws/install/jetarm_6dof_description/share/jetarm_6dof_description/meshes/jetarm_6dof/JetArm_6DOF_BASE_SCREEN.STL
/home/ubuntu/ros2_ws/install/jetarm_6dof_description/share/jetarm_6dof_description/meshes/jetarm_6dof/JetArm_6DOF_LINK4_GEMINI_GREEN.STL
/home/ubuntu/ros2_ws/install/jetarm_6dof_description/share/jetarm_6dof_description/meshes/jetarm_6dof/link3.STL
/home/ubuntu/ros2_ws/install/jetarm_6dof_description/share/jetarm_6dof_description/meshes/jetarm_6dof/JetArm_6DOF_LINK4_GEMINI_WHITE.STL
/home/ubuntu/ros2_ws/install/jetarm_6dof_description/share/jetarm_6dof_description/meshes/jetarm_6dof/link2.STL
/home/ubuntu/ros2_ws/install/jetarm_6dof_description/share/jetarm_6dof_description/meshes/jetarm_6dof/JetArm_6DOF_LINK4_USB_CAM_BLACK.STL
/home/ubuntu/ros2_ws/install/jetarm_6dof_description/share/jetarm_6dof_description/meshes/jetarm_6dof/JetArm_6DOF_LINK5.STL
/home/ubuntu/ros2_ws/install/jetarm_6dof_description/share/jetarm_6dof_description/meshes/jetarm_6dof/JetArm_6DOF_LINK3.STL
/home/ubuntu/ros2_ws/install/jetarm_6dof_description/share/jetarm_6dof_description/meshes/jetarm_6dof/link2_collision.stl
/home/ubuntu/ros2_ws/install/jetarm_6dof_description/share/jetarm_6dof_description/meshes/Gripper_Base.STL
/home/ubuntu/ros2_ws/install/jetarm_6dof_description/share/jetarm_6dof_description/meshes/gripper/l_out_link.STL
/home/ubuntu/ros2_ws/install/jetarm_6dof_description/share/jetarm_6dof_description/meshes/gripper/l_link.STL
/home/ubuntu/ros2_ws/install/jetarm_6dof_description/share/jetarm_6dof_description/meshes/gripper/r_out_link.STL
/home/ubuntu/ros2_ws/install/jetarm_6dof_description/share/jetarm_6dof_description/meshes/gripper/l_in_link.STL
/home/ubuntu/ros2_ws/install/jetarm_6dof_description/share/jetarm_6dof_description/meshes/gripper/r_link.STL
/home/ubuntu/ros2_ws/install/jetarm_6dof_description/share/jetarm_6dof_description/meshes/gripper/r_in_link.STL
/home/ubuntu/ros2_ws/install/jetarm_6dof_description/lib/python3.10/site-packages/jetarm_6dof_description-0.0.0-py3.10.egg-info/PKG-INFO
/home/ubuntu/ros2_ws/install/jetarm_6dof_description/lib/python3.10/site-packages/jetarm_6dof_description-0.0.0-py3.10.egg-info/zip-safe
/home/ubuntu/ros2_ws/install/jetarm_6dof_description/lib/python3.10/site-packages/jetarm_6dof_description-0.0.0-py3.10.egg-info/entry_points.txt
/home/ubuntu/ros2_ws/install/jetarm_6dof_description/lib/python3.10/site-packages/jetarm_6dof_description-0.0.0-py3.10.egg-info/dependency_links.txt
/home/ubuntu/ros2_ws/install/jetarm_6dof_description/lib/python3.10/site-packages/jetarm_6dof_description-0.0.0-py3.10.egg-info/requires.txt
/home/ubuntu/ros2_ws/install/jetarm_6dof_description/lib/python3.10/site-packages/jetarm_6dof_description-0.0.0-py3.10.egg-info/SOURCES.txt
/home/ubuntu/ros2_ws/install/jetarm_6dof_description/lib/python3.10/site-packages/jetarm_6dof_description-0.0.0-py3.10.egg-info/top_level.txt
