[INFO] [launch]: All log files can be found below /home/ubuntu/.ros/log/2026-05-29-16-50-01-524168-ubuntu-virtual-machine-18158
[INFO] [launch]: Default logging verbosity is set to INFO
warning: Using load_yaml() directly is deprecated. Use xacro.load_yaml() instead.
[INFO] [move_group-1]: process started with pid [18163]
[move_group-1] [0m[INFO] [1780044601.818517272] [moveit_rdf_loader.rdf_loader]: Loaded robot model in 0.0268347 seconds[0m
[move_group-1] [0m[INFO] [1780044601.818569224] [moveit_robot_model.robot_model]: Loading robot model 'jetarm_6dof'...[0m
[move_group-1] [33m[WARN] [1780044601.837575647] [moveit_robot_model.robot_model]: Link base_balck_link has visual geometry but no collision geometry. Collision geometry will be left empty. Fix your URDF file by explicitly specifying collision geometry.[0m
[move_group-1] [33m[WARN] [1780044601.838056278] [moveit_robot_model.robot_model]: Link base_screen_link has visual geometry but no collision geometry. Collision geometry will be left empty. Fix your URDF file by explicitly specifying collision geometry.[0m
[move_group-1] [33m[WARN] [1780044601.838233892] [moveit_robot_model.robot_model]: Link base_white_link has visual geometry but no collision geometry. Collision geometry will be left empty. Fix your URDF file by explicitly specifying collision geometry.[0m
[move_group-1] [33m[WARN] [1780044601.850734721] [moveit_robot_model.robot_model]: Link depth_cam_frame has visual geometry but no collision geometry. Collision geometry will be left empty. Fix your URDF file by explicitly specifying collision geometry.[0m
[move_group-1] [0m[INFO] [1780044601.858347203] [moveit_kinematics_base.kinematics_base]: IK Using joint link1 -2.09 2.09[0m
[move_group-1] [0m[INFO] [1780044601.858766325] [moveit_kinematics_base.kinematics_base]: IK Using joint link2 -2.09 2.09[0m
[move_group-1] [0m[INFO] [1780044601.859054543] [moveit_kinematics_base.kinematics_base]: IK Using joint link3 -2.09 2.09[0m
[move_group-1] [0m[INFO] [1780044601.859217673] [moveit_kinematics_base.kinematics_base]: IK Using joint link4 -2.09 2.09[0m
[move_group-1] [0m[INFO] [1780044601.859356903] [moveit_kinematics_base.kinematics_base]: IK Using joint link5 -2.09 2.09[0m
[move_group-1] [0m[INFO] [1780044601.859507850] [moveit_kinematics_base.kinematics_base]: Using solve type Distance[0m
[move_group-1] [0m[INFO] [1780044601.957027162] [moveit_ros.planning_scene_monitor.planning_scene_monitor]: Publishing maintained planning scene on 'monitored_planning_scene'[0m
[move_group-1] [0m[INFO] [1780044601.957181329] [moveit.ros_planning_interface.moveit_cpp]: Listening to 'joint_states' for joint states[0m
[move_group-1] [0m[INFO] [1780044601.957657216] [moveit_ros.current_state_monitor]: Listening to joint states on topic 'joint_states'[0m
[move_group-1] [0m[INFO] [1780044601.957940937] [moveit_ros.planning_scene_monitor.planning_scene_monitor]: Listening to '/attached_collision_object' for attached collision objects[0m
[move_group-1] [0m[INFO] [1780044601.957951052] [moveit_ros.planning_scene_monitor.planning_scene_monitor]: Starting planning scene monitor[0m
[move_group-1] [0m[INFO] [1780044601.958094694] [moveit_ros.planning_scene_monitor.planning_scene_monitor]: Listening to '/planning_scene'[0m
[move_group-1] [0m[INFO] [1780044601.958101766] [moveit_ros.planning_scene_monitor.planning_scene_monitor]: Starting world geometry update monitor for collision objects, attached objects, octomap updates.[0m
[move_group-1] [0m[INFO] [1780044601.958245423] [moveit_ros.planning_scene_monitor.planning_scene_monitor]: Listening to 'collision_object'[0m
[move_group-1] [0m[INFO] [1780044601.958399573] [moveit_ros.planning_scene_monitor.planning_scene_monitor]: Listening to 'planning_scene_world' for planning scene world geometry[0m
[move_group-1] [33m[WARN] [1780044601.959196843] [moveit.ros.occupancy_map_monitor.middleware_handle]: Resolution not specified for Octomap. Assuming resolution = 0.1 instead[0m
[move_group-1] [0m[INFO] [1780044602.168469247] [moveit.ros_planning_interface.moveit_cpp]: Loading planning pipeline 'chomp'[0m
[move_group-1] [0m[INFO] [1780044602.172669632] [moveit.ros_planning.planning_pipeline]: Using planning interface 'CHOMP'[0m
[move_group-1] [0m[INFO] [1780044602.175602654] [moveit_ros.add_time_optimal_parameterization]: Param 'chomp.path_tolerance' was not set. Using default value: 0.100000[0m
[move_group-1] [0m[INFO] [1780044602.175629508] [moveit_ros.add_time_optimal_parameterization]: Param 'chomp.resample_dt' was not set. Using default value: 0.100000[0m
[move_group-1] [0m[INFO] [1780044602.175632745] [moveit_ros.add_time_optimal_parameterization]: Param 'chomp.min_angle_change' was not set. Using default value: 0.001000[0m
[move_group-1] [0m[INFO] [1780044602.175654328] [moveit_ros.fix_workspace_bounds]: Param 'chomp.default_workspace_bounds' was not set. Using default value: 10.000000[0m
[move_group-1] [0m[INFO] [1780044602.175663030] [moveit_ros.fix_start_state_bounds]: Param 'chomp.start_state_max_bounds_error' was set to 0.100000[0m
[move_group-1] [0m[INFO] [1780044602.175690519] [moveit_ros.fix_start_state_bounds]: Param 'chomp.start_state_max_dt' was not set. Using default value: 0.500000[0m
[move_group-1] [0m[INFO] [1780044602.175697471] [moveit_ros.fix_start_state_collision]: Param 'chomp.start_state_max_dt' was not set. Using default value: 0.500000[0m
[move_group-1] [0m[INFO] [1780044602.175700240] [moveit_ros.fix_start_state_collision]: Param 'chomp.jiggle_fraction' was set to 0.050000[0m
[move_group-1] [0m[INFO] [1780044602.175708357] [moveit_ros.fix_start_state_collision]: Param 'chomp.max_sampling_attempts' was not set. Using default value: 100[0m
[move_group-1] [0m[INFO] [1780044602.175715292] [moveit.ros_planning.planning_pipeline]: Using planning request adapter 'Add Time Optimal Parameterization'[0m
[move_group-1] [0m[INFO] [1780044602.175718828] [moveit.ros_planning.planning_pipeline]: Using planning request adapter 'Resolve constraint frames to robot links'[0m
[move_group-1] [0m[INFO] [1780044602.175720617] [moveit.ros_planning.planning_pipeline]: Using planning request adapter 'Fix Workspace Bounds'[0m
[move_group-1] [0m[INFO] [1780044602.175722300] [moveit.ros_planning.planning_pipeline]: Using planning request adapter 'Fix Start State Bounds'[0m
[move_group-1] [0m[INFO] [1780044602.175723849] [moveit.ros_planning.planning_pipeline]: Using planning request adapter 'Fix Start State In Collision'[0m
[move_group-1] [0m[INFO] [1780044602.175725479] [moveit.ros_planning.planning_pipeline]: Using planning request adapter 'Fix Start State Path Constraints'[0m
[move_group-1] [0m[INFO] [1780044602.177924849] [moveit.ros_planning_interface.moveit_cpp]: Loading planning pipeline 'pilz_industrial_motion_planner'[0m
[move_group-1] [0m[INFO] [1780044602.180737670] [moveit.pilz_industrial_motion_planner.joint_limits_aggregator]: Reading limits from namespace robot_description_planning[0m
[move_group-1] [0m[INFO] [1780044602.182569141] [moveit.pilz_industrial_motion_planner]: Available plugins: pilz_industrial_motion_planner/PlanningContextLoaderCIRC pilz_industrial_motion_planner/PlanningContextLoaderLIN pilz_industrial_motion_planner/PlanningContextLoaderPTP [0m
[move_group-1] [0m[INFO] [1780044602.182615132] [moveit.pilz_industrial_motion_planner]: About to load: pilz_industrial_motion_planner/PlanningContextLoaderCIRC[0m
[move_group-1] [0m[INFO] [1780044602.184083058] [moveit.pilz_industrial_motion_planner]: Registered Algorithm [CIRC][0m
[move_group-1] [0m[INFO] [1780044602.184114653] [moveit.pilz_industrial_motion_planner]: About to load: pilz_industrial_motion_planner/PlanningContextLoaderLIN[0m
[move_group-1] [0m[INFO] [1780044602.184909770] [moveit.pilz_industrial_motion_planner]: Registered Algorithm [LIN][0m
[move_group-1] [0m[INFO] [1780044602.184919375] [moveit.pilz_industrial_motion_planner]: About to load: pilz_industrial_motion_planner/PlanningContextLoaderPTP[0m
[move_group-1] [0m[INFO] [1780044602.185610724] [moveit.pilz_industrial_motion_planner]: Registered Algorithm [PTP][0m
[move_group-1] [0m[INFO] [1780044602.185633569] [moveit.ros_planning.planning_pipeline]: Using planning interface 'Pilz Industrial Motion Planner'[0m
[move_group-1] [0m[INFO] [1780044602.186517478] [moveit.ros_planning_interface.moveit_cpp]: Loading planning pipeline 'ompl'[0m
[move_group-1] [0m[INFO] [1780044602.197391660] [moveit.ros_planning.planning_pipeline]: Using planning interface 'OMPL'[0m
[move_group-1] [0m[INFO] [1780044602.199500395] [moveit_ros.add_time_optimal_parameterization]: Param 'ompl.path_tolerance' was not set. Using default value: 0.100000[0m
[move_group-1] [0m[INFO] [1780044602.199528926] [moveit_ros.add_time_optimal_parameterization]: Param 'ompl.resample_dt' was not set. Using default value: 0.100000[0m
[move_group-1] [0m[INFO] [1780044602.199532258] [moveit_ros.add_time_optimal_parameterization]: Param 'ompl.min_angle_change' was not set. Using default value: 0.001000[0m
[move_group-1] [0m[INFO] [1780044602.199547602] [moveit_ros.fix_workspace_bounds]: Param 'ompl.default_workspace_bounds' was not set. Using default value: 10.000000[0m
[move_group-1] [0m[INFO] [1780044602.199558308] [moveit_ros.fix_start_state_bounds]: Param 'ompl.start_state_max_bounds_error' was set to 0.100000[0m
[move_group-1] [0m[INFO] [1780044602.199561818] [moveit_ros.fix_start_state_bounds]: Param 'ompl.start_state_max_dt' was not set. Using default value: 0.500000[0m
[move_group-1] [0m[INFO] [1780044602.199569572] [moveit_ros.fix_start_state_collision]: Param 'ompl.start_state_max_dt' was not set. Using default value: 0.500000[0m
[move_group-1] [0m[INFO] [1780044602.199572264] [moveit_ros.fix_start_state_collision]: Param 'ompl.jiggle_fraction' was set to 0.050000[0m
[move_group-1] [0m[INFO] [1780044602.199593473] [moveit_ros.fix_start_state_collision]: Param 'ompl.max_sampling_attempts' was not set. Using default value: 100[0m
[move_group-1] [0m[INFO] [1780044602.199600935] [moveit.ros_planning.planning_pipeline]: Using planning request adapter 'Add Time Optimal Parameterization'[0m
[move_group-1] [0m[INFO] [1780044602.199603408] [moveit.ros_planning.planning_pipeline]: Using planning request adapter 'Resolve constraint frames to robot links'[0m
[move_group-1] [0m[INFO] [1780044602.199605107] [moveit.ros_planning.planning_pipeline]: Using planning request adapter 'Fix Workspace Bounds'[0m
[move_group-1] [0m[INFO] [1780044602.199606731] [moveit.ros_planning.planning_pipeline]: Using planning request adapter 'Fix Start State Bounds'[0m
[move_group-1] [0m[INFO] [1780044602.199608326] [moveit.ros_planning.planning_pipeline]: Using planning request adapter 'Fix Start State In Collision'[0m
[move_group-1] [0m[INFO] [1780044602.199609908] [moveit.ros_planning.planning_pipeline]: Using planning request adapter 'Fix Start State Path Constraints'[0m
[move_group-1] [0m[INFO] [1780044602.230087959] [moveit.plugins.moveit_simple_controller_manager]: Added FollowJointTrajectory controller for arm_controller[0m
[move_group-1] [0m[INFO] [1780044602.231328220] [moveit.plugins.moveit_simple_controller_manager]: Added FollowJointTrajectory controller for gripper_controller[0m
[move_group-1] [0m[INFO] [1780044602.231456998] [moveit.plugins.moveit_simple_controller_manager]: Returned 2 controllers in list[0m
[move_group-1] [0m[INFO] [1780044602.231510069] [moveit.plugins.moveit_simple_controller_manager]: Returned 2 controllers in list[0m
[move_group-1] [0m[INFO] [1780044602.231712943] [moveit_ros.trajectory_execution_manager]: Trajectory execution is managing controllers[0m
[move_group-1] [0m[INFO] [1780044602.231722294] [move_group.move_group]: MoveGroup debug mode is ON[0m
[move_group-1] [0m[INFO] [1780044602.242254093] [move_group.move_group]: 
[move_group-1] 
[move_group-1] ********************************************************
[move_group-1] * MoveGroup using: 
[move_group-1] *     - ApplyPlanningSceneService
[move_group-1] *     - ClearOctomapService
[move_group-1] *     - CartesianPathService
[move_group-1] *     - ExecuteTrajectoryAction
[move_group-1] *     - GetPlanningSceneService
[move_group-1] *     - KinematicsService
[move_group-1] *     - MoveAction
[move_group-1] *     - MotionPlanService
[move_group-1] *     - QueryPlannersService
[move_group-1] *     - StateValidationService
[move_group-1] ********************************************************
[move_group-1] [0m
[move_group-1] [0m[INFO] [1780044602.242298782] [moveit_move_group_capabilities_base.move_group_context]: MoveGroup context using planning plugin ompl_interface/OMPLPlanner[0m
[move_group-1] [0m[INFO] [1780044602.242304162] [moveit_move_group_capabilities_base.move_group_context]: MoveGroup context initialization complete[0m
[move_group-1] [96mLoading 'move_group/ApplyPlanningSceneService'...
[move_group-1] [0m[96mLoading 'move_group/ClearOctomapService'...
[move_group-1] [0m[96mLoading 'move_group/MoveGroupCartesianPathService'...
[move_group-1] [0m[96mLoading 'move_group/MoveGroupExecuteTrajectoryAction'...
[move_group-1] [0m[96mLoading 'move_group/MoveGroupGetPlanningSceneService'...
[move_group-1] [0m[96mLoading 'move_group/MoveGroupKinematicsService'...
[move_group-1] [0m[96mLoading 'move_group/MoveGroupMoveAction'...
[move_group-1] [0m[96mLoading 'move_group/MoveGroupPlanService'...
[move_group-1] [0m[96mLoading 'move_group/MoveGroupQueryPlannersService'...
[move_group-1] [0m[96mLoading 'move_group/MoveGroupStateValidationService'...
[move_group-1] [0m[92m
[move_group-1] You can start planning now!
[move_group-1] 
[move_group-1] [31m[ERROR] [1780044862.243448549] [moveit_move_group_capabilities_base.move_group_capability]: TF Problem: "base_link" passed to lookupTransform argument target_frame does not exist. [0m
[move_group-1] [31m[ERROR] [1780044862.245250575] [moveit_move_group_capabilities_base.move_group_capability]: TF Problem: "base_link" passed to lookupTransform argument target_frame does not exist. [0m
[move_group-1] [31m[ERROR] [1780044970.855316292] [moveit_move_group_capabilities_base.move_group_capability]: TF Problem: "base_link" passed to lookupTransform argument target_frame does not exist. [0m
[move_group-1] [31m[ERROR] [1780044970.859688822] [moveit_move_group_capabilities_base.move_group_capability]: TF Problem: "base_link" passed to lookupTransform argument target_frame does not exist. [0m
[move_group-1] [31m[ERROR] [1780045091.687669476] [moveit_move_group_capabilities_base.move_group_capability]: TF Problem: "base_link" passed to lookupTransform argument target_frame does not exist. [0m
[move_group-1] [31m[ERROR] [1780045091.690630614] [moveit_move_group_capabilities_base.move_group_capability]: TF Problem: "base_link" passed to lookupTransform argument target_frame does not exist. [0m
[move_group-1] [31m[ERROR] [1780045247.288980297] [moveit_move_group_capabilities_base.move_group_capability]: TF Problem: "base_link" passed to lookupTransform argument target_frame does not exist. [0m
[move_group-1] [31m[ERROR] [1780045247.291679288] [moveit_move_group_capabilities_base.move_group_capability]: TF Problem: "base_link" passed to lookupTransform argument target_frame does not exist. [0m
