[INFO] [launch]: All log files can be found below /home/ubuntu/.ros/log/2026-05-29-14-46-35-862443-ubuntu-virtual-machine-13089
[INFO] [launch]: Default logging verbosity is set to INFO
ign_args is deprecated, migrate to gz_args!
[INFO] [ign gazebo-1]: process started with pid [13092]
[INFO] [joint_state_publisher-2]: process started with pid [13094]
[INFO] [robot_state_publisher-3]: process started with pid [13097]
[INFO] [create-4]: process started with pid [13099]
[INFO] [parameter_bridge-5]: process started with pid [13102]
[INFO] [static_transform_publisher-6]: process started with pid [13104]
[create-4] [ros_ign_gazebo] is deprecated! Redirecting to use [ros_gz_sim] instead!
[create-4] 
[static_transform_publisher-6] [33m[WARN] [1780037196.373543987] []: Old-style arguments are deprecated; see --help for new-style arguments[0m
[static_transform_publisher-6] [0m[INFO] [1780037196.388428538] [static_transform_publisher]: Spinning until stopped - publishing transform
[static_transform_publisher-6] translation: ('0.000000', '0.000000', '0.000000')
[static_transform_publisher-6] rotation: ('0.000000', '0.000000', '0.000000', '1.000000')
[static_transform_publisher-6] from 'map' to 'odom'[0m
[create-4] [0m[INFO] [1780037196.416270425] [ros_gz_sim]: Requesting list of world names.[0m
[robot_state_publisher-3] [0m[INFO] [1780037196.423373439] [robot_state_publisher]: got segment base_balck_link[0m
[robot_state_publisher-3] [0m[INFO] [1780037196.423859625] [robot_state_publisher]: got segment base_link[0m
[robot_state_publisher-3] [0m[INFO] [1780037196.424087053] [robot_state_publisher]: got segment base_screen_link[0m
[robot_state_publisher-3] [0m[INFO] [1780037196.424215172] [robot_state_publisher]: got segment base_white_link[0m
[robot_state_publisher-3] [0m[INFO] [1780037196.424326264] [robot_state_publisher]: got segment depth_cam_frame[0m
[robot_state_publisher-3] [0m[INFO] [1780037196.424430398] [robot_state_publisher]: got segment depth_cam_link[0m
[robot_state_publisher-3] [0m[INFO] [1780037196.424536065] [robot_state_publisher]: got segment end_effector_link[0m
[robot_state_publisher-3] [0m[INFO] [1780037196.424640016] [robot_state_publisher]: got segment grasp_tcp[0m
[robot_state_publisher-3] [0m[INFO] [1780037196.424745410] [robot_state_publisher]: got segment gripper_servo_link[0m
[robot_state_publisher-3] [0m[INFO] [1780037196.424848189] [robot_state_publisher]: got segment l_in_link[0m
[robot_state_publisher-3] [0m[INFO] [1780037196.424851205] [robot_state_publisher]: got segment l_link[0m
[robot_state_publisher-3] [0m[INFO] [1780037196.424853426] [robot_state_publisher]: got segment l_out_link[0m
[robot_state_publisher-3] [0m[INFO] [1780037196.424855674] [robot_state_publisher]: got segment link1[0m
[robot_state_publisher-3] [0m[INFO] [1780037196.424857627] [robot_state_publisher]: got segment link2[0m
[robot_state_publisher-3] [0m[INFO] [1780037196.424859709] [robot_state_publisher]: got segment link3[0m
[robot_state_publisher-3] [0m[INFO] [1780037196.424861513] [robot_state_publisher]: got segment link4[0m
[robot_state_publisher-3] [0m[INFO] [1780037196.424863522] [robot_state_publisher]: got segment link5[0m
[robot_state_publisher-3] [0m[INFO] [1780037196.424865429] [robot_state_publisher]: got segment r_in_link[0m
[robot_state_publisher-3] [0m[INFO] [1780037196.424867472] [robot_state_publisher]: got segment r_link[0m
[robot_state_publisher-3] [0m[INFO] [1780037196.424869280] [robot_state_publisher]: got segment r_out_link[0m
[robot_state_publisher-3] [0m[INFO] [1780037196.424871116] [robot_state_publisher]: got segment servo_link2[0m
[robot_state_publisher-3] [0m[INFO] [1780037196.424873188] [robot_state_publisher]: got segment world[0m
[parameter_bridge-5] [0m[INFO] [1780037196.454728626] [ros_gz_bridge]: Creating ROS->GZ Bridge: [/controller/cmd_vel (geometry_msgs/msg/Twist) -> /controller/cmd_vel (ignition.msgs.Twist)] (Lazy 0)[0m
[parameter_bridge-5] [0m[INFO] [1780037196.456644651] [ros_gz_bridge]: Creating GZ->ROS Bridge: [/odom (ignition.msgs.Odometry) -> /odom (nav_msgs/msg/Odometry)] (Lazy 0)[0m
[parameter_bridge-5] [0m[INFO] [1780037196.458039903] [ros_gz_bridge]: Creating GZ->ROS Bridge: [/odom/tf (ignition.msgs.Pose_V) -> /odom/tf (tf2_msgs/msg/TFMessage)] (Lazy 0)[0m
[parameter_bridge-5] [0m[INFO] [1780037196.459399581] [ros_gz_bridge]: Creating GZ->ROS Bridge: [/joint_states (ignition.msgs.Model) -> /joint_states (sensor_msgs/msg/JointState)] (Lazy 0)[0m
[parameter_bridge-5] [0m[INFO] [1780037196.460861832] [ros_gz_bridge]: Creating GZ->ROS Bridge: [/scan (ignition.msgs.LaserScan) -> /scan (sensor_msgs/msg/LaserScan)] (Lazy 0)[0m
[parameter_bridge-5] [0m[INFO] [1780037196.461964447] [ros_gz_bridge]: Creating GZ->ROS Bridge: [/scan/points (ignition.msgs.PointCloudPacked) -> /scan/points (sensor_msgs/msg/PointCloud2)] (Lazy 0)[0m
[parameter_bridge-5] [0m[INFO] [1780037196.462723496] [ros_gz_bridge]: Creating GZ->ROS Bridge: [/depth_cam/rgbd/image (ignition.msgs.Image) -> /depth_cam/rgbd/image (sensor_msgs/msg/Image)] (Lazy 0)[0m
[parameter_bridge-5] [0m[INFO] [1780037196.463349304] [ros_gz_bridge]: Creating GZ->ROS Bridge: [/depth_cam/rgbd/depth_image (ignition.msgs.Image) -> /depth_cam/rgbd/depth_image (sensor_msgs/msg/Image)] (Lazy 0)[0m
[joint_state_publisher-2] [0m[INFO] [1780037196.589480011] [joint_state_publisher]: Waiting for robot_description to be published on the robot_description topic...[0m
[create-4] [0m[INFO] [1780037196.910724145] [ros_gz_sim]: Waiting messages on topic [robot_description].[0m
[create-4] [0m[INFO] [1780037197.010534870] [ros_gz_sim]: Requested creation of entity.[0m
[create-4] [0m[INFO] [1780037197.010637962] [ros_gz_sim]: OK creation of entity.[0m
[INFO] [create-4]: process has finished cleanly [pid 13099]
[INFO] [spawner-7]: process started with pid [13213]
[spawner-7] [0m[INFO] [1780037197.340133572] [spawner_joint_state_broadcaster]: waiting for service /controller_manager/list_controllers to become available...[0m
[ign gazebo-1] VMware: No 3D enabled (0, Success).
[ign gazebo-1] libEGL warning: egl: failed to create dri2 screen
[ign gazebo-1] VMware: No 3D enabled (0, Success).
[ign gazebo-1] libEGL warning: egl: failed to create dri2 screen
[ign gazebo-1] [0m[INFO] [1780037198.662113507] [GazeboSimROS2ControlPlugin]: robot_param_node is robot_state_publisher[0m
[ign gazebo-1] [0m[INFO] [1780037198.662166418] [GazeboSimROS2ControlPlugin]: robot_param_node is robot_description[0m
[ign gazebo-1] [0m[INFO] [1780037198.679113943] [gz_ros2_control]: [ign_ros2_control] Fixed joint [base_joint] (Entity=69)] is skipped[0m
[ign gazebo-1] [31m[ERROR] [1780037199.182546786] [gz_ros2_control]: robot_state_publisher service not available, waiting again...[0m
[ign gazebo-1] [31m[ERROR] [1780037199.682967651] [gz_ros2_control]: robot_state_publisher service not available, waiting again...[0m
[ign gazebo-1] [0m[INFO] [1780037199.961643171] [gz_ros2_control]: connected to service!! robot_state_publisher asking for robot_description[0m
[ign gazebo-1] [0m[INFO] [1780037199.964888768] [gz_ros2_control]: Received URDF from param server[0m
[ign gazebo-1] [0m[INFO] [1780037199.970601220] [gz_ros2_control]: The position_proportional_gain has been set to: 0.1[0m
[ign gazebo-1] [0m[INFO] [1780037199.970706595] [gz_ros2_control]: Loading joint: joint1[0m
[ign gazebo-1] [0m[INFO] [1780037199.970720786] [gz_ros2_control]: 	State:[0m
[ign gazebo-1] [0m[INFO] [1780037199.970728541] [gz_ros2_control]: 		 position[0m
[ign gazebo-1] [0m[INFO] [1780037199.970774159] [gz_ros2_control]: 			 found initial value: 0.000000[0m
[ign gazebo-1] [0m[INFO] [1780037199.970779847] [gz_ros2_control]: 		 velocity[0m
[ign gazebo-1] [0m[INFO] [1780037199.970833769] [gz_ros2_control]: 		 effort[0m
[ign gazebo-1] [0m[INFO] [1780037199.970851151] [gz_ros2_control]: 	Command:[0m
[ign gazebo-1] [0m[INFO] [1780037199.970854043] [gz_ros2_control]: 		 position[0m
[ign gazebo-1] [0m[INFO] [1780037199.970960152] [gz_ros2_control]: Loading joint: joint2[0m
[ign gazebo-1] [0m[INFO] [1780037199.970964087] [gz_ros2_control]: 	State:[0m
[ign gazebo-1] [0m[INFO] [1780037199.970966998] [gz_ros2_control]: 		 position[0m
[ign gazebo-1] [0m[INFO] [1780037199.970970171] [gz_ros2_control]: 			 found initial value: 0.000000[0m
[ign gazebo-1] [0m[INFO] [1780037199.970973788] [gz_ros2_control]: 		 velocity[0m
[ign gazebo-1] [0m[INFO] [1780037199.970976903] [gz_ros2_control]: 		 effort[0m
[ign gazebo-1] [0m[INFO] [1780037199.970979477] [gz_ros2_control]: 	Command:[0m
[ign gazebo-1] [0m[INFO] [1780037199.970981892] [gz_ros2_control]: 		 position[0m
[ign gazebo-1] [0m[INFO] [1780037199.971024060] [gz_ros2_control]: Loading joint: joint3[0m
[ign gazebo-1] [0m[INFO] [1780037199.971032278] [gz_ros2_control]: 	State:[0m
[ign gazebo-1] [0m[INFO] [1780037199.971035057] [gz_ros2_control]: 		 position[0m
[ign gazebo-1] [0m[INFO] [1780037199.971037984] [gz_ros2_control]: 			 found initial value: 0.000000[0m
[ign gazebo-1] [0m[INFO] [1780037199.971041118] [gz_ros2_control]: 		 velocity[0m
[ign gazebo-1] [0m[INFO] [1780037199.971043636] [gz_ros2_control]: 		 effort[0m
[ign gazebo-1] [0m[INFO] [1780037199.971047749] [gz_ros2_control]: 	Command:[0m
[ign gazebo-1] [0m[INFO] [1780037199.971050298] [gz_ros2_control]: 		 position[0m
[ign gazebo-1] [0m[INFO] [1780037199.971057686] [gz_ros2_control]: Loading joint: joint4[0m
[ign gazebo-1] [0m[INFO] [1780037199.971060257] [gz_ros2_control]: 	State:[0m
[ign gazebo-1] [0m[INFO] [1780037199.971062542] [gz_ros2_control]: 		 position[0m
[ign gazebo-1] [0m[INFO] [1780037199.971064909] [gz_ros2_control]: 			 found initial value: 0.000000[0m
[ign gazebo-1] [0m[INFO] [1780037199.971067642] [gz_ros2_control]: 		 velocity[0m
[ign gazebo-1] [0m[INFO] [1780037199.971070070] [gz_ros2_control]: 		 effort[0m
[ign gazebo-1] [0m[INFO] [1780037199.971072516] [gz_ros2_control]: 	Command:[0m
[ign gazebo-1] [0m[INFO] [1780037199.971075023] [gz_ros2_control]: 		 position[0m
[ign gazebo-1] [0m[INFO] [1780037199.971115716] [gz_ros2_control]: Loading joint: joint5[0m
[ign gazebo-1] [0m[INFO] [1780037199.971119958] [gz_ros2_control]: 	State:[0m
[ign gazebo-1] [0m[INFO] [1780037199.971135334] [gz_ros2_control]: 		 position[0m
[ign gazebo-1] [0m[INFO] [1780037199.971153838] [gz_ros2_control]: 			 found initial value: 0.000000[0m
[ign gazebo-1] [0m[INFO] [1780037199.971157403] [gz_ros2_control]: 		 velocity[0m
[ign gazebo-1] [0m[INFO] [1780037199.971159853] [gz_ros2_control]: 		 effort[0m
[ign gazebo-1] [0m[INFO] [1780037199.971162341] [gz_ros2_control]: 	Command:[0m
[ign gazebo-1] [0m[INFO] [1780037199.971164578] [gz_ros2_control]: 		 position[0m
[ign gazebo-1] [0m[INFO] [1780037199.971174192] [gz_ros2_control]: Loading joint: r_joint[0m
[ign gazebo-1] [0m[INFO] [1780037199.971176850] [gz_ros2_control]: 	State:[0m
[ign gazebo-1] [0m[INFO] [1780037199.971179144] [gz_ros2_control]: 		 position[0m
[ign gazebo-1] [0m[INFO] [1780037199.971181389] [gz_ros2_control]: 			 found initial value: 0.000000[0m
[ign gazebo-1] [0m[INFO] [1780037199.971184089] [gz_ros2_control]: 		 velocity[0m
[ign gazebo-1] [0m[INFO] [1780037199.971188398] [gz_ros2_control]: 		 effort[0m
[ign gazebo-1] [0m[INFO] [1780037199.971190951] [gz_ros2_control]: 	Command:[0m
[ign gazebo-1] [0m[INFO] [1780037199.971193198] [gz_ros2_control]: 		 position[0m
[ign gazebo-1] [0m[INFO] [1780037199.971199439] [gz_ros2_control]: Loading joint: l_joint[0m
[ign gazebo-1] [0m[INFO] [1780037199.971202130] [gz_ros2_control]: 	State:[0m
[ign gazebo-1] [0m[INFO] [1780037199.971204594] [gz_ros2_control]: 		 position[0m
[ign gazebo-1] [0m[INFO] [1780037199.971206858] [gz_ros2_control]: 			 found initial value: 0.000000[0m
[ign gazebo-1] [0m[INFO] [1780037199.971209497] [gz_ros2_control]: 		 velocity[0m
[ign gazebo-1] [0m[INFO] [1780037199.971211934] [gz_ros2_control]: 		 effort[0m
[ign gazebo-1] [0m[INFO] [1780037199.971214347] [gz_ros2_control]: 	Command:[0m
[ign gazebo-1] [0m[INFO] [1780037199.971216630] [gz_ros2_control]: 		 position[0m
[ign gazebo-1] [0m[INFO] [1780037199.971222276] [gz_ros2_control]: Loading joint: l_in_joint[0m
[ign gazebo-1] [0m[INFO] [1780037199.971224983] [gz_ros2_control]: 	State:[0m
[ign gazebo-1] [0m[INFO] [1780037199.971227391] [gz_ros2_control]: 		 position[0m
[ign gazebo-1] [0m[INFO] [1780037199.971229631] [gz_ros2_control]: 			 found initial value: 0.000000[0m
[ign gazebo-1] [0m[INFO] [1780037199.971254559] [gz_ros2_control]: 		 velocity[0m
[ign gazebo-1] [0m[INFO] [1780037199.971257435] [gz_ros2_control]: 		 effort[0m
[ign gazebo-1] [0m[INFO] [1780037199.971259990] [gz_ros2_control]: 	Command:[0m
[ign gazebo-1] [0m[INFO] [1780037199.971262437] [gz_ros2_control]: 		 position[0m
[ign gazebo-1] [0m[INFO] [1780037199.971268888] [gz_ros2_control]: Loading joint: l_out_joint[0m
[ign gazebo-1] [0m[INFO] [1780037199.971271421] [gz_ros2_control]: 	State:[0m
[ign gazebo-1] [0m[INFO] [1780037199.971273751] [gz_ros2_control]: 		 position[0m
[ign gazebo-1] [0m[INFO] [1780037199.971276091] [gz_ros2_control]: 			 found initial value: 0.000000[0m
[ign gazebo-1] [0m[INFO] [1780037199.971278777] [gz_ros2_control]: 		 velocity[0m
[ign gazebo-1] [0m[INFO] [1780037199.971281123] [gz_ros2_control]: 		 effort[0m
[ign gazebo-1] [0m[INFO] [1780037199.971283478] [gz_ros2_control]: 	Command:[0m
[ign gazebo-1] [0m[INFO] [1780037199.971285649] [gz_ros2_control]: 		 position[0m
[ign gazebo-1] [0m[INFO] [1780037199.971292572] [gz_ros2_control]: Loading joint: r_in_joint[0m
[ign gazebo-1] [0m[INFO] [1780037199.971295106] [gz_ros2_control]: 	State:[0m
[ign gazebo-1] [0m[INFO] [1780037199.971297427] [gz_ros2_control]: 		 position[0m
[ign gazebo-1] [0m[INFO] [1780037199.971299706] [gz_ros2_control]: 			 found initial value: 0.000000[0m
[ign gazebo-1] [0m[INFO] [1780037199.971302345] [gz_ros2_control]: 		 velocity[0m
[ign gazebo-1] [0m[INFO] [1780037199.971304729] [gz_ros2_control]: 		 effort[0m
[ign gazebo-1] [0m[INFO] [1780037199.971307092] [gz_ros2_control]: 	Command:[0m
[ign gazebo-1] [0m[INFO] [1780037199.971309295] [gz_ros2_control]: 		 position[0m
[ign gazebo-1] [0m[INFO] [1780037199.971314590] [gz_ros2_control]: Loading joint: r_out_joint[0m
[ign gazebo-1] [0m[INFO] [1780037199.971317128] [gz_ros2_control]: 	State:[0m
[ign gazebo-1] [0m[INFO] [1780037199.971319475] [gz_ros2_control]: 		 position[0m
[ign gazebo-1] [0m[INFO] [1780037199.971321761] [gz_ros2_control]: 			 found initial value: 0.000000[0m
[ign gazebo-1] [0m[INFO] [1780037199.971324345] [gz_ros2_control]: 		 velocity[0m
[ign gazebo-1] [0m[INFO] [1780037199.971326791] [gz_ros2_control]: 		 effort[0m
[ign gazebo-1] [0m[INFO] [1780037199.971330935] [gz_ros2_control]: 	Command:[0m
[ign gazebo-1] [0m[INFO] [1780037199.971333258] [gz_ros2_control]: 		 position[0m
[ign gazebo-1] [0m[INFO] [1780037199.971614398] [resource_manager]: Initialize hardware 'IgnitionSystem' [0m
[ign gazebo-1] [33m[WARN] [1780037199.971643491] [gz_ros2_control]: On init...[0m
[ign gazebo-1] [0m[INFO] [1780037199.973243315] [resource_manager]: Successful initialization of hardware 'IgnitionSystem'[0m
[ign gazebo-1] [0m[INFO] [1780037199.973306100] [resource_manager]: 'configure' hardware 'IgnitionSystem' [0m
[ign gazebo-1] [0m[INFO] [1780037199.973309837] [gz_ros2_control]: System Successfully configured![0m
[ign gazebo-1] [0m[INFO] [1780037199.973321801] [resource_manager]: Successful 'configure' of hardware 'IgnitionSystem'[0m
[ign gazebo-1] [0m[INFO] [1780037199.973328172] [resource_manager]: 'activate' hardware 'IgnitionSystem' [0m
[ign gazebo-1] [0m[INFO] [1780037199.973330780] [resource_manager]: Successful 'activate' of hardware 'IgnitionSystem'[0m
[ign gazebo-1] [0m[INFO] [1780037199.973337005] [gz_ros2_control]: Loading controller_manager[0m
[ign gazebo-1] [0m[INFO] [1780037200.101084975] [controller_manager]: Loading controller 'joint_state_broadcaster'[0m
[spawner-7] [0m[INFO] [1780037200.116809458] [spawner_joint_state_broadcaster]: [94mLoaded [1mjoint_state_broadcaster[0m[0m
[ign gazebo-1] [0m[INFO] [1780037200.119229613] [controller_manager]: Configuring controller 'joint_state_broadcaster'[0m
[ign gazebo-1] [0m[INFO] [1780037200.119332917] [joint_state_broadcaster]: 'joints' or 'interfaces' parameter is empty. All available state interfaces will be published[0m
[ign gazebo-1] [33m[WARN] [1780037200.150513111] [gz_ros2_control]:  Desired controller update period (0.0333333 s) is slower than the gazebo simulation period (0.02 s).[0m
[ign gazebo-1] VMware: No 3D enabled (0, Success).
[ign gazebo-1] libEGL warning: egl: failed to create dri2 screen
[ign gazebo-1] VMware: No 3D enabled (0, Success).
[ign gazebo-1] libEGL warning: egl: failed to create dri2 screen
[spawner-7] [0m[INFO] [1780037200.776068082] [spawner_joint_state_broadcaster]: [92mConfigured and activated [1mjoint_state_broadcaster[0m[0m
[INFO] [spawner-7]: process has finished cleanly [pid 13213]
[INFO] [spawner-8]: process started with pid [13299]
[spawner-8] [0m[INFO] [1780037201.203594939] [spawner_arm_controller]: waiting for service /controller_manager/list_controllers to become available...[0m
[ign gazebo-1] [0m[INFO] [1780037202.460530611] [controller_manager]: Loading controller 'arm_controller'[0m
[ign gazebo-1] [33m[WARN] [1780037202.475918018] [arm_controller]: [Deprecated]: "allow_nonzero_velocity_at_trajectory_end" is set to true. The default behavior will change to false.[0m
[spawner-8] [0m[INFO] [1780037202.597393199] [spawner_arm_controller]: [94mLoaded [1marm_controller[0m[0m
[ign gazebo-1] [0m[INFO] [1780037202.680933308] [controller_manager]: Configuring controller 'arm_controller'[0m
[ign gazebo-1] [0m[INFO] [1780037202.681746729] [arm_controller]: No specific joint names are used for command interfaces. Using 'joints' parameter.[0m
[ign gazebo-1] [0m[INFO] [1780037202.682098729] [arm_controller]: Command interfaces are [position] and state interfaces are [position velocity].[0m
[ign gazebo-1] [0m[INFO] [1780037202.682292481] [arm_controller]: Using 'splines' interpolation method.[0m
[ign gazebo-1] [0m[INFO] [1780037202.685358117] [arm_controller]: Controller state will be published at 50.00 Hz.[0m
[ign gazebo-1] [0m[INFO] [1780037202.690635978] [arm_controller]: Action status changes will be monitored at 20.00 Hz.[0m
[spawner-8] [0m[INFO] [1780037203.064571337] [spawner_arm_controller]: [92mConfigured and activated [1marm_controller[0m[0m
[INFO] [spawner-8]: process has finished cleanly [pid 13299]
[INFO] [spawner-9]: process started with pid [13314]
[spawner-9] [0m[INFO] [1780037203.543395309] [spawner_gripper_controller]: waiting for service /controller_manager/list_controllers to become available...[0m
[ign gazebo-1] [0m[INFO] [1780037205.335475664] [controller_manager]: Loading controller 'gripper_controller'[0m
[ign gazebo-1] [33m[WARN] [1780037205.354317989] [gripper_controller]: [Deprecated]: "allow_nonzero_velocity_at_trajectory_end" is set to true. The default behavior will change to false.[0m
[spawner-9] [0m[INFO] [1780037205.455679371] [spawner_gripper_controller]: [94mLoaded [1mgripper_controller[0m[0m
[ign gazebo-1] [0m[INFO] [1780037205.458802143] [controller_manager]: Configuring controller 'gripper_controller'[0m
[ign gazebo-1] [0m[INFO] [1780037205.458950083] [gripper_controller]: No specific joint names are used for command interfaces. Using 'joints' parameter.[0m
[ign gazebo-1] [0m[INFO] [1780037205.458960426] [gripper_controller]: Command interfaces are [position] and state interfaces are [position velocity].[0m
[ign gazebo-1] [0m[INFO] [1780037205.458967408] [gripper_controller]: Using 'splines' interpolation method.[0m
[ign gazebo-1] [0m[INFO] [1780037205.459895327] [gripper_controller]: Controller state will be published at 50.00 Hz.[0m
[ign gazebo-1] [0m[INFO] [1780037205.471552712] [gripper_controller]: Action status changes will be monitored at 20.00 Hz.[0m
[spawner-9] [0m[INFO] [1780037205.907807288] [spawner_gripper_controller]: [92mConfigured and activated [1mgripper_controller[0m[0m
[INFO] [spawner-9]: process has finished cleanly [pid 13314]
[ign gazebo-1] [0m[INFO] [1780037416.510514163] [arm_controller]: Received new action goal[0m
[ign gazebo-1] [0m[INFO] [1780037416.510586438] [arm_controller]: Accepted new action goal[0m
[ign gazebo-1] [0m[INFO] [1780037428.050844815] [arm_controller]: Goal reached, success![0m
[ign gazebo-1] [0m[INFO] [1780037428.067881950] [gripper_controller]: Received new action goal[0m
[ign gazebo-1] [0m[INFO] [1780037428.067924521] [gripper_controller]: Accepted new action goal[0m
[ign gazebo-1] [0m[INFO] [1780037431.152006052] [gripper_controller]: Goal reached, success![0m
[ign gazebo-1] [0m[INFO] [1780037431.371809700] [arm_controller]: Received new action goal[0m
[ign gazebo-1] [0m[INFO] [1780037431.371863210] [arm_controller]: Accepted new action goal[0m
[ign gazebo-1] [0m[INFO] [1780037442.935375819] [arm_controller]: Goal reached, success![0m
[ign gazebo-1] [0m[INFO] [1780037442.975107288] [gripper_controller]: Received new action goal[0m
[ign gazebo-1] [0m[INFO] [1780037442.975151283] [gripper_controller]: Accepted new action goal[0m
[ign gazebo-1] [0m[INFO] [1780037446.232550586] [gripper_controller]: Goal reached, success![0m
[ign gazebo-1] [0m[INFO] [1780037453.157329149] [arm_controller]: Received new action goal[0m
[ign gazebo-1] [0m[INFO] [1780037453.157434945] [arm_controller]: Accepted new action goal[0m
[ign gazebo-1] [0m[INFO] [1780037464.200139196] [arm_controller]: Goal reached, success![0m
[ign gazebo-1] [0m[INFO] [1780037464.211214038] [arm_controller]: Received new action goal[0m
[ign gazebo-1] [0m[INFO] [1780037464.211253852] [arm_controller]: Accepted new action goal[0m
[ign gazebo-1] [0m[INFO] [1780037474.882803732] [arm_controller]: Goal reached, success![0m
[ign gazebo-1] [0m[INFO] [1780037480.097214028] [gripper_controller]: Received new action goal[0m
[ign gazebo-1] [0m[INFO] [1780037480.097647180] [gripper_controller]: Accepted new action goal[0m
[ign gazebo-1] [0m[INFO] [1780037487.431204852] [gripper_controller]: Goal reached, success![0m
[ign gazebo-1] [0m[INFO] [1780037488.452387780] [arm_controller]: Received new action goal[0m
[ign gazebo-1] [0m[INFO] [1780037488.452444504] [arm_controller]: Accepted new action goal[0m
[ign gazebo-1] [0m[INFO] [1780037503.980004594] [arm_controller]: Goal reached, success![0m
[ign gazebo-1] [0m[INFO] [1780037535.753723706] [arm_controller]: Received new action goal[0m
[ign gazebo-1] [0m[INFO] [1780037535.754214306] [arm_controller]: Accepted new action goal[0m
[ign gazebo-1] [0m[INFO] [1780037548.015773169] [arm_controller]: Goal reached, success![0m
[ign gazebo-1] [0m[INFO] [1780037548.058730801] [gripper_controller]: Received new action goal[0m
[ign gazebo-1] [0m[INFO] [1780037548.058766873] [gripper_controller]: Accepted new action goal[0m
[ign gazebo-1] [0m[INFO] [1780037551.908745598] [gripper_controller]: Goal reached, success![0m
[ign gazebo-1] [0m[INFO] [1780037552.112557021] [arm_controller]: Received new action goal[0m
[ign gazebo-1] [0m[INFO] [1780037552.112597545] [arm_controller]: Accepted new action goal[0m
[ign gazebo-1] [0m[INFO] [1780037565.232541667] [arm_controller]: Goal reached, success![0m
[ign gazebo-1] [0m[INFO] [1780037565.270601547] [gripper_controller]: Received new action goal[0m
[ign gazebo-1] [0m[INFO] [1780037565.273236425] [gripper_controller]: Accepted new action goal[0m
[ign gazebo-1] [0m[INFO] [1780037569.831882893] [gripper_controller]: Goal reached, success![0m
[ign gazebo-1] [0m[INFO] [1780037576.784847742] [arm_controller]: Received new action goal[0m
[ign gazebo-1] [0m[INFO] [1780037576.784887170] [arm_controller]: Accepted new action goal[0m
[ign gazebo-1] [0m[INFO] [1780037588.474613671] [arm_controller]: Goal reached, success![0m
[ign gazebo-1] [0m[INFO] [1780037588.488276577] [arm_controller]: Received new action goal[0m
[ign gazebo-1] [0m[INFO] [1780037588.488762759] [arm_controller]: Accepted new action goal[0m
[ign gazebo-1] [0m[INFO] [1780037599.506056137] [arm_controller]: Goal reached, success![0m
[ign gazebo-1] [0m[INFO] [1780037604.719222834] [gripper_controller]: Received new action goal[0m
[ign gazebo-1] [0m[INFO] [1780037604.719325727] [gripper_controller]: Accepted new action goal[0m
[ign gazebo-1] [0m[INFO] [1780037609.510787022] [gripper_controller]: Goal reached, success![0m
[ign gazebo-1] [0m[INFO] [1780037610.023484130] [gripper_controller]: Received new action goal[0m
[ign gazebo-1] [0m[INFO] [1780037610.023544167] [gripper_controller]: Accepted new action goal[0m
[ign gazebo-1] [0m[INFO] [1780037615.211268192] [gripper_controller]: Goal reached, success![0m
[ign gazebo-1] [0m[INFO] [1780037615.729646450] [gripper_controller]: Received new action goal[0m
[ign gazebo-1] [0m[INFO] [1780037615.729699104] [gripper_controller]: Accepted new action goal[0m
[ign gazebo-1] [0m[INFO] [1780037624.299151643] [gripper_controller]: Goal reached, success![0m
[ign gazebo-1] [0m[INFO] [1780037624.842253584] [gripper_controller]: Received new action goal[0m
[ign gazebo-1] [0m[INFO] [1780037624.842295444] [gripper_controller]: Accepted new action goal[0m
[ign gazebo-1] [0m[INFO] [1780037639.021433276] [gripper_controller]: Goal reached, success![0m
[ign gazebo-1] [0m[INFO] [1780037639.548834205] [gripper_controller]: Received new action goal[0m
[ign gazebo-1] [0m[INFO] [1780037639.548885037] [gripper_controller]: Accepted new action goal[0m
[ign gazebo-1] [0m[INFO] [1780037660.936325135] [gripper_controller]: Goal reached, success![0m
[ign gazebo-1] [0m[INFO] [1780037661.457996904] [gripper_controller]: Received new action goal[0m
[ign gazebo-1] [0m[INFO] [1780037661.458042818] [gripper_controller]: Accepted new action goal[0m
[ign gazebo-1] [0m[INFO] [1780037681.295747215] [gripper_controller]: Goal reached, success![0m
[ign gazebo-1] [0m[INFO] [1780037681.813904226] [arm_controller]: Received new action goal[0m
[ign gazebo-1] [0m[INFO] [1780037681.813966877] [arm_controller]: Accepted new action goal[0m
[ign gazebo-1] [0m[INFO] [1780037707.728842058] [arm_controller]: Goal reached, success![0m
[ign gazebo-1] [0m[INFO] [1780037766.502187324] [arm_controller]: Received new action goal[0m
[ign gazebo-1] [0m[INFO] [1780037766.503243661] [arm_controller]: Accepted new action goal[0m
[ign gazebo-1] [0m[INFO] [1780037779.603232341] [arm_controller]: Goal reached, success![0m
[ign gazebo-1] [0m[INFO] [1780037779.609619210] [gripper_controller]: Received new action goal[0m
[ign gazebo-1] [0m[INFO] [1780037779.609690389] [gripper_controller]: Accepted new action goal[0m
[ign gazebo-1] [0m[INFO] [1780037783.190599392] [gripper_controller]: Goal reached, success![0m
[ign gazebo-1] [0m[INFO] [1780037783.416996882] [arm_controller]: Received new action goal[0m
[ign gazebo-1] [0m[INFO] [1780037783.417040582] [arm_controller]: Accepted new action goal[0m
[ign gazebo-1] [0m[INFO] [1780037795.265011159] [arm_controller]: Goal reached, success![0m
[ign gazebo-1] [0m[INFO] [1780037795.271703505] [gripper_controller]: Received new action goal[0m
[ign gazebo-1] [0m[INFO] [1780037795.271771339] [gripper_controller]: Accepted new action goal[0m
[ign gazebo-1] [0m[INFO] [1780037798.726910901] [gripper_controller]: Goal reached, success![0m
[ign gazebo-1] [0m[INFO] [1780037805.673850201] [arm_controller]: Received new action goal[0m
[ign gazebo-1] [0m[INFO] [1780037805.673897816] [arm_controller]: Accepted new action goal[0m
[ign gazebo-1] [0m[INFO] [1780037816.272750283] [arm_controller]: Goal reached, success![0m
[ign gazebo-1] [0m[INFO] [1780037816.276000866] [arm_controller]: Received new action goal[0m
[ign gazebo-1] [0m[INFO] [1780037816.276377304] [arm_controller]: Accepted new action goal[0m
[ign gazebo-1] [0m[INFO] [1780037826.923254692] [arm_controller]: Goal reached, success![0m
[ign gazebo-1] [0m[INFO] [1780037832.080379030] [gripper_controller]: Received new action goal[0m
[ign gazebo-1] [0m[INFO] [1780037832.080714061] [gripper_controller]: Accepted new action goal[0m
[ign gazebo-1] [0m[INFO] [1780037836.683277051] [gripper_controller]: Goal reached, success![0m
[ign gazebo-1] [0m[INFO] [1780037841.095076722] [gripper_controller]: Received new action goal[0m
[ign gazebo-1] [0m[INFO] [1780037841.095127857] [gripper_controller]: Accepted new action goal[0m
[ign gazebo-1] [0m[INFO] [1780037846.813592853] [gripper_controller]: Goal reached, success![0m
[ign gazebo-1] [0m[INFO] [1780037851.218972073] [gripper_controller]: Received new action goal[0m
[ign gazebo-1] [0m[INFO] [1780037851.219011467] [gripper_controller]: Accepted new action goal[0m
[ign gazebo-1] [0m[INFO] [1780037862.417369634] [gripper_controller]: Goal reached, success![0m
[ign gazebo-1] [0m[INFO] [1780037866.806913857] [gripper_controller]: Received new action goal[0m
[ign gazebo-1] [0m[INFO] [1780037866.806953029] [gripper_controller]: Accepted new action goal[0m
[ign gazebo-1] [0m[INFO] [1780037882.918515996] [gripper_controller]: Goal reached, success![0m
[ign gazebo-1] [0m[INFO] [1780037887.343385123] [gripper_controller]: Received new action goal[0m
[ign gazebo-1] [0m[INFO] [1780037887.343419274] [gripper_controller]: Accepted new action goal[0m
[ign gazebo-1] [0m[INFO] [1780037906.342624170] [gripper_controller]: Goal reached, success![0m
[ign gazebo-1] [0m[INFO] [1780037910.743211642] [gripper_controller]: Received new action goal[0m
[ign gazebo-1] [0m[INFO] [1780037910.743253592] [gripper_controller]: Accepted new action goal[0m
[ign gazebo-1] [0m[INFO] [1780037931.721866326] [gripper_controller]: Goal reached, success![0m
[ign gazebo-1] [0m[INFO] [1780038009.596101649] [arm_controller]: Received new action goal[0m
[ign gazebo-1] [0m[INFO] [1780038009.596714391] [arm_controller]: Accepted new action goal[0m
[ign gazebo-1] [0m[INFO] [1780038030.852059019] [arm_controller]: Goal reached, success![0m
[ign gazebo-1] [0m[INFO] [1780038030.905504496] [gripper_controller]: Received new action goal[0m
[ign gazebo-1] [0m[INFO] [1780038030.905546721] [gripper_controller]: Accepted new action goal[0m
[ign gazebo-1] [0m[INFO] [1780038034.215312624] [gripper_controller]: Goal reached, success![0m
[ign gazebo-1] [0m[INFO] [1780038034.459286730] [arm_controller]: Received new action goal[0m
[ign gazebo-1] [0m[INFO] [1780038034.459323450] [arm_controller]: Accepted new action goal[0m
[ign gazebo-1] [0m[INFO] [1780038045.965857605] [arm_controller]: Goal reached, success![0m
[ign gazebo-1] [0m[INFO] [1780038046.011910994] [gripper_controller]: Received new action goal[0m
[ign gazebo-1] [0m[INFO] [1780038046.011959792] [gripper_controller]: Accepted new action goal[0m
[ign gazebo-1] [0m[INFO] [1780038049.324838343] [gripper_controller]: Goal reached, success![0m
[ign gazebo-1] [0m[INFO] [1780038120.108732189] [gripper_controller]: Received new action goal[0m
[ign gazebo-1] [0m[INFO] [1780038120.108770574] [gripper_controller]: Accepted new action goal[0m
[ign gazebo-1] [0m[INFO] [1780038124.392366035] [gripper_controller]: Goal reached, success![0m
[ign gazebo-1] [0m[INFO] [1780038124.414393215] [arm_controller]: Received new action goal[0m
[ign gazebo-1] [0m[INFO] [1780038124.414437497] [arm_controller]: Accepted new action goal[0m
[ign gazebo-1] [0m[INFO] [1780038137.776098482] [arm_controller]: Goal reached, success![0m
[ign gazebo-1] [0m[INFO] [1780038261.926833022] [arm_controller]: Received new action goal[0m
[ign gazebo-1] [0m[INFO] [1780038261.926895251] [arm_controller]: Accepted new action goal[0m
[ign gazebo-1] [0m[INFO] [1780038273.119815588] [arm_controller]: Goal reached, success![0m
[ign gazebo-1] [0m[INFO] [1780038273.130359753] [gripper_controller]: Received new action goal[0m
[ign gazebo-1] [0m[INFO] [1780038273.130410801] [gripper_controller]: Accepted new action goal[0m
[ign gazebo-1] [0m[INFO] [1780038276.080618769] [gripper_controller]: Goal reached, success![0m
[ign gazebo-1] [0m[INFO] [1780038276.286324480] [arm_controller]: Received new action goal[0m
[ign gazebo-1] [0m[INFO] [1780038276.286367126] [arm_controller]: Accepted new action goal[0m
[ign gazebo-1] [0m[INFO] [1780038287.258490778] [arm_controller]: Goal reached, success![0m
[ign gazebo-1] [0m[INFO] [1780038287.288736572] [gripper_controller]: Received new action goal[0m
[ign gazebo-1] [0m[INFO] [1780038287.288783988] [gripper_controller]: Accepted new action goal[0m
[ign gazebo-1] [0m[INFO] [1780038290.358481008] [gripper_controller]: Goal reached, success![0m
[ign gazebo-1] [0m[INFO] [1780038297.266156393] [arm_controller]: Received new action goal[0m
[ign gazebo-1] [0m[INFO] [1780038297.266205496] [arm_controller]: Accepted new action goal[0m
[ign gazebo-1] [0m[INFO] [1780038306.991276774] [arm_controller]: Goal reached, success![0m
[ign gazebo-1] [0m[INFO] [1780038307.021468194] [arm_controller]: Received new action goal[0m
[ign gazebo-1] [0m[INFO] [1780038307.021505520] [arm_controller]: Accepted new action goal[0m
[ign gazebo-1] [0m[INFO] [1780038317.061205088] [arm_controller]: Goal reached, success![0m
[ign gazebo-1] [0m[INFO] [1780038322.245979619] [gripper_controller]: Received new action goal[0m
[ign gazebo-1] [0m[INFO] [1780038322.246497828] [gripper_controller]: Accepted new action goal[0m
[ign gazebo-1] [0m[INFO] [1780038326.759760566] [gripper_controller]: Goal reached, success![0m
[ign gazebo-1] [0m[INFO] [1780038331.145334397] [gripper_controller]: Received new action goal[0m
[ign gazebo-1] [0m[INFO] [1780038331.145384222] [gripper_controller]: Accepted new action goal[0m
[ign gazebo-1] [0m[INFO] [1780038337.503265440] [gripper_controller]: Goal reached, success![0m
[ign gazebo-1] [0m[INFO] [1780038341.890474831] [gripper_controller]: Received new action goal[0m
[ign gazebo-1] [0m[INFO] [1780038341.890518836] [gripper_controller]: Accepted new action goal[0m
[ign gazebo-1] [0m[INFO] [1780038354.949937113] [gripper_controller]: Goal reached, success![0m
[ign gazebo-1] [0m[INFO] [1780038359.334949741] [gripper_controller]: Received new action goal[0m
[ign gazebo-1] [0m[INFO] [1780038359.334990796] [gripper_controller]: Accepted new action goal[0m
[ign gazebo-1] [0m[INFO] [1780038379.571016498] [gripper_controller]: Goal reached, success![0m
[ign gazebo-1] [0m[INFO] [1780038383.937122890] [gripper_controller]: Received new action goal[0m
[ign gazebo-1] [0m[INFO] [1780038383.937160892] [gripper_controller]: Accepted new action goal[0m
[ign gazebo-1] [0m[INFO] [1780038404.100902992] [gripper_controller]: Goal reached, success![0m
[ign gazebo-1] [0m[INFO] [1780038408.519239945] [arm_controller]: Received new action goal[0m
[ign gazebo-1] [0m[INFO] [1780038408.519291217] [arm_controller]: Accepted new action goal[0m
[ign gazebo-1] [0m[INFO] [1780038432.429870454] [arm_controller]: Goal reached, success![0m
[ign gazebo-1] [0m[INFO] [1780038480.924163189] [gripper_controller]: Received new action goal[0m
[ign gazebo-1] [0m[INFO] [1780038480.924652901] [gripper_controller]: Accepted new action goal[0m
[ign gazebo-1] [0m[INFO] [1780038484.927164223] [gripper_controller]: Goal reached, success![0m
[ign gazebo-1] [0m[INFO] [1780038484.987759503] [arm_controller]: Received new action goal[0m
[ign gazebo-1] [0m[INFO] [1780038484.987817038] [arm_controller]: Accepted new action goal[0m
[ign gazebo-1] [0m[INFO] [1780038496.455145890] [arm_controller]: Goal reached, success![0m
[ign gazebo-1] [0m[INFO] [1780038501.808243875] [arm_controller]: Received new action goal[0m
[ign gazebo-1] [0m[INFO] [1780038501.808279748] [arm_controller]: Accepted new action goal[0m
[ign gazebo-1] [0m[INFO] [1780038513.611312086] [arm_controller]: Goal reached, success![0m
[ign gazebo-1] [0m[INFO] [1780038513.663706833] [gripper_controller]: Received new action goal[0m
[ign gazebo-1] [0m[INFO] [1780038513.663741637] [gripper_controller]: Accepted new action goal[0m
[ign gazebo-1] [0m[INFO] [1780038516.856321824] [gripper_controller]: Goal reached, success![0m
[ign gazebo-1] [0m[INFO] [1780038516.870190223] [arm_controller]: Received new action goal[0m
[ign gazebo-1] [0m[INFO] [1780038516.870223057] [arm_controller]: Accepted new action goal[0m
[ign gazebo-1] [0m[INFO] [1780038528.488430468] [arm_controller]: Goal reached, success![0m
[ign gazebo-1] [0m[INFO] [1780038528.524732055] [gripper_controller]: Received new action goal[0m
[ign gazebo-1] [0m[INFO] [1780038528.524777214] [gripper_controller]: Accepted new action goal[0m
[ign gazebo-1] [0m[INFO] [1780038531.796228118] [gripper_controller]: Goal reached, success![0m
[ign gazebo-1] [0m[INFO] [1780038544.545465932] [arm_controller]: Received new action goal[0m
[ign gazebo-1] [0m[INFO] [1780038544.545513788] [arm_controller]: Accepted new action goal[0m
[ign gazebo-1] [0m[INFO] [1780038554.636414508] [arm_controller]: Goal reached, success![0m
[ign gazebo-1] [0m[INFO] [1780038554.647562785] [arm_controller]: Received new action goal[0m
[ign gazebo-1] [0m[INFO] [1780038554.647603829] [arm_controller]: Accepted new action goal[0m
[ign gazebo-1] [0m[INFO] [1780038565.098191458] [arm_controller]: Goal reached, success![0m
[ign gazebo-1] [0m[INFO] [1780038569.316888854] [gripper_controller]: Received new action goal[0m
[ign gazebo-1] [0m[INFO] [1780038569.317048217] [gripper_controller]: Accepted new action goal[0m
[ign gazebo-1] [0m[INFO] [1780038574.024690690] [arm_controller]: Received new action goal[0m
[ign gazebo-1] [0m[INFO] [1780038574.024755293] [arm_controller]: Accepted new action goal[0m
[ign gazebo-1] [0m[INFO] [1780038581.902072212] [arm_controller]: Goal reached, success![0m
[ign gazebo-1] [0m[INFO] [1780038586.272586519] [arm_controller]: Received new action goal[0m
[ign gazebo-1] [0m[INFO] [1780038586.272631795] [arm_controller]: Accepted new action goal[0m
[ign gazebo-1] [0m[INFO] [1780038593.975617686] [arm_controller]: Goal reached, success![0m
[ign gazebo-1] [0m[INFO] [1780038598.464106708] [arm_controller]: Received new action goal[0m
[ign gazebo-1] [0m[INFO] [1780038598.464996783] [arm_controller]: Accepted new action goal[0m
[ign gazebo-1] [0m[INFO] [1780038605.938317939] [arm_controller]: Goal reached, success![0m
[ign gazebo-1] [0m[INFO] [1780038610.277301245] [arm_controller]: Received new action goal[0m
[ign gazebo-1] [0m[INFO] [1780038610.277344478] [arm_controller]: Accepted new action goal[0m
[ign gazebo-1] [0m[INFO] [1780038616.981007064] [arm_controller]: Goal reached, success![0m
[ign gazebo-1] [0m[INFO] [1780038621.316152527] [arm_controller]: Received new action goal[0m
[ign gazebo-1] [0m[INFO] [1780038621.316203767] [arm_controller]: Accepted new action goal[0m
[ign gazebo-1] [0m[INFO] [1780038627.898087978] [arm_controller]: Goal reached, success![0m
[ign gazebo-1] [0m[INFO] [1780038632.246935336] [arm_controller]: Received new action goal[0m
[ign gazebo-1] [0m[INFO] [1780038632.246981639] [arm_controller]: Accepted new action goal[0m
[ign gazebo-1] [0m[INFO] [1780038638.291242503] [arm_controller]: Goal reached, success![0m
[ign gazebo-1] [0m[INFO] [1780038642.622165418] [arm_controller]: Received new action goal[0m
[ign gazebo-1] [0m[INFO] [1780038642.622623391] [arm_controller]: Accepted new action goal[0m
[ign gazebo-1] [0m[INFO] [1780038648.629489250] [arm_controller]: Goal reached, success![0m
[ign gazebo-1] [0m[INFO] [1780038717.511450075] [gripper_controller]: Received new action goal[0m
[ign gazebo-1] [0m[INFO] [1780038717.511497289] [gripper_controller]: Accepted new action goal[0m
[ign gazebo-1] [0m[INFO] [1780038721.510160791] [gripper_controller]: Goal reached, success![0m
[ign gazebo-1] [0m[INFO] [1780038721.516185917] [arm_controller]: Received new action goal[0m
[ign gazebo-1] [0m[INFO] [1780038721.516229395] [arm_controller]: Accepted new action goal[0m
[ign gazebo-1] [0m[INFO] [1780038732.949561236] [arm_controller]: Goal reached, success![0m
[ign gazebo-1] [0m[INFO] [1780038737.477005505] [arm_controller]: Received new action goal[0m
[ign gazebo-1] [0m[INFO] [1780038737.477045264] [arm_controller]: Accepted new action goal[0m
[ign gazebo-1] [0m[INFO] [1780038748.862164462] [arm_controller]: Goal reached, success![0m
[ign gazebo-1] [0m[INFO] [1780038748.888623565] [gripper_controller]: Received new action goal[0m
[ign gazebo-1] [0m[INFO] [1780038748.888681459] [gripper_controller]: Accepted new action goal[0m
[ign gazebo-1] [0m[INFO] [1780038751.870055514] [gripper_controller]: Goal reached, success![0m
[ign gazebo-1] [0m[INFO] [1780038751.894950015] [arm_controller]: Received new action goal[0m
[ign gazebo-1] [0m[INFO] [1780038751.894997929] [arm_controller]: Accepted new action goal[0m
[ign gazebo-1] [0m[INFO] [1780038762.999996752] [arm_controller]: Goal reached, success![0m
[ign gazebo-1] [0m[INFO] [1780038763.051176716] [gripper_controller]: Received new action goal[0m
[ign gazebo-1] [0m[INFO] [1780038763.051271409] [gripper_controller]: Accepted new action goal[0m
[ign gazebo-1] [0m[INFO] [1780038766.212447850] [gripper_controller]: Goal reached, success![0m
[ign gazebo-1] [0m[INFO] [1780038778.929223405] [arm_controller]: Received new action goal[0m
[ign gazebo-1] [0m[INFO] [1780038778.929292064] [arm_controller]: Accepted new action goal[0m
[ign gazebo-1] [0m[INFO] [1780038788.564262609] [arm_controller]: Goal reached, success![0m
[ign gazebo-1] [0m[INFO] [1780038788.586407613] [arm_controller]: Received new action goal[0m
[ign gazebo-1] [0m[INFO] [1780038788.586439442] [arm_controller]: Accepted new action goal[0m
[ign gazebo-1] [0m[INFO] [1780038798.400570365] [arm_controller]: Goal reached, success![0m
[ign gazebo-1] [0m[INFO] [1780038802.599471635] [gripper_controller]: Received new action goal[0m
[ign gazebo-1] [0m[INFO] [1780038802.599542603] [gripper_controller]: Accepted new action goal[0m
[ign gazebo-1] [0m[INFO] [1780038814.249478588] [arm_controller]: Received new action goal[0m
[ign gazebo-1] [0m[INFO] [1780038814.249539405] [arm_controller]: Accepted new action goal[0m
[ign gazebo-1] [0m[INFO] [1780038824.367505075] [arm_controller]: Goal reached, success![0m
[ign gazebo-1] [0m[INFO] [1780038828.671650682] [arm_controller]: Received new action goal[0m
[ign gazebo-1] [0m[INFO] [1780038828.671697022] [arm_controller]: Accepted new action goal[0m
[ign gazebo-1] [0m[INFO] [1780038835.730714566] [arm_controller]: Goal reached, success![0m
[ign gazebo-1] [0m[INFO] [1780038840.144814396] [arm_controller]: Received new action goal[0m
[ign gazebo-1] [0m[INFO] [1780038840.144864563] [arm_controller]: Accepted new action goal[0m
[ign gazebo-1] [0m[INFO] [1780038846.688131031] [arm_controller]: Goal reached, success![0m
[ign gazebo-1] [0m[INFO] [1780038851.002007810] [arm_controller]: Received new action goal[0m
[ign gazebo-1] [0m[INFO] [1780038851.002049042] [arm_controller]: Accepted new action goal[0m
[ign gazebo-1] [0m[INFO] [1780038857.031136997] [arm_controller]: Goal reached, success![0m
[ign gazebo-1] [0m[INFO] [1780038861.341554406] [arm_controller]: Received new action goal[0m
[ign gazebo-1] [0m[INFO] [1780038861.341595725] [arm_controller]: Accepted new action goal[0m
[ign gazebo-1] [0m[INFO] [1780038867.629487828] [arm_controller]: Goal reached, success![0m
[ign gazebo-1] [0m[INFO] [1780038871.942699195] [arm_controller]: Received new action goal[0m
[ign gazebo-1] [0m[INFO] [1780038871.942740222] [arm_controller]: Accepted new action goal[0m
[ign gazebo-1] [0m[INFO] [1780038878.109366353] [arm_controller]: Goal reached, success![0m
[ign gazebo-1] [0m[INFO] [1780038882.443094163] [arm_controller]: Received new action goal[0m
[ign gazebo-1] [0m[INFO] [1780038882.443140067] [arm_controller]: Accepted new action goal[0m
[ign gazebo-1] [0m[INFO] [1780038888.475996790] [arm_controller]: Goal reached, success![0m
[ign gazebo-1] [0m[INFO] [1780038960.984887395] [gripper_controller]: Received new action goal[0m
[ign gazebo-1] [0m[INFO] [1780038960.984938114] [gripper_controller]: Accepted new action goal[0m
[ign gazebo-1] [0m[INFO] [1780038964.923302966] [gripper_controller]: Goal reached, success![0m
[ign gazebo-1] [0m[INFO] [1780038964.939781695] [arm_controller]: Received new action goal[0m
[ign gazebo-1] [0m[INFO] [1780038964.940470552] [arm_controller]: Accepted new action goal[0m
[ign gazebo-1] [0m[INFO] [1780038976.675744412] [arm_controller]: Goal reached, success![0m
[ign gazebo-1] [0m[INFO] [1780038981.237357359] [arm_controller]: Received new action goal[0m
[ign gazebo-1] [0m[INFO] [1780038981.237395647] [arm_controller]: Accepted new action goal[0m
[ign gazebo-1] [0m[INFO] [1780038992.464473575] [arm_controller]: Goal reached, success![0m
[ign gazebo-1] [0m[INFO] [1780038992.492242143] [gripper_controller]: Received new action goal[0m
[ign gazebo-1] [0m[INFO] [1780038992.492284872] [gripper_controller]: Accepted new action goal[0m
[ign gazebo-1] [0m[INFO] [1780038995.737464622] [gripper_controller]: Goal reached, success![0m
[ign gazebo-1] [0m[INFO] [1780038995.744209866] [arm_controller]: Received new action goal[0m
[ign gazebo-1] [0m[INFO] [1780038995.744250326] [arm_controller]: Accepted new action goal[0m
[ign gazebo-1] [0m[INFO] [1780039007.097038622] [arm_controller]: Goal reached, success![0m
[ign gazebo-1] [0m[INFO] [1780039007.150958505] [gripper_controller]: Received new action goal[0m
[ign gazebo-1] [0m[INFO] [1780039007.151003637] [gripper_controller]: Accepted new action goal[0m
[ign gazebo-1] [0m[INFO] [1780039010.276053858] [gripper_controller]: Goal reached, success![0m
[ign gazebo-1] [0m[INFO] [1780039023.009282699] [arm_controller]: Received new action goal[0m
[ign gazebo-1] [0m[INFO] [1780039023.009341742] [arm_controller]: Accepted new action goal[0m
[ign gazebo-1] [0m[INFO] [1780039032.862551159] [arm_controller]: Goal reached, success![0m
[ign gazebo-1] [0m[INFO] [1780039032.912192742] [arm_controller]: Received new action goal[0m
[ign gazebo-1] [0m[INFO] [1780039032.912222872] [arm_controller]: Accepted new action goal[0m
[ign gazebo-1] [0m[INFO] [1780039042.853973588] [arm_controller]: Goal reached, success![0m
[ign gazebo-1] [0m[INFO] [1780039047.029024768] [gripper_controller]: Received new action goal[0m
[ign gazebo-1] [0m[INFO] [1780039047.029092677] [gripper_controller]: Accepted new action goal[0m
[ign gazebo-1] [0m[INFO] [1780039098.046729316] [arm_controller]: Received new action goal[0m
[ign gazebo-1] [0m[INFO] [1780039098.046770364] [arm_controller]: Accepted new action goal[0m
[ign gazebo-1] [0m[INFO] [1780039124.472109183] [arm_controller]: Goal reached, success![0m
[ign gazebo-1] [0m[INFO] [1780039128.896229152] [arm_controller]: Received new action goal[0m
[ign gazebo-1] [0m[INFO] [1780039128.896268017] [arm_controller]: Accepted new action goal[0m
[ign gazebo-1] [0m[INFO] [1780039135.935059430] [arm_controller]: Goal reached, success![0m
[ign gazebo-1] [0m[INFO] [1780039140.269696073] [arm_controller]: Received new action goal[0m
[ign gazebo-1] [0m[INFO] [1780039140.269736478] [arm_controller]: Accepted new action goal[0m
[ign gazebo-1] [0m[INFO] [1780039147.638998424] [arm_controller]: Goal reached, success![0m
[ign gazebo-1] [0m[INFO] [1780039151.967108439] [arm_controller]: Received new action goal[0m
[ign gazebo-1] [0m[INFO] [1780039151.967167100] [arm_controller]: Accepted new action goal[0m
[ign gazebo-1] [0m[INFO] [1780039158.869067137] [arm_controller]: Goal reached, success![0m
[ign gazebo-1] [0m[INFO] [1780039163.260204565] [arm_controller]: Received new action goal[0m
[ign gazebo-1] [0m[INFO] [1780039163.260253460] [arm_controller]: Accepted new action goal[0m
[ign gazebo-1] [0m[INFO] [1780039170.028363041] [arm_controller]: Goal reached, success![0m
[ign gazebo-1] [0m[INFO] [1780039174.375905068] [arm_controller]: Received new action goal[0m
[ign gazebo-1] [0m[INFO] [1780039174.375944906] [arm_controller]: Accepted new action goal[0m
[ign gazebo-1] [0m[INFO] [1780039183.603137364] [arm_controller]: Goal reached, success![0m
[ign gazebo-1] [0m[INFO] [1780039187.982095298] [arm_controller]: Received new action goal[0m
[ign gazebo-1] [0m[INFO] [1780039187.982149172] [arm_controller]: Accepted new action goal[0m
[ign gazebo-1] [0m[INFO] [1780039195.684058113] [arm_controller]: Goal reached, success![0m
[ign gazebo-1] [0m[INFO] [1780040262.910676704] [gripper_controller]: Goal reached, success![0m
[WARNING] [launch]: user interrupted with ctrl-c (SIGINT)
[ign gazebo-1] [0m[INFO] [1780043501.335269880] [rclcpp]: signal_handler(SIGINT/SIGTERM)[0m
[ign gazebo-1] [0m[INFO] [1780043501.335419487] [controller_manager]: Shutdown request received....[0m
[ign gazebo-1] [0m[INFO] [1780043501.335547694] [controller_manager]: Shutting down all controllers in the controller manager.[0m
[ign gazebo-1] [0m[INFO] [1780043501.335573727] [controller_manager]: Deactivating controller 'joint_state_broadcaster'[0m
[ign gazebo-1] [0m[INFO] [1780043501.335654057] [controller_manager]: Shutting down controller 'joint_state_broadcaster'[0m
[ign gazebo-1] [0m[INFO] [1780043501.335705224] [controller_manager]: Deactivating controller 'arm_controller'[0m
[ign gazebo-1] [0m[INFO] [1780043501.335802361] [controller_manager]: Shutting down controller 'arm_controller'[0m
[ign gazebo-1] [0m[INFO] [1780043501.335813028] [controller_manager]: Deactivating controller 'gripper_controller'[0m
[ign gazebo-1] [0m[INFO] [1780043501.335821473] [controller_manager]: Shutting down controller 'gripper_controller'[0m
[ign gazebo-1] [0m[INFO] [1780043501.335867535] [resource_manager]: 'deactivate' hardware 'IgnitionSystem' [0m
[ign gazebo-1] [0m[INFO] [1780043501.335875887] [resource_manager]: Successful 'deactivate' of hardware 'IgnitionSystem'[0m
[ign gazebo-1] [0m[INFO] [1780043501.335877690] [resource_manager]: 'shutdown' hardware 'IgnitionSystem' [0m
[ign gazebo-1] [0m[INFO] [1780043501.335880457] [resource_manager]: Successful 'shutdown' of hardware 'IgnitionSystem'[0m
[ign gazebo-1] [0m[INFO] [1780043501.335882569] [controller_manager]: Shutting down the controller manager.[0m
[ign gazebo-1] terminate called after throwing an instance of 'std::runtime_error'
[ign gazebo-1]   what():  Node needs to be associated with an executor.
[ign gazebo-1] Stack trace (most recent call last):
[ign gazebo-1] #31   Object "/lib/x86_64-linux-gnu/libruby-3.0.so.3.0", at 0x777ef8234c96, in 
[ign gazebo-1] #30   Object "/lib/x86_64-linux-gnu/libruby-3.0.so.3.0", at 0x777ef8231fc5, in 
[ign gazebo-1] #29   Object "/lib/x86_64-linux-gnu/libruby-3.0.so.3.0", at 0x777ef822fc34, in 
[ign gazebo-1] #28   Object "/usr/lib/x86_64-linux-gnu/ruby/3.0.0/fiddle.so", at 0x777ef7efb44b, in 
[ign gazebo-1] #27   Object "/lib/x86_64-linux-gnu/libruby-3.0.so.3.0", at 0x777ef81fd088, in rb_nogvl
[ign gazebo-1] #26   Object "/usr/lib/x86_64-linux-gnu/ruby/3.0.0/fiddle.so", at 0x777ef7efad6b, in 
[ign gazebo-1] #25   Object "/lib/x86_64-linux-gnu/libffi.so.8", at 0x777ef7e9d492, in 
[ign gazebo-1] #24   Object "/lib/x86_64-linux-gnu/libffi.so.8", at 0x777ef7ea0e2d, in 
[ign gazebo-1] #23   Object "/usr/lib/x86_64-linux-gnu/libignition-gazebo6-ign.so.6.17.1", at 0x777ef35afe5c, in runServer
[ign gazebo-1] #22   Object "/lib/x86_64-linux-gnu/libignition-gazebo6.so.6", at 0x777ef300f374, in ignition::gazebo::v6::Server::~Server()
[ign gazebo-1] #21   Object "/lib/x86_64-linux-gnu/libignition-gazebo6.so.6", at 0x777ef301bd36, in 
[ign gazebo-1] #20   Object "/lib/x86_64-linux-gnu/libignition-gazebo6.so.6", at 0x777ef302885c, in ignition::gazebo::v6::SimulationRunner::~SimulationRunner()
[ign gazebo-1] #19   Object "/lib/x86_64-linux-gnu/libignition-gazebo6.so.6", at 0x777ef3027d31, in 
[ign gazebo-1] #18   Object "/lib/x86_64-linux-gnu/libignition-gazebo6-gui.so.6", at 0x777ef330f6bc, in ignition::plugin::SpecializedPlugin<ignition::gazebo::v6::System, ignition::gazebo::v6::ISystemConfigure, ignition::gazebo::v6::ISystemPreUpdate, ignition::gazebo::v6::ISystemUpdate, ignition::gazebo::v6::ISystemPostUpdate>::~SpecializedPlugin()
[ign gazebo-1] #17   Object "/lib/x86_64-linux-gnu/libignition-plugin1.so.1", at 0x777ef7e3d5ec, in ignition::plugin::Plugin::~Plugin()
[ign gazebo-1] #16   Object "/lib/x86_64-linux-gnu/libignition-plugin1.so.1", at 0x777ef7e3d1d0, in 
[ign gazebo-1] #15   Object "/home/ubuntu/third_party_ros2/third_party_ws/install/ign_ros2_control/share/ign_ros2_control/../../lib/libign_ros2_control-system.so", at 0x777ed8bce5bd, in std::_Function_handler<void (void*), ignition::plugin::detail::Registrar<ign_ros2_control::IgnitionROS2ControlPlugin, ignition::gazebo::v6::System, ignition::gazebo::v6::ISystemConfigure, ignition::gazebo::v6::ISystemPreUpdate, ignition::gazebo::v6::ISystemPostUpdate>::MakeInfo()::{lambda(void*)#2}>::_M_invoke(std::_Any_data const&, void*&&)
[ign gazebo-1] #14   Object "/home/ubuntu/third_party_ros2/third_party_ws/install/ign_ros2_control/share/ign_ros2_control/../../lib/libign_ros2_control-system.so", at 0x777ed8bd7c1a, in std::enable_if<is_invocable_r_v<void, ignition::plugin::detail::Registrar<ign_ros2_control::IgnitionROS2ControlPlugin, ignition::gazebo::v6::System, ignition::gazebo::v6::ISystemConfigure, ignition::gazebo::v6::ISystemPreUpdate, ignition::gazebo::v6::ISystemPostUpdate>::MakeInfo()::{lambda(void*)#2}&, void*>, void>::type std::__invoke_r<void, ignition::plugin::detail::Registrar<ign_ros2_control::IgnitionROS2ControlPlugin, ignition::gazebo::v6::System, ignition::gazebo::v6::ISystemConfigure, ignition::gazebo::v6::ISystemPreUpdate, ignition::gazebo::v6::ISystemPostUpdate>::MakeInfo()::{lambda(void*)#2}&, void*>(ignition::plugin::detail::Registrar<ign_ros2_control::IgnitionROS2ControlPlugin, ignition::gazebo::v6::System, ignition::gazebo::v6::ISystemConfigure, ignition::gazebo::v6::ISystemPreUpdate, ignition::gazebo::v6::ISystemPostUpdate>::MakeInfo()::{lambda(void*)#2}&, void*&&)
[ign gazebo-1] #13   Object "/home/ubuntu/third_party_ros2/third_party_ws/install/ign_ros2_control/share/ign_ros2_control/../../lib/libign_ros2_control-system.so", at 0x777ed8bdf9a3, in void std::__invoke_impl<void, ignition::plugin::detail::Registrar<ign_ros2_control::IgnitionROS2ControlPlugin, ignition::gazebo::v6::System, ignition::gazebo::v6::ISystemConfigure, ignition::gazebo::v6::ISystemPreUpdate, ignition::gazebo::v6::ISystemPostUpdate>::MakeInfo()::{lambda(void*)#2}&, void*>(std::__invoke_other, ignition::plugin::detail::Registrar<ign_ros2_control::IgnitionROS2ControlPlugin, ignition::gazebo::v6::System, ignition::gazebo::v6::ISystemConfigure, ignition::gazebo::v6::ISystemPreUpdate, ignition::gazebo::v6::ISystemPostUpdate>::MakeInfo()::{lambda(void*)#2}&, void*&&)
[ign gazebo-1] #12   Object "/home/ubuntu/third_party_ros2/third_party_ws/install/ign_ros2_control/share/ign_ros2_control/../../lib/libign_ros2_control-system.so", at 0x777ed8bacc55, in ignition::plugin::detail::Registrar<ign_ros2_control::IgnitionROS2ControlPlugin, ignition::gazebo::v6::System, ignition::gazebo::v6::ISystemConfigure, ignition::gazebo::v6::ISystemPreUpdate, ignition::gazebo::v6::ISystemPostUpdate>::MakeInfo()::{lambda(void*)#2}::operator()(void*) const
[ign gazebo-1] #11   Object "/home/ubuntu/third_party_ros2/third_party_ws/install/ign_ros2_control/share/ign_ros2_control/../../lib/libign_ros2_control-system.so", at 0x777ed8b92089, in ign_ros2_control::IgnitionROS2ControlPlugin::~IgnitionROS2ControlPlugin()
[ign gazebo-1] #10   Object "/home/ubuntu/third_party_ros2/third_party_ws/install/ign_ros2_control/share/ign_ros2_control/../../lib/libign_ros2_control-system.so", at 0x777ed8b91fcb, in ign_ros2_control::IgnitionROS2ControlPlugin::~IgnitionROS2ControlPlugin()
[ign gazebo-1] #9    Object "/opt/ros/humble/lib/librclcpp.so", at 0x777ed877061e, in 
[ign gazebo-1] #8    Object "/lib/x86_64-linux-gnu/libgcc_s.so.1", at 0x777ef7e842dc, in _Unwind_Resume
[ign gazebo-1] #7    Object "/lib/x86_64-linux-gnu/libgcc_s.so.1", at 0x777ef7e83883, in 
[ign gazebo-1] #6    Object "/lib/x86_64-linux-gnu/libstdc++.so.6", at 0x777ef3ead958, in __gxx_personality_v0
[ign gazebo-1] #5    Object "/lib/x86_64-linux-gnu/libstdc++.so.6", at 0x777ef3ead1e8, in 
[ign gazebo-1] #4    Object "/lib/x86_64-linux-gnu/libstdc++.so.6", at 0x777ef3eae20b, in 
[ign gazebo-1] #3    Object "/lib/x86_64-linux-gnu/libstdc++.so.6", at 0x777ef3ea2b9d, in 
[ign gazebo-1] #2    Object "/lib/x86_64-linux-gnu/libc.so.6", at 0x777ef7c287f2, in abort
[ign gazebo-1] #1    Object "/lib/x86_64-linux-gnu/libc.so.6", at 0x777ef7c42475, in raise
[ign gazebo-1] #0    Object "/lib/x86_64-linux-gnu/libc.so.6", at 0x777ef7c969fc, in pthread_kill
[ign gazebo-1] Aborted (Signal sent by tkill() 13173 1000)
[INFO] [ign gazebo-1]: process has finished cleanly [pid 13092]
[ERROR] [static_transform_publisher-6]: process[static_transform_publisher-6] failed to terminate '5' seconds after receiving 'SIGINT', escalating to 'SIGTERM'
[ERROR] [parameter_bridge-5]: process[parameter_bridge-5] failed to terminate '5' seconds after receiving 'SIGINT', escalating to 'SIGTERM'
[ERROR] [robot_state_publisher-3]: process[robot_state_publisher-3] failed to terminate '5' seconds after receiving 'SIGINT', escalating to 'SIGTERM'
[ERROR] [joint_state_publisher-2]: process[joint_state_publisher-2] failed to terminate '5' seconds after receiving 'SIGINT', escalating to 'SIGTERM'
[INFO] [static_transform_publisher-6]: sending signal 'SIGTERM' to process[static_transform_publisher-6]
[INFO] [parameter_bridge-5]: sending signal 'SIGTERM' to process[parameter_bridge-5]
[INFO] [robot_state_publisher-3]: sending signal 'SIGTERM' to process[robot_state_publisher-3]
[INFO] [joint_state_publisher-2]: sending signal 'SIGTERM' to process[joint_state_publisher-2]
[static_transform_publisher-6] [0m[INFO] [1780043506.347936982] [rclcpp]: signal_handler(SIGINT/SIGTERM)[0m
[parameter_bridge-5] [0m[INFO] [1780043506.349059586] [rclcpp]: signal_handler(SIGINT/SIGTERM)[0m
[robot_state_publisher-3] [0m[INFO] [1780043506.361599417] [rclcpp]: signal_handler(SIGINT/SIGTERM)[0m
[joint_state_publisher-2] Traceback (most recent call last):
[joint_state_publisher-2]   File "/opt/ros/humble/lib/joint_state_publisher/joint_state_publisher", line 33, in <module>
[joint_state_publisher-2]     sys.exit(load_entry_point('joint-state-publisher==2.4.0', 'console_scripts', 'joint_state_publisher')())
[joint_state_publisher-2]   File "/opt/ros/humble/lib/python3.10/site-packages/joint_state_publisher/joint_state_publisher.py", line 466, in main
[joint_state_publisher-2]     rclpy.spin(jsp)
[joint_state_publisher-2]   File "/opt/ros/humble/local/lib/python3.10/dist-packages/rclpy/__init__.py", line 229, in spin
[joint_state_publisher-2]     executor.spin_once()
[joint_state_publisher-2]   File "/opt/ros/humble/local/lib/python3.10/dist-packages/rclpy/executors.py", line 808, in spin_once
[joint_state_publisher-2]     self._spin_once_impl(timeout_sec)
[joint_state_publisher-2]   File "/opt/ros/humble/local/lib/python3.10/dist-packages/rclpy/executors.py", line 797, in _spin_once_impl
[joint_state_publisher-2]     handler, entity, node = self.wait_for_ready_callbacks(timeout_sec=timeout_sec)
[joint_state_publisher-2]   File "/opt/ros/humble/local/lib/python3.10/dist-packages/rclpy/executors.py", line 780, in wait_for_ready_callbacks
[joint_state_publisher-2]     return next(self._cb_iter)
[joint_state_publisher-2]   File "/opt/ros/humble/local/lib/python3.10/dist-packages/rclpy/executors.py", line 681, in _wait_for_ready_callbacks
[joint_state_publisher-2]     raise ExternalShutdownException()
[joint_state_publisher-2] rclpy.executors.ExternalShutdownException
[INFO] [parameter_bridge-5]: process has finished cleanly [pid 13102]
[INFO] [robot_state_publisher-3]: process has finished cleanly [pid 13097]
[INFO] [static_transform_publisher-6]: process has finished cleanly [pid 13104]
[ERROR] [joint_state_publisher-2]: process has died [pid 13094, exit code 1, cmd '/opt/ros/humble/lib/joint_state_publisher/joint_state_publisher --ros-args --params-file /tmp/launch_params_usmd2wem'].
