[INFO] [launch]: All log files can be found below /home/ubuntu/.ros/log/2026-05-29-16-33-02-101797-ubuntu-virtual-machine-16157
[INFO] [launch]: Default logging verbosity is set to INFO
ign_args is deprecated, migrate to gz_args!
[INFO] [ign gazebo-1]: process started with pid [16160]
[INFO] [joint_state_publisher-2]: process started with pid [16162]
[INFO] [robot_state_publisher-3]: process started with pid [16165]
[INFO] [create-4]: process started with pid [16167]
[INFO] [parameter_bridge-5]: process started with pid [16170]
[INFO] [static_transform_publisher-6]: process started with pid [16176]
[create-4] [ros_ign_gazebo] is deprecated! Redirecting to use [ros_gz_sim] instead!
[create-4] 
[static_transform_publisher-6] [33m[WARN] [1780043582.622340711] []: Old-style arguments are deprecated; see --help for new-style arguments[0m
[create-4] [0m[INFO] [1780043582.626129344] [ros_gz_sim]: Requesting list of world names.[0m
[static_transform_publisher-6] [0m[INFO] [1780043582.636690193] [static_transform_publisher]: Spinning until stopped - publishing transform
[static_transform_publisher-6] translation: ('0.000000', '0.000000', '0.000000')
[static_transform_publisher-6] rotation: ('0.000000', '0.000000', '0.000000', '1.000000')
[static_transform_publisher-6] from 'map' to 'odom'[0m
[robot_state_publisher-3] [0m[INFO] [1780043582.666399110] [robot_state_publisher]: got segment base_balck_link[0m
[robot_state_publisher-3] [0m[INFO] [1780043582.666688887] [robot_state_publisher]: got segment base_link[0m
[robot_state_publisher-3] [0m[INFO] [1780043582.666700042] [robot_state_publisher]: got segment base_screen_link[0m
[robot_state_publisher-3] [0m[INFO] [1780043582.666749149] [robot_state_publisher]: got segment base_white_link[0m
[robot_state_publisher-3] [0m[INFO] [1780043582.666753227] [robot_state_publisher]: got segment depth_cam_frame[0m
[robot_state_publisher-3] [0m[INFO] [1780043582.666755232] [robot_state_publisher]: got segment depth_cam_link[0m
[robot_state_publisher-3] [0m[INFO] [1780043582.666757402] [robot_state_publisher]: got segment end_effector_link[0m
[robot_state_publisher-3] [0m[INFO] [1780043582.666759627] [robot_state_publisher]: got segment grasp_tcp[0m
[robot_state_publisher-3] [0m[INFO] [1780043582.666761942] [robot_state_publisher]: got segment gripper_servo_link[0m
[robot_state_publisher-3] [0m[INFO] [1780043582.666764101] [robot_state_publisher]: got segment l_in_link[0m
[robot_state_publisher-3] [0m[INFO] [1780043582.666766094] [robot_state_publisher]: got segment l_link[0m
[robot_state_publisher-3] [0m[INFO] [1780043582.666768196] [robot_state_publisher]: got segment l_out_link[0m
[robot_state_publisher-3] [0m[INFO] [1780043582.666770267] [robot_state_publisher]: got segment link1[0m
[robot_state_publisher-3] [0m[INFO] [1780043582.666849303] [robot_state_publisher]: got segment link2[0m
[robot_state_publisher-3] [0m[INFO] [1780043582.666889472] [robot_state_publisher]: got segment link3[0m
[robot_state_publisher-3] [0m[INFO] [1780043582.666906714] [robot_state_publisher]: got segment link4[0m
[robot_state_publisher-3] [0m[INFO] [1780043582.666913293] [robot_state_publisher]: got segment link5[0m
[robot_state_publisher-3] [0m[INFO] [1780043582.666915364] [robot_state_publisher]: got segment r_in_link[0m
[robot_state_publisher-3] [0m[INFO] [1780043582.666917445] [robot_state_publisher]: got segment r_link[0m
[robot_state_publisher-3] [0m[INFO] [1780043582.666919434] [robot_state_publisher]: got segment r_out_link[0m
[robot_state_publisher-3] [0m[INFO] [1780043582.666921430] [robot_state_publisher]: got segment servo_link2[0m
[robot_state_publisher-3] [0m[INFO] [1780043582.666923487] [robot_state_publisher]: got segment world[0m
[parameter_bridge-5] [0m[INFO] [1780043582.698902609] [ros_gz_bridge]: Creating ROS->GZ Bridge: [/controller/cmd_vel (geometry_msgs/msg/Twist) -> /controller/cmd_vel (ignition.msgs.Twist)] (Lazy 0)[0m
[parameter_bridge-5] [0m[INFO] [1780043582.700302336] [ros_gz_bridge]: Creating GZ->ROS Bridge: [/odom (ignition.msgs.Odometry) -> /odom (nav_msgs/msg/Odometry)] (Lazy 0)[0m
[parameter_bridge-5] [0m[INFO] [1780043582.701669683] [ros_gz_bridge]: Creating GZ->ROS Bridge: [/odom/tf (ignition.msgs.Pose_V) -> /odom/tf (tf2_msgs/msg/TFMessage)] (Lazy 0)[0m
[parameter_bridge-5] [0m[INFO] [1780043582.703879604] [ros_gz_bridge]: Creating GZ->ROS Bridge: [/joint_states (ignition.msgs.Model) -> /joint_states (sensor_msgs/msg/JointState)] (Lazy 0)[0m
[parameter_bridge-5] [0m[INFO] [1780043582.705128060] [ros_gz_bridge]: Creating GZ->ROS Bridge: [/scan (ignition.msgs.LaserScan) -> /scan (sensor_msgs/msg/LaserScan)] (Lazy 0)[0m
[parameter_bridge-5] [0m[INFO] [1780043582.705736202] [ros_gz_bridge]: Creating GZ->ROS Bridge: [/scan/points (ignition.msgs.PointCloudPacked) -> /scan/points (sensor_msgs/msg/PointCloud2)] (Lazy 0)[0m
[parameter_bridge-5] [0m[INFO] [1780043582.706373928] [ros_gz_bridge]: Creating GZ->ROS Bridge: [/depth_cam/rgbd/image (ignition.msgs.Image) -> /depth_cam/rgbd/image (sensor_msgs/msg/Image)] (Lazy 0)[0m
[parameter_bridge-5] [0m[INFO] [1780043582.706801397] [ros_gz_bridge]: Creating GZ->ROS Bridge: [/depth_cam/rgbd/depth_image (ignition.msgs.Image) -> /depth_cam/rgbd/depth_image (sensor_msgs/msg/Image)] (Lazy 0)[0m
[joint_state_publisher-2] [0m[INFO] [1780043582.914992826] [joint_state_publisher]: Waiting for robot_description to be published on the robot_description topic...[0m
[create-4] [0m[INFO] [1780043583.132932111] [ros_gz_sim]: Waiting messages on topic [robot_description].[0m
[create-4] [0m[INFO] [1780043583.231440876] [ros_gz_sim]: Requested creation of entity.[0m
[create-4] [0m[INFO] [1780043583.231492510] [ros_gz_sim]: OK creation of entity.[0m
[INFO] [create-4]: process has finished cleanly [pid 16167]
[INFO] [spawner-7]: process started with pid [16281]
[spawner-7] [0m[INFO] [1780043583.561075668] [spawner_joint_state_broadcaster]: waiting for service /controller_manager/list_controllers to become available...[0m
[ign gazebo-1] VMware: No 3D enabled (0, Success).
[ign gazebo-1] libEGL warning: egl: failed to create dri2 screen
[ign gazebo-1] VMware: No 3D enabled (0, Success).
[ign gazebo-1] libEGL warning: egl: failed to create dri2 screen
[ign gazebo-1] [0m[INFO] [1780043584.849501590] [GazeboSimROS2ControlPlugin]: robot_param_node is robot_state_publisher[0m
[ign gazebo-1] [0m[INFO] [1780043584.849540925] [GazeboSimROS2ControlPlugin]: robot_param_node is robot_description[0m
[ign gazebo-1] [0m[INFO] [1780043584.873877254] [gz_ros2_control]: [ign_ros2_control] Fixed joint [base_joint] (Entity=69)] is skipped[0m
[ign gazebo-1] [0m[INFO] [1780043584.879862331] [gz_ros2_control]: connected to service!! robot_state_publisher asking for robot_description[0m
[ign gazebo-1] [0m[INFO] [1780043584.882601303] [gz_ros2_control]: Received URDF from param server[0m
[ign gazebo-1] [0m[INFO] [1780043584.889428724] [gz_ros2_control]: The position_proportional_gain has been set to: 0.1[0m
[ign gazebo-1] [0m[INFO] [1780043584.889656310] [gz_ros2_control]: Loading joint: joint1[0m
[ign gazebo-1] [0m[INFO] [1780043584.889742823] [gz_ros2_control]: 	State:[0m
[ign gazebo-1] [0m[INFO] [1780043584.889786550] [gz_ros2_control]: 		 position[0m
[ign gazebo-1] [0m[INFO] [1780043584.889863155] [gz_ros2_control]: 			 found initial value: 0.000000[0m
[ign gazebo-1] [0m[INFO] [1780043584.889888794] [gz_ros2_control]: 		 velocity[0m
[ign gazebo-1] [0m[INFO] [1780043584.889911649] [gz_ros2_control]: 		 effort[0m
[ign gazebo-1] [0m[INFO] [1780043584.889920927] [gz_ros2_control]: 	Command:[0m
[ign gazebo-1] [0m[INFO] [1780043584.889923798] [gz_ros2_control]: 		 position[0m
[ign gazebo-1] [0m[INFO] [1780043584.890135640] [gz_ros2_control]: Loading joint: joint2[0m
[ign gazebo-1] [0m[INFO] [1780043584.890147840] [gz_ros2_control]: 	State:[0m
[ign gazebo-1] [0m[INFO] [1780043584.890150862] [gz_ros2_control]: 		 position[0m
[ign gazebo-1] [0m[INFO] [1780043584.890154421] [gz_ros2_control]: 			 found initial value: 0.000000[0m
[ign gazebo-1] [0m[INFO] [1780043584.890158343] [gz_ros2_control]: 		 velocity[0m
[ign gazebo-1] [0m[INFO] [1780043584.890162517] [gz_ros2_control]: 		 effort[0m
[ign gazebo-1] [0m[INFO] [1780043584.890172031] [gz_ros2_control]: 	Command:[0m
[ign gazebo-1] [0m[INFO] [1780043584.890176283] [gz_ros2_control]: 		 position[0m
[ign gazebo-1] [0m[INFO] [1780043584.890202486] [gz_ros2_control]: Loading joint: joint3[0m
[ign gazebo-1] [0m[INFO] [1780043584.890205631] [gz_ros2_control]: 	State:[0m
[ign gazebo-1] [0m[INFO] [1780043584.890208279] [gz_ros2_control]: 		 position[0m
[ign gazebo-1] [0m[INFO] [1780043584.890210768] [gz_ros2_control]: 			 found initial value: 0.000000[0m
[ign gazebo-1] [0m[INFO] [1780043584.890213761] [gz_ros2_control]: 		 velocity[0m
[ign gazebo-1] [0m[INFO] [1780043584.890216276] [gz_ros2_control]: 		 effort[0m
[ign gazebo-1] [0m[INFO] [1780043584.890225332] [gz_ros2_control]: 	Command:[0m
[ign gazebo-1] [0m[INFO] [1780043584.890227751] [gz_ros2_control]: 		 position[0m
[ign gazebo-1] [0m[INFO] [1780043584.890234315] [gz_ros2_control]: Loading joint: joint4[0m
[ign gazebo-1] [0m[INFO] [1780043584.890236937] [gz_ros2_control]: 	State:[0m
[ign gazebo-1] [0m[INFO] [1780043584.890306336] [gz_ros2_control]: 		 position[0m
[ign gazebo-1] [0m[INFO] [1780043584.890312086] [gz_ros2_control]: 			 found initial value: 0.000000[0m
[ign gazebo-1] [0m[INFO] [1780043584.890315398] [gz_ros2_control]: 		 velocity[0m
[ign gazebo-1] [0m[INFO] [1780043584.890318031] [gz_ros2_control]: 		 effort[0m
[ign gazebo-1] [0m[INFO] [1780043584.890320607] [gz_ros2_control]: 	Command:[0m
[ign gazebo-1] [0m[INFO] [1780043584.890322829] [gz_ros2_control]: 		 position[0m
[ign gazebo-1] [0m[INFO] [1780043584.890333250] [gz_ros2_control]: Loading joint: joint5[0m
[ign gazebo-1] [0m[INFO] [1780043584.890336041] [gz_ros2_control]: 	State:[0m
[ign gazebo-1] [0m[INFO] [1780043584.890338602] [gz_ros2_control]: 		 position[0m
[ign gazebo-1] [0m[INFO] [1780043584.890341062] [gz_ros2_control]: 			 found initial value: 0.000000[0m
[ign gazebo-1] [0m[INFO] [1780043584.890343790] [gz_ros2_control]: 		 velocity[0m
[ign gazebo-1] [0m[INFO] [1780043584.890346123] [gz_ros2_control]: 		 effort[0m
[ign gazebo-1] [0m[INFO] [1780043584.890348519] [gz_ros2_control]: 	Command:[0m
[ign gazebo-1] [0m[INFO] [1780043584.890350690] [gz_ros2_control]: 		 position[0m
[ign gazebo-1] [0m[INFO] [1780043584.890358290] [gz_ros2_control]: Loading joint: r_joint[0m
[ign gazebo-1] [0m[INFO] [1780043584.890360908] [gz_ros2_control]: 	State:[0m
[ign gazebo-1] [0m[INFO] [1780043584.890363213] [gz_ros2_control]: 		 position[0m
[ign gazebo-1] [0m[INFO] [1780043584.890365521] [gz_ros2_control]: 			 found initial value: 0.000000[0m
[ign gazebo-1] [0m[INFO] [1780043584.890368259] [gz_ros2_control]: 		 velocity[0m
[ign gazebo-1] [0m[INFO] [1780043584.890372697] [gz_ros2_control]: 		 effort[0m
[ign gazebo-1] [0m[INFO] [1780043584.890375258] [gz_ros2_control]: 	Command:[0m
[ign gazebo-1] [0m[INFO] [1780043584.890377434] [gz_ros2_control]: 		 position[0m
[ign gazebo-1] [0m[INFO] [1780043584.890383437] [gz_ros2_control]: Loading joint: l_joint[0m
[ign gazebo-1] [0m[INFO] [1780043584.890386219] [gz_ros2_control]: 	State:[0m
[ign gazebo-1] [0m[INFO] [1780043584.890388500] [gz_ros2_control]: 		 position[0m
[ign gazebo-1] [0m[INFO] [1780043584.890390756] [gz_ros2_control]: 			 found initial value: 0.000000[0m
[ign gazebo-1] [0m[INFO] [1780043584.890393448] [gz_ros2_control]: 		 velocity[0m
[ign gazebo-1] [0m[INFO] [1780043584.890395842] [gz_ros2_control]: 		 effort[0m
[ign gazebo-1] [0m[INFO] [1780043584.890398209] [gz_ros2_control]: 	Command:[0m
[ign gazebo-1] [0m[INFO] [1780043584.890400404] [gz_ros2_control]: 		 position[0m
[ign gazebo-1] [0m[INFO] [1780043584.890406025] [gz_ros2_control]: Loading joint: l_in_joint[0m
[ign gazebo-1] [0m[INFO] [1780043584.890408618] [gz_ros2_control]: 	State:[0m
[ign gazebo-1] [0m[INFO] [1780043584.890435944] [gz_ros2_control]: 		 position[0m
[ign gazebo-1] [0m[INFO] [1780043584.890438666] [gz_ros2_control]: 			 found initial value: 0.000000[0m
[ign gazebo-1] [0m[INFO] [1780043584.890441382] [gz_ros2_control]: 		 velocity[0m
[ign gazebo-1] [0m[INFO] [1780043584.890443797] [gz_ros2_control]: 		 effort[0m
[ign gazebo-1] [0m[INFO] [1780043584.890446185] [gz_ros2_control]: 	Command:[0m
[ign gazebo-1] [0m[INFO] [1780043584.890448354] [gz_ros2_control]: 		 position[0m
[ign gazebo-1] [0m[INFO] [1780043584.890453677] [gz_ros2_control]: Loading joint: l_out_joint[0m
[ign gazebo-1] [0m[INFO] [1780043584.890456491] [gz_ros2_control]: 	State:[0m
[ign gazebo-1] [0m[INFO] [1780043584.890458946] [gz_ros2_control]: 		 position[0m
[ign gazebo-1] [0m[INFO] [1780043584.890461173] [gz_ros2_control]: 			 found initial value: 0.000000[0m
[ign gazebo-1] [0m[INFO] [1780043584.890463760] [gz_ros2_control]: 		 velocity[0m
[ign gazebo-1] [0m[INFO] [1780043584.890466213] [gz_ros2_control]: 		 effort[0m
[ign gazebo-1] [0m[INFO] [1780043584.890468619] [gz_ros2_control]: 	Command:[0m
[ign gazebo-1] [0m[INFO] [1780043584.890470776] [gz_ros2_control]: 		 position[0m
[ign gazebo-1] [0m[INFO] [1780043584.890477742] [gz_ros2_control]: Loading joint: r_in_joint[0m
[ign gazebo-1] [0m[INFO] [1780043584.890480270] [gz_ros2_control]: 	State:[0m
[ign gazebo-1] [0m[INFO] [1780043584.890482787] [gz_ros2_control]: 		 position[0m
[ign gazebo-1] [0m[INFO] [1780043584.890485058] [gz_ros2_control]: 			 found initial value: 0.000000[0m
[ign gazebo-1] [0m[INFO] [1780043584.890487789] [gz_ros2_control]: 		 velocity[0m
[ign gazebo-1] [0m[INFO] [1780043584.890490222] [gz_ros2_control]: 		 effort[0m
[ign gazebo-1] [0m[INFO] [1780043584.890492599] [gz_ros2_control]: 	Command:[0m
[ign gazebo-1] [0m[INFO] [1780043584.890494815] [gz_ros2_control]: 		 position[0m
[ign gazebo-1] [0m[INFO] [1780043584.890500153] [gz_ros2_control]: Loading joint: r_out_joint[0m
[ign gazebo-1] [0m[INFO] [1780043584.890502655] [gz_ros2_control]: 	State:[0m
[ign gazebo-1] [0m[INFO] [1780043584.890504907] [gz_ros2_control]: 		 position[0m
[ign gazebo-1] [0m[INFO] [1780043584.890507184] [gz_ros2_control]: 			 found initial value: 0.000000[0m
[ign gazebo-1] [0m[INFO] [1780043584.890509833] [gz_ros2_control]: 		 velocity[0m
[ign gazebo-1] [0m[INFO] [1780043584.890512125] [gz_ros2_control]: 		 effort[0m
[ign gazebo-1] [0m[INFO] [1780043584.890519122] [gz_ros2_control]: 	Command:[0m
[ign gazebo-1] [0m[INFO] [1780043584.890521583] [gz_ros2_control]: 		 position[0m
[ign gazebo-1] [0m[INFO] [1780043584.890808581] [resource_manager]: Initialize hardware 'IgnitionSystem' [0m
[ign gazebo-1] [33m[WARN] [1780043584.890823322] [gz_ros2_control]: On init...[0m
[ign gazebo-1] [0m[INFO] [1780043584.891016175] [resource_manager]: Successful initialization of hardware 'IgnitionSystem'[0m
[ign gazebo-1] [0m[INFO] [1780043584.891072925] [resource_manager]: 'configure' hardware 'IgnitionSystem' [0m
[ign gazebo-1] [0m[INFO] [1780043584.891076537] [gz_ros2_control]: System Successfully configured![0m
[ign gazebo-1] [0m[INFO] [1780043584.891086771] [resource_manager]: Successful 'configure' of hardware 'IgnitionSystem'[0m
[ign gazebo-1] [0m[INFO] [1780043584.891093023] [resource_manager]: 'activate' hardware 'IgnitionSystem' [0m
[ign gazebo-1] [0m[INFO] [1780043584.891095787] [resource_manager]: Successful 'activate' of hardware 'IgnitionSystem'[0m
[ign gazebo-1] [0m[INFO] [1780043584.891101039] [gz_ros2_control]: Loading controller_manager[0m
[ign gazebo-1] [33m[WARN] [1780043585.038607419] [gz_ros2_control]:  Desired controller update period (0.0333333 s) is slower than the gazebo simulation period (0.02 s).[0m
[ign gazebo-1] [0m[INFO] [1780043585.070284005] [controller_manager]: Loading controller 'joint_state_broadcaster'[0m
[spawner-7] [0m[INFO] [1780043585.105038169] [spawner_joint_state_broadcaster]: [94mLoaded [1mjoint_state_broadcaster[0m[0m
[ign gazebo-1] [0m[INFO] [1780043585.107066106] [controller_manager]: Configuring controller 'joint_state_broadcaster'[0m
[ign gazebo-1] [0m[INFO] [1780043585.107237490] [joint_state_broadcaster]: 'joints' or 'interfaces' parameter is empty. All available state interfaces will be published[0m
[ign gazebo-1] VMware: No 3D enabled (0, Success).
[ign gazebo-1] libEGL warning: egl: failed to create dri2 screen
[ign gazebo-1] VMware: No 3D enabled (0, Success).
[ign gazebo-1] libEGL warning: egl: failed to create dri2 screen
[spawner-7] [0m[INFO] [1780043586.068197025] [spawner_joint_state_broadcaster]: [92mConfigured and activated [1mjoint_state_broadcaster[0m[0m
[INFO] [spawner-7]: process has finished cleanly [pid 16281]
[INFO] [spawner-8]: process started with pid [16367]
[spawner-8] [0m[INFO] [1780043586.490122229] [spawner_arm_controller]: waiting for service /controller_manager/list_controllers to become available...[0m
[ign gazebo-1] [0m[INFO] [1780043588.523714436] [controller_manager]: Loading controller 'arm_controller'[0m
[ign gazebo-1] [33m[WARN] [1780043588.545992007] [arm_controller]: [Deprecated]: "allow_nonzero_velocity_at_trajectory_end" is set to true. The default behavior will change to false.[0m
[spawner-8] [0m[INFO] [1780043588.612641732] [spawner_arm_controller]: [94mLoaded [1marm_controller[0m[0m
[ign gazebo-1] [0m[INFO] [1780043588.697930588] [controller_manager]: Configuring controller 'arm_controller'[0m
[ign gazebo-1] [0m[INFO] [1780043588.698081995] [arm_controller]: No specific joint names are used for command interfaces. Using 'joints' parameter.[0m
[ign gazebo-1] [0m[INFO] [1780043588.698095940] [arm_controller]: Command interfaces are [position] and state interfaces are [position velocity].[0m
[ign gazebo-1] [0m[INFO] [1780043588.698131890] [arm_controller]: Using 'splines' interpolation method.[0m
[ign gazebo-1] [0m[INFO] [1780043588.699200166] [arm_controller]: Controller state will be published at 50.00 Hz.[0m
[ign gazebo-1] [0m[INFO] [1780043588.705662399] [arm_controller]: Action status changes will be monitored at 20.00 Hz.[0m
[spawner-8] [0m[INFO] [1780043589.046747462] [spawner_arm_controller]: [92mConfigured and activated [1marm_controller[0m[0m
[INFO] [spawner-8]: process has finished cleanly [pid 16367]
[INFO] [spawner-9]: process started with pid [16382]
[ign gazebo-1] [0m[INFO] [1780043589.455310620] [controller_manager]: Loading controller 'gripper_controller'[0m
[ign gazebo-1] [33m[WARN] [1780043589.486742110] [gripper_controller]: [Deprecated]: "allow_nonzero_velocity_at_trajectory_end" is set to true. The default behavior will change to false.[0m
[spawner-9] [0m[INFO] [1780043589.526144337] [spawner_gripper_controller]: [94mLoaded [1mgripper_controller[0m[0m
[ign gazebo-1] [0m[INFO] [1780043589.529604671] [controller_manager]: Configuring controller 'gripper_controller'[0m
[ign gazebo-1] [0m[INFO] [1780043589.529727762] [gripper_controller]: No specific joint names are used for command interfaces. Using 'joints' parameter.[0m
[ign gazebo-1] [0m[INFO] [1780043589.529737014] [gripper_controller]: Command interfaces are [position] and state interfaces are [position velocity].[0m
[ign gazebo-1] [0m[INFO] [1780043589.529743931] [gripper_controller]: Using 'splines' interpolation method.[0m
[ign gazebo-1] [0m[INFO] [1780043589.530080729] [gripper_controller]: Controller state will be published at 50.00 Hz.[0m
[ign gazebo-1] [0m[INFO] [1780043589.531904554] [gripper_controller]: Action status changes will be monitored at 20.00 Hz.[0m
[spawner-9] [0m[INFO] [1780043590.040081998] [spawner_gripper_controller]: [92mConfigured and activated [1mgripper_controller[0m[0m
[INFO] [spawner-9]: process has finished cleanly [pid 16382]
[ign gazebo-1] [0m[INFO] [1780043825.741770934] [gripper_controller]: Received new action goal[0m
[ign gazebo-1] [0m[INFO] [1780043825.741853699] [gripper_controller]: Accepted new action goal[0m
[ign gazebo-1] [0m[INFO] [1780043829.629660728] [gripper_controller]: Goal reached, success![0m
[ign gazebo-1] [0m[INFO] [1780043829.645072265] [arm_controller]: Received new action goal[0m
[ign gazebo-1] [0m[INFO] [1780043829.645115736] [arm_controller]: Accepted new action goal[0m
[ign gazebo-1] [0m[INFO] [1780043840.925935037] [arm_controller]: Goal reached, success![0m
[ign gazebo-1] [0m[INFO] [1780043845.521709542] [arm_controller]: Received new action goal[0m
[ign gazebo-1] [0m[INFO] [1780043845.521760163] [arm_controller]: Accepted new action goal[0m
[ign gazebo-1] [0m[INFO] [1780043857.047074077] [arm_controller]: Goal reached, success![0m
[ign gazebo-1] [0m[INFO] [1780043857.074631168] [gripper_controller]: Received new action goal[0m
[ign gazebo-1] [0m[INFO] [1780043857.074675437] [gripper_controller]: Accepted new action goal[0m
[ign gazebo-1] [0m[INFO] [1780043860.269587732] [gripper_controller]: Goal reached, success![0m
[ign gazebo-1] [0m[INFO] [1780043860.478613963] [arm_controller]: Received new action goal[0m
[ign gazebo-1] [0m[INFO] [1780043860.478657049] [arm_controller]: Accepted new action goal[0m
[ign gazebo-1] [0m[INFO] [1780043872.024243550] [arm_controller]: Goal reached, success![0m
[ign gazebo-1] [0m[INFO] [1780043872.031615326] [gripper_controller]: Received new action goal[0m
[ign gazebo-1] [0m[INFO] [1780043872.031667125] [gripper_controller]: Accepted new action goal[0m
[ign gazebo-1] [0m[INFO] [1780043875.198228734] [gripper_controller]: Goal reached, success![0m
[ign gazebo-1] [0m[INFO] [1780043882.116343448] [arm_controller]: Received new action goal[0m
[ign gazebo-1] [0m[INFO] [1780043882.116394573] [arm_controller]: Accepted new action goal[0m
[ign gazebo-1] [0m[INFO] [1780043892.171112132] [arm_controller]: Goal reached, success![0m
[ign gazebo-1] [0m[INFO] [1780043892.229066195] [arm_controller]: Received new action goal[0m
[ign gazebo-1] [0m[INFO] [1780043892.229101935] [arm_controller]: Accepted new action goal[0m
[ign gazebo-1] [0m[INFO] [1780043902.033559773] [arm_controller]: Goal reached, success![0m
[ign gazebo-1] [0m[INFO] [1780043907.232329353] [gripper_controller]: Received new action goal[0m
[ign gazebo-1] [0m[INFO] [1780043907.232388304] [gripper_controller]: Accepted new action goal[0m
[ign gazebo-1] [0m[INFO] [1780043911.987968503] [gripper_controller]: Goal reached, success![0m
[ign gazebo-1] [0m[INFO] [1780043916.407486145] [gripper_controller]: Received new action goal[0m
[ign gazebo-1] [0m[INFO] [1780043916.407533215] [gripper_controller]: Accepted new action goal[0m
[ign gazebo-1] [0m[INFO] [1780043921.273910595] [gripper_controller]: Goal reached, success![0m
[ign gazebo-1] [0m[INFO] [1780043925.693244081] [gripper_controller]: Received new action goal[0m
[ign gazebo-1] [0m[INFO] [1780043925.693294767] [gripper_controller]: Accepted new action goal[0m
[ign gazebo-1] [0m[INFO] [1780043930.960579804] [gripper_controller]: Goal reached, success![0m
[ign gazebo-1] [0m[INFO] [1780043935.362675738] [gripper_controller]: Received new action goal[0m
[ign gazebo-1] [0m[INFO] [1780043935.362745534] [gripper_controller]: Accepted new action goal[0m
[ign gazebo-1] [0m[INFO] [1780043940.558584353] [gripper_controller]: Goal reached, success![0m
[ign gazebo-1] [0m[INFO] [1780043944.915242074] [gripper_controller]: Received new action goal[0m
[ign gazebo-1] [0m[INFO] [1780043944.915284082] [gripper_controller]: Accepted new action goal[0m
[ign gazebo-1] [0m[INFO] [1780043950.246034457] [gripper_controller]: Goal reached, success![0m
[ign gazebo-1] [0m[INFO] [1780043954.634199222] [gripper_controller]: Received new action goal[0m
[ign gazebo-1] [0m[INFO] [1780043954.634239725] [gripper_controller]: Accepted new action goal[0m
[ign gazebo-1] [0m[INFO] [1780043959.689256934] [gripper_controller]: Goal reached, success![0m
[ign gazebo-1] [0m[INFO] [1780044000.554550800] [gripper_controller]: Received new action goal[0m
[ign gazebo-1] [0m[INFO] [1780044000.554605579] [gripper_controller]: Accepted new action goal[0m
[ign gazebo-1] [0m[INFO] [1780044005.723201842] [gripper_controller]: Goal reached, success![0m
[ign gazebo-1] [0m[INFO] [1780044005.757642433] [arm_controller]: Received new action goal[0m
[ign gazebo-1] [0m[INFO] [1780044005.757697307] [arm_controller]: Accepted new action goal[0m
[ign gazebo-1] [0m[INFO] [1780044018.235616900] [arm_controller]: Goal reached, success![0m
[ign gazebo-1] [0m[INFO] [1780044022.723845515] [arm_controller]: Received new action goal[0m
[ign gazebo-1] [0m[INFO] [1780044022.723889491] [arm_controller]: Accepted new action goal[0m
[ign gazebo-1] [0m[INFO] [1780044035.498942860] [arm_controller]: Goal reached, success![0m
[ign gazebo-1] [0m[INFO] [1780044035.528503132] [gripper_controller]: Received new action goal[0m
[ign gazebo-1] [0m[INFO] [1780044035.528549364] [gripper_controller]: Accepted new action goal[0m
[ign gazebo-1] [0m[INFO] [1780044038.693083051] [gripper_controller]: Goal reached, success![0m
[ign gazebo-1] [0m[INFO] [1780044038.731800129] [arm_controller]: Received new action goal[0m
[ign gazebo-1] [0m[INFO] [1780044038.731851240] [arm_controller]: Accepted new action goal[0m
[ign gazebo-1] [0m[INFO] [1780044051.278095521] [arm_controller]: Goal reached, success![0m
[ign gazebo-1] [0m[INFO] [1780044051.285087224] [gripper_controller]: Received new action goal[0m
[ign gazebo-1] [0m[INFO] [1780044051.285129217] [gripper_controller]: Accepted new action goal[0m
[ign gazebo-1] [0m[INFO] [1780044054.746546746] [gripper_controller]: Goal reached, success![0m
[ign gazebo-1] [0m[INFO] [1780044067.472855820] [arm_controller]: Received new action goal[0m
[ign gazebo-1] [0m[INFO] [1780044067.472906604] [arm_controller]: Accepted new action goal[0m
[ign gazebo-1] [0m[INFO] [1780044077.771604367] [arm_controller]: Goal reached, success![0m
[ign gazebo-1] [0m[INFO] [1780044077.775905436] [arm_controller]: Received new action goal[0m
[ign gazebo-1] [0m[INFO] [1780044077.775969003] [arm_controller]: Accepted new action goal[0m
[ign gazebo-1] [0m[INFO] [1780044087.908339863] [arm_controller]: Goal reached, success![0m
[ign gazebo-1] [0m[INFO] [1780044092.082121532] [gripper_controller]: Received new action goal[0m
[ign gazebo-1] [0m[INFO] [1780044092.082238643] [gripper_controller]: Accepted new action goal[0m
[ign gazebo-1] [0m[INFO] [1780044124.308431011] [arm_controller]: Received new action goal[0m
[ign gazebo-1] [0m[INFO] [1780044124.308484393] [arm_controller]: Accepted new action goal[0m
[ign gazebo-1] [0m[INFO] [1780044132.013423790] [arm_controller]: Goal reached, success![0m
[ign gazebo-1] [0m[INFO] [1780044136.392051341] [arm_controller]: Received new action goal[0m
[ign gazebo-1] [0m[INFO] [1780044136.392093013] [arm_controller]: Accepted new action goal[0m
[ign gazebo-1] [0m[INFO] [1780044143.909093382] [arm_controller]: Goal reached, success![0m
[ign gazebo-1] [0m[INFO] [1780044148.288589803] [arm_controller]: Received new action goal[0m
[ign gazebo-1] [0m[INFO] [1780044148.288628490] [arm_controller]: Accepted new action goal[0m
[ign gazebo-1] [0m[INFO] [1780044155.212386856] [arm_controller]: Goal reached, success![0m
[ign gazebo-1] [0m[INFO] [1780044159.537691083] [arm_controller]: Received new action goal[0m
[ign gazebo-1] [0m[INFO] [1780044159.537731128] [arm_controller]: Accepted new action goal[0m
[ign gazebo-1] [0m[INFO] [1780044166.459059001] [arm_controller]: Goal reached, success![0m
[ign gazebo-1] [0m[INFO] [1780044170.888758008] [arm_controller]: Received new action goal[0m
[ign gazebo-1] [0m[INFO] [1780044170.888822116] [arm_controller]: Accepted new action goal[0m
[ign gazebo-1] [0m[INFO] [1780044177.486050838] [arm_controller]: Goal reached, success![0m
[ign gazebo-1] [0m[INFO] [1780044181.764298252] [arm_controller]: Received new action goal[0m
[ign gazebo-1] [0m[INFO] [1780044181.764337922] [arm_controller]: Accepted new action goal[0m
[ign gazebo-1] [0m[INFO] [1780044188.476951341] [arm_controller]: Goal reached, success![0m
[ign gazebo-1] [0m[INFO] [1780044192.847805841] [arm_controller]: Received new action goal[0m
[ign gazebo-1] [0m[INFO] [1780044192.847871144] [arm_controller]: Accepted new action goal[0m
[ign gazebo-1] [0m[INFO] [1780044199.317562518] [arm_controller]: Goal reached, success![0m
[ign gazebo-1] [0m[INFO] [1780044306.300967283] [gripper_controller]: Received new action goal[0m
[ign gazebo-1] [0m[INFO] [1780044306.301009305] [gripper_controller]: Accepted new action goal[0m
[ign gazebo-1] [0m[INFO] [1780044310.479441924] [gripper_controller]: Goal reached, success![0m
[ign gazebo-1] [0m[INFO] [1780044310.510066155] [arm_controller]: Received new action goal[0m
[ign gazebo-1] [0m[INFO] [1780044310.510121016] [arm_controller]: Accepted new action goal[0m
[ign gazebo-1] [0m[INFO] [1780044322.857310463] [arm_controller]: Goal reached, success![0m
[ign gazebo-1] [0m[INFO] [1780044332.388663969] [arm_controller]: Received new action goal[0m
[ign gazebo-1] [0m[INFO] [1780044332.388701116] [arm_controller]: Accepted new action goal[0m
[ign gazebo-1] [0m[INFO] [1780044342.670815880] [arm_controller]: Goal reached, success![0m
[ign gazebo-1] [0m[INFO] [1780044342.692287706] [arm_controller]: Received new action goal[0m
[ign gazebo-1] [0m[INFO] [1780044342.692320968] [arm_controller]: Accepted new action goal[0m
[ign gazebo-1] [0m[INFO] [1780044353.129240551] [arm_controller]: Goal reached, success![0m
[WARNING] [launch]: user interrupted with ctrl-c (SIGINT)
[ign gazebo-1] [0m[INFO] [1780044537.083038818] [rclcpp]: signal_handler(SIGINT/SIGTERM)[0m
[ign gazebo-1] [0m[INFO] [1780044537.083131468] [controller_manager]: Shutdown request received....[0m
[ign gazebo-1] [0m[INFO] [1780044537.083196940] [controller_manager]: Shutting down all controllers in the controller manager.[0m
[ign gazebo-1] [0m[INFO] [1780044537.083219042] [controller_manager]: Deactivating controller 'joint_state_broadcaster'[0m
[ign gazebo-1] [0m[INFO] [1780044537.083242875] [controller_manager]: Shutting down controller 'joint_state_broadcaster'[0m
[ign gazebo-1] [0m[INFO] [1780044537.086044785] [controller_manager]: Deactivating controller 'arm_controller'[0m
[ign gazebo-1] [0m[INFO] [1780044537.086091373] [controller_manager]: Shutting down controller 'arm_controller'[0m
[ign gazebo-1] [0m[INFO] [1780044537.086099038] [controller_manager]: Deactivating controller 'gripper_controller'[0m
[ign gazebo-1] [0m[INFO] [1780044537.086107532] [controller_manager]: Shutting down controller 'gripper_controller'[0m
[ign gazebo-1] [0m[INFO] [1780044537.086128438] [resource_manager]: 'deactivate' hardware 'IgnitionSystem' [0m
[ign gazebo-1] [0m[INFO] [1780044537.086137017] [resource_manager]: Successful 'deactivate' of hardware 'IgnitionSystem'[0m
[ign gazebo-1] [0m[INFO] [1780044537.086138954] [resource_manager]: 'shutdown' hardware 'IgnitionSystem' [0m
[ign gazebo-1] [0m[INFO] [1780044537.086141647] [resource_manager]: Successful 'shutdown' of hardware 'IgnitionSystem'[0m
[ign gazebo-1] [0m[INFO] [1780044537.086143665] [controller_manager]: Shutting down the controller manager.[0m
[ign gazebo-1] terminate called after throwing an instance of 'std::runtime_error'
[ign gazebo-1]   what():  Node needs to be associated with an executor.
[ign gazebo-1] Stack trace (most recent call last):
[ign gazebo-1] #31   Object "/lib/x86_64-linux-gnu/libruby-3.0.so.3.0", at 0x778b19434c96, in 
[ign gazebo-1] #30   Object "/lib/x86_64-linux-gnu/libruby-3.0.so.3.0", at 0x778b19431fc5, in 
[ign gazebo-1] #29   Object "/lib/x86_64-linux-gnu/libruby-3.0.so.3.0", at 0x778b1942fc34, in 
[ign gazebo-1] #28   Object "/usr/lib/x86_64-linux-gnu/ruby/3.0.0/fiddle.so", at 0x778b1959344b, in 
[ign gazebo-1] #27   Object "/lib/x86_64-linux-gnu/libruby-3.0.so.3.0", at 0x778b193fd088, in rb_nogvl
[ign gazebo-1] #26   Object "/usr/lib/x86_64-linux-gnu/ruby/3.0.0/fiddle.so", at 0x778b19592d6b, in 
[ign gazebo-1] #25   Object "/lib/x86_64-linux-gnu/libffi.so.8", at 0x778b19584492, in 
[ign gazebo-1] #24   Object "/lib/x86_64-linux-gnu/libffi.so.8", at 0x778b19587e2d, in 
[ign gazebo-1] #23   Object "/usr/lib/x86_64-linux-gnu/libignition-gazebo6-ign.so.6.17.1", at 0x778b15367e5c, in runServer
[ign gazebo-1] #22   Object "/lib/x86_64-linux-gnu/libignition-gazebo6.so.6", at 0x778b1420f374, in ignition::gazebo::v6::Server::~Server()
[ign gazebo-1] #21   Object "/lib/x86_64-linux-gnu/libignition-gazebo6.so.6", at 0x778b1421bd36, in 
[ign gazebo-1] #20   Object "/lib/x86_64-linux-gnu/libignition-gazebo6.so.6", at 0x778b1422885c, in ignition::gazebo::v6::SimulationRunner::~SimulationRunner()
[ign gazebo-1] #19   Object "/lib/x86_64-linux-gnu/libignition-gazebo6.so.6", at 0x778b14227d31, in 
[ign gazebo-1] #18   Object "/lib/x86_64-linux-gnu/libignition-gazebo6-gui.so.6", at 0x778b1450f6bc, in ignition::plugin::SpecializedPlugin<ignition::gazebo::v6::System, ignition::gazebo::v6::ISystemConfigure, ignition::gazebo::v6::ISystemPreUpdate, ignition::gazebo::v6::ISystemUpdate, ignition::gazebo::v6::ISystemPostUpdate>::~SpecializedPlugin()
[ign gazebo-1] #17   Object "/lib/x86_64-linux-gnu/libignition-plugin1.so.1", at 0x778b190345ec, in ignition::plugin::Plugin::~Plugin()
[ign gazebo-1] #16   Object "/lib/x86_64-linux-gnu/libignition-plugin1.so.1", at 0x778b190341d0, in 
[ign gazebo-1] #15   Object "/home/ubuntu/third_party_ros2/third_party_ws/install/ign_ros2_control/share/ign_ros2_control/../../lib/libign_ros2_control-system.so", at 0x778af59ce5bd, in std::_Function_handler<void (void*), ignition::plugin::detail::Registrar<ign_ros2_control::IgnitionROS2ControlPlugin, ignition::gazebo::v6::System, ignition::gazebo::v6::ISystemConfigure, ignition::gazebo::v6::ISystemPreUpdate, ignition::gazebo::v6::ISystemPostUpdate>::MakeInfo()::{lambda(void*)#2}>::_M_invoke(std::_Any_data const&, void*&&)
[ign gazebo-1] #14   Object "/home/ubuntu/third_party_ros2/third_party_ws/install/ign_ros2_control/share/ign_ros2_control/../../lib/libign_ros2_control-system.so", at 0x778af59d7c1a, in std::enable_if<is_invocable_r_v<void, ignition::plugin::detail::Registrar<ign_ros2_control::IgnitionROS2ControlPlugin, ignition::gazebo::v6::System, ignition::gazebo::v6::ISystemConfigure, ignition::gazebo::v6::ISystemPreUpdate, ignition::gazebo::v6::ISystemPostUpdate>::MakeInfo()::{lambda(void*)#2}&, void*>, void>::type std::__invoke_r<void, ignition::plugin::detail::Registrar<ign_ros2_control::IgnitionROS2ControlPlugin, ignition::gazebo::v6::System, ignition::gazebo::v6::ISystemConfigure, ignition::gazebo::v6::ISystemPreUpdate, ignition::gazebo::v6::ISystemPostUpdate>::MakeInfo()::{lambda(void*)#2}&, void*>(ignition::plugin::detail::Registrar<ign_ros2_control::IgnitionROS2ControlPlugin, ignition::gazebo::v6::System, ignition::gazebo::v6::ISystemConfigure, ignition::gazebo::v6::ISystemPreUpdate, ignition::gazebo::v6::ISystemPostUpdate>::MakeInfo()::{lambda(void*)#2}&, void*&&)
[ign gazebo-1] #13   Object "/home/ubuntu/third_party_ros2/third_party_ws/install/ign_ros2_control/share/ign_ros2_control/../../lib/libign_ros2_control-system.so", at 0x778af59df9a3, in void std::__invoke_impl<void, ignition::plugin::detail::Registrar<ign_ros2_control::IgnitionROS2ControlPlugin, ignition::gazebo::v6::System, ignition::gazebo::v6::ISystemConfigure, ignition::gazebo::v6::ISystemPreUpdate, ignition::gazebo::v6::ISystemPostUpdate>::MakeInfo()::{lambda(void*)#2}&, void*>(std::__invoke_other, ignition::plugin::detail::Registrar<ign_ros2_control::IgnitionROS2ControlPlugin, ignition::gazebo::v6::System, ignition::gazebo::v6::ISystemConfigure, ignition::gazebo::v6::ISystemPreUpdate, ignition::gazebo::v6::ISystemPostUpdate>::MakeInfo()::{lambda(void*)#2}&, void*&&)
[ign gazebo-1] #12   Object "/home/ubuntu/third_party_ros2/third_party_ws/install/ign_ros2_control/share/ign_ros2_control/../../lib/libign_ros2_control-system.so", at 0x778af59acc55, in ignition::plugin::detail::Registrar<ign_ros2_control::IgnitionROS2ControlPlugin, ignition::gazebo::v6::System, ignition::gazebo::v6::ISystemConfigure, ignition::gazebo::v6::ISystemPreUpdate, ignition::gazebo::v6::ISystemPostUpdate>::MakeInfo()::{lambda(void*)#2}::operator()(void*) const
[ign gazebo-1] #11   Object "/home/ubuntu/third_party_ros2/third_party_ws/install/ign_ros2_control/share/ign_ros2_control/../../lib/libign_ros2_control-system.so", at 0x778af5992089, in ign_ros2_control::IgnitionROS2ControlPlugin::~IgnitionROS2ControlPlugin()
[ign gazebo-1] #10   Object "/home/ubuntu/third_party_ros2/third_party_ws/install/ign_ros2_control/share/ign_ros2_control/../../lib/libign_ros2_control-system.so", at 0x778af5991fcb, in ign_ros2_control::IgnitionROS2ControlPlugin::~IgnitionROS2ControlPlugin()
[ign gazebo-1] #9    Object "/opt/ros/humble/lib/librclcpp.so", at 0x778af56c161e, in 
[ign gazebo-1] #8    Object "/lib/x86_64-linux-gnu/libgcc_s.so.1", at 0x778b18dad2dc, in _Unwind_Resume
[ign gazebo-1] #7    Object "/lib/x86_64-linux-gnu/libgcc_s.so.1", at 0x778b18dac883, in 
[ign gazebo-1] #6    Object "/lib/x86_64-linux-gnu/libstdc++.so.6", at 0x778b150ad958, in __gxx_personality_v0
[ign gazebo-1] #5    Object "/lib/x86_64-linux-gnu/libstdc++.so.6", at 0x778b150ad1e8, in 
[ign gazebo-1] #4    Object "/lib/x86_64-linux-gnu/libstdc++.so.6", at 0x778b150ae20b, in 
[ign gazebo-1] #3    Object "/lib/x86_64-linux-gnu/libstdc++.so.6", at 0x778b150a2b9d, in 
[ign gazebo-1] #2    Object "/lib/x86_64-linux-gnu/libc.so.6", at 0x778b18e287f2, in abort
[ign gazebo-1] #1    Object "/lib/x86_64-linux-gnu/libc.so.6", at 0x778b18e42475, in raise
[ign gazebo-1] #0    Object "/lib/x86_64-linux-gnu/libc.so.6", at 0x778b18e969fc, in pthread_kill
[ign gazebo-1] Aborted (Signal sent by tkill() 16232 1000)
[INFO] [ign gazebo-1]: process has finished cleanly [pid 16160]
[ERROR] [static_transform_publisher-6]: process[static_transform_publisher-6] failed to terminate '5' seconds after receiving 'SIGINT', escalating to 'SIGTERM'
[ERROR] [parameter_bridge-5]: process[parameter_bridge-5] failed to terminate '5' seconds after receiving 'SIGINT', escalating to 'SIGTERM'
[ERROR] [robot_state_publisher-3]: process[robot_state_publisher-3] failed to terminate '5' seconds after receiving 'SIGINT', escalating to 'SIGTERM'
[ERROR] [joint_state_publisher-2]: process[joint_state_publisher-2] failed to terminate '5' seconds after receiving 'SIGINT', escalating to 'SIGTERM'
[INFO] [static_transform_publisher-6]: sending signal 'SIGTERM' to process[static_transform_publisher-6]
[INFO] [parameter_bridge-5]: sending signal 'SIGTERM' to process[parameter_bridge-5]
[INFO] [robot_state_publisher-3]: sending signal 'SIGTERM' to process[robot_state_publisher-3]
[INFO] [joint_state_publisher-2]: sending signal 'SIGTERM' to process[joint_state_publisher-2]
[parameter_bridge-5] [0m[INFO] [1780044542.086144276] [rclcpp]: signal_handler(SIGINT/SIGTERM)[0m
[static_transform_publisher-6] [0m[INFO] [1780044542.086270150] [rclcpp]: signal_handler(SIGINT/SIGTERM)[0m
[robot_state_publisher-3] [0m[INFO] [1780044542.087671686] [rclcpp]: signal_handler(SIGINT/SIGTERM)[0m
[joint_state_publisher-2] Traceback (most recent call last):
[joint_state_publisher-2]   File "/opt/ros/humble/lib/joint_state_publisher/joint_state_publisher", line 33, in <module>
[joint_state_publisher-2]     sys.exit(load_entry_point('joint-state-publisher==2.4.0', 'console_scripts', 'joint_state_publisher')())
[joint_state_publisher-2]   File "/opt/ros/humble/lib/python3.10/site-packages/joint_state_publisher/joint_state_publisher.py", line 466, in main
[joint_state_publisher-2]     rclpy.spin(jsp)
[joint_state_publisher-2]   File "/opt/ros/humble/local/lib/python3.10/dist-packages/rclpy/__init__.py", line 229, in spin
[joint_state_publisher-2]     executor.spin_once()
[joint_state_publisher-2]   File "/opt/ros/humble/local/lib/python3.10/dist-packages/rclpy/executors.py", line 808, in spin_once
[joint_state_publisher-2]     self._spin_once_impl(timeout_sec)
[joint_state_publisher-2]   File "/opt/ros/humble/local/lib/python3.10/dist-packages/rclpy/executors.py", line 797, in _spin_once_impl
[joint_state_publisher-2]     handler, entity, node = self.wait_for_ready_callbacks(timeout_sec=timeout_sec)
[joint_state_publisher-2]   File "/opt/ros/humble/local/lib/python3.10/dist-packages/rclpy/executors.py", line 780, in wait_for_ready_callbacks
[joint_state_publisher-2]     return next(self._cb_iter)
[joint_state_publisher-2]   File "/opt/ros/humble/local/lib/python3.10/dist-packages/rclpy/executors.py", line 681, in _wait_for_ready_callbacks
[joint_state_publisher-2]     raise ExternalShutdownException()
[joint_state_publisher-2] rclpy.executors.ExternalShutdownException
[INFO] [parameter_bridge-5]: process has finished cleanly [pid 16170]
[INFO] [static_transform_publisher-6]: process has finished cleanly [pid 16176]
[INFO] [robot_state_publisher-3]: process has finished cleanly [pid 16165]
[ERROR] [joint_state_publisher-2]: process has died [pid 16162, exit code 1, cmd '/opt/ros/humble/lib/joint_state_publisher/joint_state_publisher --ros-args --params-file /tmp/launch_params_7dh8xyop'].
