[INFO] [launch]: All log files can be found below /home/ubuntu/.ros/log/2026-05-29-14-36-17-341245-ubuntu-virtual-machine-11786
[INFO] [launch]: Default logging verbosity is set to INFO
ign_args is deprecated, migrate to gz_args!
[INFO] [ign gazebo-1]: process started with pid [11792]
[INFO] [joint_state_publisher-2]: process started with pid [11794]
[INFO] [robot_state_publisher-3]: process started with pid [11797]
[INFO] [create-4]: process started with pid [11799]
[INFO] [parameter_bridge-5]: process started with pid [11802]
[INFO] [static_transform_publisher-6]: process started with pid [11807]
[create-4] [ros_ign_gazebo] is deprecated! Redirecting to use [ros_gz_sim] instead!
[create-4] 
[static_transform_publisher-6] [33m[WARN] [1780036577.929290299] []: Old-style arguments are deprecated; see --help for new-style arguments[0m
[create-4] [0m[INFO] [1780036577.978789557] [ros_gz_sim]: Requesting list of world names.[0m
[joint_state_publisher-2] [0m[INFO] [1780036578.215410439] [joint_state_publisher]: Waiting for robot_description to be published on the robot_description topic...[0m
[create-4] [0m[INFO] [1780036578.264554736] [ros_gz_sim]: Waiting messages on topic [robot_description].[0m
[parameter_bridge-5] [0m[INFO] [1780036578.291068391] [ros_gz_bridge]: Creating ROS->GZ Bridge: [/controller/cmd_vel (geometry_msgs/msg/Twist) -> /controller/cmd_vel (ignition.msgs.Twist)] (Lazy 0)[0m
[parameter_bridge-5] [0m[INFO] [1780036578.292607215] [ros_gz_bridge]: Creating GZ->ROS Bridge: [/odom (ignition.msgs.Odometry) -> /odom (nav_msgs/msg/Odometry)] (Lazy 0)[0m
[parameter_bridge-5] [0m[INFO] [1780036578.303873176] [ros_gz_bridge]: Creating GZ->ROS Bridge: [/odom/tf (ignition.msgs.Pose_V) -> /odom/tf (tf2_msgs/msg/TFMessage)] (Lazy 0)[0m
[parameter_bridge-5] [0m[INFO] [1780036578.307046705] [ros_gz_bridge]: Creating GZ->ROS Bridge: [/joint_states (ignition.msgs.Model) -> /joint_states (sensor_msgs/msg/JointState)] (Lazy 0)[0m
[static_transform_publisher-6] [0m[INFO] [1780036578.308323069] [static_transform_publisher]: Spinning until stopped - publishing transform
[static_transform_publisher-6] translation: ('0.000000', '0.000000', '0.000000')
[static_transform_publisher-6] rotation: ('0.000000', '0.000000', '0.000000', '1.000000')
[static_transform_publisher-6] from 'map' to 'odom'[0m
[parameter_bridge-5] [0m[INFO] [1780036578.313577440] [ros_gz_bridge]: Creating GZ->ROS Bridge: [/scan (ignition.msgs.LaserScan) -> /scan (sensor_msgs/msg/LaserScan)] (Lazy 0)[0m
[parameter_bridge-5] [0m[INFO] [1780036578.315072329] [ros_gz_bridge]: Creating GZ->ROS Bridge: [/scan/points (ignition.msgs.PointCloudPacked) -> /scan/points (sensor_msgs/msg/PointCloud2)] (Lazy 0)[0m
[parameter_bridge-5] [0m[INFO] [1780036578.318849563] [ros_gz_bridge]: Creating GZ->ROS Bridge: [/depth_cam/rgbd/image (ignition.msgs.Image) -> /depth_cam/rgbd/image (sensor_msgs/msg/Image)] (Lazy 0)[0m
[parameter_bridge-5] [0m[INFO] [1780036578.322858080] [ros_gz_bridge]: Creating GZ->ROS Bridge: [/depth_cam/rgbd/depth_image (ignition.msgs.Image) -> /depth_cam/rgbd/depth_image (sensor_msgs/msg/Image)] (Lazy 0)[0m
[robot_state_publisher-3] [0m[INFO] [1780036578.353770061] [robot_state_publisher]: got segment base_balck_link[0m
[robot_state_publisher-3] [0m[INFO] [1780036578.353907339] [robot_state_publisher]: got segment base_link[0m
[robot_state_publisher-3] [0m[INFO] [1780036578.353916412] [robot_state_publisher]: got segment base_screen_link[0m
[robot_state_publisher-3] [0m[INFO] [1780036578.353919462] [robot_state_publisher]: got segment base_white_link[0m
[robot_state_publisher-3] [0m[INFO] [1780036578.353922052] [robot_state_publisher]: got segment depth_cam_frame[0m
[robot_state_publisher-3] [0m[INFO] [1780036578.353924469] [robot_state_publisher]: got segment depth_cam_link[0m
[robot_state_publisher-3] [0m[INFO] [1780036578.353926840] [robot_state_publisher]: got segment end_effector_link[0m
[robot_state_publisher-3] [0m[INFO] [1780036578.353929204] [robot_state_publisher]: got segment grasp_tcp[0m
[robot_state_publisher-3] [0m[INFO] [1780036578.353931576] [robot_state_publisher]: got segment gripper_servo_link[0m
[robot_state_publisher-3] [0m[INFO] [1780036578.353933795] [robot_state_publisher]: got segment l_in_link[0m
[robot_state_publisher-3] [0m[INFO] [1780036578.353936267] [robot_state_publisher]: got segment l_link[0m
[robot_state_publisher-3] [0m[INFO] [1780036578.353938511] [robot_state_publisher]: got segment l_out_link[0m
[robot_state_publisher-3] [0m[INFO] [1780036578.353941004] [robot_state_publisher]: got segment link1[0m
[robot_state_publisher-3] [0m[INFO] [1780036578.353943242] [robot_state_publisher]: got segment link2[0m
[robot_state_publisher-3] [0m[INFO] [1780036578.353945466] [robot_state_publisher]: got segment link3[0m
[robot_state_publisher-3] [0m[INFO] [1780036578.353947562] [robot_state_publisher]: got segment link4[0m
[robot_state_publisher-3] [0m[INFO] [1780036578.353949641] [robot_state_publisher]: got segment link5[0m
[robot_state_publisher-3] [0m[INFO] [1780036578.353951730] [robot_state_publisher]: got segment r_in_link[0m
[robot_state_publisher-3] [0m[INFO] [1780036578.353953828] [robot_state_publisher]: got segment r_link[0m
[robot_state_publisher-3] [0m[INFO] [1780036578.353957088] [robot_state_publisher]: got segment r_out_link[0m
[robot_state_publisher-3] [0m[INFO] [1780036578.353959070] [robot_state_publisher]: got segment servo_link2[0m
[robot_state_publisher-3] [0m[INFO] [1780036578.353961074] [robot_state_publisher]: got segment world[0m
[create-4] [0m[INFO] [1780036578.652242076] [ros_gz_sim]: Requested creation of entity.[0m
[create-4] [0m[INFO] [1780036578.652293125] [ros_gz_sim]: OK creation of entity.[0m
[INFO] [create-4]: process has finished cleanly [pid 11799]
[INFO] [spawner-7]: process started with pid [11903]
[spawner-7] [33m[WARN] [1780036579.487469353] [spawner_joint_state_broadcaster]: [93mController already loaded, skipping load_controller[0m[0m
[spawner-7] [31m[ERROR] [1780036579.492525935] [spawner_joint_state_broadcaster]: [91mFailed to configure controller[0m[0m
[ERROR] [spawner-7]: process has died [pid 11903, exit code 1, cmd '/opt/ros/humble/lib/controller_manager/spawner joint_state_broadcaster --ros-args'].
[INFO] [spawner-8]: process started with pid [11933]
[ign gazebo-1] VMware: No 3D enabled (0, Success).
[ign gazebo-1] libEGL warning: egl: failed to create dri2 screen
[ign gazebo-1] VMware: No 3D enabled (0, Success).
[ign gazebo-1] libEGL warning: egl: failed to create dri2 screen
[spawner-8] [33m[WARN] [1780036580.411290362] [spawner_arm_controller]: [93mController already loaded, skipping load_controller[0m[0m
[spawner-8] [31m[ERROR] [1780036580.413073897] [spawner_arm_controller]: [91mFailed to configure controller[0m[0m
[ERROR] [spawner-8]: process has died [pid 11933, exit code 1, cmd '/opt/ros/humble/lib/controller_manager/spawner arm_controller --ros-args'].
[INFO] [spawner-9]: process started with pid [11959]
[ign gazebo-1] [0m[INFO] [1780036580.761667342] [GazeboSimROS2ControlPlugin]: robot_param_node is robot_state_publisher[0m
[ign gazebo-1] [0m[INFO] [1780036580.761708573] [GazeboSimROS2ControlPlugin]: robot_param_node is robot_description[0m
[ign gazebo-1] [0m[INFO] [1780036580.854054566] [gz_ros2_control]: [ign_ros2_control] Fixed joint [base_joint] (Entity=69)] is skipped[0m
[spawner-9] [0m[INFO] [1780036581.125063662] [spawner_gripper_controller]: waiting for service /controller_manager/list_controllers to become available...[0m
[ign gazebo-1] [31m[ERROR] [1780036581.365894454] [gz_ros2_control]: robot_state_publisher service not available, waiting again...[0m
[ign gazebo-1] [0m[INFO] [1780036581.746385584] [gz_ros2_control]: connected to service!! robot_state_publisher asking for robot_description[0m
[ign gazebo-1] [0m[INFO] [1780036581.749362653] [gz_ros2_control]: Received URDF from param server[0m
[ign gazebo-1] [0m[INFO] [1780036581.767793594] [gz_ros2_control]: The position_proportional_gain has been set to: 0.1[0m
[ign gazebo-1] [0m[INFO] [1780036581.767974655] [gz_ros2_control]: Loading joint: joint1[0m
[ign gazebo-1] [0m[INFO] [1780036581.767996622] [gz_ros2_control]: 	State:[0m
[ign gazebo-1] [0m[INFO] [1780036581.768005812] [gz_ros2_control]: 		 position[0m
[ign gazebo-1] [0m[INFO] [1780036581.768072956] [gz_ros2_control]: 			 found initial value: 0.000000[0m
[ign gazebo-1] [0m[INFO] [1780036581.768083538] [gz_ros2_control]: 		 velocity[0m
[ign gazebo-1] [0m[INFO] [1780036581.768128999] [gz_ros2_control]: 		 effort[0m
[ign gazebo-1] [0m[INFO] [1780036581.768144711] [gz_ros2_control]: 	Command:[0m
[ign gazebo-1] [0m[INFO] [1780036581.768147685] [gz_ros2_control]: 		 position[0m
[ign gazebo-1] [0m[INFO] [1780036581.768267212] [gz_ros2_control]: Loading joint: joint2[0m
[ign gazebo-1] [0m[INFO] [1780036581.768275531] [gz_ros2_control]: 	State:[0m
[ign gazebo-1] [0m[INFO] [1780036581.768278326] [gz_ros2_control]: 		 position[0m
[ign gazebo-1] [0m[INFO] [1780036581.768281564] [gz_ros2_control]: 			 found initial value: 0.000000[0m
[ign gazebo-1] [0m[INFO] [1780036581.768285560] [gz_ros2_control]: 		 velocity[0m
[ign gazebo-1] [0m[INFO] [1780036581.768289532] [gz_ros2_control]: 		 effort[0m
[ign gazebo-1] [0m[INFO] [1780036581.768292258] [gz_ros2_control]: 	Command:[0m
[ign gazebo-1] [0m[INFO] [1780036581.768405963] [gz_ros2_control]: 		 position[0m
[ign gazebo-1] [0m[INFO] [1780036581.768463960] [gz_ros2_control]: Loading joint: joint3[0m
[ign gazebo-1] [0m[INFO] [1780036581.768472666] [gz_ros2_control]: 	State:[0m
[ign gazebo-1] [0m[INFO] [1780036581.768475419] [gz_ros2_control]: 		 position[0m
[ign gazebo-1] [0m[INFO] [1780036581.768479125] [gz_ros2_control]: 			 found initial value: 0.000000[0m
[ign gazebo-1] [0m[INFO] [1780036581.768482890] [gz_ros2_control]: 		 velocity[0m
[ign gazebo-1] [0m[INFO] [1780036581.768485469] [gz_ros2_control]: 		 effort[0m
[ign gazebo-1] [0m[INFO] [1780036581.768490831] [gz_ros2_control]: 	Command:[0m
[ign gazebo-1] [0m[INFO] [1780036581.768493659] [gz_ros2_control]: 		 position[0m
[ign gazebo-1] [0m[INFO] [1780036581.768500708] [gz_ros2_control]: Loading joint: joint4[0m
[ign gazebo-1] [0m[INFO] [1780036581.768503741] [gz_ros2_control]: 	State:[0m
[ign gazebo-1] [0m[INFO] [1780036581.768506212] [gz_ros2_control]: 		 position[0m
[ign gazebo-1] [0m[INFO] [1780036581.768508659] [gz_ros2_control]: 			 found initial value: 0.000000[0m
[ign gazebo-1] [0m[INFO] [1780036581.768511462] [gz_ros2_control]: 		 velocity[0m
[ign gazebo-1] [0m[INFO] [1780036581.768513857] [gz_ros2_control]: 		 effort[0m
[ign gazebo-1] [0m[INFO] [1780036581.768516301] [gz_ros2_control]: 	Command:[0m
[ign gazebo-1] [0m[INFO] [1780036581.768518858] [gz_ros2_control]: 		 position[0m
[ign gazebo-1] [0m[INFO] [1780036581.768524963] [gz_ros2_control]: Loading joint: joint5[0m
[ign gazebo-1] [0m[INFO] [1780036581.768527565] [gz_ros2_control]: 	State:[0m
[ign gazebo-1] [0m[INFO] [1780036581.768529980] [gz_ros2_control]: 		 position[0m
[ign gazebo-1] [0m[INFO] [1780036581.768532238] [gz_ros2_control]: 			 found initial value: 0.000000[0m
[ign gazebo-1] [0m[INFO] [1780036581.768534913] [gz_ros2_control]: 		 velocity[0m
[ign gazebo-1] [0m[INFO] [1780036581.768537366] [gz_ros2_control]: 		 effort[0m
[ign gazebo-1] [0m[INFO] [1780036581.768539756] [gz_ros2_control]: 	Command:[0m
[ign gazebo-1] [0m[INFO] [1780036581.768542005] [gz_ros2_control]: 		 position[0m
[ign gazebo-1] [0m[INFO] [1780036581.768548242] [gz_ros2_control]: Loading joint: r_joint[0m
[ign gazebo-1] [0m[INFO] [1780036581.768550746] [gz_ros2_control]: 	State:[0m
[ign gazebo-1] [0m[INFO] [1780036581.768553094] [gz_ros2_control]: 		 position[0m
[ign gazebo-1] [0m[INFO] [1780036581.768555324] [gz_ros2_control]: 			 found initial value: 0.000000[0m
[ign gazebo-1] [0m[INFO] [1780036581.768558050] [gz_ros2_control]: 		 velocity[0m
[ign gazebo-1] [0m[INFO] [1780036581.768562523] [gz_ros2_control]: 		 effort[0m
[ign gazebo-1] [0m[INFO] [1780036581.768565181] [gz_ros2_control]: 	Command:[0m
[ign gazebo-1] [0m[INFO] [1780036581.768567471] [gz_ros2_control]: 		 position[0m
[ign gazebo-1] [0m[INFO] [1780036581.768573092] [gz_ros2_control]: Loading joint: l_joint[0m
[ign gazebo-1] [0m[INFO] [1780036581.768575659] [gz_ros2_control]: 	State:[0m
[ign gazebo-1] [0m[INFO] [1780036581.768578063] [gz_ros2_control]: 		 position[0m
[ign gazebo-1] [0m[INFO] [1780036581.768580507] [gz_ros2_control]: 			 found initial value: 0.000000[0m
[ign gazebo-1] [0m[INFO] [1780036581.768583175] [gz_ros2_control]: 		 velocity[0m
[ign gazebo-1] [0m[INFO] [1780036581.768585618] [gz_ros2_control]: 		 effort[0m
[ign gazebo-1] [0m[INFO] [1780036581.768587978] [gz_ros2_control]: 	Command:[0m
[ign gazebo-1] [0m[INFO] [1780036581.768590427] [gz_ros2_control]: 		 position[0m
[ign gazebo-1] [0m[INFO] [1780036581.768595547] [gz_ros2_control]: Loading joint: l_in_joint[0m
[ign gazebo-1] [0m[INFO] [1780036581.768598239] [gz_ros2_control]: 	State:[0m
[ign gazebo-1] [0m[INFO] [1780036581.768600635] [gz_ros2_control]: 		 position[0m
[ign gazebo-1] [0m[INFO] [1780036581.768602939] [gz_ros2_control]: 			 found initial value: 0.000000[0m
[ign gazebo-1] [0m[INFO] [1780036581.768640233] [gz_ros2_control]: 		 velocity[0m
[ign gazebo-1] [0m[INFO] [1780036581.768647938] [gz_ros2_control]: 		 effort[0m
[ign gazebo-1] [0m[INFO] [1780036581.768650619] [gz_ros2_control]: 	Command:[0m
[ign gazebo-1] [0m[INFO] [1780036581.768652955] [gz_ros2_control]: 		 position[0m
[ign gazebo-1] [0m[INFO] [1780036581.768661198] [gz_ros2_control]: Loading joint: l_out_joint[0m
[ign gazebo-1] [0m[INFO] [1780036581.768663944] [gz_ros2_control]: 	State:[0m
[ign gazebo-1] [0m[INFO] [1780036581.768666289] [gz_ros2_control]: 		 position[0m
[ign gazebo-1] [0m[INFO] [1780036581.768668846] [gz_ros2_control]: 			 found initial value: 0.000000[0m
[ign gazebo-1] [0m[INFO] [1780036581.768671772] [gz_ros2_control]: 		 velocity[0m
[ign gazebo-1] [0m[INFO] [1780036581.768674138] [gz_ros2_control]: 		 effort[0m
[ign gazebo-1] [0m[INFO] [1780036581.768676485] [gz_ros2_control]: 	Command:[0m
[ign gazebo-1] [0m[INFO] [1780036581.768678748] [gz_ros2_control]: 		 position[0m
[ign gazebo-1] [0m[INFO] [1780036581.768686643] [gz_ros2_control]: Loading joint: r_in_joint[0m
[ign gazebo-1] [0m[INFO] [1780036581.768689197] [gz_ros2_control]: 	State:[0m
[ign gazebo-1] [0m[INFO] [1780036581.768691577] [gz_ros2_control]: 		 position[0m
[ign gazebo-1] [0m[INFO] [1780036581.768693942] [gz_ros2_control]: 			 found initial value: 0.000000[0m
[ign gazebo-1] [0m[INFO] [1780036581.768696682] [gz_ros2_control]: 		 velocity[0m
[ign gazebo-1] [0m[INFO] [1780036581.768699365] [gz_ros2_control]: 		 effort[0m
[ign gazebo-1] [0m[INFO] [1780036581.768701875] [gz_ros2_control]: 	Command:[0m
[ign gazebo-1] [0m[INFO] [1780036581.768754395] [gz_ros2_control]: 		 position[0m
[ign gazebo-1] [0m[INFO] [1780036581.768766072] [gz_ros2_control]: Loading joint: r_out_joint[0m
[ign gazebo-1] [0m[INFO] [1780036581.768768974] [gz_ros2_control]: 	State:[0m
[ign gazebo-1] [0m[INFO] [1780036581.768798072] [gz_ros2_control]: 		 position[0m
[ign gazebo-1] [0m[INFO] [1780036581.768827384] [gz_ros2_control]: 			 found initial value: 0.000000[0m
[ign gazebo-1] [0m[INFO] [1780036581.768855763] [gz_ros2_control]: 		 velocity[0m
[ign gazebo-1] [0m[INFO] [1780036581.768883747] [gz_ros2_control]: 		 effort[0m
[ign gazebo-1] [0m[INFO] [1780036581.768934571] [gz_ros2_control]: 	Command:[0m
[ign gazebo-1] [0m[INFO] [1780036581.768962235] [gz_ros2_control]: 		 position[0m
[ign gazebo-1] [0m[INFO] [1780036581.769476676] [resource_manager]: Initialize hardware 'IgnitionSystem' [0m
[ign gazebo-1] [33m[WARN] [1780036581.769496737] [gz_ros2_control]: On init...[0m
[ign gazebo-1] [0m[INFO] [1780036581.770838261] [resource_manager]: Successful initialization of hardware 'IgnitionSystem'[0m
[ign gazebo-1] [0m[INFO] [1780036581.771027758] [resource_manager]: 'configure' hardware 'IgnitionSystem' [0m
[ign gazebo-1] [0m[INFO] [1780036581.771035658] [gz_ros2_control]: System Successfully configured![0m
[ign gazebo-1] [0m[INFO] [1780036581.771049370] [resource_manager]: Successful 'configure' of hardware 'IgnitionSystem'[0m
[ign gazebo-1] [0m[INFO] [1780036581.771055636] [resource_manager]: 'activate' hardware 'IgnitionSystem' [0m
[ign gazebo-1] [0m[INFO] [1780036581.771058296] [resource_manager]: Successful 'activate' of hardware 'IgnitionSystem'[0m
[ign gazebo-1] [0m[INFO] [1780036581.771069063] [gz_ros2_control]: Loading controller_manager[0m
[ign gazebo-1] [0m[INFO] [1780036581.881439147] [controller_manager]: Loading controller 'gripper_controller'[0m
[ign gazebo-1] [33m[WARN] [1780036581.910435141] [gripper_controller]: [Deprecated]: "allow_nonzero_velocity_at_trajectory_end" is set to true. The default behavior will change to false.[0m
[spawner-9] [0m[INFO] [1780036581.911294040] [spawner_gripper_controller]: [94mLoaded [1mgripper_controller[0m[0m
[ign gazebo-1] [0m[INFO] [1780036582.001021127] [controller_manager]: Configuring controller 'gripper_controller'[0m
[ign gazebo-1] [0m[INFO] [1780036582.001461440] [gripper_controller]: No specific joint names are used for command interfaces. Using 'joints' parameter.[0m
[ign gazebo-1] [0m[INFO] [1780036582.001502766] [gripper_controller]: Command interfaces are [position] and state interfaces are [position velocity].[0m
[ign gazebo-1] [0m[INFO] [1780036582.001521523] [gripper_controller]: Using 'splines' interpolation method.[0m
[ign gazebo-1] [0m[INFO] [1780036582.014643541] [gripper_controller]: Controller state will be published at 50.00 Hz.[0m
[ign gazebo-1] [0m[INFO] [1780036582.023717511] [gripper_controller]: Action status changes will be monitored at 20.00 Hz.[0m
[ign gazebo-1] [33m[WARN] [1780036582.222841460] [gz_ros2_control]:  Desired controller update period (0.0333333 s) is slower than the gazebo simulation period (0.02 s).[0m
[ign gazebo-1] VMware: No 3D enabled (0, Success).
[ign gazebo-1] libEGL warning: egl: failed to create dri2 screen
[ign gazebo-1] VMware: No 3D enabled (0, Success).
[ign gazebo-1] libEGL warning: egl: failed to create dri2 screen
[spawner-9] [0m[INFO] [1780036585.735246858] [spawner_gripper_controller]: [92mConfigured and activated [1mgripper_controller[0m[0m
[INFO] [spawner-9]: process has finished cleanly [pid 11959]
[WARNING] [launch]: user interrupted with ctrl-c (SIGINT)
[ign gazebo-1] [0m[INFO] [1780037136.564487301] [rclcpp]: signal_handler(SIGINT/SIGTERM)[0m
[ign gazebo-1] [0m[INFO] [1780037136.564572579] [controller_manager]: Shutdown request received....[0m
[ign gazebo-1] [0m[INFO] [1780037136.564624376] [controller_manager]: Shutting down all controllers in the controller manager.[0m
[ign gazebo-1] [0m[INFO] [1780037136.564644204] [controller_manager]: Deactivating controller 'gripper_controller'[0m
[ign gazebo-1] [0m[INFO] [1780037136.564675064] [controller_manager]: Shutting down controller 'gripper_controller'[0m
[ign gazebo-1] [0m[INFO] [1780037136.564744002] [resource_manager]: 'deactivate' hardware 'IgnitionSystem' [0m
[ign gazebo-1] [0m[INFO] [1780037136.564753961] [resource_manager]: Successful 'deactivate' of hardware 'IgnitionSystem'[0m
[ign gazebo-1] [0m[INFO] [1780037136.564755765] [resource_manager]: 'shutdown' hardware 'IgnitionSystem' [0m
[ign gazebo-1] [0m[INFO] [1780037136.564758351] [resource_manager]: Successful 'shutdown' of hardware 'IgnitionSystem'[0m
[ign gazebo-1] [0m[INFO] [1780037136.564796197] [controller_manager]: Shutting down the controller manager.[0m
[ign gazebo-1] terminate called after throwing an instance of 'std::runtime_error'
[ign gazebo-1]   what():  Node needs to be associated with an executor.
[ign gazebo-1] Stack trace (most recent call last):
[ign gazebo-1] #31   Object "/lib/x86_64-linux-gnu/libruby-3.0.so.3.0", at 0x77df25c34c96, in 
[ign gazebo-1] #30   Object "/lib/x86_64-linux-gnu/libruby-3.0.so.3.0", at 0x77df25c31fc5, in 
[ign gazebo-1] #29   Object "/lib/x86_64-linux-gnu/libruby-3.0.so.3.0", at 0x77df25c2fc34, in 
[ign gazebo-1] #28   Object "/usr/lib/x86_64-linux-gnu/ruby/3.0.0/fiddle.so", at 0x77df258a544b, in 
[ign gazebo-1] #27   Object "/lib/x86_64-linux-gnu/libruby-3.0.so.3.0", at 0x77df25bfd088, in rb_nogvl
[ign gazebo-1] #26   Object "/usr/lib/x86_64-linux-gnu/ruby/3.0.0/fiddle.so", at 0x77df258a4d6b, in 
[ign gazebo-1] #25   Object "/lib/x86_64-linux-gnu/libffi.so.8", at 0x77df25896492, in 
[ign gazebo-1] #24   Object "/lib/x86_64-linux-gnu/libffi.so.8", at 0x77df25899e2d, in 
[ign gazebo-1] #23   Object "/usr/lib/x86_64-linux-gnu/libignition-gazebo6-ign.so.6.17.1", at 0x77df20fafe5c, in runServer
[ign gazebo-1] #22   Object "/lib/x86_64-linux-gnu/libignition-gazebo6.so.6", at 0x77df20a0f374, in ignition::gazebo::v6::Server::~Server()
[ign gazebo-1] #21   Object "/lib/x86_64-linux-gnu/libignition-gazebo6.so.6", at 0x77df20a1bd36, in 
[ign gazebo-1] #20   Object "/lib/x86_64-linux-gnu/libignition-gazebo6.so.6", at 0x77df20a2885c, in ignition::gazebo::v6::SimulationRunner::~SimulationRunner()
[ign gazebo-1] #19   Object "/lib/x86_64-linux-gnu/libignition-gazebo6.so.6", at 0x77df20a27d31, in 
[ign gazebo-1] #18   Object "/lib/x86_64-linux-gnu/libignition-gazebo6-gui.so.6", at 0x77df20d0f6bc, in ignition::plugin::SpecializedPlugin<ignition::gazebo::v6::System, ignition::gazebo::v6::ISystemConfigure, ignition::gazebo::v6::ISystemPreUpdate, ignition::gazebo::v6::ISystemUpdate, ignition::gazebo::v6::ISystemPostUpdate>::~SpecializedPlugin()
[ign gazebo-1] #17   Object "/lib/x86_64-linux-gnu/libignition-plugin1.so.1", at 0x77df258325ec, in ignition::plugin::Plugin::~Plugin()
[ign gazebo-1] #16   Object "/lib/x86_64-linux-gnu/libignition-plugin1.so.1", at 0x77df258321d0, in 
[ign gazebo-1] #15   Object "/home/ubuntu/third_party_ros2/third_party_ws/install/ign_ros2_control/share/ign_ros2_control/../../lib/libign_ros2_control-system.so", at 0x77df145ce5bd, in std::_Function_handler<void (void*), ignition::plugin::detail::Registrar<ign_ros2_control::IgnitionROS2ControlPlugin, ignition::gazebo::v6::System, ignition::gazebo::v6::ISystemConfigure, ignition::gazebo::v6::ISystemPreUpdate, ignition::gazebo::v6::ISystemPostUpdate>::MakeInfo()::{lambda(void*)#2}>::_M_invoke(std::_Any_data const&, void*&&)
[ign gazebo-1] #14   Object "/home/ubuntu/third_party_ros2/third_party_ws/install/ign_ros2_control/share/ign_ros2_control/../../lib/libign_ros2_control-system.so", at 0x77df145d7c1a, in std::enable_if<is_invocable_r_v<void, ignition::plugin::detail::Registrar<ign_ros2_control::IgnitionROS2ControlPlugin, ignition::gazebo::v6::System, ignition::gazebo::v6::ISystemConfigure, ignition::gazebo::v6::ISystemPreUpdate, ignition::gazebo::v6::ISystemPostUpdate>::MakeInfo()::{lambda(void*)#2}&, void*>, void>::type std::__invoke_r<void, ignition::plugin::detail::Registrar<ign_ros2_control::IgnitionROS2ControlPlugin, ignition::gazebo::v6::System, ignition::gazebo::v6::ISystemConfigure, ignition::gazebo::v6::ISystemPreUpdate, ignition::gazebo::v6::ISystemPostUpdate>::MakeInfo()::{lambda(void*)#2}&, void*>(ignition::plugin::detail::Registrar<ign_ros2_control::IgnitionROS2ControlPlugin, ignition::gazebo::v6::System, ignition::gazebo::v6::ISystemConfigure, ignition::gazebo::v6::ISystemPreUpdate, ignition::gazebo::v6::ISystemPostUpdate>::MakeInfo()::{lambda(void*)#2}&, void*&&)
[ign gazebo-1] #13   Object "/home/ubuntu/third_party_ros2/third_party_ws/install/ign_ros2_control/share/ign_ros2_control/../../lib/libign_ros2_control-system.so", at 0x77df145df9a3, in void std::__invoke_impl<void, ignition::plugin::detail::Registrar<ign_ros2_control::IgnitionROS2ControlPlugin, ignition::gazebo::v6::System, ignition::gazebo::v6::ISystemConfigure, ignition::gazebo::v6::ISystemPreUpdate, ignition::gazebo::v6::ISystemPostUpdate>::MakeInfo()::{lambda(void*)#2}&, void*>(std::__invoke_other, ignition::plugin::detail::Registrar<ign_ros2_control::IgnitionROS2ControlPlugin, ignition::gazebo::v6::System, ignition::gazebo::v6::ISystemConfigure, ignition::gazebo::v6::ISystemPreUpdate, ignition::gazebo::v6::ISystemPostUpdate>::MakeInfo()::{lambda(void*)#2}&, void*&&)
[ign gazebo-1] #12   Object "/home/ubuntu/third_party_ros2/third_party_ws/install/ign_ros2_control/share/ign_ros2_control/../../lib/libign_ros2_control-system.so", at 0x77df145acc55, in ignition::plugin::detail::Registrar<ign_ros2_control::IgnitionROS2ControlPlugin, ignition::gazebo::v6::System, ignition::gazebo::v6::ISystemConfigure, ignition::gazebo::v6::ISystemPreUpdate, ignition::gazebo::v6::ISystemPostUpdate>::MakeInfo()::{lambda(void*)#2}::operator()(void*) const
[ign gazebo-1] #11   Object "/home/ubuntu/third_party_ros2/third_party_ws/install/ign_ros2_control/share/ign_ros2_control/../../lib/libign_ros2_control-system.so", at 0x77df14592089, in ign_ros2_control::IgnitionROS2ControlPlugin::~IgnitionROS2ControlPlugin()
[ign gazebo-1] #10   Object "/home/ubuntu/third_party_ros2/third_party_ws/install/ign_ros2_control/share/ign_ros2_control/../../lib/libign_ros2_control-system.so", at 0x77df14591fcb, in ign_ros2_control::IgnitionROS2ControlPlugin::~IgnitionROS2ControlPlugin()
[ign gazebo-1] #9    Object "/opt/ros/humble/lib/librclcpp.so", at 0x77df1417061e, in 
[ign gazebo-1] #8    Object "/lib/x86_64-linux-gnu/libgcc_s.so.1", at 0x77df255f72dc, in _Unwind_Resume
[ign gazebo-1] #7    Object "/lib/x86_64-linux-gnu/libgcc_s.so.1", at 0x77df255f6883, in 
[ign gazebo-1] #6    Object "/lib/x86_64-linux-gnu/libstdc++.so.6", at 0x77df218ad958, in __gxx_personality_v0
[ign gazebo-1] #5    Object "/lib/x86_64-linux-gnu/libstdc++.so.6", at 0x77df218ad1e8, in 
[ign gazebo-1] #4    Object "/lib/x86_64-linux-gnu/libstdc++.so.6", at 0x77df218ae20b, in 
[ign gazebo-1] #3    Object "/lib/x86_64-linux-gnu/libstdc++.so.6", at 0x77df218a2b9d, in 
[ign gazebo-1] #2    Object "/lib/x86_64-linux-gnu/libc.so.6", at 0x77df256287f2, in abort
[ign gazebo-1] #1    Object "/lib/x86_64-linux-gnu/libc.so.6", at 0x77df25642475, in raise
[ign gazebo-1] #0    Object "/lib/x86_64-linux-gnu/libc.so.6", at 0x77df256969fc, in pthread_kill
[ign gazebo-1] Aborted (Signal sent by tkill() 11852 1000)
[INFO] [ign gazebo-1]: process has finished cleanly [pid 11792]
[ERROR] [static_transform_publisher-6]: process[static_transform_publisher-6] failed to terminate '5' seconds after receiving 'SIGINT', escalating to 'SIGTERM'
[ERROR] [parameter_bridge-5]: process[parameter_bridge-5] failed to terminate '5' seconds after receiving 'SIGINT', escalating to 'SIGTERM'
[ERROR] [robot_state_publisher-3]: process[robot_state_publisher-3] failed to terminate '5' seconds after receiving 'SIGINT', escalating to 'SIGTERM'
[ERROR] [joint_state_publisher-2]: process[joint_state_publisher-2] failed to terminate '5' seconds after receiving 'SIGINT', escalating to 'SIGTERM'
[INFO] [static_transform_publisher-6]: sending signal 'SIGTERM' to process[static_transform_publisher-6]
[INFO] [parameter_bridge-5]: sending signal 'SIGTERM' to process[parameter_bridge-5]
[INFO] [robot_state_publisher-3]: sending signal 'SIGTERM' to process[robot_state_publisher-3]
[INFO] [joint_state_publisher-2]: sending signal 'SIGTERM' to process[joint_state_publisher-2]
[static_transform_publisher-6] [0m[INFO] [1780037141.574253181] [rclcpp]: signal_handler(SIGINT/SIGTERM)[0m
[parameter_bridge-5] [0m[INFO] [1780037141.574878748] [rclcpp]: signal_handler(SIGINT/SIGTERM)[0m
[robot_state_publisher-3] [0m[INFO] [1780037141.576323917] [rclcpp]: signal_handler(SIGINT/SIGTERM)[0m
[joint_state_publisher-2] Traceback (most recent call last):
[joint_state_publisher-2]   File "/opt/ros/humble/lib/joint_state_publisher/joint_state_publisher", line 33, in <module>
[joint_state_publisher-2]     sys.exit(load_entry_point('joint-state-publisher==2.4.0', 'console_scripts', 'joint_state_publisher')())
[joint_state_publisher-2]   File "/opt/ros/humble/lib/python3.10/site-packages/joint_state_publisher/joint_state_publisher.py", line 466, in main
[joint_state_publisher-2]     rclpy.spin(jsp)
[joint_state_publisher-2]   File "/opt/ros/humble/local/lib/python3.10/dist-packages/rclpy/__init__.py", line 229, in spin
[joint_state_publisher-2]     executor.spin_once()
[joint_state_publisher-2]   File "/opt/ros/humble/local/lib/python3.10/dist-packages/rclpy/executors.py", line 808, in spin_once
[joint_state_publisher-2]     self._spin_once_impl(timeout_sec)
[joint_state_publisher-2]   File "/opt/ros/humble/local/lib/python3.10/dist-packages/rclpy/executors.py", line 797, in _spin_once_impl
[joint_state_publisher-2]     handler, entity, node = self.wait_for_ready_callbacks(timeout_sec=timeout_sec)
[joint_state_publisher-2]   File "/opt/ros/humble/local/lib/python3.10/dist-packages/rclpy/executors.py", line 780, in wait_for_ready_callbacks
[joint_state_publisher-2]     return next(self._cb_iter)
[joint_state_publisher-2]   File "/opt/ros/humble/local/lib/python3.10/dist-packages/rclpy/executors.py", line 681, in _wait_for_ready_callbacks
[joint_state_publisher-2]     raise ExternalShutdownException()
[joint_state_publisher-2] rclpy.executors.ExternalShutdownException
[INFO] [parameter_bridge-5]: process has finished cleanly [pid 11802]
[INFO] [static_transform_publisher-6]: process has finished cleanly [pid 11807]
[INFO] [robot_state_publisher-3]: process has finished cleanly [pid 11797]
[ERROR] [joint_state_publisher-2]: process has died [pid 11794, exit code 1, cmd '/opt/ros/humble/lib/joint_state_publisher/joint_state_publisher --ros-args --params-file /tmp/launch_params_d3vy9mv7'].
