[INFO] [launch]: All log files can be found below /home/ubuntu/.ros/log/2026-05-29-14-47-08-811185-ubuntu-virtual-machine-13481
[INFO] [launch]: Default logging verbosity is set to INFO
warning: Using load_yaml() directly is deprecated. Use xacro.load_yaml() instead.
[INFO] [move_group-1]: process started with pid [13486]
[move_group-1] [0m[INFO] [1780037229.105647765] [moveit_rdf_loader.rdf_loader]: Loaded robot model in 0.0249639 seconds[0m
[move_group-1] [0m[INFO] [1780037229.106149936] [moveit_robot_model.robot_model]: Loading robot model 'jetarm_6dof'...[0m
[move_group-1] [33m[WARN] [1780037229.123527737] [moveit_robot_model.robot_model]: Link base_balck_link has visual geometry but no collision geometry. Collision geometry will be left empty. Fix your URDF file by explicitly specifying collision geometry.[0m
[move_group-1] [33m[WARN] [1780037229.125907843] [moveit_robot_model.robot_model]: Link base_screen_link has visual geometry but no collision geometry. Collision geometry will be left empty. Fix your URDF file by explicitly specifying collision geometry.[0m
[move_group-1] [33m[WARN] [1780037229.125918619] [moveit_robot_model.robot_model]: Link base_white_link has visual geometry but no collision geometry. Collision geometry will be left empty. Fix your URDF file by explicitly specifying collision geometry.[0m
[move_group-1] [33m[WARN] [1780037229.137147432] [moveit_robot_model.robot_model]: Link depth_cam_frame has visual geometry but no collision geometry. Collision geometry will be left empty. Fix your URDF file by explicitly specifying collision geometry.[0m
[move_group-1] [0m[INFO] [1780037229.149468510] [moveit_kinematics_base.kinematics_base]: IK Using joint link1 -2.09 2.09[0m
[move_group-1] [0m[INFO] [1780037229.150944739] [moveit_kinematics_base.kinematics_base]: IK Using joint link2 -2.09 2.09[0m
[move_group-1] [0m[INFO] [1780037229.151286533] [moveit_kinematics_base.kinematics_base]: IK Using joint link3 -2.09 2.09[0m
[move_group-1] [0m[INFO] [1780037229.151292409] [moveit_kinematics_base.kinematics_base]: IK Using joint link4 -2.09 2.09[0m
[move_group-1] [0m[INFO] [1780037229.151296081] [moveit_kinematics_base.kinematics_base]: IK Using joint link5 -2.09 2.09[0m
[move_group-1] [0m[INFO] [1780037229.151311551] [moveit_kinematics_base.kinematics_base]: Using solve type Distance[0m
[move_group-1] [0m[INFO] [1780037229.259744710] [moveit_ros.planning_scene_monitor.planning_scene_monitor]: Publishing maintained planning scene on 'monitored_planning_scene'[0m
[move_group-1] [0m[INFO] [1780037229.260359199] [moveit.ros_planning_interface.moveit_cpp]: Listening to 'joint_states' for joint states[0m
[move_group-1] [0m[INFO] [1780037229.261438207] [moveit_ros.current_state_monitor]: Listening to joint states on topic 'joint_states'[0m
[move_group-1] [0m[INFO] [1780037229.262056514] [moveit_ros.planning_scene_monitor.planning_scene_monitor]: Listening to '/attached_collision_object' for attached collision objects[0m
[move_group-1] [0m[INFO] [1780037229.262228982] [moveit_ros.planning_scene_monitor.planning_scene_monitor]: Starting planning scene monitor[0m
[move_group-1] [0m[INFO] [1780037229.262534926] [moveit_ros.planning_scene_monitor.planning_scene_monitor]: Listening to '/planning_scene'[0m
[move_group-1] [0m[INFO] [1780037229.262545587] [moveit_ros.planning_scene_monitor.planning_scene_monitor]: Starting world geometry update monitor for collision objects, attached objects, octomap updates.[0m
[move_group-1] [0m[INFO] [1780037229.263097906] [moveit_ros.planning_scene_monitor.planning_scene_monitor]: Listening to 'collision_object'[0m
[move_group-1] [0m[INFO] [1780037229.263328539] [moveit_ros.planning_scene_monitor.planning_scene_monitor]: Listening to 'planning_scene_world' for planning scene world geometry[0m
[move_group-1] [33m[WARN] [1780037229.263985790] [moveit.ros.occupancy_map_monitor.middleware_handle]: Resolution not specified for Octomap. Assuming resolution = 0.1 instead[0m
[move_group-1] [0m[INFO] [1780037229.760310347] [moveit.ros_planning_interface.moveit_cpp]: Loading planning pipeline 'chomp'[0m
[move_group-1] [0m[INFO] [1780037229.764811532] [moveit.ros_planning.planning_pipeline]: Using planning interface 'CHOMP'[0m
[move_group-1] [0m[INFO] [1780037229.767944665] [moveit_ros.add_time_optimal_parameterization]: Param 'chomp.path_tolerance' was not set. Using default value: 0.100000[0m
[move_group-1] [0m[INFO] [1780037229.767979598] [moveit_ros.add_time_optimal_parameterization]: Param 'chomp.resample_dt' was not set. Using default value: 0.100000[0m
[move_group-1] [0m[INFO] [1780037229.767982701] [moveit_ros.add_time_optimal_parameterization]: Param 'chomp.min_angle_change' was not set. Using default value: 0.001000[0m
[move_group-1] [0m[INFO] [1780037229.768024032] [moveit_ros.fix_workspace_bounds]: Param 'chomp.default_workspace_bounds' was not set. Using default value: 10.000000[0m
[move_group-1] [0m[INFO] [1780037229.768034925] [moveit_ros.fix_start_state_bounds]: Param 'chomp.start_state_max_bounds_error' was set to 0.100000[0m
[move_group-1] [0m[INFO] [1780037229.768061973] [moveit_ros.fix_start_state_bounds]: Param 'chomp.start_state_max_dt' was not set. Using default value: 0.500000[0m
[move_group-1] [0m[INFO] [1780037229.768068963] [moveit_ros.fix_start_state_collision]: Param 'chomp.start_state_max_dt' was not set. Using default value: 0.500000[0m
[move_group-1] [0m[INFO] [1780037229.768071661] [moveit_ros.fix_start_state_collision]: Param 'chomp.jiggle_fraction' was set to 0.050000[0m
[move_group-1] [0m[INFO] [1780037229.768080181] [moveit_ros.fix_start_state_collision]: Param 'chomp.max_sampling_attempts' was not set. Using default value: 100[0m
[move_group-1] [0m[INFO] [1780037229.768086987] [moveit.ros_planning.planning_pipeline]: Using planning request adapter 'Add Time Optimal Parameterization'[0m
[move_group-1] [0m[INFO] [1780037229.768090565] [moveit.ros_planning.planning_pipeline]: Using planning request adapter 'Resolve constraint frames to robot links'[0m
[move_group-1] [0m[INFO] [1780037229.768092289] [moveit.ros_planning.planning_pipeline]: Using planning request adapter 'Fix Workspace Bounds'[0m
[move_group-1] [0m[INFO] [1780037229.768094054] [moveit.ros_planning.planning_pipeline]: Using planning request adapter 'Fix Start State Bounds'[0m
[move_group-1] [0m[INFO] [1780037229.768095616] [moveit.ros_planning.planning_pipeline]: Using planning request adapter 'Fix Start State In Collision'[0m
[move_group-1] [0m[INFO] [1780037229.768097236] [moveit.ros_planning.planning_pipeline]: Using planning request adapter 'Fix Start State Path Constraints'[0m
[move_group-1] [0m[INFO] [1780037229.770499158] [moveit.ros_planning_interface.moveit_cpp]: Loading planning pipeline 'pilz_industrial_motion_planner'[0m
[move_group-1] [0m[INFO] [1780037229.773581203] [moveit.pilz_industrial_motion_planner.joint_limits_aggregator]: Reading limits from namespace robot_description_planning[0m
[move_group-1] [0m[INFO] [1780037229.782911836] [moveit.pilz_industrial_motion_planner]: Available plugins: pilz_industrial_motion_planner/PlanningContextLoaderCIRC pilz_industrial_motion_planner/PlanningContextLoaderLIN pilz_industrial_motion_planner/PlanningContextLoaderPTP [0m
[move_group-1] [0m[INFO] [1780037229.782943648] [moveit.pilz_industrial_motion_planner]: About to load: pilz_industrial_motion_planner/PlanningContextLoaderCIRC[0m
[move_group-1] [0m[INFO] [1780037229.784102396] [moveit.pilz_industrial_motion_planner]: Registered Algorithm [CIRC][0m
[move_group-1] [0m[INFO] [1780037229.784133836] [moveit.pilz_industrial_motion_planner]: About to load: pilz_industrial_motion_planner/PlanningContextLoaderLIN[0m
[move_group-1] [0m[INFO] [1780037229.784778493] [moveit.pilz_industrial_motion_planner]: Registered Algorithm [LIN][0m
[move_group-1] [0m[INFO] [1780037229.784815945] [moveit.pilz_industrial_motion_planner]: About to load: pilz_industrial_motion_planner/PlanningContextLoaderPTP[0m
[move_group-1] [0m[INFO] [1780037229.785409466] [moveit.pilz_industrial_motion_planner]: Registered Algorithm [PTP][0m
[move_group-1] [0m[INFO] [1780037229.785428803] [moveit.ros_planning.planning_pipeline]: Using planning interface 'Pilz Industrial Motion Planner'[0m
[move_group-1] [0m[INFO] [1780037229.786524677] [moveit.ros_planning_interface.moveit_cpp]: Loading planning pipeline 'ompl'[0m
[move_group-1] [0m[INFO] [1780037229.799745246] [moveit.ros_planning.planning_pipeline]: Using planning interface 'OMPL'[0m
[move_group-1] [0m[INFO] [1780037229.801831080] [moveit_ros.add_time_optimal_parameterization]: Param 'ompl.path_tolerance' was not set. Using default value: 0.100000[0m
[move_group-1] [0m[INFO] [1780037229.801846812] [moveit_ros.add_time_optimal_parameterization]: Param 'ompl.resample_dt' was not set. Using default value: 0.100000[0m
[move_group-1] [0m[INFO] [1780037229.801849630] [moveit_ros.add_time_optimal_parameterization]: Param 'ompl.min_angle_change' was not set. Using default value: 0.001000[0m
[move_group-1] [0m[INFO] [1780037229.801865646] [moveit_ros.fix_workspace_bounds]: Param 'ompl.default_workspace_bounds' was not set. Using default value: 10.000000[0m
[move_group-1] [0m[INFO] [1780037229.801877329] [moveit_ros.fix_start_state_bounds]: Param 'ompl.start_state_max_bounds_error' was set to 0.100000[0m
[move_group-1] [0m[INFO] [1780037229.801881224] [moveit_ros.fix_start_state_bounds]: Param 'ompl.start_state_max_dt' was not set. Using default value: 0.500000[0m
[move_group-1] [0m[INFO] [1780037229.801888968] [moveit_ros.fix_start_state_collision]: Param 'ompl.start_state_max_dt' was not set. Using default value: 0.500000[0m
[move_group-1] [0m[INFO] [1780037229.801891711] [moveit_ros.fix_start_state_collision]: Param 'ompl.jiggle_fraction' was set to 0.050000[0m
[move_group-1] [0m[INFO] [1780037229.801916249] [moveit_ros.fix_start_state_collision]: Param 'ompl.max_sampling_attempts' was not set. Using default value: 100[0m
[move_group-1] [0m[INFO] [1780037229.801924368] [moveit.ros_planning.planning_pipeline]: Using planning request adapter 'Add Time Optimal Parameterization'[0m
[move_group-1] [0m[INFO] [1780037229.801926916] [moveit.ros_planning.planning_pipeline]: Using planning request adapter 'Resolve constraint frames to robot links'[0m
[move_group-1] [0m[INFO] [1780037229.801928643] [moveit.ros_planning.planning_pipeline]: Using planning request adapter 'Fix Workspace Bounds'[0m
[move_group-1] [0m[INFO] [1780037229.801930398] [moveit.ros_planning.planning_pipeline]: Using planning request adapter 'Fix Start State Bounds'[0m
[move_group-1] [0m[INFO] [1780037229.801931967] [moveit.ros_planning.planning_pipeline]: Using planning request adapter 'Fix Start State In Collision'[0m
[move_group-1] [0m[INFO] [1780037229.801933684] [moveit.ros_planning.planning_pipeline]: Using planning request adapter 'Fix Start State Path Constraints'[0m
[move_group-1] [0m[INFO] [1780037229.847116019] [moveit.plugins.moveit_simple_controller_manager]: Added FollowJointTrajectory controller for arm_controller[0m
[move_group-1] [0m[INFO] [1780037229.848111946] [moveit.plugins.moveit_simple_controller_manager]: Added FollowJointTrajectory controller for gripper_controller[0m
[move_group-1] [0m[INFO] [1780037229.848233578] [moveit.plugins.moveit_simple_controller_manager]: Returned 2 controllers in list[0m
[move_group-1] [0m[INFO] [1780037229.848288453] [moveit.plugins.moveit_simple_controller_manager]: Returned 2 controllers in list[0m
[move_group-1] [0m[INFO] [1780037229.848561730] [moveit_ros.trajectory_execution_manager]: Trajectory execution is managing controllers[0m
[move_group-1] [0m[INFO] [1780037229.848572993] [move_group.move_group]: MoveGroup debug mode is ON[0m
[move_group-1] [0m[INFO] [1780037229.863629128] [move_group.move_group]: 
[move_group-1] 
[move_group-1] ********************************************************
[move_group-1] * MoveGroup using: 
[move_group-1] *     - ApplyPlanningSceneService
[move_group-1] *     - ClearOctomapService
[move_group-1] *     - CartesianPathService
[move_group-1] *     - ExecuteTrajectoryAction
[move_group-1] *     - GetPlanningSceneService
[move_group-1] *     - KinematicsService
[move_group-1] *     - MoveAction
[move_group-1] *     - MotionPlanService
[move_group-1] *     - QueryPlannersService
[move_group-1] *     - StateValidationService
[move_group-1] ********************************************************
[move_group-1] [0m
[move_group-1] [0m[INFO] [1780037229.863677226] [moveit_move_group_capabilities_base.move_group_context]: MoveGroup context using planning plugin ompl_interface/OMPLPlanner[0m
[move_group-1] [0m[INFO] [1780037229.863682716] [moveit_move_group_capabilities_base.move_group_context]: MoveGroup context initialization complete[0m
[move_group-1] [96mLoading 'move_group/ApplyPlanningSceneService'...
[move_group-1] [0m[96mLoading 'move_group/ClearOctomapService'...
[move_group-1] [0m[96mLoading 'move_group/MoveGroupCartesianPathService'...
[move_group-1] [0m[96mLoading 'move_group/MoveGroupExecuteTrajectoryAction'...
[move_group-1] [0m[96mLoading 'move_group/MoveGroupGetPlanningSceneService'...
[move_group-1] [0m[96mLoading 'move_group/MoveGroupKinematicsService'...
[move_group-1] [0m[96mLoading 'move_group/MoveGroupMoveAction'...
[move_group-1] [0m[96mLoading 'move_group/MoveGroupPlanService'...
[move_group-1] [0m[96mLoading 'move_group/MoveGroupQueryPlannersService'...
[move_group-1] [0m[96mLoading 'move_group/MoveGroupStateValidationService'...
[move_group-1] [0m[92m
[move_group-1] You can start planning now!
[move_group-1] 
[move_group-1] [33m[WARN] [1780037450.142877155] [moveit_ros.planning_scene_monitor.planning_scene_monitor]: Unable to transform object from frame 'odom' to planning frame'world' (Could not find a connection between 'world' and 'odom' because they are not part of the same tree.Tf has two or more unconnected trees.)[0m
[move_group-1] [33m[WARN] [1780037450.142941900] [moveit_ros.planning_scene_monitor.planning_scene_monitor]: Unable to transform object from frame 'map' to planning frame'world' (Could not find a connection between 'world' and 'map' because they are not part of the same tree.Tf has two or more unconnected trees.)[0m
[move_group-1] [33m[WARN] [1780037451.149564720] [moveit_ros.planning_scene_monitor.planning_scene_monitor]: Unable to transform object from frame 'odom' to planning frame'world' (Could not find a connection between 'world' and 'odom' because they are not part of the same tree.Tf has two or more unconnected trees.)[0m
[move_group-1] [33m[WARN] [1780037451.149605352] [moveit_ros.planning_scene_monitor.planning_scene_monitor]: Unable to transform object from frame 'map' to planning frame'world' (Could not find a connection between 'world' and 'map' because they are not part of the same tree.Tf has two or more unconnected trees.)[0m
[move_group-1] [33m[WARN] [1780037452.152202049] [moveit_ros.planning_scene_monitor.planning_scene_monitor]: Unable to transform object from frame 'odom' to planning frame'world' (Could not find a connection between 'world' and 'odom' because they are not part of the same tree.Tf has two or more unconnected trees.)[0m
[move_group-1] [33m[WARN] [1780037452.152250706] [moveit_ros.planning_scene_monitor.planning_scene_monitor]: Unable to transform object from frame 'map' to planning frame'world' (Could not find a connection between 'world' and 'map' because they are not part of the same tree.Tf has two or more unconnected trees.)[0m
[move_group-1] [33m[WARN] [1780037573.774116557] [moveit_ros.planning_scene_monitor.planning_scene_monitor]: Unable to transform object from frame 'odom' to planning frame'world' (Could not find a connection between 'world' and 'odom' because they are not part of the same tree.Tf has two or more unconnected trees.)[0m
[move_group-1] [33m[WARN] [1780037573.774160315] [moveit_ros.planning_scene_monitor.planning_scene_monitor]: Unable to transform object from frame 'map' to planning frame'world' (Could not find a connection between 'world' and 'map' because they are not part of the same tree.Tf has two or more unconnected trees.)[0m
[move_group-1] [33m[WARN] [1780037574.779074470] [moveit_ros.planning_scene_monitor.planning_scene_monitor]: Unable to transform object from frame 'odom' to planning frame'world' (Could not find a connection between 'world' and 'odom' because they are not part of the same tree.Tf has two or more unconnected trees.)[0m
[move_group-1] [33m[WARN] [1780037574.779116918] [moveit_ros.planning_scene_monitor.planning_scene_monitor]: Unable to transform object from frame 'map' to planning frame'world' (Could not find a connection between 'world' and 'map' because they are not part of the same tree.Tf has two or more unconnected trees.)[0m
[move_group-1] [33m[WARN] [1780037575.781864882] [moveit_ros.planning_scene_monitor.planning_scene_monitor]: Unable to transform object from frame 'odom' to planning frame'world' (Could not find a connection between 'world' and 'odom' because they are not part of the same tree.Tf has two or more unconnected trees.)[0m
[move_group-1] [33m[WARN] [1780037575.781919017] [moveit_ros.planning_scene_monitor.planning_scene_monitor]: Unable to transform object from frame 'map' to planning frame'world' (Could not find a connection between 'world' and 'map' because they are not part of the same tree.Tf has two or more unconnected trees.)[0m
[move_group-1] [33m[WARN] [1780037802.655090410] [moveit_ros.planning_scene_monitor.planning_scene_monitor]: Unable to transform object from frame 'odom' to planning frame'world' (Could not find a connection between 'world' and 'odom' because they are not part of the same tree.Tf has two or more unconnected trees.)[0m
[move_group-1] [33m[WARN] [1780037802.655121195] [moveit_ros.planning_scene_monitor.planning_scene_monitor]: Unable to transform object from frame 'map' to planning frame'world' (Could not find a connection between 'world' and 'map' because they are not part of the same tree.Tf has two or more unconnected trees.)[0m
[move_group-1] [33m[WARN] [1780037803.660720591] [moveit_ros.planning_scene_monitor.planning_scene_monitor]: Unable to transform object from frame 'odom' to planning frame'world' (Could not find a connection between 'world' and 'odom' because they are not part of the same tree.Tf has two or more unconnected trees.)[0m
[move_group-1] [33m[WARN] [1780037803.660762543] [moveit_ros.planning_scene_monitor.planning_scene_monitor]: Unable to transform object from frame 'map' to planning frame'world' (Could not find a connection between 'world' and 'map' because they are not part of the same tree.Tf has two or more unconnected trees.)[0m
[move_group-1] [33m[WARN] [1780037804.667188673] [moveit_ros.planning_scene_monitor.planning_scene_monitor]: Unable to transform object from frame 'odom' to planning frame'world' (Could not find a connection between 'world' and 'odom' because they are not part of the same tree.Tf has two or more unconnected trees.)[0m
[move_group-1] [33m[WARN] [1780037804.667220772] [moveit_ros.planning_scene_monitor.planning_scene_monitor]: Unable to transform object from frame 'map' to planning frame'world' (Could not find a connection between 'world' and 'map' because they are not part of the same tree.Tf has two or more unconnected trees.)[0m
[move_group-1] [33m[WARN] [1780038053.245099964] [moveit_ros.planning_scene_monitor.planning_scene_monitor]: Unable to transform object from frame 'odom' to planning frame'world' (Could not find a connection between 'world' and 'odom' because they are not part of the same tree.Tf has two or more unconnected trees.)[0m
[move_group-1] [33m[WARN] [1780038053.245134600] [moveit_ros.planning_scene_monitor.planning_scene_monitor]: Unable to transform object from frame 'map' to planning frame'world' (Could not find a connection between 'world' and 'map' because they are not part of the same tree.Tf has two or more unconnected trees.)[0m
[move_group-1] [33m[WARN] [1780038054.248583013] [moveit_ros.planning_scene_monitor.planning_scene_monitor]: Unable to transform object from frame 'odom' to planning frame'world' (Could not find a connection between 'world' and 'odom' because they are not part of the same tree.Tf has two or more unconnected trees.)[0m
[move_group-1] [33m[WARN] [1780038054.248613825] [moveit_ros.planning_scene_monitor.planning_scene_monitor]: Unable to transform object from frame 'map' to planning frame'world' (Could not find a connection between 'world' and 'map' because they are not part of the same tree.Tf has two or more unconnected trees.)[0m
[move_group-1] [33m[WARN] [1780038055.251364677] [moveit_ros.planning_scene_monitor.planning_scene_monitor]: Unable to transform object from frame 'odom' to planning frame'world' (Could not find a connection between 'world' and 'odom' because they are not part of the same tree.Tf has two or more unconnected trees.)[0m
[move_group-1] [33m[WARN] [1780038055.251395452] [moveit_ros.planning_scene_monitor.planning_scene_monitor]: Unable to transform object from frame 'map' to planning frame'world' (Could not find a connection between 'world' and 'map' because they are not part of the same tree.Tf has two or more unconnected trees.)[0m
[move_group-1] [33m[WARN] [1780038056.252666033] [moveit_ros.planning_scene_monitor.planning_scene_monitor]: Unable to transform object from frame 'odom' to planning frame'world' (Could not find a connection between 'world' and 'odom' because they are not part of the same tree.Tf has two or more unconnected trees.)[0m
[move_group-1] [33m[WARN] [1780038056.252698185] [moveit_ros.planning_scene_monitor.planning_scene_monitor]: Unable to transform object from frame 'map' to planning frame'world' (Could not find a connection between 'world' and 'map' because they are not part of the same tree.Tf has two or more unconnected trees.)[0m
[move_group-1] [33m[WARN] [1780038294.251114264] [moveit_ros.planning_scene_monitor.planning_scene_monitor]: Unable to transform object from frame 'odom' to planning frame'world' (Could not find a connection between 'world' and 'odom' because they are not part of the same tree.Tf has two or more unconnected trees.)[0m
[move_group-1] [33m[WARN] [1780038294.251531902] [moveit_ros.planning_scene_monitor.planning_scene_monitor]: Unable to transform object from frame 'map' to planning frame'world' (Could not find a connection between 'world' and 'map' because they are not part of the same tree.Tf has two or more unconnected trees.)[0m
[move_group-1] [33m[WARN] [1780038295.254850878] [moveit_ros.planning_scene_monitor.planning_scene_monitor]: Unable to transform object from frame 'odom' to planning frame'world' (Could not find a connection between 'world' and 'odom' because they are not part of the same tree.Tf has two or more unconnected trees.)[0m
[move_group-1] [33m[WARN] [1780038295.254885290] [moveit_ros.planning_scene_monitor.planning_scene_monitor]: Unable to transform object from frame 'map' to planning frame'world' (Could not find a connection between 'world' and 'map' because they are not part of the same tree.Tf has two or more unconnected trees.)[0m
[move_group-1] [33m[WARN] [1780038296.259111574] [moveit_ros.planning_scene_monitor.planning_scene_monitor]: Unable to transform object from frame 'odom' to planning frame'world' (Could not find a connection between 'world' and 'odom' because they are not part of the same tree.Tf has two or more unconnected trees.)[0m
[move_group-1] [33m[WARN] [1780038296.259707946] [moveit_ros.planning_scene_monitor.planning_scene_monitor]: Unable to transform object from frame 'map' to planning frame'world' (Could not find a connection between 'world' and 'map' because they are not part of the same tree.Tf has two or more unconnected trees.)[0m
[move_group-1] [33m[WARN] [1780038535.516227613] [moveit_ros.planning_scene_monitor.planning_scene_monitor]: Unable to transform object from frame 'odom' to planning frame'world' (Could not find a connection between 'world' and 'odom' because they are not part of the same tree.Tf has two or more unconnected trees.)[0m
[move_group-1] [33m[WARN] [1780038535.516739098] [moveit_ros.planning_scene_monitor.planning_scene_monitor]: Unable to transform object from frame 'map' to planning frame'world' (Could not find a connection between 'world' and 'map' because they are not part of the same tree.Tf has two or more unconnected trees.)[0m
[move_group-1] [33m[WARN] [1780038536.519008179] [moveit_ros.planning_scene_monitor.planning_scene_monitor]: Unable to transform object from frame 'odom' to planning frame'world' (Could not find a connection between 'world' and 'odom' because they are not part of the same tree.Tf has two or more unconnected trees.)[0m
[move_group-1] [33m[WARN] [1780038536.519050466] [moveit_ros.planning_scene_monitor.planning_scene_monitor]: Unable to transform object from frame 'map' to planning frame'world' (Could not find a connection between 'world' and 'map' because they are not part of the same tree.Tf has two or more unconnected trees.)[0m
[move_group-1] [33m[WARN] [1780038537.521571537] [moveit_ros.planning_scene_monitor.planning_scene_monitor]: Unable to transform object from frame 'odom' to planning frame'world' (Could not find a connection between 'world' and 'odom' because they are not part of the same tree.Tf has two or more unconnected trees.)[0m
[move_group-1] [33m[WARN] [1780038537.521608381] [moveit_ros.planning_scene_monitor.planning_scene_monitor]: Unable to transform object from frame 'map' to planning frame'world' (Could not find a connection between 'world' and 'map' because they are not part of the same tree.Tf has two or more unconnected trees.)[0m
[move_group-1] [33m[WARN] [1780038538.524007489] [moveit_ros.planning_scene_monitor.planning_scene_monitor]: Unable to transform object from frame 'odom' to planning frame'world' (Could not find a connection between 'world' and 'odom' because they are not part of the same tree.Tf has two or more unconnected trees.)[0m
[move_group-1] [33m[WARN] [1780038538.524048131] [moveit_ros.planning_scene_monitor.planning_scene_monitor]: Unable to transform object from frame 'map' to planning frame'world' (Could not find a connection between 'world' and 'map' because they are not part of the same tree.Tf has two or more unconnected trees.)[0m
[move_group-1] [33m[WARN] [1780038539.526278943] [moveit_ros.planning_scene_monitor.planning_scene_monitor]: Unable to transform object from frame 'odom' to planning frame'world' (Could not find a connection between 'world' and 'odom' because they are not part of the same tree.Tf has two or more unconnected trees.)[0m
[move_group-1] [33m[WARN] [1780038539.527185889] [moveit_ros.planning_scene_monitor.planning_scene_monitor]: Unable to transform object from frame 'map' to planning frame'world' (Could not find a connection between 'world' and 'map' because they are not part of the same tree.Tf has two or more unconnected trees.)[0m
[move_group-1] [33m[WARN] [1780038540.531578292] [moveit_ros.planning_scene_monitor.planning_scene_monitor]: Unable to transform object from frame 'odom' to planning frame'world' (Could not find a connection between 'world' and 'odom' because they are not part of the same tree.Tf has two or more unconnected trees.)[0m
[move_group-1] [33m[WARN] [1780038540.531611447] [moveit_ros.planning_scene_monitor.planning_scene_monitor]: Unable to transform object from frame 'map' to planning frame'world' (Could not find a connection between 'world' and 'map' because they are not part of the same tree.Tf has two or more unconnected trees.)[0m
[move_group-1] [33m[WARN] [1780038541.534706540] [moveit_ros.planning_scene_monitor.planning_scene_monitor]: Unable to transform object from frame 'odom' to planning frame'world' (Could not find a connection between 'world' and 'odom' because they are not part of the same tree.Tf has two or more unconnected trees.)[0m
[move_group-1] [33m[WARN] [1780038541.534763161] [moveit_ros.planning_scene_monitor.planning_scene_monitor]: Unable to transform object from frame 'map' to planning frame'world' (Could not find a connection between 'world' and 'map' because they are not part of the same tree.Tf has two or more unconnected trees.)[0m
[move_group-1] [33m[WARN] [1780038542.537552196] [moveit_ros.planning_scene_monitor.planning_scene_monitor]: Unable to transform object from frame 'odom' to planning frame'world' (Could not find a connection between 'world' and 'odom' because they are not part of the same tree.Tf has two or more unconnected trees.)[0m
[move_group-1] [33m[WARN] [1780038542.537997351] [moveit_ros.planning_scene_monitor.planning_scene_monitor]: Unable to transform object from frame 'map' to planning frame'world' (Could not find a connection between 'world' and 'map' because they are not part of the same tree.Tf has two or more unconnected trees.)[0m
[move_group-1] [33m[WARN] [1780038543.542805665] [moveit_ros.planning_scene_monitor.planning_scene_monitor]: Unable to transform object from frame 'odom' to planning frame'world' (Could not find a connection between 'world' and 'odom' because they are not part of the same tree.Tf has two or more unconnected trees.)[0m
[move_group-1] [33m[WARN] [1780038543.542853816] [moveit_ros.planning_scene_monitor.planning_scene_monitor]: Unable to transform object from frame 'map' to planning frame'world' (Could not find a connection between 'world' and 'map' because they are not part of the same tree.Tf has two or more unconnected trees.)[0m
[move_group-1] [33m[WARN] [1780038769.894189165] [moveit_ros.planning_scene_monitor.planning_scene_monitor]: Unable to transform object from frame 'odom' to planning frame'world' (Could not find a connection between 'world' and 'odom' because they are not part of the same tree.Tf has two or more unconnected trees.)[0m
[move_group-1] [33m[WARN] [1780038769.894230470] [moveit_ros.planning_scene_monitor.planning_scene_monitor]: Unable to transform object from frame 'map' to planning frame'world' (Could not find a connection between 'world' and 'map' because they are not part of the same tree.Tf has two or more unconnected trees.)[0m
[move_group-1] [33m[WARN] [1780038770.896638585] [moveit_ros.planning_scene_monitor.planning_scene_monitor]: Unable to transform object from frame 'odom' to planning frame'world' (Could not find a connection between 'world' and 'odom' because they are not part of the same tree.Tf has two or more unconnected trees.)[0m
[move_group-1] [33m[WARN] [1780038770.896993491] [moveit_ros.planning_scene_monitor.planning_scene_monitor]: Unable to transform object from frame 'map' to planning frame'world' (Could not find a connection between 'world' and 'map' because they are not part of the same tree.Tf has two or more unconnected trees.)[0m
[move_group-1] [33m[WARN] [1780038771.899818445] [moveit_ros.planning_scene_monitor.planning_scene_monitor]: Unable to transform object from frame 'odom' to planning frame'world' (Could not find a connection between 'world' and 'odom' because they are not part of the same tree.Tf has two or more unconnected trees.)[0m
[move_group-1] [33m[WARN] [1780038771.899852160] [moveit_ros.planning_scene_monitor.planning_scene_monitor]: Unable to transform object from frame 'map' to planning frame'world' (Could not find a connection between 'world' and 'map' because they are not part of the same tree.Tf has two or more unconnected trees.)[0m
[move_group-1] [33m[WARN] [1780038772.902947631] [moveit_ros.planning_scene_monitor.planning_scene_monitor]: Unable to transform object from frame 'odom' to planning frame'world' (Could not find a connection between 'world' and 'odom' because they are not part of the same tree.Tf has two or more unconnected trees.)[0m
[move_group-1] [33m[WARN] [1780038772.905770554] [moveit_ros.planning_scene_monitor.planning_scene_monitor]: Unable to transform object from frame 'map' to planning frame'world' (Could not find a connection between 'world' and 'map' because they are not part of the same tree.Tf has two or more unconnected trees.)[0m
[move_group-1] [33m[WARN] [1780038773.908339695] [moveit_ros.planning_scene_monitor.planning_scene_monitor]: Unable to transform object from frame 'odom' to planning frame'world' (Could not find a connection between 'world' and 'odom' because they are not part of the same tree.Tf has two or more unconnected trees.)[0m
[move_group-1] [33m[WARN] [1780038773.908374561] [moveit_ros.planning_scene_monitor.planning_scene_monitor]: Unable to transform object from frame 'map' to planning frame'world' (Could not find a connection between 'world' and 'map' because they are not part of the same tree.Tf has two or more unconnected trees.)[0m
[move_group-1] [33m[WARN] [1780038774.910320534] [moveit_ros.planning_scene_monitor.planning_scene_monitor]: Unable to transform object from frame 'odom' to planning frame'world' (Could not find a connection between 'world' and 'odom' because they are not part of the same tree.Tf has two or more unconnected trees.)[0m
[move_group-1] [33m[WARN] [1780038774.910364285] [moveit_ros.planning_scene_monitor.planning_scene_monitor]: Unable to transform object from frame 'map' to planning frame'world' (Could not find a connection between 'world' and 'map' because they are not part of the same tree.Tf has two or more unconnected trees.)[0m
[move_group-1] [33m[WARN] [1780038775.916561478] [moveit_ros.planning_scene_monitor.planning_scene_monitor]: Unable to transform object from frame 'odom' to planning frame'world' (Could not find a connection between 'world' and 'odom' because they are not part of the same tree.Tf has two or more unconnected trees.)[0m
[move_group-1] [33m[WARN] [1780038775.916592374] [moveit_ros.planning_scene_monitor.planning_scene_monitor]: Unable to transform object from frame 'map' to planning frame'world' (Could not find a connection between 'world' and 'map' because they are not part of the same tree.Tf has two or more unconnected trees.)[0m
[move_group-1] [33m[WARN] [1780038776.922881118] [moveit_ros.planning_scene_monitor.planning_scene_monitor]: Unable to transform object from frame 'odom' to planning frame'world' (Could not find a connection between 'world' and 'odom' because they are not part of the same tree.Tf has two or more unconnected trees.)[0m
[move_group-1] [33m[WARN] [1780038776.922913678] [moveit_ros.planning_scene_monitor.planning_scene_monitor]: Unable to transform object from frame 'map' to planning frame'world' (Could not find a connection between 'world' and 'map' because they are not part of the same tree.Tf has two or more unconnected trees.)[0m
[move_group-1] [33m[WARN] [1780038777.925468027] [moveit_ros.planning_scene_monitor.planning_scene_monitor]: Unable to transform object from frame 'odom' to planning frame'world' (Could not find a connection between 'world' and 'odom' because they are not part of the same tree.Tf has two or more unconnected trees.)[0m
[move_group-1] [33m[WARN] [1780038777.925987923] [moveit_ros.planning_scene_monitor.planning_scene_monitor]: Unable to transform object from frame 'map' to planning frame'world' (Could not find a connection between 'world' and 'map' because they are not part of the same tree.Tf has two or more unconnected trees.)[0m
[move_group-1] [33m[WARN] [1780039013.978876684] [moveit_ros.planning_scene_monitor.planning_scene_monitor]: Unable to transform object from frame 'odom' to planning frame'world' (Could not find a connection between 'world' and 'odom' because they are not part of the same tree.Tf has two or more unconnected trees.)[0m
[move_group-1] [33m[WARN] [1780039013.979421704] [moveit_ros.planning_scene_monitor.planning_scene_monitor]: Unable to transform object from frame 'map' to planning frame'world' (Could not find a connection between 'world' and 'map' because they are not part of the same tree.Tf has two or more unconnected trees.)[0m
[move_group-1] [33m[WARN] [1780039014.981660869] [moveit_ros.planning_scene_monitor.planning_scene_monitor]: Unable to transform object from frame 'odom' to planning frame'world' (Could not find a connection between 'world' and 'odom' because they are not part of the same tree.Tf has two or more unconnected trees.)[0m
[move_group-1] [33m[WARN] [1780039014.981704632] [moveit_ros.planning_scene_monitor.planning_scene_monitor]: Unable to transform object from frame 'map' to planning frame'world' (Could not find a connection between 'world' and 'map' because they are not part of the same tree.Tf has two or more unconnected trees.)[0m
[move_group-1] [33m[WARN] [1780039015.984829323] [moveit_ros.planning_scene_monitor.planning_scene_monitor]: Unable to transform object from frame 'odom' to planning frame'world' (Could not find a connection between 'world' and 'odom' because they are not part of the same tree.Tf has two or more unconnected trees.)[0m
[move_group-1] [33m[WARN] [1780039015.984875952] [moveit_ros.planning_scene_monitor.planning_scene_monitor]: Unable to transform object from frame 'map' to planning frame'world' (Could not find a connection between 'world' and 'map' because they are not part of the same tree.Tf has two or more unconnected trees.)[0m
[move_group-1] [33m[WARN] [1780039016.987783213] [moveit_ros.planning_scene_monitor.planning_scene_monitor]: Unable to transform object from frame 'odom' to planning frame'world' (Could not find a connection between 'world' and 'odom' because they are not part of the same tree.Tf has two or more unconnected trees.)[0m
[move_group-1] [33m[WARN] [1780039016.988447560] [moveit_ros.planning_scene_monitor.planning_scene_monitor]: Unable to transform object from frame 'map' to planning frame'world' (Could not find a connection between 'world' and 'map' because they are not part of the same tree.Tf has two or more unconnected trees.)[0m
[move_group-1] [33m[WARN] [1780039017.992803470] [moveit_ros.planning_scene_monitor.planning_scene_monitor]: Unable to transform object from frame 'odom' to planning frame'world' (Could not find a connection between 'world' and 'odom' because they are not part of the same tree.Tf has two or more unconnected trees.)[0m
[move_group-1] [33m[WARN] [1780039017.993085268] [moveit_ros.planning_scene_monitor.planning_scene_monitor]: Unable to transform object from frame 'map' to planning frame'world' (Could not find a connection between 'world' and 'map' because they are not part of the same tree.Tf has two or more unconnected trees.)[0m
[move_group-1] [33m[WARN] [1780039018.996722244] [moveit_ros.planning_scene_monitor.planning_scene_monitor]: Unable to transform object from frame 'odom' to planning frame'world' (Could not find a connection between 'world' and 'odom' because they are not part of the same tree.Tf has two or more unconnected trees.)[0m
[move_group-1] [33m[WARN] [1780039018.996792512] [moveit_ros.planning_scene_monitor.planning_scene_monitor]: Unable to transform object from frame 'map' to planning frame'world' (Could not find a connection between 'world' and 'map' because they are not part of the same tree.Tf has two or more unconnected trees.)[0m
[move_group-1] [33m[WARN] [1780039019.999521423] [moveit_ros.planning_scene_monitor.planning_scene_monitor]: Unable to transform object from frame 'odom' to planning frame'world' (Could not find a connection between 'world' and 'odom' because they are not part of the same tree.Tf has two or more unconnected trees.)[0m
[move_group-1] [33m[WARN] [1780039019.999550565] [moveit_ros.planning_scene_monitor.planning_scene_monitor]: Unable to transform object from frame 'map' to planning frame'world' (Could not find a connection between 'world' and 'map' because they are not part of the same tree.Tf has two or more unconnected trees.)[0m
[move_group-1] [33m[WARN] [1780039021.003565336] [moveit_ros.planning_scene_monitor.planning_scene_monitor]: Unable to transform object from frame 'odom' to planning frame'world' (Could not find a connection between 'world' and 'odom' because they are not part of the same tree.Tf has two or more unconnected trees.)[0m
[move_group-1] [33m[WARN] [1780039021.003996669] [moveit_ros.planning_scene_monitor.planning_scene_monitor]: Unable to transform object from frame 'map' to planning frame'world' (Could not find a connection between 'world' and 'map' because they are not part of the same tree.Tf has two or more unconnected trees.)[0m
[move_group-1] [33m[WARN] [1780039022.006774556] [moveit_ros.planning_scene_monitor.planning_scene_monitor]: Unable to transform object from frame 'odom' to planning frame'world' (Could not find a connection between 'world' and 'odom' because they are not part of the same tree.Tf has two or more unconnected trees.)[0m
[move_group-1] [33m[WARN] [1780039022.006834915] [moveit_ros.planning_scene_monitor.planning_scene_monitor]: Unable to transform object from frame 'map' to planning frame'world' (Could not find a connection between 'world' and 'map' because they are not part of the same tree.Tf has two or more unconnected trees.)[0m
[WARNING] [launch]: user interrupted with ctrl-c (SIGINT)
[move_group-1] [0m[INFO] [1780043501.325243606] [rclcpp]: signal_handler(SIGINT/SIGTERM)[0m
[move_group-1] [0m[INFO] [1780043501.348934695] [moveit.ros_planning_interface.moveit_cpp]: Deleting MoveItCpp[0m
[move_group-1] [0m[INFO] [1780043501.352062283] [moveit_ros.planning_scene_monitor.planning_scene_monitor]: Stopped publishing maintained planning scene.[0m
[move_group-1] [0m[INFO] [1780043501.352398148] [moveit_ros.planning_scene_monitor.planning_scene_monitor]: Stopping world geometry monitor[0m
[move_group-1] [0m[INFO] [1780043501.354767305] [moveit_ros.planning_scene_monitor.planning_scene_monitor]: Stopping planning scene monitor[0m
[move_group-1] Warning: class_loader.ClassLoader: SEVERE WARNING!!! Attempting to unload library while objects created by this loader exist in the heap! You should delete your objects before attempting to unload the library or destroying the ClassLoader. The library will NOT be unloaded.
[move_group-1]          at line 127 in ./src/class_loader.cpp
[move_group-1] Stack trace (most recent call last):
[move_group-1] #11   Object "", at 0xffffffffffffffff, in 
[move_group-1] #10   Object "/home/ubuntu/third_party_ros2/ws_moveit/build/moveit_ros_move_group/move_group", at 0x63faf57b1eb4, in _start
[move_group-1] #9    Source "../csu/libc-start.c", line 392, in __libc_start_main_impl [0x770d88c29e3f]
[move_group-1] #8    Source "../sysdeps/nptl/libc_start_call_main.h", line 58, in __libc_start_call_main [0x770d88c29d8f]
[move_group-1] #7    Object "/home/ubuntu/third_party_ros2/ws_moveit/build/moveit_ros_move_group/move_group", at 0x63faf57b1483, in main
[move_group-1] #6    Object "/home/ubuntu/third_party_ros2/ws_moveit/build/moveit_ros_move_group/move_group", at 0x63faf57b89c1, in std::_Sp_counted_base<(__gnu_cxx::_Lock_policy)2>::_M_release()
[move_group-1] #5    Object "/opt/ros/humble/lib/librclcpp.so", at 0x770d89503b2e, in rclcpp::Node::~Node()
[move_group-1] #4    Object "/opt/ros/humble/lib/librclcpp.so", at 0x770d894ded39, in 
[move_group-1] #3    Object "/opt/ros/humble/lib/librclcpp.so", at 0x770d8950d0b9, in 
[move_group-1] #2    Object "/opt/ros/humble/lib/librclcpp.so", at 0x770d8950d000, in rclcpp::node_interfaces::NodeBase::~NodeBase()
[move_group-1] #1    Object "/opt/ros/humble/lib/librclcpp.so", at 0x770d894ded39, in 
[move_group-1] #0    Object "/opt/ros/humble/lib/librclcpp.so", at 0x770d894e3b31, in rclcpp::CallbackGroup::~CallbackGroup()
[move_group-1] Segmentation fault (Address not mapped to object [0x770d733dfc58])
[ERROR] [move_group-1]: process has died [pid 13486, exit code -11, cmd '/home/ubuntu/third_party_ros2/ws_moveit/install/moveit_ros_move_group/lib/moveit_ros_move_group/move_group --ros-args --params-file /tmp/launch_params_pl5h22bi --params-file /tmp/launch_params_qbhfo2bl'].
[move_group-1] [0m
