[INFO] [launch]: All log files can be found below /home/ubuntu/.ros/log/2026-05-29-16-49-11-392348-ubuntu-virtual-machine-17762
[INFO] [launch]: Default logging verbosity is set to INFO
ign_args is deprecated, migrate to gz_args!
[INFO] [ign gazebo-1]: process started with pid [17765]
[INFO] [joint_state_publisher-2]: process started with pid [17767]
[INFO] [robot_state_publisher-3]: process started with pid [17770]
[INFO] [create-4]: process started with pid [17772]
[INFO] [parameter_bridge-5]: process started with pid [17774]
[INFO] [static_transform_publisher-6]: process started with pid [17777]
[create-4] [ros_ign_gazebo] is deprecated! Redirecting to use [ros_gz_sim] instead!
[create-4] 
[static_transform_publisher-6] [33m[WARN] [1780044551.867945499] []: Old-style arguments are deprecated; see --help for new-style arguments[0m
[static_transform_publisher-6] [0m[INFO] [1780044551.877730702] [static_transform_publisher]: Spinning until stopped - publishing transform
[static_transform_publisher-6] translation: ('0.000000', '0.000000', '0.000000')
[static_transform_publisher-6] rotation: ('0.000000', '0.000000', '0.000000', '1.000000')
[static_transform_publisher-6] from 'map' to 'odom'[0m
[create-4] [0m[INFO] [1780044551.920931407] [ros_gz_sim]: Requesting list of world names.[0m
[robot_state_publisher-3] [0m[INFO] [1780044551.927862574] [robot_state_publisher]: got segment base_balck_link[0m
[robot_state_publisher-3] [0m[INFO] [1780044551.928268078] [robot_state_publisher]: got segment base_link[0m
[robot_state_publisher-3] [0m[INFO] [1780044551.928275544] [robot_state_publisher]: got segment base_screen_link[0m
[robot_state_publisher-3] [0m[INFO] [1780044551.928278578] [robot_state_publisher]: got segment base_white_link[0m
[robot_state_publisher-3] [0m[INFO] [1780044551.928281195] [robot_state_publisher]: got segment depth_cam_frame[0m
[robot_state_publisher-3] [0m[INFO] [1780044551.928283224] [robot_state_publisher]: got segment depth_cam_link[0m
[robot_state_publisher-3] [0m[INFO] [1780044551.928285310] [robot_state_publisher]: got segment end_effector_link[0m
[robot_state_publisher-3] [0m[INFO] [1780044551.928287447] [robot_state_publisher]: got segment grasp_tcp[0m
[robot_state_publisher-3] [0m[INFO] [1780044551.928289636] [robot_state_publisher]: got segment gripper_servo_link[0m
[robot_state_publisher-3] [0m[INFO] [1780044551.928291859] [robot_state_publisher]: got segment l_in_link[0m
[robot_state_publisher-3] [0m[INFO] [1780044551.928293867] [robot_state_publisher]: got segment l_link[0m
[robot_state_publisher-3] [0m[INFO] [1780044551.928296021] [robot_state_publisher]: got segment l_out_link[0m
[robot_state_publisher-3] [0m[INFO] [1780044551.928298212] [robot_state_publisher]: got segment link1[0m
[robot_state_publisher-3] [0m[INFO] [1780044551.928300331] [robot_state_publisher]: got segment link2[0m
[robot_state_publisher-3] [0m[INFO] [1780044551.928302513] [robot_state_publisher]: got segment link3[0m
[robot_state_publisher-3] [0m[INFO] [1780044551.928304510] [robot_state_publisher]: got segment link4[0m
[robot_state_publisher-3] [0m[INFO] [1780044551.928306514] [robot_state_publisher]: got segment link5[0m
[robot_state_publisher-3] [0m[INFO] [1780044551.928308527] [robot_state_publisher]: got segment r_in_link[0m
[robot_state_publisher-3] [0m[INFO] [1780044551.928310619] [robot_state_publisher]: got segment r_link[0m
[robot_state_publisher-3] [0m[INFO] [1780044551.928312671] [robot_state_publisher]: got segment r_out_link[0m
[robot_state_publisher-3] [0m[INFO] [1780044551.928314697] [robot_state_publisher]: got segment servo_link2[0m
[robot_state_publisher-3] [0m[INFO] [1780044551.928316683] [robot_state_publisher]: got segment world[0m
[parameter_bridge-5] [0m[INFO] [1780044551.956107126] [ros_gz_bridge]: Creating ROS->GZ Bridge: [/controller/cmd_vel (geometry_msgs/msg/Twist) -> /controller/cmd_vel (ignition.msgs.Twist)] (Lazy 0)[0m
[parameter_bridge-5] [0m[INFO] [1780044551.959248358] [ros_gz_bridge]: Creating GZ->ROS Bridge: [/odom (ignition.msgs.Odometry) -> /odom (nav_msgs/msg/Odometry)] (Lazy 0)[0m
[parameter_bridge-5] [0m[INFO] [1780044551.962251687] [ros_gz_bridge]: Creating GZ->ROS Bridge: [/odom/tf (ignition.msgs.Pose_V) -> /odom/tf (tf2_msgs/msg/TFMessage)] (Lazy 0)[0m
[parameter_bridge-5] [0m[INFO] [1780044551.964509055] [ros_gz_bridge]: Creating GZ->ROS Bridge: [/joint_states (ignition.msgs.Model) -> /joint_states (sensor_msgs/msg/JointState)] (Lazy 0)[0m
[parameter_bridge-5] [0m[INFO] [1780044551.966752423] [ros_gz_bridge]: Creating GZ->ROS Bridge: [/scan (ignition.msgs.LaserScan) -> /scan (sensor_msgs/msg/LaserScan)] (Lazy 0)[0m
[parameter_bridge-5] [0m[INFO] [1780044551.968030627] [ros_gz_bridge]: Creating GZ->ROS Bridge: [/scan/points (ignition.msgs.PointCloudPacked) -> /scan/points (sensor_msgs/msg/PointCloud2)] (Lazy 0)[0m
[parameter_bridge-5] [0m[INFO] [1780044551.969404157] [ros_gz_bridge]: Creating GZ->ROS Bridge: [/depth_cam/rgbd/image (ignition.msgs.Image) -> /depth_cam/rgbd/image (sensor_msgs/msg/Image)] (Lazy 0)[0m
[parameter_bridge-5] [0m[INFO] [1780044551.969903046] [ros_gz_bridge]: Creating GZ->ROS Bridge: [/depth_cam/rgbd/depth_image (ignition.msgs.Image) -> /depth_cam/rgbd/depth_image (sensor_msgs/msg/Image)] (Lazy 0)[0m
[joint_state_publisher-2] [0m[INFO] [1780044552.134704740] [joint_state_publisher]: Waiting for robot_description to be published on the robot_description topic...[0m
[create-4] [0m[INFO] [1780044552.359573054] [ros_gz_sim]: Waiting messages on topic [robot_description].[0m
[create-4] [0m[INFO] [1780044552.459659756] [ros_gz_sim]: Requested creation of entity.[0m
[create-4] [0m[INFO] [1780044552.459703220] [ros_gz_sim]: OK creation of entity.[0m
[INFO] [create-4]: process has finished cleanly [pid 17772]
[INFO] [spawner-7]: process started with pid [17885]
[spawner-7] [0m[INFO] [1780044552.776912529] [spawner_joint_state_broadcaster]: waiting for service /controller_manager/list_controllers to become available...[0m
[ign gazebo-1] VMware: No 3D enabled (0, Success).
[ign gazebo-1] libEGL warning: egl: failed to create dri2 screen
[ign gazebo-1] VMware: No 3D enabled (0, Success).
[ign gazebo-1] libEGL warning: egl: failed to create dri2 screen
[ign gazebo-1] [0m[INFO] [1780044554.085352499] [GazeboSimROS2ControlPlugin]: robot_param_node is robot_state_publisher[0m
[ign gazebo-1] [0m[INFO] [1780044554.085389283] [GazeboSimROS2ControlPlugin]: robot_param_node is robot_description[0m
[ign gazebo-1] [0m[INFO] [1780044554.438474952] [gz_ros2_control]: [ign_ros2_control] Fixed joint [base_joint] (Entity=69)] is skipped[0m
[ign gazebo-1] [0m[INFO] [1780044554.443420026] [gz_ros2_control]: connected to service!! robot_state_publisher asking for robot_description[0m
[ign gazebo-1] [0m[INFO] [1780044554.446511445] [gz_ros2_control]: Received URDF from param server[0m
[ign gazebo-1] [0m[INFO] [1780044554.455159213] [gz_ros2_control]: The position_proportional_gain has been set to: 0.1[0m
[ign gazebo-1] [0m[INFO] [1780044554.455291626] [gz_ros2_control]: Loading joint: joint1[0m
[ign gazebo-1] [0m[INFO] [1780044554.455307628] [gz_ros2_control]: 	State:[0m
[ign gazebo-1] [0m[INFO] [1780044554.455315701] [gz_ros2_control]: 		 position[0m
[ign gazebo-1] [0m[INFO] [1780044554.455366521] [gz_ros2_control]: 			 found initial value: 0.000000[0m
[ign gazebo-1] [0m[INFO] [1780044554.455372346] [gz_ros2_control]: 		 velocity[0m
[ign gazebo-1] [0m[INFO] [1780044554.455391864] [gz_ros2_control]: 		 effort[0m
[ign gazebo-1] [0m[INFO] [1780044554.455400807] [gz_ros2_control]: 	Command:[0m
[ign gazebo-1] [0m[INFO] [1780044554.455403637] [gz_ros2_control]: 		 position[0m
[ign gazebo-1] [0m[INFO] [1780044554.455500179] [gz_ros2_control]: Loading joint: joint2[0m
[ign gazebo-1] [0m[INFO] [1780044554.455503623] [gz_ros2_control]: 	State:[0m
[ign gazebo-1] [0m[INFO] [1780044554.455506234] [gz_ros2_control]: 		 position[0m
[ign gazebo-1] [0m[INFO] [1780044554.455508738] [gz_ros2_control]: 			 found initial value: 0.000000[0m
[ign gazebo-1] [0m[INFO] [1780044554.455512097] [gz_ros2_control]: 		 velocity[0m
[ign gazebo-1] [0m[INFO] [1780044554.455515273] [gz_ros2_control]: 		 effort[0m
[ign gazebo-1] [0m[INFO] [1780044554.455517825] [gz_ros2_control]: 	Command:[0m
[ign gazebo-1] [0m[INFO] [1780044554.455520336] [gz_ros2_control]: 		 position[0m
[ign gazebo-1] [0m[INFO] [1780044554.455540086] [gz_ros2_control]: Loading joint: joint3[0m
[ign gazebo-1] [0m[INFO] [1780044554.455542847] [gz_ros2_control]: 	State:[0m
[ign gazebo-1] [0m[INFO] [1780044554.455545162] [gz_ros2_control]: 		 position[0m
[ign gazebo-1] [0m[INFO] [1780044554.455547441] [gz_ros2_control]: 			 found initial value: 0.000000[0m
[ign gazebo-1] [0m[INFO] [1780044554.455550214] [gz_ros2_control]: 		 velocity[0m
[ign gazebo-1] [0m[INFO] [1780044554.455552733] [gz_ros2_control]: 		 effort[0m
[ign gazebo-1] [0m[INFO] [1780044554.455556190] [gz_ros2_control]: 	Command:[0m
[ign gazebo-1] [0m[INFO] [1780044554.455558523] [gz_ros2_control]: 		 position[0m
[ign gazebo-1] [0m[INFO] [1780044554.455564863] [gz_ros2_control]: Loading joint: joint4[0m
[ign gazebo-1] [0m[INFO] [1780044554.455567294] [gz_ros2_control]: 	State:[0m
[ign gazebo-1] [0m[INFO] [1780044554.455569645] [gz_ros2_control]: 		 position[0m
[ign gazebo-1] [0m[INFO] [1780044554.455571941] [gz_ros2_control]: 			 found initial value: 0.000000[0m
[ign gazebo-1] [0m[INFO] [1780044554.455574546] [gz_ros2_control]: 		 velocity[0m
[ign gazebo-1] [0m[INFO] [1780044554.455576916] [gz_ros2_control]: 		 effort[0m
[ign gazebo-1] [0m[INFO] [1780044554.455579253] [gz_ros2_control]: 	Command:[0m
[ign gazebo-1] [0m[INFO] [1780044554.455581350] [gz_ros2_control]: 		 position[0m
[ign gazebo-1] [0m[INFO] [1780044554.455587060] [gz_ros2_control]: Loading joint: joint5[0m
[ign gazebo-1] [0m[INFO] [1780044554.455589722] [gz_ros2_control]: 	State:[0m
[ign gazebo-1] [0m[INFO] [1780044554.455591913] [gz_ros2_control]: 		 position[0m
[ign gazebo-1] [0m[INFO] [1780044554.455594188] [gz_ros2_control]: 			 found initial value: 0.000000[0m
[ign gazebo-1] [0m[INFO] [1780044554.455596757] [gz_ros2_control]: 		 velocity[0m
[ign gazebo-1] [0m[INFO] [1780044554.455599114] [gz_ros2_control]: 		 effort[0m
[ign gazebo-1] [0m[INFO] [1780044554.455601431] [gz_ros2_control]: 	Command:[0m
[ign gazebo-1] [0m[INFO] [1780044554.455603477] [gz_ros2_control]: 		 position[0m
[ign gazebo-1] [0m[INFO] [1780044554.455609737] [gz_ros2_control]: Loading joint: r_joint[0m
[ign gazebo-1] [0m[INFO] [1780044554.455612142] [gz_ros2_control]: 	State:[0m
[ign gazebo-1] [0m[INFO] [1780044554.455614316] [gz_ros2_control]: 		 position[0m
[ign gazebo-1] [0m[INFO] [1780044554.455616626] [gz_ros2_control]: 			 found initial value: 0.000000[0m
[ign gazebo-1] [0m[INFO] [1780044554.455619105] [gz_ros2_control]: 		 velocity[0m
[ign gazebo-1] [0m[INFO] [1780044554.455623017] [gz_ros2_control]: 		 effort[0m
[ign gazebo-1] [0m[INFO] [1780044554.455625428] [gz_ros2_control]: 	Command:[0m
[ign gazebo-1] [0m[INFO] [1780044554.455627554] [gz_ros2_control]: 		 position[0m
[ign gazebo-1] [0m[INFO] [1780044554.455632972] [gz_ros2_control]: Loading joint: l_joint[0m
[ign gazebo-1] [0m[INFO] [1780044554.455635715] [gz_ros2_control]: 	State:[0m
[ign gazebo-1] [0m[INFO] [1780044554.455638041] [gz_ros2_control]: 		 position[0m
[ign gazebo-1] [0m[INFO] [1780044554.455640296] [gz_ros2_control]: 			 found initial value: 0.000000[0m
[ign gazebo-1] [0m[INFO] [1780044554.455642856] [gz_ros2_control]: 		 velocity[0m
[ign gazebo-1] [0m[INFO] [1780044554.455645250] [gz_ros2_control]: 		 effort[0m
[ign gazebo-1] [0m[INFO] [1780044554.455647463] [gz_ros2_control]: 	Command:[0m
[ign gazebo-1] [0m[INFO] [1780044554.455649677] [gz_ros2_control]: 		 position[0m
[ign gazebo-1] [0m[INFO] [1780044554.455657376] [gz_ros2_control]: Loading joint: l_in_joint[0m
[ign gazebo-1] [0m[INFO] [1780044554.455659868] [gz_ros2_control]: 	State:[0m
[ign gazebo-1] [0m[INFO] [1780044554.455686496] [gz_ros2_control]: 		 position[0m
[ign gazebo-1] [0m[INFO] [1780044554.455689276] [gz_ros2_control]: 			 found initial value: 0.000000[0m
[ign gazebo-1] [0m[INFO] [1780044554.455692190] [gz_ros2_control]: 		 velocity[0m
[ign gazebo-1] [0m[INFO] [1780044554.455694600] [gz_ros2_control]: 		 effort[0m
[ign gazebo-1] [0m[INFO] [1780044554.455696873] [gz_ros2_control]: 	Command:[0m
[ign gazebo-1] [0m[INFO] [1780044554.455699004] [gz_ros2_control]: 		 position[0m
[ign gazebo-1] [0m[INFO] [1780044554.455704074] [gz_ros2_control]: Loading joint: l_out_joint[0m
[ign gazebo-1] [0m[INFO] [1780044554.455706548] [gz_ros2_control]: 	State:[0m
[ign gazebo-1] [0m[INFO] [1780044554.455708695] [gz_ros2_control]: 		 position[0m
[ign gazebo-1] [0m[INFO] [1780044554.455710841] [gz_ros2_control]: 			 found initial value: 0.000000[0m
[ign gazebo-1] [0m[INFO] [1780044554.455713331] [gz_ros2_control]: 		 velocity[0m
[ign gazebo-1] [0m[INFO] [1780044554.455715720] [gz_ros2_control]: 		 effort[0m
[ign gazebo-1] [0m[INFO] [1780044554.455717963] [gz_ros2_control]: 	Command:[0m
[ign gazebo-1] [0m[INFO] [1780044554.455720048] [gz_ros2_control]: 		 position[0m
[ign gazebo-1] [0m[INFO] [1780044554.455726558] [gz_ros2_control]: Loading joint: r_in_joint[0m
[ign gazebo-1] [0m[INFO] [1780044554.455729043] [gz_ros2_control]: 	State:[0m
[ign gazebo-1] [0m[INFO] [1780044554.455731285] [gz_ros2_control]: 		 position[0m
[ign gazebo-1] [0m[INFO] [1780044554.455733489] [gz_ros2_control]: 			 found initial value: 0.000000[0m
[ign gazebo-1] [0m[INFO] [1780044554.455736035] [gz_ros2_control]: 		 velocity[0m
[ign gazebo-1] [0m[INFO] [1780044554.455738322] [gz_ros2_control]: 		 effort[0m
[ign gazebo-1] [0m[INFO] [1780044554.455740572] [gz_ros2_control]: 	Command:[0m
[ign gazebo-1] [0m[INFO] [1780044554.455742693] [gz_ros2_control]: 		 position[0m
[ign gazebo-1] [0m[INFO] [1780044554.455748084] [gz_ros2_control]: Loading joint: r_out_joint[0m
[ign gazebo-1] [0m[INFO] [1780044554.455750458] [gz_ros2_control]: 	State:[0m
[ign gazebo-1] [0m[INFO] [1780044554.455752671] [gz_ros2_control]: 		 position[0m
[ign gazebo-1] [0m[INFO] [1780044554.455754827] [gz_ros2_control]: 			 found initial value: 0.000000[0m
[ign gazebo-1] [0m[INFO] [1780044554.455757315] [gz_ros2_control]: 		 velocity[0m
[ign gazebo-1] [0m[INFO] [1780044554.455759575] [gz_ros2_control]: 		 effort[0m
[ign gazebo-1] [0m[INFO] [1780044554.455763574] [gz_ros2_control]: 	Command:[0m
[ign gazebo-1] [0m[INFO] [1780044554.455765834] [gz_ros2_control]: 		 position[0m
[ign gazebo-1] [0m[INFO] [1780044554.456141069] [resource_manager]: Initialize hardware 'IgnitionSystem' [0m
[ign gazebo-1] [33m[WARN] [1780044554.456157120] [gz_ros2_control]: On init...[0m
[ign gazebo-1] [0m[INFO] [1780044554.456318906] [resource_manager]: Successful initialization of hardware 'IgnitionSystem'[0m
[ign gazebo-1] [0m[INFO] [1780044554.456371114] [resource_manager]: 'configure' hardware 'IgnitionSystem' [0m
[ign gazebo-1] [0m[INFO] [1780044554.456373765] [gz_ros2_control]: System Successfully configured![0m
[ign gazebo-1] [0m[INFO] [1780044554.456380031] [resource_manager]: Successful 'configure' of hardware 'IgnitionSystem'[0m
[ign gazebo-1] [0m[INFO] [1780044554.456385732] [resource_manager]: 'activate' hardware 'IgnitionSystem' [0m
[ign gazebo-1] [0m[INFO] [1780044554.456388514] [resource_manager]: Successful 'activate' of hardware 'IgnitionSystem'[0m
[ign gazebo-1] [0m[INFO] [1780044554.456392558] [gz_ros2_control]: Loading controller_manager[0m
[ign gazebo-1] [0m[INFO] [1780044554.541053668] [controller_manager]: Loading controller 'joint_state_broadcaster'[0m
[spawner-7] [0m[INFO] [1780044554.555302721] [spawner_joint_state_broadcaster]: [94mLoaded [1mjoint_state_broadcaster[0m[0m
[ign gazebo-1] [0m[INFO] [1780044554.556445298] [controller_manager]: Configuring controller 'joint_state_broadcaster'[0m
[ign gazebo-1] [0m[INFO] [1780044554.556529685] [joint_state_broadcaster]: 'joints' or 'interfaces' parameter is empty. All available state interfaces will be published[0m
[ign gazebo-1] [33m[WARN] [1780044554.595053686] [gz_ros2_control]:  Desired controller update period (0.0333333 s) is slower than the gazebo simulation period (0.02 s).[0m
[ign gazebo-1] VMware: No 3D enabled (0, Success).
[ign gazebo-1] libEGL warning: egl: failed to create dri2 screen
[ign gazebo-1] VMware: No 3D enabled (0, Success).
[ign gazebo-1] libEGL warning: egl: failed to create dri2 screen
[spawner-7] [0m[INFO] [1780044555.171680724] [spawner_joint_state_broadcaster]: [92mConfigured and activated [1mjoint_state_broadcaster[0m[0m
[INFO] [spawner-7]: process has finished cleanly [pid 17885]
[INFO] [spawner-8]: process started with pid [17970]
[ign gazebo-1] [0m[INFO] [1780044555.650421514] [controller_manager]: Loading controller 'arm_controller'[0m
[ign gazebo-1] [33m[WARN] [1780044555.679138545] [arm_controller]: [Deprecated]: "allow_nonzero_velocity_at_trajectory_end" is set to true. The default behavior will change to false.[0m
[spawner-8] [0m[INFO] [1780044555.695396909] [spawner_arm_controller]: [94mLoaded [1marm_controller[0m[0m
[ign gazebo-1] [0m[INFO] [1780044555.790913725] [controller_manager]: Configuring controller 'arm_controller'[0m
[ign gazebo-1] [0m[INFO] [1780044555.791085369] [arm_controller]: No specific joint names are used for command interfaces. Using 'joints' parameter.[0m
[ign gazebo-1] [0m[INFO] [1780044555.791154819] [arm_controller]: Command interfaces are [position] and state interfaces are [position velocity].[0m
[ign gazebo-1] [0m[INFO] [1780044555.791175790] [arm_controller]: Using 'splines' interpolation method.[0m
[ign gazebo-1] [0m[INFO] [1780044555.792053943] [arm_controller]: Controller state will be published at 50.00 Hz.[0m
[ign gazebo-1] [0m[INFO] [1780044555.796209774] [arm_controller]: Action status changes will be monitored at 20.00 Hz.[0m
[spawner-8] [0m[INFO] [1780044556.174586663] [spawner_arm_controller]: [92mConfigured and activated [1marm_controller[0m[0m
[INFO] [spawner-8]: process has finished cleanly [pid 17970]
[INFO] [spawner-9]: process started with pid [17985]
[spawner-9] [0m[INFO] [1780044556.682508486] [spawner_gripper_controller]: waiting for service /controller_manager/list_controllers to become available...[0m
[ign gazebo-1] [0m[INFO] [1780044558.084482702] [controller_manager]: Loading controller 'gripper_controller'[0m
[ign gazebo-1] [33m[WARN] [1780044558.094647977] [gripper_controller]: [Deprecated]: "allow_nonzero_velocity_at_trajectory_end" is set to true. The default behavior will change to false.[0m
[spawner-9] [0m[INFO] [1780044558.194018365] [spawner_gripper_controller]: [94mLoaded [1mgripper_controller[0m[0m
[ign gazebo-1] [0m[INFO] [1780044558.197593283] [controller_manager]: Configuring controller 'gripper_controller'[0m
[ign gazebo-1] [0m[INFO] [1780044558.197723785] [gripper_controller]: No specific joint names are used for command interfaces. Using 'joints' parameter.[0m
[ign gazebo-1] [0m[INFO] [1780044558.197733731] [gripper_controller]: Command interfaces are [position] and state interfaces are [position velocity].[0m
[ign gazebo-1] [0m[INFO] [1780044558.197740846] [gripper_controller]: Using 'splines' interpolation method.[0m
[ign gazebo-1] [0m[INFO] [1780044558.199807319] [gripper_controller]: Controller state will be published at 50.00 Hz.[0m
[ign gazebo-1] [0m[INFO] [1780044558.201666177] [gripper_controller]: Action status changes will be monitored at 20.00 Hz.[0m
[spawner-9] [0m[INFO] [1780044558.718198304] [spawner_gripper_controller]: [92mConfigured and activated [1mgripper_controller[0m[0m
[INFO] [spawner-9]: process has finished cleanly [pid 17985]
