[0.092s] DEBUG:colcon:Command line arguments: ['/home/ubuntu/.local/bin/colcon', 'build', '--paths', 'src/simulations/jetarm_6dof_description']
[0.092s] DEBUG:colcon:Parsed command line arguments: Namespace(log_base=None, log_level=None, verb_name='build', build_base='build', install_base='install', merge_install=False, symlink_install=False, test_result_base=None, continue_on_error=False, executor='parallel', parallel_workers=4, event_handlers=None, ignore_user_meta=False, metas=['./colcon.meta'], base_paths=['.'], packages_ignore=None, packages_ignore_regex=None, paths=['/home/ubuntu/ros2_ws/src/simulations/jetarm_6dof_description'], packages_up_to=None, packages_up_to_regex=None, packages_above=None, packages_above_and_dependencies=None, packages_above_depth=None, packages_select_by_dep=None, packages_skip_by_dep=None, packages_skip_up_to=None, packages_select_build_failed=False, packages_skip_build_finished=False, packages_select_test_failures=False, packages_skip_test_passed=False, packages_select=None, packages_skip=None, packages_select_regex=None, packages_skip_regex=None, packages_start=None, packages_end=None, cmake_args=None, cmake_target=None, cmake_target_skip_unavailable=False, cmake_clean_cache=False, cmake_clean_first=False, cmake_force_configure=False, ament_cmake_args=None, catkin_cmake_args=None, catkin_skip_building_tests=False, verb_parser=<colcon_defaults.argument_parser.defaults.DefaultArgumentsDecorator object at 0x7d91bd6ea7a0>, verb_extension=<colcon_core.verb.build.BuildVerb object at 0x7d91bd6ea260>, main=<bound method BuildVerb.main of <colcon_core.verb.build.BuildVerb object at 0x7d91bd6ea260>>)
[0.188s] Level 1:colcon.colcon_core.package_discovery:discover_packages(colcon_meta) check parameters
[0.188s] Level 1:colcon.colcon_core.package_discovery:discover_packages(recursive) check parameters
[0.188s] Level 1:colcon.colcon_core.package_discovery:discover_packages(ignore) check parameters
[0.188s] Level 1:colcon.colcon_core.package_discovery:discover_packages(path) check parameters
[0.188s] Level 1:colcon.colcon_core.package_discovery:discover_packages(path) discover
[0.189s] Level 1:colcon.colcon_core.package_discovery:PathPackageDiscovery.discover(['/home/ubuntu/ros2_ws/src/simulations/jetarm_6dof_description'])
[0.189s] Level 1:colcon.colcon_core.package_identification:_identify(/home/ubuntu/ros2_ws/src/simulations/jetarm_6dof_description) by extensions ['ignore', 'ignore_ament_install']
[0.189s] Level 1:colcon.colcon_core.package_identification:_identify(/home/ubuntu/ros2_ws/src/simulations/jetarm_6dof_description) by extension 'ignore'
[0.189s] Level 1:colcon.colcon_core.package_identification:_identify(/home/ubuntu/ros2_ws/src/simulations/jetarm_6dof_description) by extension 'ignore_ament_install'
[0.189s] Level 1:colcon.colcon_core.package_identification:_identify(/home/ubuntu/ros2_ws/src/simulations/jetarm_6dof_description) by extensions ['colcon_pkg']
[0.189s] Level 1:colcon.colcon_core.package_identification:_identify(/home/ubuntu/ros2_ws/src/simulations/jetarm_6dof_description) by extension 'colcon_pkg'
[0.189s] Level 1:colcon.colcon_core.package_identification:_identify(/home/ubuntu/ros2_ws/src/simulations/jetarm_6dof_description) by extensions ['colcon_meta']
[0.189s] Level 1:colcon.colcon_core.package_identification:_identify(/home/ubuntu/ros2_ws/src/simulations/jetarm_6dof_description) by extension 'colcon_meta'
[0.189s] Level 1:colcon.colcon_core.package_identification:_identify(/home/ubuntu/ros2_ws/src/simulations/jetarm_6dof_description) by extensions ['ros']
[0.189s] Level 1:colcon.colcon_core.package_identification:_identify(/home/ubuntu/ros2_ws/src/simulations/jetarm_6dof_description) by extension 'ros'
[0.198s] DEBUG:colcon.colcon_core.package_identification:Package '/home/ubuntu/ros2_ws/src/simulations/jetarm_6dof_description' with type 'ros.ament_python' and name 'jetarm_6dof_description'
[0.198s] Level 1:colcon.colcon_core.package_discovery:discover_packages(path) using defaults
[0.211s] Level 5:colcon.colcon_core.verb:set package 'jetarm_6dof_description' build argument 'cmake_args' from command line to 'None'
[0.211s] Level 5:colcon.colcon_core.verb:set package 'jetarm_6dof_description' build argument 'cmake_target' from command line to 'None'
[0.211s] Level 5:colcon.colcon_core.verb:set package 'jetarm_6dof_description' build argument 'cmake_target_skip_unavailable' from command line to 'False'
[0.211s] Level 5:colcon.colcon_core.verb:set package 'jetarm_6dof_description' build argument 'cmake_clean_cache' from command line to 'False'
[0.211s] Level 5:colcon.colcon_core.verb:set package 'jetarm_6dof_description' build argument 'cmake_clean_first' from command line to 'False'
[0.211s] Level 5:colcon.colcon_core.verb:set package 'jetarm_6dof_description' build argument 'cmake_force_configure' from command line to 'False'
[0.211s] Level 5:colcon.colcon_core.verb:set package 'jetarm_6dof_description' build argument 'ament_cmake_args' from command line to 'None'
[0.211s] Level 5:colcon.colcon_core.verb:set package 'jetarm_6dof_description' build argument 'catkin_cmake_args' from command line to 'None'
[0.211s] Level 5:colcon.colcon_core.verb:set package 'jetarm_6dof_description' build argument 'catkin_skip_building_tests' from command line to 'False'
[0.211s] DEBUG:colcon.colcon_core.verb:Building package 'jetarm_6dof_description' with the following arguments: {'ament_cmake_args': None, 'build_base': '/home/ubuntu/ros2_ws/build/jetarm_6dof_description', 'catkin_cmake_args': None, 'catkin_skip_building_tests': False, 'cmake_args': None, 'cmake_clean_cache': False, 'cmake_clean_first': False, 'cmake_force_configure': False, 'cmake_target': None, 'cmake_target_skip_unavailable': False, 'install_base': '/home/ubuntu/ros2_ws/install/jetarm_6dof_description', 'merge_install': False, 'path': '/home/ubuntu/ros2_ws/src/simulations/jetarm_6dof_description', 'symlink_install': False, 'test_result_base': None}
[0.212s] INFO:colcon.colcon_core.executor:Executing jobs using 'parallel' executor
[0.212s] DEBUG:colcon.colcon_parallel_executor.executor.parallel:run_until_complete
[0.212s] INFO:colcon.colcon_ros.task.ament_python.build:Building ROS package in '/home/ubuntu/ros2_ws/src/simulations/jetarm_6dof_description' with build type 'ament_python'
[0.213s] Level 1:colcon.colcon_core.shell:create_environment_hook('jetarm_6dof_description', 'ament_prefix_path')
[0.214s] INFO:colcon.colcon_core.plugin_system:Skipping extension 'colcon_core.shell.bat': Not used on non-Windows systems
[0.214s] INFO:colcon.colcon_core.shell:Creating environment hook '/home/ubuntu/ros2_ws/install/jetarm_6dof_description/share/jetarm_6dof_description/hook/ament_prefix_path.ps1'
[0.215s] INFO:colcon.colcon_core.shell:Creating environment descriptor '/home/ubuntu/ros2_ws/install/jetarm_6dof_description/share/jetarm_6dof_description/hook/ament_prefix_path.dsv'
[0.215s] INFO:colcon.colcon_core.shell:Creating environment hook '/home/ubuntu/ros2_ws/install/jetarm_6dof_description/share/jetarm_6dof_description/hook/ament_prefix_path.sh'
[0.216s] INFO:colcon.colcon_core.shell:Skip shell extension 'powershell' for command environment: Not usable outside of PowerShell
[0.216s] DEBUG:colcon.colcon_core.shell:Skip shell extension 'dsv' for command environment
[30.458s] INFO:colcon.colcon_core.task.python.build:Building Python package in '/home/ubuntu/ros2_ws/src/simulations/jetarm_6dof_description'
[30.458s] INFO:colcon.colcon_core.shell:Skip shell extension 'powershell' for command environment: Not usable outside of PowerShell
[30.458s] DEBUG:colcon.colcon_core.shell:Skip shell extension 'dsv' for command environment
[90.309s] DEBUG:colcon.colcon_core.event_handler.log_command:Invoking command in '/home/ubuntu/ros2_ws/src/simulations/jetarm_6dof_description': PYTHONPATH=/home/ubuntu/ros2_ws/build/jetarm_6dof_description/prefix_override:/home/ubuntu/ros2_ws/install/jetarm_6dof_description/lib/python3.10/site-packages:${PYTHONPATH} VIRTUAL_ENV_PROMPT=(venv_day5) /usr/bin/python3 -W ignore:setup.py install is deprecated setup.py egg_info --egg-base ../../../build/jetarm_6dof_description build --build-base /home/ubuntu/ros2_ws/build/jetarm_6dof_description/build install --record /home/ubuntu/ros2_ws/build/jetarm_6dof_description/install.log --single-version-externally-managed install_data
[90.572s] DEBUG:colcon.colcon_core.event_handler.log_command:Invoked command in '/home/ubuntu/ros2_ws/src/simulations/jetarm_6dof_description' returned '0': PYTHONPATH=/home/ubuntu/ros2_ws/build/jetarm_6dof_description/prefix_override:/home/ubuntu/ros2_ws/install/jetarm_6dof_description/lib/python3.10/site-packages:${PYTHONPATH} VIRTUAL_ENV_PROMPT=(venv_day5) /usr/bin/python3 -W ignore:setup.py install is deprecated setup.py egg_info --egg-base ../../../build/jetarm_6dof_description build --build-base /home/ubuntu/ros2_ws/build/jetarm_6dof_description/build install --record /home/ubuntu/ros2_ws/build/jetarm_6dof_description/install.log --single-version-externally-managed install_data
[90.574s] Level 1:colcon.colcon_core.environment:checking '/home/ubuntu/ros2_ws/install/jetarm_6dof_description' for CMake module files
[90.574s] Level 1:colcon.colcon_core.environment:checking '/home/ubuntu/ros2_ws/install/jetarm_6dof_description' for CMake config files
[90.574s] Level 1:colcon.colcon_core.environment:checking '/home/ubuntu/ros2_ws/install/jetarm_6dof_description/lib'
[90.575s] Level 1:colcon.colcon_core.environment:checking '/home/ubuntu/ros2_ws/install/jetarm_6dof_description/bin'
[90.575s] Level 1:colcon.colcon_core.environment:checking '/home/ubuntu/ros2_ws/install/jetarm_6dof_description/lib/pkgconfig/jetarm_6dof_description.pc'
[90.575s] Level 1:colcon.colcon_core.environment:checking '/home/ubuntu/ros2_ws/install/jetarm_6dof_description/lib/python3.10/site-packages'
[90.575s] Level 1:colcon.colcon_core.shell:create_environment_hook('jetarm_6dof_description', 'pythonpath')
[90.575s] INFO:colcon.colcon_core.shell:Creating environment hook '/home/ubuntu/ros2_ws/install/jetarm_6dof_description/share/jetarm_6dof_description/hook/pythonpath.ps1'
[90.576s] INFO:colcon.colcon_core.shell:Creating environment descriptor '/home/ubuntu/ros2_ws/install/jetarm_6dof_description/share/jetarm_6dof_description/hook/pythonpath.dsv'
[90.577s] INFO:colcon.colcon_core.shell:Creating environment hook '/home/ubuntu/ros2_ws/install/jetarm_6dof_description/share/jetarm_6dof_description/hook/pythonpath.sh'
[90.577s] Level 1:colcon.colcon_core.environment:checking '/home/ubuntu/ros2_ws/install/jetarm_6dof_description/bin'
[90.577s] Level 1:colcon.colcon_core.environment:create_environment_scripts_only(jetarm_6dof_description)
[90.577s] INFO:colcon.colcon_core.shell:Creating package script '/home/ubuntu/ros2_ws/install/jetarm_6dof_description/share/jetarm_6dof_description/package.ps1'
[90.578s] INFO:colcon.colcon_core.shell:Creating package descriptor '/home/ubuntu/ros2_ws/install/jetarm_6dof_description/share/jetarm_6dof_description/package.dsv'
[90.579s] INFO:colcon.colcon_core.shell:Creating package script '/home/ubuntu/ros2_ws/install/jetarm_6dof_description/share/jetarm_6dof_description/package.sh'
[90.581s] INFO:colcon.colcon_core.shell:Creating package script '/home/ubuntu/ros2_ws/install/jetarm_6dof_description/share/jetarm_6dof_description/package.bash'
[90.581s] INFO:colcon.colcon_core.shell:Creating package script '/home/ubuntu/ros2_ws/install/jetarm_6dof_description/share/jetarm_6dof_description/package.zsh'
[90.582s] Level 1:colcon.colcon_core.environment:create_file_with_runtime_dependencies(/home/ubuntu/ros2_ws/install/jetarm_6dof_description/share/colcon-core/packages/jetarm_6dof_description)
[90.582s] DEBUG:colcon.colcon_parallel_executor.executor.parallel:closing loop
[90.583s] DEBUG:colcon.colcon_parallel_executor.executor.parallel:loop closed
[90.583s] DEBUG:colcon.colcon_parallel_executor.executor.parallel:run_until_complete finished with '0'
[90.583s] DEBUG:colcon.colcon_core.event_reactor:joining thread
[90.603s] INFO:colcon.colcon_core.plugin_system:Skipping extension 'colcon_notification.desktop_notification.terminal_notifier': Not used on non-Darwin systems
[90.603s] INFO:colcon.colcon_core.plugin_system:Skipping extension 'colcon_notification.desktop_notification.win32': Not used on non-Windows systems
[90.603s] INFO:colcon.colcon_notification.desktop_notification:Sending desktop notification using 'notify2'
[90.603s] DEBUG:colcon.colcon_notification.desktop_notification.notify2:Failed to initialize notify2: org.freedesktop.DBus.Error.AccessDenied: Failed to connect to socket /run/user/1000/bus: Operation not permitted
[90.603s] DEBUG:colcon.colcon_core.event_reactor:joined thread
[90.603s] INFO:colcon.colcon_core.shell:Creating prefix script '/home/ubuntu/ros2_ws/install/local_setup.ps1'
[90.604s] INFO:colcon.colcon_core.shell:Creating prefix util module '/home/ubuntu/ros2_ws/install/_local_setup_util_ps1.py'
[90.605s] INFO:colcon.colcon_core.shell:Creating prefix chain script '/home/ubuntu/ros2_ws/install/setup.ps1'
[90.607s] INFO:colcon.colcon_core.shell:Creating prefix script '/home/ubuntu/ros2_ws/install/local_setup.sh'
[90.608s] INFO:colcon.colcon_core.shell:Creating prefix util module '/home/ubuntu/ros2_ws/install/_local_setup_util_sh.py'
[90.608s] INFO:colcon.colcon_core.shell:Creating prefix chain script '/home/ubuntu/ros2_ws/install/setup.sh'
[90.610s] INFO:colcon.colcon_core.shell:Creating prefix script '/home/ubuntu/ros2_ws/install/local_setup.bash'
[90.610s] INFO:colcon.colcon_core.shell:Creating prefix chain script '/home/ubuntu/ros2_ws/install/setup.bash'
[90.612s] INFO:colcon.colcon_core.shell:Creating prefix script '/home/ubuntu/ros2_ws/install/local_setup.zsh'
[90.612s] INFO:colcon.colcon_core.shell:Creating prefix chain script '/home/ubuntu/ros2_ws/install/setup.zsh'
